running...
Downloading: "https://download.pytorch.org/models/resnet18-5c106cde.pth" to /home/user/.cache/torch/checkpoints/resnet18-5c106cde.pth
  0%|          | 0.00/44.7M [00:00<?, ?B/s]  4%|▍         | 1.99M/44.7M [00:00<00:02, 20.9MB/s]  9%|▉         | 3.98M/44.7M [00:00<00:02, 18.1MB/s] 15%|█▍        | 6.51M/44.7M [00:00<00:01, 20.9MB/s] 22%|██▏       | 9.95M/44.7M [00:00<00:01, 26.4MB/s] 28%|██▊       | 12.5M/44.7M [00:00<00:01, 24.6MB/s] 34%|███▎      | 15.1M/44.7M [00:00<00:01, 25.3MB/s] 45%|████▌     | 20.3M/44.7M [00:00<00:00, 34.1MB/s] 53%|█████▎    | 23.6M/44.7M [00:00<00:00, 31.4MB/s] 61%|██████    | 27.2M/44.7M [00:00<00:00, 33.4MB/s] 72%|███████▏  | 32.0M/44.7M [00:01<00:00, 38.1MB/s] 80%|████████  | 35.7M/44.7M [00:01<00:00, 37.3MB/s] 88%|████████▊ | 39.3M/44.7M [00:01<00:00, 35.2MB/s] 96%|█████████▌| 42.8M/44.7M [00:01<00:00, 28.7MB/s]100%|██████████| 44.7M/44.7M [00:01<00:00, 30.1MB/s]Files already downloaded and verified
Files already downloaded and verified
Files already downloaded and verified
COARSE START

im using:cuda:0
Epoch 0/24
----------

Loss: 1.3962 Acc: 0.5615 Uncertainty_mean: 0.8552 
Saved: ./results/models/ResNet18CIFAR100_coarse_labels_crossEntropyPretrained/00.pth

Epoch 1/24
----------
Loss: 1.0073 Acc: 0.6726 Uncertainty_mean: 0.8441 
Saved: ./results/models/ResNet18CIFAR100_coarse_labels_crossEntropyPretrained/01.pth

Epoch 2/24
----------
Loss: 0.8987 Acc: 0.7068 Uncertainty_mean: 0.8778 
Saved: ./results/models/ResNet18CIFAR100_coarse_labels_crossEntropyPretrained/02.pth

Epoch 3/24
----------
Loss: 0.8207 Acc: 0.7328 Uncertainty_mean: 0.8646 
Saved: ./results/models/ResNet18CIFAR100_coarse_labels_crossEntropyPretrained/03.pth

Epoch 4/24
----------
Loss: 0.7655 Acc: 0.7498 Uncertainty_mean: 0.8519 
Saved: ./results/models/ResNet18CIFAR100_coarse_labels_crossEntropyPretrained/04.pth

Epoch 5/24
----------
Loss: 0.7164 Acc: 0.7632 Uncertainty_mean: 0.7963 
Saved: ./results/models/ResNet18CIFAR100_coarse_labels_crossEntropyPretrained/05.pth

Epoch 6/24
----------
Loss: 0.6741 Acc: 0.7762 Uncertainty_mean: 0.8542 
Saved: ./results/models/ResNet18CIFAR100_coarse_labels_crossEntropyPretrained/06.pth

Epoch 7/24
----------
Loss: 0.6337 Acc: 0.7899 Uncertainty_mean: 0.8283 
Saved: ./results/models/ResNet18CIFAR100_coarse_labels_crossEntropyPretrained/07.pth

Epoch 8/24
----------
Loss: 0.6038 Acc: 0.8024 Uncertainty_mean: 0.8274 
Saved: ./results/models/ResNet18CIFAR100_coarse_labels_crossEntropyPretrained/08.pth

Epoch 9/24
----------
Loss: 0.5717 Acc: 0.8096 Uncertainty_mean: 0.7792 
Saved: ./results/models/ResNet18CIFAR100_coarse_labels_crossEntropyPretrained/09.pth

Epoch 10/24
----------
Loss: 0.5417 Acc: 0.8197 Uncertainty_mean: 0.8166 
Saved: ./results/models/ResNet18CIFAR100_coarse_labels_crossEntropyPretrained/10.pth

Epoch 11/24
----------
Loss: 0.5197 Acc: 0.8274 Uncertainty_mean: 0.8456 
Saved: ./results/models/ResNet18CIFAR100_coarse_labels_crossEntropyPretrained/11.pth

Epoch 12/24
----------
Loss: 0.4925 Acc: 0.8357 Uncertainty_mean: 0.7524 
Saved: ./results/models/ResNet18CIFAR100_coarse_labels_crossEntropyPretrained/12.pth

Epoch 13/24
----------
Loss: 0.4692 Acc: 0.8448 Uncertainty_mean: 0.8357 
Saved: ./results/models/ResNet18CIFAR100_coarse_labels_crossEntropyPretrained/13.pth

Epoch 14/24
----------
Loss: 0.4509 Acc: 0.8492 Uncertainty_mean: 0.8234 
Saved: ./results/models/ResNet18CIFAR100_coarse_labels_crossEntropyPretrained/14.pth

Epoch 15/24
----------
Loss: 0.4182 Acc: 0.8605 Uncertainty_mean: 0.8763 
Saved: ./results/models/ResNet18CIFAR100_coarse_labels_crossEntropyPretrained/15.pth

Epoch 16/24
----------
Loss: 0.4019 Acc: 0.8641 Uncertainty_mean: 0.8014 
Saved: ./results/models/ResNet18CIFAR100_coarse_labels_crossEntropyPretrained/16.pth

Epoch 17/24
----------
Loss: 0.3793 Acc: 0.8720 Uncertainty_mean: 0.8605 
Saved: ./results/models/ResNet18CIFAR100_coarse_labels_crossEntropyPretrained/17.pth

Epoch 18/24
----------
Loss: 0.3584 Acc: 0.8813 Uncertainty_mean: 0.7925 
Saved: ./results/models/ResNet18CIFAR100_coarse_labels_crossEntropyPretrained/18.pth

Epoch 19/24
----------
Loss: 0.3425 Acc: 0.8837 Uncertainty_mean: 0.8228 
Saved: ./results/models/ResNet18CIFAR100_coarse_labels_crossEntropyPretrained/19.pth

Epoch 20/24
----------
Loss: 0.3199 Acc: 0.8918 Uncertainty_mean: 0.7653 
Saved: ./results/models/ResNet18CIFAR100_coarse_labels_crossEntropyPretrained/20.pth

Epoch 21/24
----------
Loss: 0.3089 Acc: 0.8943 Uncertainty_mean: 0.7739 
Saved: ./results/models/ResNet18CIFAR100_coarse_labels_crossEntropyPretrained/21.pth

Epoch 22/24
----------
Loss: 0.2926 Acc: 0.9000 Uncertainty_mean: 0.8274 
Saved: ./results/models/ResNet18CIFAR100_coarse_labels_crossEntropyPretrained/22.pth

Epoch 23/24
----------
Loss: 0.2756 Acc: 0.9058 Uncertainty_mean: 0.8166 
Saved: ./results/models/ResNet18CIFAR100_coarse_labels_crossEntropyPretrained/23.pth

Epoch 24/24
----------
Loss: 0.2558 Acc: 0.9121 Uncertainty_mean: 0.7751 
Saved: ./results/models/ResNet18CIFAR100_coarse_labels_crossEntropyPretrained/24.pth

Training complete in 49m 27s
Best Acc: 0.912140 Best Uncertainty: 0.752383
Loading model ./results/models/ResNet18CIFAR100_coarse_labels_crossEntropyPretrained/00.pth

BestModel_byAcc ..so far RESULTS:
BestModel_byUncertainty ..so far  RESULTS: 

Results for this epoch: 
Acc: 0.6566
Uncertainty: 0.8264941573143005
Loading model ./results/models/ResNet18CIFAR100_coarse_labels_crossEntropyPretrained/01.pth

BestModel_byAcc ..so far RESULTS:
BestModel_byUncertainty ..so far  RESULTS: 

Results for this epoch: 
Acc: 0.7017
Uncertainty: 0.7898430824279785
Loading model ./results/models/ResNet18CIFAR100_coarse_labels_crossEntropyPretrained/02.pth

BestModel_byAcc ..so far RESULTS:
BestModel_byUncertainty ..so far  RESULTS: 

Results for this epoch: 
Acc: 0.7223
Uncertainty: 0.7681974172592163
Loading model ./results/models/ResNet18CIFAR100_coarse_labels_crossEntropyPretrained/03.pth

BestModel_byAcc ..so far RESULTS:
Results for this epoch: 
Acc: 0.7409
Uncertainty: 0.7734232544898987
Loading model ./results/models/ResNet18CIFAR100_coarse_labels_crossEntropyPretrained/04.pth

BestModel_byAcc ..so far RESULTS:
BestModel_byUncertainty ..so far  RESULTS: 

Results for this epoch: 
Acc: 0.7481
Uncertainty: 0.7679818868637085
Loading model ./results/models/ResNet18CIFAR100_coarse_labels_crossEntropyPretrained/05.pth

BestModel_byAcc ..so far RESULTS:
BestModel_byUncertainty ..so far  RESULTS: 

Results for this epoch: 
Acc: 0.7546
Uncertainty: 0.7616524696350098
Loading model ./results/models/ResNet18CIFAR100_coarse_labels_crossEntropyPretrained/06.pth

BestModel_byAcc ..so far RESULTS:
Results for this epoch: 
Acc: 0.7622
Uncertainty: 0.7687571048736572
Loading model ./results/models/ResNet18CIFAR100_coarse_labels_crossEntropyPretrained/07.pth

BestModel_byAcc ..so far RESULTS:
Results for this epoch: 
Acc: 0.7639
Uncertainty: 0.7661015391349792
Loading model ./results/models/ResNet18CIFAR100_coarse_labels_crossEntropyPretrained/08.pth

BestModel_byAcc ..so far RESULTS:
Results for this epoch: 
Acc: 0.7753
Uncertainty: 0.765869677066803
Loading model ./results/models/ResNet18CIFAR100_coarse_labels_crossEntropyPretrained/09.pth
BestModel_byUncertainty ..so far  RESULTS: 

Results for this epoch: 
Acc: 0.7751
Uncertainty: 0.7501571178436279
Loading model ./results/models/ResNet18CIFAR100_coarse_labels_crossEntropyPretrained/10.pth

BestModel_byAcc ..so far RESULTS:
Results for this epoch: 
Acc: 0.7850
Uncertainty: 0.7579821944236755
Loading model ./results/models/ResNet18CIFAR100_coarse_labels_crossEntropyPretrained/11.pth

BestModel_byAcc ..so far RESULTS:
Results for this epoch: 
Acc: 0.7854
Uncertainty: 0.7545287609100342
Loading model ./results/models/ResNet18CIFAR100_coarse_labels_crossEntropyPretrained/12.pth

BestModel_byAcc ..so far RESULTS:
BestModel_byUncertainty ..so far  RESULTS: 

Results for this epoch: 
Acc: 0.7913
Uncertainty: 0.7498704195022583
Loading model ./results/models/ResNet18CIFAR100_coarse_labels_crossEntropyPretrained/13.pth

BestModel_byAcc ..so far RESULTS:
Results for this epoch: 
Acc: 0.7955
Uncertainty: 0.7582008242607117
Loading model ./results/models/ResNet18CIFAR100_coarse_labels_crossEntropyPretrained/14.pth
Loading model ./results/models/ResNet18CIFAR100_coarse_labels_crossEntropyPretrained/15.pth
Loading model ./results/models/ResNet18CIFAR100_coarse_labels_crossEntropyPretrained/16.pth

BestModel_byAcc ..so far RESULTS:
Results for this epoch: 
Acc: 0.7997
Uncertainty: 0.7523634433746338
Loading model ./results/models/ResNet18CIFAR100_coarse_labels_crossEntropyPretrained/17.pth

BestModel_byAcc ..so far RESULTS:
BestModel_byUncertainty ..so far  RESULTS: 

Results for this epoch: 
Acc: 0.8039
Uncertainty: 0.7490161657333374
Loading model ./results/models/ResNet18CIFAR100_coarse_labels_crossEntropyPretrained/18.pth
Loading model ./results/models/ResNet18CIFAR100_coarse_labels_crossEntropyPretrained/19.pth
BestModel_byUncertainty ..so far  RESULTS: 

Results for this epoch: 
Acc: 0.8005
Uncertainty: 0.7387012839317322
Loading model ./results/models/ResNet18CIFAR100_coarse_labels_crossEntropyPretrained/20.pth
Loading model ./results/models/ResNet18CIFAR100_coarse_labels_crossEntropyPretrained/21.pth
Loading model ./results/models/ResNet18CIFAR100_coarse_labels_crossEntropyPretrained/22.pth
Loading model ./results/models/ResNet18CIFAR100_coarse_labels_crossEntropyPretrained/23.pth
Loading model ./results/models/ResNet18CIFAR100_coarse_labels_crossEntropyPretrained/24.pth
Loading model ./results/models/ResNet18CIFAR100_coarse_labels_crossEntropyPretrained/best_model_byAcc.pth

BestModel_byAcc ..so far RESULTS:
BestModel_byUncertainty ..so far  RESULTS: 

Results for this epoch: 
Acc: 0.8456
Uncertainty: 0.6088347434997559
Loading model ./results/models/ResNet18CIFAR100_coarse_labels_crossEntropyPretrained/best_model_byUncertainty.pth
BestModel_byUncertainty ..so far  RESULTS: 

Results for this epoch: 
Acc: 0.8319
Uncertainty: 0.5780373811721802
Saved the best model by Accuracy after eval./results/models/ResNet18CIFAR100_coarse_labels_crossEntropyPretrained/best_model_byAcc.pth 

Saved the best model by Uncertainty after eval./results/models/ResNet18CIFAR100_coarse_labels_crossEntropyPretrained/best_model_byUncertainty.pth 

Best Acc: 0.845600 Best uncertainty_mean: 0.5780373811721802 


Validation complete in 4m 30s
COARSE END

FINE START

im using:cuda:0
Epoch 0/24
----------
Loss: 2.1747 Acc: 0.4509 Uncertainty_mean: 0.9772 
Saved: ./results/models/ResNet18CIFAR100_fine_labels_crossEntropyPretrained/00.pth

Epoch 1/24
----------
Loss: 1.3601 Acc: 0.6128 Uncertainty_mean: 0.9593 
Saved: ./results/models/ResNet18CIFAR100_fine_labels_crossEntropyPretrained/01.pth

Epoch 2/24
----------
Loss: 1.1737 Acc: 0.6596 Uncertainty_mean: 0.9743 
Saved: ./results/models/ResNet18CIFAR100_fine_labels_crossEntropyPretrained/02.pth

Epoch 3/24
----------
Loss: 1.0566 Acc: 0.6889 Uncertainty_mean: 0.9669 
Saved: ./results/models/ResNet18CIFAR100_fine_labels_crossEntropyPretrained/03.pth

Epoch 4/24
----------
Loss: 0.9681 Acc: 0.7116 Uncertainty_mean: 0.9562 
Saved: ./results/models/ResNet18CIFAR100_fine_labels_crossEntropyPretrained/04.pth

Epoch 5/24
----------
Loss: 0.9032 Acc: 0.7271 Uncertainty_mean: 0.9629 
Saved: ./results/models/ResNet18CIFAR100_fine_labels_crossEntropyPretrained/05.pth

Epoch 6/24
----------
Loss: 0.8413 Acc: 0.7446 Uncertainty_mean: 0.9549 
Saved: ./results/models/ResNet18CIFAR100_fine_labels_crossEntropyPretrained/06.pth

Epoch 7/24
----------
Loss: 0.7919 Acc: 0.7591 Uncertainty_mean: 0.9715 
Saved: ./results/models/ResNet18CIFAR100_fine_labels_crossEntropyPretrained/07.pth

Epoch 8/24
----------
Loss: 0.7429 Acc: 0.7706 Uncertainty_mean: 0.9708 
Saved: ./results/models/ResNet18CIFAR100_fine_labels_crossEntropyPretrained/08.pth

Epoch 9/24
----------
Loss: 0.7110 Acc: 0.7816 Uncertainty_mean: 0.9758 
Saved: ./results/models/ResNet18CIFAR100_fine_labels_crossEntropyPretrained/09.pth

Epoch 10/24
----------
Loss: 0.6675 Acc: 0.7907 Uncertainty_mean: 0.9663 
Saved: ./results/models/ResNet18CIFAR100_fine_labels_crossEntropyPretrained/10.pth

Epoch 11/24
----------
Loss: 0.6283 Acc: 0.8027 Uncertainty_mean: 0.9576 
Saved: ./results/models/ResNet18CIFAR100_fine_labels_crossEntropyPretrained/11.pth

Epoch 12/24
----------
Loss: 0.5974 Acc: 0.8117 Uncertainty_mean: 0.9664 
Saved: ./results/models/ResNet18CIFAR100_fine_labels_crossEntropyPretrained/12.pth

Epoch 13/24
----------
Loss: 0.5675 Acc: 0.8200 Uncertainty_mean: 0.9726 
Saved: ./results/models/ResNet18CIFAR100_fine_labels_crossEntropyPretrained/13.pth

Epoch 14/24
----------
Loss: 0.5345 Acc: 0.8302 Uncertainty_mean: 0.9746 
Saved: ./results/models/ResNet18CIFAR100_fine_labels_crossEntropyPretrained/14.pth

Epoch 15/24
----------
Loss: 0.5049 Acc: 0.8374 Uncertainty_mean: 0.9712 
Saved: ./results/models/ResNet18CIFAR100_fine_labels_crossEntropyPretrained/15.pth

Epoch 16/24
----------
Loss: 0.4851 Acc: 0.8440 Uncertainty_mean: 0.9818 
Saved: ./results/models/ResNet18CIFAR100_fine_labels_crossEntropyPretrained/16.pth

Epoch 17/24
----------
Loss: 0.4566 Acc: 0.8507 Uncertainty_mean: 0.9639 
Saved: ./results/models/ResNet18CIFAR100_fine_labels_crossEntropyPretrained/17.pth

Epoch 18/24
----------
Loss: 0.4302 Acc: 0.8588 Uncertainty_mean: 0.9631 
Saved: ./results/models/ResNet18CIFAR100_fine_labels_crossEntropyPretrained/18.pth

Epoch 19/24
----------
Loss: 0.4062 Acc: 0.8663 Uncertainty_mean: 0.9726 
Saved: ./results/models/ResNet18CIFAR100_fine_labels_crossEntropyPretrained/19.pth

Epoch 20/24
----------
Loss: 0.3829 Acc: 0.8740 Uncertainty_mean: 0.9731 
Saved: ./results/models/ResNet18CIFAR100_fine_labels_crossEntropyPretrained/20.pth

Epoch 21/24
----------
Loss: 0.3653 Acc: 0.8794 Uncertainty_mean: 0.9652 
Saved: ./results/models/ResNet18CIFAR100_fine_labels_crossEntropyPretrained/21.pth

Epoch 22/24
----------
Loss: 0.3440 Acc: 0.8861 Uncertainty_mean: 0.9780 
Saved: ./results/models/ResNet18CIFAR100_fine_labels_crossEntropyPretrained/22.pth

Epoch 23/24
----------
Loss: 0.3184 Acc: 0.8942 Uncertainty_mean: 0.9752 
Saved: ./results/models/ResNet18CIFAR100_fine_labels_crossEntropyPretrained/23.pth

Epoch 24/24
----------
Loss: 0.3087 Acc: 0.8963 Uncertainty_mean: 0.9901 
Saved: ./results/models/ResNet18CIFAR100_fine_labels_crossEntropyPretrained/24.pth

Training complete in 49m 26s
Best Acc: 0.896340 Best Uncertainty: 0.954906
Loading model ./results/models/ResNet18CIFAR100_fine_labels_crossEntropyPretrained/00.pth

BestModel_byAcc ..so far RESULTS:
BestModel_byUncertainty ..so far  RESULTS: 

Results for this epoch: 
Acc: 0.5950
Uncertainty: 0.9672127366065979
Loading model ./results/models/ResNet18CIFAR100_fine_labels_crossEntropyPretrained/01.pth

BestModel_byAcc ..so far RESULTS:
BestModel_byUncertainty ..so far  RESULTS: 

Results for this epoch: 
Acc: 0.6459
Uncertainty: 0.9629043340682983
Loading model ./results/models/ResNet18CIFAR100_fine_labels_crossEntropyPretrained/02.pth

BestModel_byAcc ..so far RESULTS:
BestModel_byUncertainty ..so far  RESULTS: 

Results for this epoch: 
Acc: 0.6644
Uncertainty: 0.9491907358169556
Loading model ./results/models/ResNet18CIFAR100_fine_labels_crossEntropyPretrained/03.pth

BestModel_byAcc ..so far RESULTS:
Results for this epoch: 
Acc: 0.6728
Uncertainty: 0.9503273963928223
Loading model ./results/models/ResNet18CIFAR100_fine_labels_crossEntropyPretrained/04.pth

BestModel_byAcc ..so far RESULTS:
Results for this epoch: 
Acc: 0.6764
Uncertainty: 0.9526432752609253
Loading model ./results/models/ResNet18CIFAR100_fine_labels_crossEntropyPretrained/05.pth

BestModel_byAcc ..so far RESULTS:
Results for this epoch: 
Acc: 0.6836
Uncertainty: 0.95154869556427
Loading model ./results/models/ResNet18CIFAR100_fine_labels_crossEntropyPretrained/06.pth

BestModel_byAcc ..so far RESULTS:
BestModel_byUncertainty ..so far  RESULTS: 

Results for this epoch: 
Acc: 0.6978
Uncertainty: 0.948643684387207
Loading model ./results/models/ResNet18CIFAR100_fine_labels_crossEntropyPretrained/07.pth
Loading model ./results/models/ResNet18CIFAR100_fine_labels_crossEntropyPretrained/08.pth

BestModel_byAcc ..so far RESULTS:
Results for this epoch: 
Acc: 0.7028
Uncertainty: 0.9492968320846558
Loading model ./results/models/ResNet18CIFAR100_fine_labels_crossEntropyPretrained/09.pth
Loading model ./results/models/ResNet18CIFAR100_fine_labels_crossEntropyPretrained/10.pth
BestModel_byUncertainty ..so far  RESULTS: 

Results for this epoch: 
Acc: 0.7013
Uncertainty: 0.9478319883346558
Loading model ./results/models/ResNet18CIFAR100_fine_labels_crossEntropyPretrained/11.pth

BestModel_byAcc ..so far RESULTS:
Results for this epoch: 
Acc: 0.7110
Uncertainty: 0.9524103403091431
Loading model ./results/models/ResNet18CIFAR100_fine_labels_crossEntropyPretrained/12.pth

BestModel_byAcc ..so far RESULTS:
Results for this epoch: 
Acc: 0.7113
Uncertainty: 0.9537297487258911
Loading model ./results/models/ResNet18CIFAR100_fine_labels_crossEntropyPretrained/13.pth

BestModel_byAcc ..so far RESULTS:
BestModel_byUncertainty ..so far  RESULTS: 

Results for this epoch: 
Acc: 0.7131
Uncertainty: 0.9472393989562988
Loading model ./results/models/ResNet18CIFAR100_fine_labels_crossEntropyPretrained/14.pth
BestModel_byUncertainty ..so far  RESULTS: 

Results for this epoch: 
Acc: 0.7112
Uncertainty: 0.9461797475814819
Loading model ./results/models/ResNet18CIFAR100_fine_labels_crossEntropyPretrained/15.pth

BestModel_byAcc ..so far RESULTS:
Results for this epoch: 
Acc: 0.7132
Uncertainty: 0.9506586790084839
Loading model ./results/models/ResNet18CIFAR100_fine_labels_crossEntropyPretrained/16.pth

BestModel_byAcc ..so far RESULTS:
Results for this epoch: 
Acc: 0.7196
Uncertainty: 0.9521214962005615
Loading model ./results/models/ResNet18CIFAR100_fine_labels_crossEntropyPretrained/17.pth

BestModel_byAcc ..so far RESULTS:
Results for this epoch: 
Acc: 0.7209
Uncertainty: 0.9541760683059692
Loading model ./results/models/ResNet18CIFAR100_fine_labels_crossEntropyPretrained/18.pth
Loading model ./results/models/ResNet18CIFAR100_fine_labels_crossEntropyPretrained/19.pth
Loading model ./results/models/ResNet18CIFAR100_fine_labels_crossEntropyPretrained/20.pth
Loading model ./results/models/ResNet18CIFAR100_fine_labels_crossEntropyPretrained/21.pth
Loading model ./results/models/ResNet18CIFAR100_fine_labels_crossEntropyPretrained/22.pth

BestModel_byAcc ..so far RESULTS:
Results for this epoch: 
Acc: 0.7236
Uncertainty: 0.9527149200439453
Loading model ./results/models/ResNet18CIFAR100_fine_labels_crossEntropyPretrained/23.pth
Loading model ./results/models/ResNet18CIFAR100_fine_labels_crossEntropyPretrained/24.pth

BestModel_byAcc ..so far RESULTS:
Results for this epoch: 
Acc: 0.7253
Uncertainty: 0.9545475244522095
Loading model ./results/models/ResNet18CIFAR100_fine_labels_crossEntropyPretrained/best_model_byAcc.pth

BestModel_byAcc ..so far RESULTS:
BestModel_byUncertainty ..so far  RESULTS: 

Results for this epoch: 
Acc: 0.7868
Uncertainty: 0.9103305339813232
Loading model ./results/models/ResNet18CIFAR100_fine_labels_crossEntropyPretrained/best_model_byUncertainty.pth
BestModel_byUncertainty ..so far  RESULTS: 

Results for this epoch: 
Acc: 0.6122
Uncertainty: 0.8551231026649475
Saved the best model by Accuracy after eval./results/models/ResNet18CIFAR100_fine_labels_crossEntropyPretrained/best_model_byAcc.pth 

Saved the best model by Uncertainty after eval./results/models/ResNet18CIFAR100_fine_labels_crossEntropyPretrained/best_model_byUncertainty.pth 

Best Acc: 0.786800 Best uncertainty_mean: 0.8551231026649475 


Validation complete in 4m 32s
FINE END

DONE with all expretiments
