running...
Downloading: "https://download.pytorch.org/models/resnet18-5c106cde.pth" to /home/user/.cache/torch/checkpoints/resnet18-5c106cde.pth

  0%|          | 0.00/44.7M [00:00<?, ?B/s]
 13%|█▎        | 5.87M/44.7M [00:00<00:00, 61.5MB/s]
 29%|██▉       | 12.9M/44.7M [00:00<00:00, 68.6MB/s]
 44%|████▎     | 19.5M/44.7M [00:00<00:00, 67.2MB/s]
 58%|█████▊    | 26.1M/44.7M [00:00<00:00, 68.2MB/s]
 73%|███████▎  | 32.6M/44.7M [00:00<00:00, 64.0MB/s]
 87%|████████▋ | 38.8M/44.7M [00:00<00:00, 61.1MB/s]
100%|██████████| 44.7M/44.7M [00:00<00:00, 64.6MB/s]Files already downloaded and verified
Files already downloaded and verified
Files already downloaded and verified
COARSE START

im using:cuda:0
Epoch 0/24
----------

Loss: 2.5519 Acc: 0.2072 Uncertainty_mean: 0.6924 
Saved: ./results/models/ResNet18CIFAR100_coarse_labels_crossEntropyPretrained/00.pth

Epoch 1/24
----------
Loss: 2.1075 Acc: 0.3414 Uncertainty_mean: 0.6833 
Saved: ./results/models/ResNet18CIFAR100_coarse_labels_crossEntropyPretrained/01.pth

Epoch 2/24
----------
Loss: 1.7891 Acc: 0.4364 Uncertainty_mean: 0.7022 
Saved: ./results/models/ResNet18CIFAR100_coarse_labels_crossEntropyPretrained/02.pth

Epoch 3/24
----------
Loss: 1.5379 Acc: 0.5123 Uncertainty_mean: 0.6683 
Saved: ./results/models/ResNet18CIFAR100_coarse_labels_crossEntropyPretrained/03.pth

Epoch 4/24
----------
Loss: 1.3287 Acc: 0.5759 Uncertainty_mean: 0.7024 
Saved: ./results/models/ResNet18CIFAR100_coarse_labels_crossEntropyPretrained/04.pth

Epoch 5/24
----------
Loss: 1.1412 Acc: 0.6313 Uncertainty_mean: 0.7020 
Saved: ./results/models/ResNet18CIFAR100_coarse_labels_crossEntropyPretrained/05.pth

Epoch 6/24
----------
Loss: 0.9577 Acc: 0.6891 Uncertainty_mean: 0.6589 
Saved: ./results/models/ResNet18CIFAR100_coarse_labels_crossEntropyPretrained/06.pth

Epoch 7/24
----------
Loss: 0.7814 Acc: 0.7461 Uncertainty_mean: 0.7153 
Saved: ./results/models/ResNet18CIFAR100_coarse_labels_crossEntropyPretrained/07.pth

Epoch 8/24
----------
Loss: 0.6092 Acc: 0.7969 Uncertainty_mean: 0.6915 
Saved: ./results/models/ResNet18CIFAR100_coarse_labels_crossEntropyPretrained/08.pth

Epoch 9/24
----------
Loss: 0.4510 Acc: 0.8500 Uncertainty_mean: 0.7424 
Saved: ./results/models/ResNet18CIFAR100_coarse_labels_crossEntropyPretrained/09.pth

Epoch 10/24
----------
Loss: 0.3355 Acc: 0.8879 Uncertainty_mean: 0.6253 
Saved: ./results/models/ResNet18CIFAR100_coarse_labels_crossEntropyPretrained/10.pth

Epoch 11/24
----------
Loss: 0.2556 Acc: 0.9146 Uncertainty_mean: 0.6922 
Saved: ./results/models/ResNet18CIFAR100_coarse_labels_crossEntropyPretrained/11.pth

Epoch 12/24
----------
Loss: 0.2120 Acc: 0.9286 Uncertainty_mean: 0.6741 
Saved: ./results/models/ResNet18CIFAR100_coarse_labels_crossEntropyPretrained/12.pth

Epoch 13/24
----------
Loss: 0.1688 Acc: 0.9433 Uncertainty_mean: 0.7017 
Saved: ./results/models/ResNet18CIFAR100_coarse_labels_crossEntropyPretrained/13.pth

Epoch 14/24
----------
Loss: 0.1596 Acc: 0.9468 Uncertainty_mean: 0.7017 
Saved: ./results/models/ResNet18CIFAR100_coarse_labels_crossEntropyPretrained/14.pth

Epoch 15/24
----------
Loss: 0.1475 Acc: 0.9511 Uncertainty_mean: 0.5841 
Saved: ./results/models/ResNet18CIFAR100_coarse_labels_crossEntropyPretrained/15.pth

Epoch 16/24
----------
Loss: 0.1238 Acc: 0.9584 Uncertainty_mean: 0.6827 
Saved: ./results/models/ResNet18CIFAR100_coarse_labels_crossEntropyPretrained/16.pth

Epoch 17/24
----------
Loss: 0.1176 Acc: 0.9620 Uncertainty_mean: 0.7109 
Saved: ./results/models/ResNet18CIFAR100_coarse_labels_crossEntropyPretrained/17.pth

Epoch 18/24
----------
Loss: 0.1170 Acc: 0.9600 Uncertainty_mean: 0.7105 
Saved: ./results/models/ResNet18CIFAR100_coarse_labels_crossEntropyPretrained/18.pth

Epoch 19/24
----------
Loss: 0.1059 Acc: 0.9639 Uncertainty_mean: 0.6477 
Saved: ./results/models/ResNet18CIFAR100_coarse_labels_crossEntropyPretrained/19.pth

Epoch 20/24
----------
Loss: 0.0960 Acc: 0.9675 Uncertainty_mean: 0.6259 
Saved: ./results/models/ResNet18CIFAR100_coarse_labels_crossEntropyPretrained/20.pth

Epoch 21/24
----------
Loss: 0.0989 Acc: 0.9668 Uncertainty_mean: 0.6822 
Saved: ./results/models/ResNet18CIFAR100_coarse_labels_crossEntropyPretrained/21.pth

Epoch 22/24
----------
Loss: 0.0865 Acc: 0.9715 Uncertainty_mean: 0.6787 
Saved: ./results/models/ResNet18CIFAR100_coarse_labels_crossEntropyPretrained/22.pth

Epoch 23/24
----------
Loss: 0.0818 Acc: 0.9724 Uncertainty_mean: 0.7056 
Saved: ./results/models/ResNet18CIFAR100_coarse_labels_crossEntropyPretrained/23.pth

Epoch 24/24
----------
Loss: 0.0776 Acc: 0.9748 Uncertainty_mean: 0.7235 
Saved: ./results/models/ResNet18CIFAR100_coarse_labels_crossEntropyPretrained/24.pth

Training complete in 46m 7s
Best Acc: 0.974760 Best Uncertainty: 0.584109
Loading model ./results/models/ResNet18CIFAR100_coarse_labels_crossEntropyPretrained/00.pth

BestModel_byAcc ..so far RESULTS:
BestModel_byUncertainty ..so far  RESULTS: 

Results for this epoch: 
Acc: 0.2653
Uncertainty: 0.6391637325286865
Loading model ./results/models/ResNet18CIFAR100_coarse_labels_crossEntropyPretrained/01.pth

BestModel_byAcc ..so far RESULTS:
BestModel_byUncertainty ..so far  RESULTS: 

Results for this epoch: 
Acc: 0.3780
Uncertainty: 0.6272727847099304
Loading model ./results/models/ResNet18CIFAR100_coarse_labels_crossEntropyPretrained/02.pth

BestModel_byAcc ..so far RESULTS:
Results for this epoch: 
Acc: 0.4461
Uncertainty: 0.6903704404830933
Loading model ./results/models/ResNet18CIFAR100_coarse_labels_crossEntropyPretrained/03.pth

BestModel_byAcc ..so far RESULTS:
Results for this epoch: 
Acc: 0.4973
Uncertainty: 0.650108814239502
Loading model ./results/models/ResNet18CIFAR100_coarse_labels_crossEntropyPretrained/04.pth

BestModel_byAcc ..so far RESULTS:
Results for this epoch: 
Acc: 0.5232
Uncertainty: 0.7115782499313354
Loading model ./results/models/ResNet18CIFAR100_coarse_labels_crossEntropyPretrained/05.pth

BestModel_byAcc ..so far RESULTS:
Results for this epoch: 
Acc: 0.5877
Uncertainty: 0.6872159242630005
Loading model ./results/models/ResNet18CIFAR100_coarse_labels_crossEntropyPretrained/06.pth
Loading model ./results/models/ResNet18CIFAR100_coarse_labels_crossEntropyPretrained/07.pth

BestModel_byAcc ..so far RESULTS:
Results for this epoch: 
Acc: 0.6050
Uncertainty: 0.6625679135322571
Loading model ./results/models/ResNet18CIFAR100_coarse_labels_crossEntropyPretrained/08.pth
Loading model ./results/models/ResNet18CIFAR100_coarse_labels_crossEntropyPretrained/09.pth

BestModel_byAcc ..so far RESULTS:
Results for this epoch: 
Acc: 0.6059
Uncertainty: 0.7100073099136353
Loading model ./results/models/ResNet18CIFAR100_coarse_labels_crossEntropyPretrained/10.pth
Loading model ./results/models/ResNet18CIFAR100_coarse_labels_crossEntropyPretrained/11.pth

BestModel_byAcc ..so far RESULTS:
Results for this epoch: 
Acc: 0.6107
Uncertainty: 0.6593726873397827
Loading model ./results/models/ResNet18CIFAR100_coarse_labels_crossEntropyPretrained/12.pth
Loading model ./results/models/ResNet18CIFAR100_coarse_labels_crossEntropyPretrained/13.pth
Loading model ./results/models/ResNet18CIFAR100_coarse_labels_crossEntropyPretrained/14.pth
Loading model ./results/models/ResNet18CIFAR100_coarse_labels_crossEntropyPretrained/15.pth
Loading model ./results/models/ResNet18CIFAR100_coarse_labels_crossEntropyPretrained/16.pth

BestModel_byAcc ..so far RESULTS:
Results for this epoch: 
Acc: 0.6127
Uncertainty: 0.7231780290603638
Loading model ./results/models/ResNet18CIFAR100_coarse_labels_crossEntropyPretrained/17.pth
Loading model ./results/models/ResNet18CIFAR100_coarse_labels_crossEntropyPretrained/18.pth

BestModel_byAcc ..so far RESULTS:
Results for this epoch: 
Acc: 0.6163
Uncertainty: 0.7288452386856079
Loading model ./results/models/ResNet18CIFAR100_coarse_labels_crossEntropyPretrained/19.pth
Loading model ./results/models/ResNet18CIFAR100_coarse_labels_crossEntropyPretrained/20.pth
Loading model ./results/models/ResNet18CIFAR100_coarse_labels_crossEntropyPretrained/21.pth
Loading model ./results/models/ResNet18CIFAR100_coarse_labels_crossEntropyPretrained/22.pth
Loading model ./results/models/ResNet18CIFAR100_coarse_labels_crossEntropyPretrained/23.pth
Loading model ./results/models/ResNet18CIFAR100_coarse_labels_crossEntropyPretrained/24.pth
Loading model ./results/models/ResNet18CIFAR100_coarse_labels_crossEntropyPretrained/best_model_byAcc.pth

BestModel_byAcc ..so far RESULTS:
Results for this epoch: 
Acc: 0.6383
Uncertainty: 0.6284259557723999
Loading model ./results/models/ResNet18CIFAR100_coarse_labels_crossEntropyPretrained/best_model_byUncertainty.pth
BestModel_byUncertainty ..so far  RESULTS: 

Results for this epoch: 
Acc: 0.6109
Uncertainty: 0.5960761308670044
Loading model ./results/models/ResNet18CIFAR100_coarse_labels_crossEntropyPretrained/bestmodel_byAcc.pth
Saved the best model by Accuracy after eval./results/models/ResNet18CIFAR100_coarse_labels_crossEntropyPretrained/best_model_byAcc.pth 

Saved the best model by Uncertainty after eval./results/models/ResNet18CIFAR100_coarse_labels_crossEntropyPretrained/best_model_byUncertainty.pth 

Best Acc: 0.638300 Best uncertainty_mean: 0.5960761308670044 


Validation complete in 4m 37s
COARSE END

FINE START

im using:cuda:0
Epoch 0/24
----------
Loss: 4.0755 Acc: 0.0729 Uncertainty_mean: 0.8270 
Saved: ./results/models/ResNet18CIFAR100_fine_labels_crossEntropyPretrained/00.pth

Epoch 1/24
----------
Loss: 3.2115 Acc: 0.2110 Uncertainty_mean: 0.8422 
Saved: ./results/models/ResNet18CIFAR100_fine_labels_crossEntropyPretrained/01.pth

Epoch 2/24
----------
Loss: 2.6769 Acc: 0.3149 Uncertainty_mean: 0.8759 
Saved: ./results/models/ResNet18CIFAR100_fine_labels_crossEntropyPretrained/02.pth

Epoch 3/24
----------
Loss: 2.3002 Acc: 0.3967 Uncertainty_mean: 0.8693 
Saved: ./results/models/ResNet18CIFAR100_fine_labels_crossEntropyPretrained/03.pth

Epoch 4/24
----------
Loss: 2.0090 Acc: 0.4588 Uncertainty_mean: 0.8810 
Saved: ./results/models/ResNet18CIFAR100_fine_labels_crossEntropyPretrained/04.pth

Epoch 5/24
----------
Loss: 1.7698 Acc: 0.5123 Uncertainty_mean: 0.9027 
Saved: ./results/models/ResNet18CIFAR100_fine_labels_crossEntropyPretrained/05.pth

Epoch 6/24
----------
Loss: 1.5554 Acc: 0.5654 Uncertainty_mean: 0.9052 
Saved: ./results/models/ResNet18CIFAR100_fine_labels_crossEntropyPretrained/06.pth

Epoch 7/24
----------
Loss: 1.3492 Acc: 0.6167 Uncertainty_mean: 0.9216 
Saved: ./results/models/ResNet18CIFAR100_fine_labels_crossEntropyPretrained/07.pth

Epoch 8/24
----------
Loss: 1.1599 Acc: 0.6654 Uncertainty_mean: 0.9358 
Saved: ./results/models/ResNet18CIFAR100_fine_labels_crossEntropyPretrained/08.pth

Epoch 9/24
----------
Loss: 0.9713 Acc: 0.7140 Uncertainty_mean: 0.9214 
Saved: ./results/models/ResNet18CIFAR100_fine_labels_crossEntropyPretrained/09.pth

Epoch 10/24
----------
Loss: 0.8035 Acc: 0.7582 Uncertainty_mean: 0.9114 
Saved: ./results/models/ResNet18CIFAR100_fine_labels_crossEntropyPretrained/10.pth

Epoch 11/24
----------
Loss: 0.6443 Acc: 0.8055 Uncertainty_mean: 0.9467 
Saved: ./results/models/ResNet18CIFAR100_fine_labels_crossEntropyPretrained/11.pth

Epoch 12/24
----------
Loss: 0.5206 Acc: 0.8408 Uncertainty_mean: 0.9578 
Saved: ./results/models/ResNet18CIFAR100_fine_labels_crossEntropyPretrained/12.pth

Epoch 13/24
----------
Loss: 0.4150 Acc: 0.8734 Uncertainty_mean: 0.9445 
Saved: ./results/models/ResNet18CIFAR100_fine_labels_crossEntropyPretrained/13.pth

Epoch 14/24
----------
Loss: 0.3444 Acc: 0.8920 Uncertainty_mean: 0.9713 
Saved: ./results/models/ResNet18CIFAR100_fine_labels_crossEntropyPretrained/14.pth

Epoch 15/24
----------
Loss: 0.2941 Acc: 0.9091 Uncertainty_mean: 0.9452 
Saved: ./results/models/ResNet18CIFAR100_fine_labels_crossEntropyPretrained/15.pth

Epoch 16/24
----------
Loss: 0.2599 Acc: 0.9181 Uncertainty_mean: 0.9545 
Saved: ./results/models/ResNet18CIFAR100_fine_labels_crossEntropyPretrained/16.pth

Epoch 17/24
----------
Loss: 0.2289 Acc: 0.9281 Uncertainty_mean: 0.9344 
Saved: ./results/models/ResNet18CIFAR100_fine_labels_crossEntropyPretrained/17.pth

Epoch 18/24
----------
Loss: 0.2020 Acc: 0.9363 Uncertainty_mean: 0.9161 
Saved: ./results/models/ResNet18CIFAR100_fine_labels_crossEntropyPretrained/18.pth

Epoch 19/24
----------
Loss: 0.1951 Acc: 0.9387 Uncertainty_mean: 0.9337 
Saved: ./results/models/ResNet18CIFAR100_fine_labels_crossEntropyPretrained/19.pth

Epoch 20/24
----------
Loss: 0.1762 Acc: 0.9447 Uncertainty_mean: 0.9508 
Saved: ./results/models/ResNet18CIFAR100_fine_labels_crossEntropyPretrained/20.pth

Epoch 21/24
----------
Loss: 0.1669 Acc: 0.9469 Uncertainty_mean: 0.9514 
Saved: ./results/models/ResNet18CIFAR100_fine_labels_crossEntropyPretrained/21.pth

Epoch 22/24
----------
Loss: 0.1433 Acc: 0.9553 Uncertainty_mean: 0.9385 
Saved: ./results/models/ResNet18CIFAR100_fine_labels_crossEntropyPretrained/22.pth

Epoch 23/24
----------
Loss: 0.1486 Acc: 0.9527 Uncertainty_mean: 0.9461 
Saved: ./results/models/ResNet18CIFAR100_fine_labels_crossEntropyPretrained/23.pth

Epoch 24/24
----------
Loss: 0.1321 Acc: 0.9591 Uncertainty_mean: 0.9525 
Saved: ./results/models/ResNet18CIFAR100_fine_labels_crossEntropyPretrained/24.pth

Training complete in 45m 56s
Best Acc: 0.959120 Best Uncertainty: 0.827024
Loading model ./results/models/ResNet18CIFAR100_fine_labels_crossEntropyPretrained/00.pth

BestModel_byAcc ..so far RESULTS:
BestModel_byUncertainty ..so far  RESULTS: 

Results for this epoch: 
Acc: 0.1284
Uncertainty: 0.7807506322860718
Loading model ./results/models/ResNet18CIFAR100_fine_labels_crossEntropyPretrained/01.pth

BestModel_byAcc ..so far RESULTS:
Results for this epoch: 
Acc: 0.2587
Uncertainty: 0.7998486161231995
Loading model ./results/models/ResNet18CIFAR100_fine_labels_crossEntropyPretrained/02.pth

BestModel_byAcc ..so far RESULTS:
Results for this epoch: 
Acc: 0.3429
Uncertainty: 0.8163241744041443
Loading model ./results/models/ResNet18CIFAR100_fine_labels_crossEntropyPretrained/03.pth

BestModel_byAcc ..so far RESULTS:
Results for this epoch: 
Acc: 0.4005
Uncertainty: 0.8217152953147888
Loading model ./results/models/ResNet18CIFAR100_fine_labels_crossEntropyPretrained/04.pth

BestModel_byAcc ..so far RESULTS:
Results for this epoch: 
Acc: 0.4351
Uncertainty: 0.8568615317344666
Loading model ./results/models/ResNet18CIFAR100_fine_labels_crossEntropyPretrained/05.pth

BestModel_byAcc ..so far RESULTS:
Results for this epoch: 
Acc: 0.4572
Uncertainty: 0.8578616380691528
Loading model ./results/models/ResNet18CIFAR100_fine_labels_crossEntropyPretrained/06.pth

BestModel_byAcc ..so far RESULTS:
Results for this epoch: 
Acc: 0.4700
Uncertainty: 0.8830888271331787
Loading model ./results/models/ResNet18CIFAR100_fine_labels_crossEntropyPretrained/07.pth

BestModel_byAcc ..so far RESULTS:
Results for this epoch: 
Acc: 0.4758
Uncertainty: 0.8946447968482971
Loading model ./results/models/ResNet18CIFAR100_fine_labels_crossEntropyPretrained/08.pth

BestModel_byAcc ..so far RESULTS:
Results for this epoch: 
Acc: 0.4860
Uncertainty: 0.9162315130233765
Loading model ./results/models/ResNet18CIFAR100_fine_labels_crossEntropyPretrained/09.pth
Loading model ./results/models/ResNet18CIFAR100_fine_labels_crossEntropyPretrained/10.pth
Loading model ./results/models/ResNet18CIFAR100_fine_labels_crossEntropyPretrained/11.pth
Loading model ./results/models/ResNet18CIFAR100_fine_labels_crossEntropyPretrained/12.pth
Loading model ./results/models/ResNet18CIFAR100_fine_labels_crossEntropyPretrained/13.pth
Loading model ./results/models/ResNet18CIFAR100_fine_labels_crossEntropyPretrained/14.pth
Loading model ./results/models/ResNet18CIFAR100_fine_labels_crossEntropyPretrained/15.pth
Loading model ./results/models/ResNet18CIFAR100_fine_labels_crossEntropyPretrained/16.pth
Loading model ./results/models/ResNet18CIFAR100_fine_labels_crossEntropyPretrained/17.pth
Loading model ./results/models/ResNet18CIFAR100_fine_labels_crossEntropyPretrained/18.pth
Loading model ./results/models/ResNet18CIFAR100_fine_labels_crossEntropyPretrained/19.pth
Loading model ./results/models/ResNet18CIFAR100_fine_labels_crossEntropyPretrained/20.pth
Loading model ./results/models/ResNet18CIFAR100_fine_labels_crossEntropyPretrained/21.pth
Loading model ./results/models/ResNet18CIFAR100_fine_labels_crossEntropyPretrained/22.pth
Loading model ./results/models/ResNet18CIFAR100_fine_labels_crossEntropyPretrained/23.pth
Loading model ./results/models/ResNet18CIFAR100_fine_labels_crossEntropyPretrained/24.pth
Loading model ./results/models/ResNet18CIFAR100_fine_labels_crossEntropyPretrained/best_model_byAcc.pth

BestModel_byAcc ..so far RESULTS:
Results for this epoch: 
Acc: 0.5294
Uncertainty: 0.8111986517906189
Loading model ./results/models/ResNet18CIFAR100_fine_labels_crossEntropyPretrained/best_model_byUncertainty.pth
BestModel_byUncertainty ..so far  RESULTS: 

Results for this epoch: 
Acc: 0.1527
Uncertainty: 0.7297664880752563
Loading model ./results/models/ResNet18CIFAR100_fine_labels_crossEntropyPretrained/bestmodel_byAcc.pth
Saved the best model by Accuracy after eval./results/models/ResNet18CIFAR100_fine_labels_crossEntropyPretrained/best_model_byAcc.pth 

Saved the best model by Uncertainty after eval./results/models/ResNet18CIFAR100_fine_labels_crossEntropyPretrained/best_model_byUncertainty.pth 

Best Acc: 0.529400 Best uncertainty_mean: 0.7297664880752563 


Validation complete in 4m 37s
FINE END

DONE with all expretiments
