running...
Downloading: "https://download.pytorch.org/models/resnet18-5c106cde.pth" to /home/user/.cache/torch/checkpoints/resnet18-5c106cde.pth
  0%|          | 0.00/44.7M [00:00<?, ?B/s]  9%|▉         | 4.04M/44.7M [00:00<00:01, 42.3MB/s] 29%|██▉       | 13.1M/44.7M [00:00<00:00, 72.3MB/s] 45%|████▍     | 20.0M/44.7M [00:00<00:00, 71.8MB/s] 63%|██████▎   | 28.2M/44.7M [00:00<00:00, 77.3MB/s] 82%|████████▏ | 36.4M/44.7M [00:00<00:00, 80.7MB/s]100%|██████████| 44.7M/44.7M [00:00<00:00, 82.4MB/s]100%|██████████| 44.7M/44.7M [00:00<00:00, 77.5MB/s]Files already downloaded and verified
Files already downloaded and verified
Files already downloaded and verified
CIFAT10 START

im using:cuda:0
Epoch 0/24
----------

Loss: 0.4947 Acc: 0.8321 Uncertainty_mean: 0.5796 
Saved: ./results/models/ResNet18CIFAR10_crossEntropyPretrained/00.pth

Epoch 1/24
----------
Loss: 0.2246 Acc: 0.9229 Uncertainty_mean: 0.5519 
Saved: ./results/models/ResNet18CIFAR10_crossEntropyPretrained/01.pth

Epoch 2/24
----------
Loss: 0.1338 Acc: 0.9529 Uncertainty_mean: 0.5840 
Saved: ./results/models/ResNet18CIFAR10_crossEntropyPretrained/02.pth

Epoch 3/24
----------
Loss: 0.0763 Acc: 0.9740 Uncertainty_mean: 0.5327 
Saved: ./results/models/ResNet18CIFAR10_crossEntropyPretrained/03.pth

Epoch 4/24
----------
Loss: 0.0489 Acc: 0.9836 Uncertainty_mean: 0.5169 
Saved: ./results/models/ResNet18CIFAR10_crossEntropyPretrained/04.pth

Epoch 5/24
----------
Loss: 0.0344 Acc: 0.9884 Uncertainty_mean: 0.4413 
Saved: ./results/models/ResNet18CIFAR10_crossEntropyPretrained/05.pth

Epoch 6/24
----------
Loss: 0.0269 Acc: 0.9905 Uncertainty_mean: 0.4687 
Saved: ./results/models/ResNet18CIFAR10_crossEntropyPretrained/06.pth

Epoch 7/24
----------
Loss: 0.0204 Acc: 0.9932 Uncertainty_mean: 0.4847 
Saved: ./results/models/ResNet18CIFAR10_crossEntropyPretrained/07.pth

Epoch 8/24
----------
Loss: 0.0203 Acc: 0.9931 Uncertainty_mean: 0.4448 
Saved: ./results/models/ResNet18CIFAR10_crossEntropyPretrained/08.pth

Epoch 9/24
----------
Loss: 0.0145 Acc: 0.9951 Uncertainty_mean: 0.4800 
Saved: ./results/models/ResNet18CIFAR10_crossEntropyPretrained/09.pth

Epoch 10/24
----------
Loss: 0.0180 Acc: 0.9938 Uncertainty_mean: 0.4886 
Saved: ./results/models/ResNet18CIFAR10_crossEntropyPretrained/10.pth

Epoch 11/24
----------
Loss: 0.0136 Acc: 0.9950 Uncertainty_mean: 0.4096 
Saved: ./results/models/ResNet18CIFAR10_crossEntropyPretrained/11.pth

Epoch 12/24
----------
Loss: 0.0136 Acc: 0.9953 Uncertainty_mean: 0.3989 
Saved: ./results/models/ResNet18CIFAR10_crossEntropyPretrained/12.pth

Epoch 13/24
----------
Loss: 0.0131 Acc: 0.9956 Uncertainty_mean: 0.4530 
Saved: ./results/models/ResNet18CIFAR10_crossEntropyPretrained/13.pth

Epoch 14/24
----------
Loss: 0.0120 Acc: 0.9960 Uncertainty_mean: 0.4311 
Saved: ./results/models/ResNet18CIFAR10_crossEntropyPretrained/14.pth

Epoch 15/24
----------
Loss: 0.0123 Acc: 0.9954 Uncertainty_mean: 0.4257 
Saved: ./results/models/ResNet18CIFAR10_crossEntropyPretrained/15.pth

Epoch 16/24
----------
Loss: 0.0104 Acc: 0.9967 Uncertainty_mean: 0.3919 
Saved: ./results/models/ResNet18CIFAR10_crossEntropyPretrained/16.pth

Epoch 17/24
----------
Loss: 0.0125 Acc: 0.9959 Uncertainty_mean: 0.3923 
Saved: ./results/models/ResNet18CIFAR10_crossEntropyPretrained/17.pth

Epoch 18/24
----------
Loss: 0.0116 Acc: 0.9961 Uncertainty_mean: 0.4088 
Saved: ./results/models/ResNet18CIFAR10_crossEntropyPretrained/18.pth

Epoch 19/24
----------
Loss: 0.0113 Acc: 0.9967 Uncertainty_mean: 0.3771 
Saved: ./results/models/ResNet18CIFAR10_crossEntropyPretrained/19.pth

Epoch 20/24
----------
Loss: 0.0121 Acc: 0.9964 Uncertainty_mean: 0.4980 
Saved: ./results/models/ResNet18CIFAR10_crossEntropyPretrained/20.pth

Epoch 21/24
----------
Loss: 0.0129 Acc: 0.9960 Uncertainty_mean: 0.3443 
Saved: ./results/models/ResNet18CIFAR10_crossEntropyPretrained/21.pth

Epoch 22/24
----------
Loss: 0.0103 Acc: 0.9966 Uncertainty_mean: 0.3427 
Saved: ./results/models/ResNet18CIFAR10_crossEntropyPretrained/22.pth

Epoch 23/24
----------
Loss: 0.0097 Acc: 0.9969 Uncertainty_mean: 0.3423 
Saved: ./results/models/ResNet18CIFAR10_crossEntropyPretrained/23.pth

Epoch 24/24
----------
Loss: 0.0111 Acc: 0.9967 Uncertainty_mean: 0.4499 
Saved: ./results/models/ResNet18CIFAR10_crossEntropyPretrained/24.pth

Training complete in 49m 24s
Best Acc: 0.996940 Best Uncertainty: 0.342250
Loading model ./results/models/ResNet18CIFAR10_crossEntropyPretrained/00.pth

BestModel_byAcc ..so far RESULTS:
BestModel_byUncertainty ..so far  RESULTS: 

Results for this epoch: 
Acc: 0.9091
Uncertainty: 0.5986146330833435
Loading model ./results/models/ResNet18CIFAR10_crossEntropyPretrained/01.pth

BestModel_byAcc ..so far RESULTS:
BestModel_byUncertainty ..so far  RESULTS: 

Results for this epoch: 
Acc: 0.9210
Uncertainty: 0.5588386058807373
Loading model ./results/models/ResNet18CIFAR10_crossEntropyPretrained/02.pth

BestModel_byAcc ..so far RESULTS:
BestModel_byUncertainty ..so far  RESULTS: 

Results for this epoch: 
Acc: 0.9307
Uncertainty: 0.5458934903144836
Loading model ./results/models/ResNet18CIFAR10_crossEntropyPretrained/03.pth

BestModel_byAcc ..so far RESULTS:
BestModel_byUncertainty ..so far  RESULTS: 

Results for this epoch: 
Acc: 0.9326
Uncertainty: 0.517931342124939
Loading model ./results/models/ResNet18CIFAR10_crossEntropyPretrained/04.pth
BestModel_byUncertainty ..so far  RESULTS: 

Results for this epoch: 
Acc: 0.9294
Uncertainty: 0.49211278557777405
Loading model ./results/models/ResNet18CIFAR10_crossEntropyPretrained/05.pth
BestModel_byUncertainty ..so far  RESULTS: 

Results for this epoch: 
Acc: 0.9287
Uncertainty: 0.4886246919631958
Loading model ./results/models/ResNet18CIFAR10_crossEntropyPretrained/06.pth
BestModel_byUncertainty ..so far  RESULTS: 

Results for this epoch: 
Acc: 0.9313
Uncertainty: 0.4621518552303314
Loading model ./results/models/ResNet18CIFAR10_crossEntropyPretrained/07.pth

BestModel_byAcc ..so far RESULTS:
BestModel_byUncertainty ..so far  RESULTS: 

Results for this epoch: 
Acc: 0.9354
Uncertainty: 0.4480114281177521
Loading model ./results/models/ResNet18CIFAR10_crossEntropyPretrained/08.pth
BestModel_byUncertainty ..so far  RESULTS: 

Results for this epoch: 
Acc: 0.9323
Uncertainty: 0.42340824007987976
Loading model ./results/models/ResNet18CIFAR10_crossEntropyPretrained/09.pth
Loading model ./results/models/ResNet18CIFAR10_crossEntropyPretrained/10.pth
Loading model ./results/models/ResNet18CIFAR10_crossEntropyPretrained/11.pth
Loading model ./results/models/ResNet18CIFAR10_crossEntropyPretrained/12.pth
BestModel_byUncertainty ..so far  RESULTS: 

Results for this epoch: 
Acc: 0.9311
Uncertainty: 0.40537089109420776
Loading model ./results/models/ResNet18CIFAR10_crossEntropyPretrained/13.pth

BestModel_byAcc ..so far RESULTS:
BestModel_byUncertainty ..so far  RESULTS: 

Results for this epoch: 
Acc: 0.9361
Uncertainty: 0.3970957398414612
Loading model ./results/models/ResNet18CIFAR10_crossEntropyPretrained/14.pth
BestModel_byUncertainty ..so far  RESULTS: 

Results for this epoch: 
Acc: 0.9319
Uncertainty: 0.3810598850250244
Loading model ./results/models/ResNet18CIFAR10_crossEntropyPretrained/15.pth
BestModel_byUncertainty ..so far  RESULTS: 

Results for this epoch: 
Acc: 0.9324
Uncertainty: 0.3676993250846863
Loading model ./results/models/ResNet18CIFAR10_crossEntropyPretrained/16.pth
Loading model ./results/models/ResNet18CIFAR10_crossEntropyPretrained/17.pth
Loading model ./results/models/ResNet18CIFAR10_crossEntropyPretrained/18.pth
Loading model ./results/models/ResNet18CIFAR10_crossEntropyPretrained/19.pth
BestModel_byUncertainty ..so far  RESULTS: 

Results for this epoch: 
Acc: 0.9322
Uncertainty: 0.3604400157928467
Loading model ./results/models/ResNet18CIFAR10_crossEntropyPretrained/20.pth
BestModel_byUncertainty ..so far  RESULTS: 

Results for this epoch: 
Acc: 0.9337
Uncertainty: 0.35821157693862915
Loading model ./results/models/ResNet18CIFAR10_crossEntropyPretrained/21.pth
Loading model ./results/models/ResNet18CIFAR10_crossEntropyPretrained/22.pth
BestModel_byUncertainty ..so far  RESULTS: 

Results for this epoch: 
Acc: 0.9337
Uncertainty: 0.34606117010116577
Loading model ./results/models/ResNet18CIFAR10_crossEntropyPretrained/23.pth
Loading model ./results/models/ResNet18CIFAR10_crossEntropyPretrained/24.pth
Loading model ./results/models/ResNet18CIFAR10_crossEntropyPretrained/best_model_byAcc.pth
Loading model ./results/models/ResNet18CIFAR10_crossEntropyPretrained/best_model_byUncertainty.pth
Loading model ./results/models/ResNet18CIFAR10_crossEntropyPretrained/bestmodel_byAcc.pth
Saved the best model by Accuracy after eval./results/models/ResNet18CIFAR10_crossEntropyPretrained/best_model_byAcc.pth 

Saved the best model by Uncertainty after eval./results/models/ResNet18CIFAR10_crossEntropyPretrained/best_model_byUncertainty.pth 

Best Acc: 0.936100 Best uncertainty_mean: 0.34606117010116577 


Validation complete in 4m 42s
CIFAR10 END

DONE with all expretiments
