running...
Downloading: "https://download.pytorch.org/models/resnet18-5c106cde.pth" to /home/user/.cache/torch/checkpoints/resnet18-5c106cde.pth
  0%|          | 0.00/44.7M [00:00<?, ?B/s] 14%|█▍        | 6.41M/44.7M [00:00<00:00, 67.3MB/s] 34%|███▎      | 15.0M/44.7M [00:00<00:00, 80.5MB/s] 51%|█████     | 22.7M/44.7M [00:00<00:00, 78.7MB/s] 68%|██████▊   | 30.2M/44.7M [00:00<00:00, 74.7MB/s] 84%|████████▎ | 37.3M/44.7M [00:00<00:00, 69.3MB/s]100%|██████████| 44.7M/44.7M [00:00<00:00, 73.2MB/s]Files already downloaded and verified
Files already downloaded and verified
Files already downloaded and verified
COARSE START

im using:cuda:0
Epoch 0/24
----------

Loss: 2.5787 Acc: 0.2025 Uncertainty_mean: 0.6788 
Saved: ./results/models/ResNet18CIFAR100_coarse_labels_crossEntropyPretrained/00.pth

Epoch 1/24
----------
Loss: 2.0857 Acc: 0.3500 Uncertainty_mean: 0.6670 
Saved: ./results/models/ResNet18CIFAR100_coarse_labels_crossEntropyPretrained/01.pth

Epoch 2/24
----------
Loss: 1.8091 Acc: 0.4319 Uncertainty_mean: 0.7078 
Saved: ./results/models/ResNet18CIFAR100_coarse_labels_crossEntropyPretrained/02.pth

Epoch 3/24
----------
Loss: 1.5879 Acc: 0.4998 Uncertainty_mean: 0.7677 
Saved: ./results/models/ResNet18CIFAR100_coarse_labels_crossEntropyPretrained/03.pth

Epoch 4/24
----------
Loss: 1.4046 Acc: 0.5546 Uncertainty_mean: 0.7673 
Saved: ./results/models/ResNet18CIFAR100_coarse_labels_crossEntropyPretrained/04.pth

Epoch 5/24
----------
Loss: 1.2458 Acc: 0.6020 Uncertainty_mean: 0.7444 
Saved: ./results/models/ResNet18CIFAR100_coarse_labels_crossEntropyPretrained/05.pth

Epoch 6/24
----------
Loss: 1.0977 Acc: 0.6469 Uncertainty_mean: 0.7978 
Saved: ./results/models/ResNet18CIFAR100_coarse_labels_crossEntropyPretrained/06.pth

Epoch 7/24
----------
Loss: 0.9493 Acc: 0.6914 Uncertainty_mean: 0.7807 
Saved: ./results/models/ResNet18CIFAR100_coarse_labels_crossEntropyPretrained/07.pth

Epoch 8/24
----------
Loss: 0.8040 Acc: 0.7389 Uncertainty_mean: 0.7766 
Saved: ./results/models/ResNet18CIFAR100_coarse_labels_crossEntropyPretrained/08.pth

Epoch 9/24
----------
Loss: 0.6750 Acc: 0.7799 Uncertainty_mean: 0.8021 
Saved: ./results/models/ResNet18CIFAR100_coarse_labels_crossEntropyPretrained/09.pth

Epoch 10/24
----------
Loss: 0.5497 Acc: 0.8193 Uncertainty_mean: 0.8012 
Saved: ./results/models/ResNet18CIFAR100_coarse_labels_crossEntropyPretrained/10.pth

Epoch 11/24
----------
Loss: 0.4447 Acc: 0.8524 Uncertainty_mean: 0.8150 
Saved: ./results/models/ResNet18CIFAR100_coarse_labels_crossEntropyPretrained/11.pth

Epoch 12/24
----------
Loss: 0.3673 Acc: 0.8780 Uncertainty_mean: 0.8464 
Saved: ./results/models/ResNet18CIFAR100_coarse_labels_crossEntropyPretrained/12.pth

Epoch 13/24
----------
Loss: 0.3145 Acc: 0.8947 Uncertainty_mean: 0.8564 
Saved: ./results/models/ResNet18CIFAR100_coarse_labels_crossEntropyPretrained/13.pth

Epoch 14/24
----------
Loss: 0.2620 Acc: 0.9121 Uncertainty_mean: 0.7830 
Saved: ./results/models/ResNet18CIFAR100_coarse_labels_crossEntropyPretrained/14.pth

Epoch 15/24
----------
Loss: 0.2281 Acc: 0.9233 Uncertainty_mean: 0.8196 
Saved: ./results/models/ResNet18CIFAR100_coarse_labels_crossEntropyPretrained/15.pth

Epoch 16/24
----------
Loss: 0.2043 Acc: 0.9309 Uncertainty_mean: 0.8555 
Saved: ./results/models/ResNet18CIFAR100_coarse_labels_crossEntropyPretrained/16.pth

Epoch 17/24
----------
Loss: 0.1840 Acc: 0.9390 Uncertainty_mean: 0.8174 
Saved: ./results/models/ResNet18CIFAR100_coarse_labels_crossEntropyPretrained/17.pth

Epoch 18/24
----------
Loss: 0.1729 Acc: 0.9419 Uncertainty_mean: 0.8143 
Saved: ./results/models/ResNet18CIFAR100_coarse_labels_crossEntropyPretrained/18.pth

Epoch 19/24
----------
Loss: 0.1596 Acc: 0.9476 Uncertainty_mean: 0.8021 
Saved: ./results/models/ResNet18CIFAR100_coarse_labels_crossEntropyPretrained/19.pth

Epoch 20/24
----------
Loss: 0.1403 Acc: 0.9541 Uncertainty_mean: 0.8770 
Saved: ./results/models/ResNet18CIFAR100_coarse_labels_crossEntropyPretrained/20.pth

Epoch 21/24
----------
Loss: 0.1408 Acc: 0.9526 Uncertainty_mean: 0.8284 
Saved: ./results/models/ResNet18CIFAR100_coarse_labels_crossEntropyPretrained/21.pth

Epoch 22/24
----------
Loss: 0.1222 Acc: 0.9596 Uncertainty_mean: 0.7735 
Saved: ./results/models/ResNet18CIFAR100_coarse_labels_crossEntropyPretrained/22.pth

Epoch 23/24
----------
Loss: 0.1219 Acc: 0.9588 Uncertainty_mean: 0.7990 
Saved: ./results/models/ResNet18CIFAR100_coarse_labels_crossEntropyPretrained/23.pth

Epoch 24/24
----------
Loss: 0.1164 Acc: 0.9616 Uncertainty_mean: 0.8146 
Saved: ./results/models/ResNet18CIFAR100_coarse_labels_crossEntropyPretrained/24.pth

Training complete in 48m 38s
Best Acc: 0.961640 Best Uncertainty: 0.667038
Loading model ./results/models/ResNet18CIFAR100_coarse_labels_crossEntropyPretrained/00.pth

BestModel_byAcc ..so far RESULTS:
BestModel_byUncertainty ..so far  RESULTS: 

Results for this epoch: 
Acc: 0.2909
Uncertainty: 0.6235430836677551
Loading model ./results/models/ResNet18CIFAR100_coarse_labels_crossEntropyPretrained/01.pth

BestModel_byAcc ..so far RESULTS:
Results for this epoch: 
Acc: 0.4054
Uncertainty: 0.692861020565033
Loading model ./results/models/ResNet18CIFAR100_coarse_labels_crossEntropyPretrained/02.pth

BestModel_byAcc ..so far RESULTS:
Results for this epoch: 
Acc: 0.4489
Uncertainty: 0.7146487236022949
Loading model ./results/models/ResNet18CIFAR100_coarse_labels_crossEntropyPretrained/03.pth

BestModel_byAcc ..so far RESULTS:
Results for this epoch: 
Acc: 0.4940
Uncertainty: 0.7439584136009216
Loading model ./results/models/ResNet18CIFAR100_coarse_labels_crossEntropyPretrained/04.pth

BestModel_byAcc ..so far RESULTS:
Results for this epoch: 
Acc: 0.5509
Uncertainty: 0.779735803604126
Loading model ./results/models/ResNet18CIFAR100_coarse_labels_crossEntropyPretrained/05.pth

BestModel_byAcc ..so far RESULTS:
Results for this epoch: 
Acc: 0.5626
Uncertainty: 0.7315819263458252
Loading model ./results/models/ResNet18CIFAR100_coarse_labels_crossEntropyPretrained/06.pth

BestModel_byAcc ..so far RESULTS:
Results for this epoch: 
Acc: 0.5645
Uncertainty: 0.7981334924697876
Loading model ./results/models/ResNet18CIFAR100_coarse_labels_crossEntropyPretrained/07.pth

BestModel_byAcc ..so far RESULTS:
Results for this epoch: 
Acc: 0.5757
Uncertainty: 0.7903537154197693
Loading model ./results/models/ResNet18CIFAR100_coarse_labels_crossEntropyPretrained/08.pth

BestModel_byAcc ..so far RESULTS:
Results for this epoch: 
Acc: 0.5816
Uncertainty: 0.7964175343513489
Loading model ./results/models/ResNet18CIFAR100_coarse_labels_crossEntropyPretrained/09.pth
Loading model ./results/models/ResNet18CIFAR100_coarse_labels_crossEntropyPretrained/10.pth

BestModel_byAcc ..so far RESULTS:
Results for this epoch: 
Acc: 0.5819
Uncertainty: 0.8087949156761169
Loading model ./results/models/ResNet18CIFAR100_coarse_labels_crossEntropyPretrained/11.pth
Loading model ./results/models/ResNet18CIFAR100_coarse_labels_crossEntropyPretrained/12.pth
Loading model ./results/models/ResNet18CIFAR100_coarse_labels_crossEntropyPretrained/13.pth
Loading model ./results/models/ResNet18CIFAR100_coarse_labels_crossEntropyPretrained/14.pth
Loading model ./results/models/ResNet18CIFAR100_coarse_labels_crossEntropyPretrained/15.pth
Loading model ./results/models/ResNet18CIFAR100_coarse_labels_crossEntropyPretrained/16.pth
Loading model ./results/models/ResNet18CIFAR100_coarse_labels_crossEntropyPretrained/17.pth
Loading model ./results/models/ResNet18CIFAR100_coarse_labels_crossEntropyPretrained/18.pth
Loading model ./results/models/ResNet18CIFAR100_coarse_labels_crossEntropyPretrained/19.pth
Loading model ./results/models/ResNet18CIFAR100_coarse_labels_crossEntropyPretrained/20.pth
Loading model ./results/models/ResNet18CIFAR100_coarse_labels_crossEntropyPretrained/21.pth
Loading model ./results/models/ResNet18CIFAR100_coarse_labels_crossEntropyPretrained/22.pth
Loading model ./results/models/ResNet18CIFAR100_coarse_labels_crossEntropyPretrained/23.pth
Loading model ./results/models/ResNet18CIFAR100_coarse_labels_crossEntropyPretrained/24.pth
Loading model ./results/models/ResNet18CIFAR100_coarse_labels_crossEntropyPretrained/best_model_byAcc.pth

BestModel_byAcc ..so far RESULTS:
Results for this epoch: 
Acc: 0.6383
Uncertainty: 0.6284259557723999
Loading model ./results/models/ResNet18CIFAR100_coarse_labels_crossEntropyPretrained/best_model_byUncertainty.pth
BestModel_byUncertainty ..so far  RESULTS: 

Results for this epoch: 
Acc: 0.5947
Uncertainty: 0.47709372639656067
Loading model ./results/models/ResNet18CIFAR100_coarse_labels_crossEntropyPretrained/bestmodel_byAcc.pth
Saved the best model by Accuracy after eval./results/models/ResNet18CIFAR100_coarse_labels_crossEntropyPretrained/best_model_byAcc.pth 

Saved the best model by Uncertainty after eval./results/models/ResNet18CIFAR100_coarse_labels_crossEntropyPretrained/best_model_byUncertainty.pth 

Best Acc: 0.638300 Best uncertainty_mean: 0.47709372639656067 


Validation complete in 4m 34s
COARSE END

FINE START

im using:cuda:0
Epoch 0/24
----------
Loss: 3.9632 Acc: 0.0887 Uncertainty_mean: 0.8995 
Saved: ./results/models/ResNet18CIFAR100_fine_labels_crossEntropyPretrained/00.pth

Epoch 1/24
----------
Loss: 3.1426 Acc: 0.2284 Uncertainty_mean: 0.9441 
Saved: ./results/models/ResNet18CIFAR100_fine_labels_crossEntropyPretrained/01.pth

Epoch 2/24
----------
Loss: 2.6858 Acc: 0.3189 Uncertainty_mean: 0.8849 
Saved: ./results/models/ResNet18CIFAR100_fine_labels_crossEntropyPretrained/02.pth

Epoch 3/24
----------
Loss: 2.3335 Acc: 0.3906 Uncertainty_mean: 0.9068 
Saved: ./results/models/ResNet18CIFAR100_fine_labels_crossEntropyPretrained/03.pth

Epoch 4/24
----------
Loss: 2.0522 Acc: 0.4520 Uncertainty_mean: 0.9621 
Saved: ./results/models/ResNet18CIFAR100_fine_labels_crossEntropyPretrained/04.pth

Epoch 5/24
----------
Loss: 1.8094 Acc: 0.5096 Uncertainty_mean: 0.9377 
Saved: ./results/models/ResNet18CIFAR100_fine_labels_crossEntropyPretrained/05.pth

Epoch 6/24
----------
Loss: 1.5924 Acc: 0.5586 Uncertainty_mean: 0.9486 
Saved: ./results/models/ResNet18CIFAR100_fine_labels_crossEntropyPretrained/06.pth

Epoch 7/24
----------
Loss: 1.3903 Acc: 0.6085 Uncertainty_mean: 0.9802 
Saved: ./results/models/ResNet18CIFAR100_fine_labels_crossEntropyPretrained/07.pth

Epoch 8/24
----------
Loss: 1.2014 Acc: 0.6545 Uncertainty_mean: 0.9498 
Saved: ./results/models/ResNet18CIFAR100_fine_labels_crossEntropyPretrained/08.pth

Epoch 9/24
----------
Loss: 1.0244 Acc: 0.7023 Uncertainty_mean: 0.9677 
Saved: ./results/models/ResNet18CIFAR100_fine_labels_crossEntropyPretrained/09.pth

Epoch 10/24
----------
Loss: 0.8602 Acc: 0.7442 Uncertainty_mean: 0.9636 
Saved: ./results/models/ResNet18CIFAR100_fine_labels_crossEntropyPretrained/10.pth

Epoch 11/24
----------
Loss: 0.7146 Acc: 0.7872 Uncertainty_mean: 0.9717 
Saved: ./results/models/ResNet18CIFAR100_fine_labels_crossEntropyPretrained/11.pth

Epoch 12/24
----------
Loss: 0.5911 Acc: 0.8186 Uncertainty_mean: 0.9796 
Saved: ./results/models/ResNet18CIFAR100_fine_labels_crossEntropyPretrained/12.pth

Epoch 13/24
----------
Loss: 0.4861 Acc: 0.8508 Uncertainty_mean: 0.9661 
Saved: ./results/models/ResNet18CIFAR100_fine_labels_crossEntropyPretrained/13.pth

Epoch 14/24
----------
Loss: 0.4150 Acc: 0.8705 Uncertainty_mean: 0.9594 
Saved: ./results/models/ResNet18CIFAR100_fine_labels_crossEntropyPretrained/14.pth

Epoch 15/24
----------
Loss: 0.3528 Acc: 0.8915 Uncertainty_mean: 0.9816 
Saved: ./results/models/ResNet18CIFAR100_fine_labels_crossEntropyPretrained/15.pth

Epoch 16/24
----------
Loss: 0.3039 Acc: 0.9049 Uncertainty_mean: 0.9912 
Saved: ./results/models/ResNet18CIFAR100_fine_labels_crossEntropyPretrained/16.pth

Epoch 17/24
----------
Loss: 0.2751 Acc: 0.9139 Uncertainty_mean: 0.9795 
Saved: ./results/models/ResNet18CIFAR100_fine_labels_crossEntropyPretrained/17.pth

Epoch 18/24
----------
Loss: 0.2457 Acc: 0.9238 Uncertainty_mean: 0.9797 
Saved: ./results/models/ResNet18CIFAR100_fine_labels_crossEntropyPretrained/18.pth

Epoch 19/24
----------
Loss: 0.2206 Acc: 0.9316 Uncertainty_mean: 0.9848 
Saved: ./results/models/ResNet18CIFAR100_fine_labels_crossEntropyPretrained/19.pth

Epoch 20/24
----------
Loss: 0.2100 Acc: 0.9331 Uncertainty_mean: 0.9964 
Saved: ./results/models/ResNet18CIFAR100_fine_labels_crossEntropyPretrained/20.pth

Epoch 21/24
----------
Loss: 0.1841 Acc: 0.9434 Uncertainty_mean: 0.9751 
Saved: ./results/models/ResNet18CIFAR100_fine_labels_crossEntropyPretrained/21.pth

Epoch 22/24
----------
Loss: 0.1742 Acc: 0.9455 Uncertainty_mean: 0.9979 
Saved: ./results/models/ResNet18CIFAR100_fine_labels_crossEntropyPretrained/22.pth

Epoch 23/24
----------
Loss: 0.1663 Acc: 0.9479 Uncertainty_mean: 0.9832 
Saved: ./results/models/ResNet18CIFAR100_fine_labels_crossEntropyPretrained/23.pth

Epoch 24/24
----------
Loss: 0.1497 Acc: 0.9537 Uncertainty_mean: 0.9812 
Saved: ./results/models/ResNet18CIFAR100_fine_labels_crossEntropyPretrained/24.pth

Training complete in 48m 40s
Best Acc: 0.953740 Best Uncertainty: 0.884898
Loading model ./results/models/ResNet18CIFAR100_fine_labels_crossEntropyPretrained/00.pth

BestModel_byAcc ..so far RESULTS:
BestModel_byUncertainty ..so far  RESULTS: 

Results for this epoch: 
Acc: 0.1696
Uncertainty: 0.863292396068573
Loading model ./results/models/ResNet18CIFAR100_fine_labels_crossEntropyPretrained/01.pth

BestModel_byAcc ..so far RESULTS:
Results for this epoch: 
Acc: 0.2688
Uncertainty: 0.873863697052002
Loading model ./results/models/ResNet18CIFAR100_fine_labels_crossEntropyPretrained/02.pth

BestModel_byAcc ..so far RESULTS:
Results for this epoch: 
Acc: 0.3368
Uncertainty: 0.8886204957962036
Loading model ./results/models/ResNet18CIFAR100_fine_labels_crossEntropyPretrained/03.pth

BestModel_byAcc ..so far RESULTS:
Results for this epoch: 
Acc: 0.3820
Uncertainty: 0.8937513828277588
Loading model ./results/models/ResNet18CIFAR100_fine_labels_crossEntropyPretrained/04.pth

BestModel_byAcc ..so far RESULTS:
Results for this epoch: 
Acc: 0.4276
Uncertainty: 0.9142617583274841
Loading model ./results/models/ResNet18CIFAR100_fine_labels_crossEntropyPretrained/05.pth

BestModel_byAcc ..so far RESULTS:
Results for this epoch: 
Acc: 0.4667
Uncertainty: 0.9261342287063599
Loading model ./results/models/ResNet18CIFAR100_fine_labels_crossEntropyPretrained/06.pth

BestModel_byAcc ..so far RESULTS:
Results for this epoch: 
Acc: 0.4693
Uncertainty: 0.9489092826843262
Loading model ./results/models/ResNet18CIFAR100_fine_labels_crossEntropyPretrained/07.pth

BestModel_byAcc ..so far RESULTS:
Results for this epoch: 
Acc: 0.4816
Uncertainty: 0.9536246061325073
Loading model ./results/models/ResNet18CIFAR100_fine_labels_crossEntropyPretrained/08.pth
Loading model ./results/models/ResNet18CIFAR100_fine_labels_crossEntropyPretrained/09.pth
Loading model ./results/models/ResNet18CIFAR100_fine_labels_crossEntropyPretrained/10.pth
Loading model ./results/models/ResNet18CIFAR100_fine_labels_crossEntropyPretrained/11.pth
Loading model ./results/models/ResNet18CIFAR100_fine_labels_crossEntropyPretrained/12.pth
Loading model ./results/models/ResNet18CIFAR100_fine_labels_crossEntropyPretrained/13.pth
Loading model ./results/models/ResNet18CIFAR100_fine_labels_crossEntropyPretrained/14.pth
Loading model ./results/models/ResNet18CIFAR100_fine_labels_crossEntropyPretrained/15.pth
Loading model ./results/models/ResNet18CIFAR100_fine_labels_crossEntropyPretrained/16.pth
Loading model ./results/models/ResNet18CIFAR100_fine_labels_crossEntropyPretrained/17.pth
Loading model ./results/models/ResNet18CIFAR100_fine_labels_crossEntropyPretrained/18.pth
Loading model ./results/models/ResNet18CIFAR100_fine_labels_crossEntropyPretrained/19.pth
Loading model ./results/models/ResNet18CIFAR100_fine_labels_crossEntropyPretrained/20.pth
Loading model ./results/models/ResNet18CIFAR100_fine_labels_crossEntropyPretrained/21.pth
Loading model ./results/models/ResNet18CIFAR100_fine_labels_crossEntropyPretrained/22.pth
Loading model ./results/models/ResNet18CIFAR100_fine_labels_crossEntropyPretrained/23.pth
Loading model ./results/models/ResNet18CIFAR100_fine_labels_crossEntropyPretrained/24.pth
Loading model ./results/models/ResNet18CIFAR100_fine_labels_crossEntropyPretrained/best_model_byAcc.pth

BestModel_byAcc ..so far RESULTS:
BestModel_byUncertainty ..so far  RESULTS: 

Results for this epoch: 
Acc: 0.6146
Uncertainty: 0.7387384176254272
Loading model ./results/models/ResNet18CIFAR100_fine_labels_crossEntropyPretrained/best_model_byUncertainty.pth
BestModel_byUncertainty ..so far  RESULTS: 

Results for this epoch: 
Acc: 0.1182
Uncertainty: 0.6966260671615601
Loading model ./results/models/ResNet18CIFAR100_fine_labels_crossEntropyPretrained/bestmodel_byAcc.pth
Saved the best model by Accuracy after eval./results/models/ResNet18CIFAR100_fine_labels_crossEntropyPretrained/best_model_byAcc.pth 

Saved the best model by Uncertainty after eval./results/models/ResNet18CIFAR100_fine_labels_crossEntropyPretrained/best_model_byUncertainty.pth 

Best Acc: 0.614600 Best uncertainty_mean: 0.6966260671615601 


Validation complete in 4m 33s
FINE END

DONE with all expretiments
