running...
Downloading: "https://download.pytorch.org/models/resnet18-5c106cde.pth" to /home/user/.cache/torch/checkpoints/resnet18-5c106cde.pth
  0%|          | 0.00/44.7M [00:00<?, ?B/s] 17%|█▋        | 7.52M/44.7M [00:00<00:00, 78.9MB/s] 43%|████▎     | 19.1M/44.7M [00:00<00:00, 104MB/s]  68%|██████▊   | 30.2M/44.7M [00:00<00:00, 110MB/s] 91%|█████████ | 40.7M/44.7M [00:00<00:00, 91.6MB/s]100%|██████████| 44.7M/44.7M [00:00<00:00, 92.7MB/s]Files already downloaded and verified
Files already downloaded and verified
Files already downloaded and verified
COARSE START

im using:cuda:0
Epoch 0/49
----------

Loss: 1.0684 Acc: 0.6568 Uncertainty_mean: 0.7940 
Saved: ./results/models/ResNet18CIFAR100_coarse_labels_crossEntropyPretrained/00.pth

Epoch 1/49
----------
Loss: 0.5995 Acc: 0.8035 Uncertainty_mean: 0.7930 
Saved: ./results/models/ResNet18CIFAR100_coarse_labels_crossEntropyPretrained/01.pth

Epoch 2/49
----------
Loss: 0.4248 Acc: 0.8583 Uncertainty_mean: 0.7417 
Saved: ./results/models/ResNet18CIFAR100_coarse_labels_crossEntropyPretrained/02.pth

Epoch 3/49
----------
Loss: 0.2938 Acc: 0.9012 Uncertainty_mean: 0.7517 
Saved: ./results/models/ResNet18CIFAR100_coarse_labels_crossEntropyPretrained/03.pth

Epoch 4/49
----------
Loss: 0.2029 Acc: 0.9321 Uncertainty_mean: 0.7185 
Saved: ./results/models/ResNet18CIFAR100_coarse_labels_crossEntropyPretrained/04.pth

Epoch 5/49
----------
Loss: 0.1321 Acc: 0.9563 Uncertainty_mean: 0.7313 
Saved: ./results/models/ResNet18CIFAR100_coarse_labels_crossEntropyPretrained/05.pth

Epoch 6/49
----------
Loss: 0.0860 Acc: 0.9724 Uncertainty_mean: 0.7711 
Saved: ./results/models/ResNet18CIFAR100_coarse_labels_crossEntropyPretrained/06.pth

Epoch 7/49
----------
Loss: 0.0598 Acc: 0.9802 Uncertainty_mean: 0.6968 
Saved: ./results/models/ResNet18CIFAR100_coarse_labels_crossEntropyPretrained/07.pth

Epoch 8/49
----------
Loss: 0.0506 Acc: 0.9839 Uncertainty_mean: 0.7191 
Saved: ./results/models/ResNet18CIFAR100_coarse_labels_crossEntropyPretrained/08.pth

Epoch 9/49
----------
Loss: 0.0432 Acc: 0.9854 Uncertainty_mean: 0.7262 
Saved: ./results/models/ResNet18CIFAR100_coarse_labels_crossEntropyPretrained/09.pth

Epoch 10/49
----------
Loss: 0.0382 Acc: 0.9868 Uncertainty_mean: 0.7144 
Saved: ./results/models/ResNet18CIFAR100_coarse_labels_crossEntropyPretrained/10.pth

Epoch 11/49
----------
Loss: 0.0343 Acc: 0.9880 Uncertainty_mean: 0.5972 
Saved: ./results/models/ResNet18CIFAR100_coarse_labels_crossEntropyPretrained/11.pth

Epoch 12/49
----------
Loss: 0.0287 Acc: 0.9900 Uncertainty_mean: 0.6829 
Saved: ./results/models/ResNet18CIFAR100_coarse_labels_crossEntropyPretrained/12.pth

Epoch 13/49
----------
Loss: 0.0266 Acc: 0.9918 Uncertainty_mean: 0.6435 
Saved: ./results/models/ResNet18CIFAR100_coarse_labels_crossEntropyPretrained/13.pth

Epoch 14/49
----------
Loss: 0.0228 Acc: 0.9922 Uncertainty_mean: 0.6206 
Saved: ./results/models/ResNet18CIFAR100_coarse_labels_crossEntropyPretrained/14.pth

Epoch 15/49
----------
Loss: 0.0272 Acc: 0.9904 Uncertainty_mean: 0.6247 
Saved: ./results/models/ResNet18CIFAR100_coarse_labels_crossEntropyPretrained/15.pth

Epoch 16/49
----------
Loss: 0.0218 Acc: 0.9928 Uncertainty_mean: 0.6821 
Saved: ./results/models/ResNet18CIFAR100_coarse_labels_crossEntropyPretrained/16.pth

Epoch 17/49
----------
Loss: 0.0225 Acc: 0.9922 Uncertainty_mean: 0.6656 
Saved: ./results/models/ResNet18CIFAR100_coarse_labels_crossEntropyPretrained/17.pth

Epoch 18/49
----------
Loss: 0.0231 Acc: 0.9919 Uncertainty_mean: 0.6556 
Saved: ./results/models/ResNet18CIFAR100_coarse_labels_crossEntropyPretrained/18.pth

Epoch 19/49
----------
Loss: 0.0211 Acc: 0.9930 Uncertainty_mean: 0.6922 
Saved: ./results/models/ResNet18CIFAR100_coarse_labels_crossEntropyPretrained/19.pth

Epoch 20/49
----------
Loss: 0.0203 Acc: 0.9932 Uncertainty_mean: 0.6432 
Saved: ./results/models/ResNet18CIFAR100_coarse_labels_crossEntropyPretrained/20.pth

Epoch 21/49
----------
Loss: 0.0212 Acc: 0.9930 Uncertainty_mean: 0.5969 
Saved: ./results/models/ResNet18CIFAR100_coarse_labels_crossEntropyPretrained/21.pth

Epoch 22/49
----------
Loss: 0.0187 Acc: 0.9941 Uncertainty_mean: 0.6686 
Saved: ./results/models/ResNet18CIFAR100_coarse_labels_crossEntropyPretrained/22.pth

Epoch 23/49
----------
Loss: 0.0196 Acc: 0.9936 Uncertainty_mean: 0.6250 
Saved: ./results/models/ResNet18CIFAR100_coarse_labels_crossEntropyPretrained/23.pth

Epoch 24/49
----------
Loss: 0.0209 Acc: 0.9933 Uncertainty_mean: 0.6295 
Saved: ./results/models/ResNet18CIFAR100_coarse_labels_crossEntropyPretrained/24.pth

Epoch 25/49
----------
Loss: 0.0166 Acc: 0.9943 Uncertainty_mean: 0.6549 
Saved: ./results/models/ResNet18CIFAR100_coarse_labels_crossEntropyPretrained/25.pth

Epoch 26/49
----------
Loss: 0.0203 Acc: 0.9932 Uncertainty_mean: 0.5921 
Saved: ./results/models/ResNet18CIFAR100_coarse_labels_crossEntropyPretrained/26.pth

Epoch 27/49
----------
Loss: 0.0168 Acc: 0.9944 Uncertainty_mean: 0.5991 
Saved: ./results/models/ResNet18CIFAR100_coarse_labels_crossEntropyPretrained/27.pth

Epoch 28/49
----------
Loss: 0.0170 Acc: 0.9944 Uncertainty_mean: 0.5790 
Saved: ./results/models/ResNet18CIFAR100_coarse_labels_crossEntropyPretrained/28.pth

Epoch 29/49
----------
Loss: 0.0184 Acc: 0.9938 Uncertainty_mean: 0.6202 
Saved: ./results/models/ResNet18CIFAR100_coarse_labels_crossEntropyPretrained/29.pth

Epoch 30/49
----------
Loss: 0.0180 Acc: 0.9943 Uncertainty_mean: 0.5455 
Saved: ./results/models/ResNet18CIFAR100_coarse_labels_crossEntropyPretrained/30.pth

Epoch 31/49
----------
Loss: 0.0155 Acc: 0.9951 Uncertainty_mean: 0.6159 
Saved: ./results/models/ResNet18CIFAR100_coarse_labels_crossEntropyPretrained/31.pth

Epoch 32/49
----------
Loss: 0.0165 Acc: 0.9949 Uncertainty_mean: 0.5810 
Saved: ./results/models/ResNet18CIFAR100_coarse_labels_crossEntropyPretrained/32.pth

Epoch 33/49
----------
Loss: 0.0151 Acc: 0.9946 Uncertainty_mean: 0.6344 
Saved: ./results/models/ResNet18CIFAR100_coarse_labels_crossEntropyPretrained/33.pth

Epoch 34/49
----------
Loss: 0.0153 Acc: 0.9948 Uncertainty_mean: 0.6051 
Saved: ./results/models/ResNet18CIFAR100_coarse_labels_crossEntropyPretrained/34.pth

Epoch 35/49
----------
Loss: 0.0156 Acc: 0.9952 Uncertainty_mean: 0.6103 
Saved: ./results/models/ResNet18CIFAR100_coarse_labels_crossEntropyPretrained/35.pth

Epoch 36/49
----------
Loss: 0.0180 Acc: 0.9943 Uncertainty_mean: 0.5762 
Saved: ./results/models/ResNet18CIFAR100_coarse_labels_crossEntropyPretrained/36.pth

Epoch 37/49
----------
Loss: 0.0152 Acc: 0.9952 Uncertainty_mean: 0.6470 
Saved: ./results/models/ResNet18CIFAR100_coarse_labels_crossEntropyPretrained/37.pth

Epoch 38/49
----------
Loss: 0.0166 Acc: 0.9945 Uncertainty_mean: 0.5764 
Saved: ./results/models/ResNet18CIFAR100_coarse_labels_crossEntropyPretrained/38.pth

Epoch 39/49
----------
Loss: 0.0167 Acc: 0.9948 Uncertainty_mean: 0.5458 
Saved: ./results/models/ResNet18CIFAR100_coarse_labels_crossEntropyPretrained/39.pth

Epoch 40/49
----------
Loss: 0.0136 Acc: 0.9960 Uncertainty_mean: 0.6395 
Saved: ./results/models/ResNet18CIFAR100_coarse_labels_crossEntropyPretrained/40.pth

Epoch 41/49
----------
Loss: 0.0140 Acc: 0.9956 Uncertainty_mean: 0.6394 
Saved: ./results/models/ResNet18CIFAR100_coarse_labels_crossEntropyPretrained/41.pth

Epoch 42/49
----------
Loss: 0.0162 Acc: 0.9949 Uncertainty_mean: 0.5614 
Saved: ./results/models/ResNet18CIFAR100_coarse_labels_crossEntropyPretrained/42.pth

Epoch 43/49
----------
Loss: 0.0135 Acc: 0.9957 Uncertainty_mean: 0.5747 
Saved: ./results/models/ResNet18CIFAR100_coarse_labels_crossEntropyPretrained/43.pth

Epoch 44/49
----------
Loss: 0.0154 Acc: 0.9957 Uncertainty_mean: 0.5700 
Saved: ./results/models/ResNet18CIFAR100_coarse_labels_crossEntropyPretrained/44.pth

Epoch 45/49
----------
Loss: 0.0154 Acc: 0.9956 Uncertainty_mean: 0.5811 
Saved: ./results/models/ResNet18CIFAR100_coarse_labels_crossEntropyPretrained/45.pth

Epoch 46/49
----------
Loss: 0.0133 Acc: 0.9959 Uncertainty_mean: 0.5642 
Saved: ./results/models/ResNet18CIFAR100_coarse_labels_crossEntropyPretrained/46.pth

Epoch 47/49
----------
Loss: 0.0138 Acc: 0.9957 Uncertainty_mean: 0.5868 
Saved: ./results/models/ResNet18CIFAR100_coarse_labels_crossEntropyPretrained/47.pth

Epoch 48/49
----------
Loss: 0.0143 Acc: 0.9960 Uncertainty_mean: 0.5554 
Saved: ./results/models/ResNet18CIFAR100_coarse_labels_crossEntropyPretrained/48.pth

Epoch 49/49
----------
Loss: 0.0136 Acc: 0.9959 Uncertainty_mean: 0.6612 
Saved: ./results/models/ResNet18CIFAR100_coarse_labels_crossEntropyPretrained/49.pth

Training complete in 98m 49s
Best Acc: 0.996020 Best Uncertainty: 0.545511
Traceback (most recent call last):
  File "codebase/main.py", line 275, in <module>
    main()
  File "codebase/main.py", line 272, in main
    runExperiments()
  File "codebase/main.py", line 267, in runExperiments
    CIFAR100_coarse_AND_fine(train =True, criterion_name ="crossEntropy")
  File "codebase/main.py", line 112, in CIFAR100_coarse_AND_fine
    defineExperiment(modelList, criterion_name=criterion_name, optimizer=optimizer, train_dataloader=dataloaders["CIFAR100_coarse_labels_TRAIN"], num_train_classes =20 , test_dataloader=dataloaders["CIFAR100_coarse_labels_TEST"], num_test_classes=20 ,train=train, pretrained =True, num_epochs = 50, uncertaintyThreshold = -0.1)
  File "codebase/main.py", line 89, in defineExperiment
    val_acc_hist, uncertainty_histry = eval_model(modelList, test_dataloader, model_directory ,device, num_classes = num_test_classes, hierarchicalModelPathList =hierarchicalModelPathList , train_dataloader= train_dataloader , test_dataloader =test_dataloader)
  File "/home/user/experiments/codebase/eval.py", line 27, in eval_model
    #not tested
FileNotFoundError: [Errno 2] No such file or directory: './results/models/ResNet18CIFAR100_coarse_labels_crossEntropyPretrained/best_model_byAcc.pth'
