running...
Downloading: "https://download.pytorch.org/models/resnet18-5c106cde.pth" to /home/user/.cache/torch/checkpoints/resnet18-5c106cde.pth
  0%|          | 0.00/44.7M [00:00<?, ?B/s] 11%|█         | 4.75M/44.7M [00:00<00:00, 49.7MB/s] 21%|██▏       | 9.49M/44.7M [00:00<00:00, 46.8MB/s] 31%|███▏      | 14.0M/44.7M [00:00<00:00, 46.9MB/s] 41%|████▏     | 18.5M/44.7M [00:00<00:00, 44.8MB/s] 52%|█████▏    | 23.1M/44.7M [00:00<00:00, 46.0MB/s] 62%|██████▏   | 27.5M/44.7M [00:00<00:00, 44.4MB/s] 72%|███████▏  | 32.1M/44.7M [00:00<00:00, 45.7MB/s] 83%|████████▎ | 37.0M/44.7M [00:00<00:00, 47.5MB/s] 93%|█████████▎| 41.6M/44.7M [00:00<00:00, 47.0MB/s]100%|██████████| 44.7M/44.7M [00:01<00:00, 45.5MB/s]Files already downloaded and verified
Files already downloaded and verified
Files already downloaded and verified
COARSE START

im using:cuda:0
Epoch 0/24
----------

Loss: 1.1823 Acc: 0.6316 Uncertainty_mean: 0.7193 
Saved: ./results/models/ResNet18CIFAR100_coarse_labels_crossEntropyPretrained/00.pth

Epoch 1/24
----------
Loss: 0.6316 Acc: 0.7920 Uncertainty_mean: 0.6941 
Saved: ./results/models/ResNet18CIFAR100_coarse_labels_crossEntropyPretrained/01.pth

Epoch 2/24
----------
Loss: 0.4648 Acc: 0.8472 Uncertainty_mean: 0.6822 
Saved: ./results/models/ResNet18CIFAR100_coarse_labels_crossEntropyPretrained/02.pth

Epoch 3/24
----------
Loss: 0.3426 Acc: 0.8890 Uncertainty_mean: 0.6793 
Saved: ./results/models/ResNet18CIFAR100_coarse_labels_crossEntropyPretrained/03.pth

Epoch 4/24
----------
Loss: 0.2477 Acc: 0.9233 Uncertainty_mean: 0.6718 
Saved: ./results/models/ResNet18CIFAR100_coarse_labels_crossEntropyPretrained/04.pth

Epoch 5/24
----------
Loss: 0.1673 Acc: 0.9504 Uncertainty_mean: 0.6850 
Saved: ./results/models/ResNet18CIFAR100_coarse_labels_crossEntropyPretrained/05.pth

Epoch 6/24
----------
Loss: 0.1068 Acc: 0.9718 Uncertainty_mean: 0.6804 
Saved: ./results/models/ResNet18CIFAR100_coarse_labels_crossEntropyPretrained/06.pth

Epoch 7/24
----------
Loss: 0.0630 Acc: 0.9872 Uncertainty_mean: 0.6614 
Saved: ./results/models/ResNet18CIFAR100_coarse_labels_crossEntropyPretrained/07.pth

Epoch 8/24
----------
Loss: 0.0372 Acc: 0.9945 Uncertainty_mean: 0.6459 
Saved: ./results/models/ResNet18CIFAR100_coarse_labels_crossEntropyPretrained/08.pth

Epoch 9/24
----------
Loss: 0.0243 Acc: 0.9974 Uncertainty_mean: 0.6427 
Saved: ./results/models/ResNet18CIFAR100_coarse_labels_crossEntropyPretrained/09.pth

Epoch 10/24
----------
Loss: 0.0169 Acc: 0.9983 Uncertainty_mean: 0.6182 
Saved: ./results/models/ResNet18CIFAR100_coarse_labels_crossEntropyPretrained/10.pth

Epoch 11/24
----------
Loss: 0.0123 Acc: 0.9989 Uncertainty_mean: 0.6020 
Saved: ./results/models/ResNet18CIFAR100_coarse_labels_crossEntropyPretrained/11.pth

Epoch 12/24
----------
Loss: 0.0111 Acc: 0.9985 Uncertainty_mean: 0.6492 
Saved: ./results/models/ResNet18CIFAR100_coarse_labels_crossEntropyPretrained/12.pth

Epoch 13/24
----------
Loss: 0.0087 Acc: 0.9990 Uncertainty_mean: 0.6049 
Saved: ./results/models/ResNet18CIFAR100_coarse_labels_crossEntropyPretrained/13.pth

Epoch 14/24
----------
Loss: 0.0077 Acc: 0.9989 Uncertainty_mean: 0.5773 
Saved: ./results/models/ResNet18CIFAR100_coarse_labels_crossEntropyPretrained/14.pth

Epoch 15/24
----------
Loss: 0.0085 Acc: 0.9984 Uncertainty_mean: 0.6183 
Saved: ./results/models/ResNet18CIFAR100_coarse_labels_crossEntropyPretrained/15.pth

Epoch 16/24
----------
Loss: 0.0082 Acc: 0.9984 Uncertainty_mean: 0.5845 
Saved: ./results/models/ResNet18CIFAR100_coarse_labels_crossEntropyPretrained/16.pth

Epoch 17/24
----------
Loss: 0.0061 Acc: 0.9990 Uncertainty_mean: 0.5746 
Saved: ./results/models/ResNet18CIFAR100_coarse_labels_crossEntropyPretrained/17.pth

Epoch 18/24
----------
Loss: 0.0058 Acc: 0.9988 Uncertainty_mean: 0.5881 
Saved: ./results/models/ResNet18CIFAR100_coarse_labels_crossEntropyPretrained/18.pth

Epoch 19/24
----------
Loss: 0.0053 Acc: 0.9989 Uncertainty_mean: 0.6080 
Saved: ./results/models/ResNet18CIFAR100_coarse_labels_crossEntropyPretrained/19.pth

Epoch 20/24
----------
Loss: 0.0062 Acc: 0.9985 Uncertainty_mean: 0.5647 
Saved: ./results/models/ResNet18CIFAR100_coarse_labels_crossEntropyPretrained/20.pth

Epoch 21/24
----------
Loss: 0.0048 Acc: 0.9990 Uncertainty_mean: 0.5756 
Saved: ./results/models/ResNet18CIFAR100_coarse_labels_crossEntropyPretrained/21.pth

Epoch 22/24
----------
Loss: 0.0069 Acc: 0.9980 Uncertainty_mean: 0.5825 
Saved: ./results/models/ResNet18CIFAR100_coarse_labels_crossEntropyPretrained/22.pth

Epoch 23/24
----------
Loss: 0.0048 Acc: 0.9990 Uncertainty_mean: 0.5713 
Saved: ./results/models/ResNet18CIFAR100_coarse_labels_crossEntropyPretrained/23.pth

Epoch 24/24
----------
Loss: 0.0040 Acc: 0.9990 Uncertainty_mean: 0.5994 
Saved: ./results/models/ResNet18CIFAR100_coarse_labels_crossEntropyPretrained/24.pth

Training complete in 44m 56s
Best Acc: 0.999040 Best Uncertainty: 0.564682
Loading model ./results/models/ResNet18CIFAR100_coarse_labels_crossEntropyPretrained/00.pth

BestModel_byAcc ..so far RESULTS:
BestModel_byUncertainty ..so far  RESULTS: 

Results for this epoch: 
Acc: 0.7522
Uncertainty: 0.6872575283050537
Loading model ./results/models/ResNet18CIFAR100_coarse_labels_crossEntropyPretrained/01.pth

BestModel_byAcc ..so far RESULTS:
BestModel_byUncertainty ..so far  RESULTS: 

Results for this epoch: 
Acc: 0.7893
Uncertainty: 0.6687280535697937
Loading model ./results/models/ResNet18CIFAR100_coarse_labels_crossEntropyPretrained/02.pth

BestModel_byAcc ..so far RESULTS:
BestModel_byUncertainty ..so far  RESULTS: 

Results for this epoch: 
Acc: 0.8077
Uncertainty: 0.6650975942611694
Loading model ./results/models/ResNet18CIFAR100_coarse_labels_crossEntropyPretrained/03.pth

BestModel_byAcc ..so far RESULTS:
BestModel_byUncertainty ..so far  RESULTS: 

Results for this epoch: 
Acc: 0.8175
Uncertainty: 0.6631990075111389
Loading model ./results/models/ResNet18CIFAR100_coarse_labels_crossEntropyPretrained/04.pth

BestModel_byAcc ..so far RESULTS:
BestModel_byUncertainty ..so far  RESULTS: 

Results for this epoch: 
Acc: 0.8217
Uncertainty: 0.6602839231491089
Loading model ./results/models/ResNet18CIFAR100_coarse_labels_crossEntropyPretrained/05.pth
BestModel_byUncertainty ..so far  RESULTS: 

Results for this epoch: 
Acc: 0.8217
Uncertainty: 0.646182119846344
Loading model ./results/models/ResNet18CIFAR100_coarse_labels_crossEntropyPretrained/06.pth

BestModel_byAcc ..so far RESULTS:
Results for this epoch: 
Acc: 0.8233
Uncertainty: 0.6467258930206299
Loading model ./results/models/ResNet18CIFAR100_coarse_labels_crossEntropyPretrained/07.pth

BestModel_byAcc ..so far RESULTS:
BestModel_byUncertainty ..so far  RESULTS: 

Results for this epoch: 
Acc: 0.8256
Uncertainty: 0.636229395866394
Loading model ./results/models/ResNet18CIFAR100_coarse_labels_crossEntropyPretrained/08.pth

BestModel_byAcc ..so far RESULTS:
BestModel_byUncertainty ..so far  RESULTS: 

Results for this epoch: 
Acc: 0.8260
Uncertainty: 0.6294329166412354
Loading model ./results/models/ResNet18CIFAR100_coarse_labels_crossEntropyPretrained/09.pth

BestModel_byAcc ..so far RESULTS:
BestModel_byUncertainty ..so far  RESULTS: 

Results for this epoch: 
Acc: 0.8280
Uncertainty: 0.6096677184104919
Loading model ./results/models/ResNet18CIFAR100_coarse_labels_crossEntropyPretrained/10.pth
BestModel_byUncertainty ..so far  RESULTS: 

Results for this epoch: 
Acc: 0.8241
Uncertainty: 0.6021443009376526
Loading model ./results/models/ResNet18CIFAR100_coarse_labels_crossEntropyPretrained/11.pth
BestModel_byUncertainty ..so far  RESULTS: 

Results for this epoch: 
Acc: 0.8261
Uncertainty: 0.5851025581359863
Loading model ./results/models/ResNet18CIFAR100_coarse_labels_crossEntropyPretrained/12.pth
Loading model ./results/models/ResNet18CIFAR100_coarse_labels_crossEntropyPretrained/13.pth

BestModel_byAcc ..so far RESULTS:
Results for this epoch: 
Acc: 0.8288
Uncertainty: 0.5920997858047485
Loading model ./results/models/ResNet18CIFAR100_coarse_labels_crossEntropyPretrained/14.pth
BestModel_byUncertainty ..so far  RESULTS: 

Results for this epoch: 
Acc: 0.8240
Uncertainty: 0.57542884349823
Loading model ./results/models/ResNet18CIFAR100_coarse_labels_crossEntropyPretrained/15.pth
BestModel_byUncertainty ..so far  RESULTS: 

Results for this epoch: 
Acc: 0.8262
Uncertainty: 0.5704859495162964
Loading model ./results/models/ResNet18CIFAR100_coarse_labels_crossEntropyPretrained/16.pth
Loading model ./results/models/ResNet18CIFAR100_coarse_labels_crossEntropyPretrained/17.pth
Loading model ./results/models/ResNet18CIFAR100_coarse_labels_crossEntropyPretrained/18.pth
BestModel_byUncertainty ..so far  RESULTS: 

Results for this epoch: 
Acc: 0.8255
Uncertainty: 0.5466241836547852
Loading model ./results/models/ResNet18CIFAR100_coarse_labels_crossEntropyPretrained/19.pth
Loading model ./results/models/ResNet18CIFAR100_coarse_labels_crossEntropyPretrained/20.pth
BestModel_byUncertainty ..so far  RESULTS: 

Results for this epoch: 
Acc: 0.8231
Uncertainty: 0.5457977056503296
Loading model ./results/models/ResNet18CIFAR100_coarse_labels_crossEntropyPretrained/21.pth
Loading model ./results/models/ResNet18CIFAR100_coarse_labels_crossEntropyPretrained/22.pth
Loading model ./results/models/ResNet18CIFAR100_coarse_labels_crossEntropyPretrained/23.pth
BestModel_byUncertainty ..so far  RESULTS: 

Results for this epoch: 
Acc: 0.8277
Uncertainty: 0.5398092269897461
Loading model ./results/models/ResNet18CIFAR100_coarse_labels_crossEntropyPretrained/24.pth
Loading model ./results/models/ResNet18CIFAR100_coarse_labels_crossEntropyPretrained/best_model_byAcc.pth

BestModel_byAcc ..so far RESULTS:
Results for this epoch: 
Acc: 0.8456
Uncertainty: 0.6088347434997559
Loading model ./results/models/ResNet18CIFAR100_coarse_labels_crossEntropyPretrained/best_model_byUncertainty.pth
Saved the best model by Accuracy after eval./results/models/ResNet18CIFAR100_coarse_labels_crossEntropyPretrained/best_model_byAcc.pth 

Saved the best model by Uncertainty after eval./results/models/ResNet18CIFAR100_coarse_labels_crossEntropyPretrained/best_model_byUncertainty.pth 

Best Acc: 0.845600 Best uncertainty_mean: 0.5398092269897461 


Validation complete in 4m 31s
COARSE END

FINE START

im using:cuda:0
Epoch 0/24
----------
Loss: 1.9609 Acc: 0.5101 Uncertainty_mean: 0.9084 
Saved: ./results/models/ResNet18CIFAR100_fine_labels_crossEntropyPretrained/00.pth

Epoch 1/24
----------
Loss: 0.9490 Acc: 0.7201 Uncertainty_mean: 0.8913 
Saved: ./results/models/ResNet18CIFAR100_fine_labels_crossEntropyPretrained/01.pth

Epoch 2/24
----------
Loss: 0.7073 Acc: 0.7864 Uncertainty_mean: 0.8986 
Saved: ./results/models/ResNet18CIFAR100_fine_labels_crossEntropyPretrained/02.pth

Epoch 3/24
----------
Loss: 0.5460 Acc: 0.8334 Uncertainty_mean: 0.9010 
Saved: ./results/models/ResNet18CIFAR100_fine_labels_crossEntropyPretrained/03.pth

Epoch 4/24
----------
Loss: 0.4173 Acc: 0.8754 Uncertainty_mean: 0.9017 
Saved: ./results/models/ResNet18CIFAR100_fine_labels_crossEntropyPretrained/04.pth

Epoch 5/24
----------
Loss: 0.3110 Acc: 0.9098 Uncertainty_mean: 0.9119 
Saved: ./results/models/ResNet18CIFAR100_fine_labels_crossEntropyPretrained/05.pth

Epoch 6/24
----------
Loss: 0.2241 Acc: 0.9402 Uncertainty_mean: 0.9066 
Saved: ./results/models/ResNet18CIFAR100_fine_labels_crossEntropyPretrained/06.pth

Epoch 7/24
----------
Loss: 0.1564 Acc: 0.9634 Uncertainty_mean: 0.9002 
Saved: ./results/models/ResNet18CIFAR100_fine_labels_crossEntropyPretrained/07.pth

Epoch 8/24
----------
Loss: 0.1042 Acc: 0.9803 Uncertainty_mean: 0.9102 
Saved: ./results/models/ResNet18CIFAR100_fine_labels_crossEntropyPretrained/08.pth

Epoch 9/24
----------
Loss: 0.0704 Acc: 0.9899 Uncertainty_mean: 0.9077 
Saved: ./results/models/ResNet18CIFAR100_fine_labels_crossEntropyPretrained/09.pth

Epoch 10/24
----------
Loss: 0.0479 Acc: 0.9948 Uncertainty_mean: 0.9031 
Saved: ./results/models/ResNet18CIFAR100_fine_labels_crossEntropyPretrained/10.pth

Epoch 11/24
----------
Loss: 0.0338 Acc: 0.9970 Uncertainty_mean: 0.9021 
Saved: ./results/models/ResNet18CIFAR100_fine_labels_crossEntropyPretrained/11.pth

Epoch 12/24
----------
Loss: 0.0241 Acc: 0.9984 Uncertainty_mean: 0.9016 
Saved: ./results/models/ResNet18CIFAR100_fine_labels_crossEntropyPretrained/12.pth

Epoch 13/24
----------
Loss: 0.0185 Acc: 0.9989 Uncertainty_mean: 0.9139 
Saved: ./results/models/ResNet18CIFAR100_fine_labels_crossEntropyPretrained/13.pth

Epoch 14/24
----------
Loss: 0.0145 Acc: 0.9990 Uncertainty_mean: 0.8920 
Saved: ./results/models/ResNet18CIFAR100_fine_labels_crossEntropyPretrained/14.pth

Epoch 15/24
----------
Loss: 0.0127 Acc: 0.9991 Uncertainty_mean: 0.9085 
Saved: ./results/models/ResNet18CIFAR100_fine_labels_crossEntropyPretrained/15.pth

Epoch 16/24
----------
Loss: 0.0105 Acc: 0.9992 Uncertainty_mean: 0.9042 
Saved: ./results/models/ResNet18CIFAR100_fine_labels_crossEntropyPretrained/16.pth

Epoch 17/24
----------
Loss: 0.0092 Acc: 0.9992 Uncertainty_mean: 0.8967 
Saved: ./results/models/ResNet18CIFAR100_fine_labels_crossEntropyPretrained/17.pth

Epoch 18/24
----------
Loss: 0.0087 Acc: 0.9991 Uncertainty_mean: 0.8909 
Saved: ./results/models/ResNet18CIFAR100_fine_labels_crossEntropyPretrained/18.pth

Epoch 19/24
----------
Loss: 0.0092 Acc: 0.9987 Uncertainty_mean: 0.8815 
Saved: ./results/models/ResNet18CIFAR100_fine_labels_crossEntropyPretrained/19.pth

Epoch 20/24
----------
Loss: 0.0074 Acc: 0.9991 Uncertainty_mean: 0.8933 
Saved: ./results/models/ResNet18CIFAR100_fine_labels_crossEntropyPretrained/20.pth

Epoch 21/24
----------
Loss: 0.0091 Acc: 0.9985 Uncertainty_mean: 0.8891 
Saved: ./results/models/ResNet18CIFAR100_fine_labels_crossEntropyPretrained/21.pth

Epoch 22/24
----------
Loss: 0.0066 Acc: 0.9990 Uncertainty_mean: 0.8781 
Saved: ./results/models/ResNet18CIFAR100_fine_labels_crossEntropyPretrained/22.pth

Epoch 23/24
----------
Loss: 0.0079 Acc: 0.9986 Uncertainty_mean: 0.8804 
Saved: ./results/models/ResNet18CIFAR100_fine_labels_crossEntropyPretrained/23.pth

Epoch 24/24
----------
Loss: 0.0064 Acc: 0.9988 Uncertainty_mean: 0.8815 
Saved: ./results/models/ResNet18CIFAR100_fine_labels_crossEntropyPretrained/24.pth

Training complete in 44m 55s
Best Acc: 0.999200 Best Uncertainty: 0.878138
Loading model ./results/models/ResNet18CIFAR100_fine_labels_crossEntropyPretrained/00.pth

BestModel_byAcc ..so far RESULTS:
BestModel_byUncertainty ..so far  RESULTS: 

Results for this epoch: 
Acc: 0.6700
Uncertainty: 0.8854953050613403
Loading model ./results/models/ResNet18CIFAR100_fine_labels_crossEntropyPretrained/01.pth

BestModel_byAcc ..so far RESULTS:
Results for this epoch: 
Acc: 0.7260
Uncertainty: 0.8921828269958496
Loading model ./results/models/ResNet18CIFAR100_fine_labels_crossEntropyPretrained/02.pth

BestModel_byAcc ..so far RESULTS:
Results for this epoch: 
Acc: 0.7395
Uncertainty: 0.8893895745277405
Loading model ./results/models/ResNet18CIFAR100_fine_labels_crossEntropyPretrained/03.pth

BestModel_byAcc ..so far RESULTS:
Results for this epoch: 
Acc: 0.7529
Uncertainty: 0.8881494998931885
Loading model ./results/models/ResNet18CIFAR100_fine_labels_crossEntropyPretrained/04.pth

BestModel_byAcc ..so far RESULTS:
Results for this epoch: 
Acc: 0.7592
Uncertainty: 0.8902701735496521
Loading model ./results/models/ResNet18CIFAR100_fine_labels_crossEntropyPretrained/05.pth

BestModel_byAcc ..so far RESULTS:
Results for this epoch: 
Acc: 0.7667
Uncertainty: 0.8927406072616577
Loading model ./results/models/ResNet18CIFAR100_fine_labels_crossEntropyPretrained/06.pth
Loading model ./results/models/ResNet18CIFAR100_fine_labels_crossEntropyPretrained/07.pth

BestModel_byAcc ..so far RESULTS:
Results for this epoch: 
Acc: 0.7679
Uncertainty: 0.895980715751648
Loading model ./results/models/ResNet18CIFAR100_fine_labels_crossEntropyPretrained/08.pth

BestModel_byAcc ..so far RESULTS:
Results for this epoch: 
Acc: 0.7697
Uncertainty: 0.8957448601722717
Loading model ./results/models/ResNet18CIFAR100_fine_labels_crossEntropyPretrained/09.pth

BestModel_byAcc ..so far RESULTS:
Results for this epoch: 
Acc: 0.7702
Uncertainty: 0.8970127105712891
Loading model ./results/models/ResNet18CIFAR100_fine_labels_crossEntropyPretrained/10.pth
Loading model ./results/models/ResNet18CIFAR100_fine_labels_crossEntropyPretrained/11.pth
Loading model ./results/models/ResNet18CIFAR100_fine_labels_crossEntropyPretrained/12.pth
Loading model ./results/models/ResNet18CIFAR100_fine_labels_crossEntropyPretrained/13.pth
Loading model ./results/models/ResNet18CIFAR100_fine_labels_crossEntropyPretrained/14.pth
Loading model ./results/models/ResNet18CIFAR100_fine_labels_crossEntropyPretrained/15.pth
Loading model ./results/models/ResNet18CIFAR100_fine_labels_crossEntropyPretrained/16.pth
Loading model ./results/models/ResNet18CIFAR100_fine_labels_crossEntropyPretrained/17.pth
BestModel_byUncertainty ..so far  RESULTS: 

Results for this epoch: 
Acc: 0.7652
Uncertainty: 0.8849024176597595
Loading model ./results/models/ResNet18CIFAR100_fine_labels_crossEntropyPretrained/18.pth
Loading model ./results/models/ResNet18CIFAR100_fine_labels_crossEntropyPretrained/19.pth
BestModel_byUncertainty ..so far  RESULTS: 

Results for this epoch: 
Acc: 0.7698
Uncertainty: 0.87922203540802
Loading model ./results/models/ResNet18CIFAR100_fine_labels_crossEntropyPretrained/20.pth
Loading model ./results/models/ResNet18CIFAR100_fine_labels_crossEntropyPretrained/21.pth
Loading model ./results/models/ResNet18CIFAR100_fine_labels_crossEntropyPretrained/22.pth
Loading model ./results/models/ResNet18CIFAR100_fine_labels_crossEntropyPretrained/23.pth
Loading model ./results/models/ResNet18CIFAR100_fine_labels_crossEntropyPretrained/24.pth
Loading model ./results/models/ResNet18CIFAR100_fine_labels_crossEntropyPretrained/best_model_byAcc.pth

BestModel_byAcc ..so far RESULTS:
Results for this epoch: 
Acc: 0.7868
Uncertainty: 0.9103305339813232
Loading model ./results/models/ResNet18CIFAR100_fine_labels_crossEntropyPretrained/best_model_byUncertainty.pth
BestModel_byUncertainty ..so far  RESULTS: 

Results for this epoch: 
Acc: 0.6122
Uncertainty: 0.8551231026649475
Saved the best model by Accuracy after eval./results/models/ResNet18CIFAR100_fine_labels_crossEntropyPretrained/best_model_byAcc.pth 

Saved the best model by Uncertainty after eval./results/models/ResNet18CIFAR100_fine_labels_crossEntropyPretrained/best_model_byUncertainty.pth 

Best Acc: 0.786800 Best uncertainty_mean: 0.8551231026649475 


Validation complete in 4m 33s
FINE END

DONE with all expretiments
