running...
Downloading: "https://download.pytorch.org/models/resnet18-5c106cde.pth" to /home/user/.cache/torch/checkpoints/resnet18-5c106cde.pth
  0%|          | 0.00/44.7M [00:00<?, ?B/s] 14%|█▎        | 6.09M/44.7M [00:00<00:00, 63.9MB/s] 27%|██▋       | 12.2M/44.7M [00:00<00:00, 59.1MB/s] 40%|███▉      | 17.9M/44.7M [00:00<00:00, 55.0MB/s] 52%|█████▏    | 23.1M/44.7M [00:00<00:00, 54.8MB/s] 67%|██████▋   | 29.9M/44.7M [00:00<00:00, 60.3MB/s] 83%|████████▎ | 37.2M/44.7M [00:00<00:00, 65.6MB/s] 98%|█████████▊| 43.7M/44.7M [00:00<00:00, 66.4MB/s]100%|██████████| 44.7M/44.7M [00:00<00:00, 62.8MB/s]Files already downloaded and verified
Files already downloaded and verified
Files already downloaded and verified
OFFICE CROSSDATA
uncertaintyThreshold:0.5
A->A
im using:cuda:0
Epoch 0/24
----------
Loss: 3.4601 Acc: 0.0623 Uncertainty_mean: 0.8754 
Saved: ./results/models/ResNet18OFFICE_A_crossEntropyPretrained/00.pth

Epoch 1/24
----------
Loss: 3.0782 Acc: 0.1340 Uncertainty_mean: 0.7866 
Saved: ./results/models/ResNet18OFFICE_A_crossEntropyPretrained/01.pth

Epoch 2/24
----------
Loss: 2.8715 Acc: 0.1935 Uncertainty_mean: 0.7921 
Saved: ./results/models/ResNet18OFFICE_A_crossEntropyPretrained/02.pth

Epoch 3/24
----------
Loss: 2.6311 Acc: 0.2610 Uncertainty_mean: 0.8347 
Saved: ./results/models/ResNet18OFFICE_A_crossEntropyPretrained/03.pth

Epoch 4/24
----------
Loss: 2.4358 Acc: 0.3322 Uncertainty_mean: 0.8024 
Saved: ./results/models/ResNet18OFFICE_A_crossEntropyPretrained/04.pth

Epoch 5/24
----------
Loss: 2.2204 Acc: 0.3814 Uncertainty_mean: 0.7722 
Saved: ./results/models/ResNet18OFFICE_A_crossEntropyPretrained/05.pth

Epoch 6/24
----------
Loss: 2.0312 Acc: 0.4306 Uncertainty_mean: 0.7263 
Saved: ./results/models/ResNet18OFFICE_A_crossEntropyPretrained/06.pth

Epoch 7/24
----------
Loss: 1.8731 Acc: 0.4799 Uncertainty_mean: 0.7483 
Saved: ./results/models/ResNet18OFFICE_A_crossEntropyPretrained/07.pth

Epoch 8/24
----------
Loss: 1.7100 Acc: 0.5225 Uncertainty_mean: 0.8043 
Saved: ./results/models/ResNet18OFFICE_A_crossEntropyPretrained/08.pth

Epoch 9/24
----------
Loss: 1.5847 Acc: 0.5553 Uncertainty_mean: 0.7975 
Saved: ./results/models/ResNet18OFFICE_A_crossEntropyPretrained/09.pth

Epoch 10/24
----------
Loss: 1.3987 Acc: 0.5937 Uncertainty_mean: 0.8054 
Saved: ./results/models/ResNet18OFFICE_A_crossEntropyPretrained/10.pth

Epoch 11/24
----------
Loss: 1.1856 Acc: 0.6659 Uncertainty_mean: 0.7466 
Saved: ./results/models/ResNet18OFFICE_A_crossEntropyPretrained/11.pth

Epoch 12/24
----------
Loss: 0.9782 Acc: 0.7142 Uncertainty_mean: 0.7298 
Saved: ./results/models/ResNet18OFFICE_A_crossEntropyPretrained/12.pth

Epoch 13/24
----------
Loss: 0.8229 Acc: 0.7615 Uncertainty_mean: 0.7986 
Saved: ./results/models/ResNet18OFFICE_A_crossEntropyPretrained/13.pth

Epoch 14/24
----------
Loss: 0.7147 Acc: 0.7807 Uncertainty_mean: 0.7433 
Saved: ./results/models/ResNet18OFFICE_A_crossEntropyPretrained/14.pth

Epoch 15/24
----------
Loss: 0.5007 Acc: 0.8482 Uncertainty_mean: 0.7476 
Saved: ./results/models/ResNet18OFFICE_A_crossEntropyPretrained/15.pth

Epoch 16/24
----------
Loss: 0.4409 Acc: 0.8711 Uncertainty_mean: 0.7797 
Saved: ./results/models/ResNet18OFFICE_A_crossEntropyPretrained/16.pth

Epoch 17/24
----------
Loss: 0.3048 Acc: 0.9110 Uncertainty_mean: 0.7455 
Saved: ./results/models/ResNet18OFFICE_A_crossEntropyPretrained/17.pth

Epoch 18/24
----------
Loss: 0.2075 Acc: 0.9410 Uncertainty_mean: 0.7617 
Saved: ./results/models/ResNet18OFFICE_A_crossEntropyPretrained/18.pth

Epoch 19/24
----------
Loss: 0.1850 Acc: 0.9499 Uncertainty_mean: 0.7543 
Saved: ./results/models/ResNet18OFFICE_A_crossEntropyPretrained/19.pth

Epoch 20/24
----------
Loss: 0.1474 Acc: 0.9578 Uncertainty_mean: 0.7598 
Saved: ./results/models/ResNet18OFFICE_A_crossEntropyPretrained/20.pth

Epoch 21/24
----------
Loss: 0.1818 Acc: 0.9377 Uncertainty_mean: 0.7318 
Saved: ./results/models/ResNet18OFFICE_A_crossEntropyPretrained/21.pth

Epoch 22/24
----------
Loss: 0.1306 Acc: 0.9606 Uncertainty_mean: 0.7461 
Saved: ./results/models/ResNet18OFFICE_A_crossEntropyPretrained/22.pth

Epoch 23/24
----------
Loss: 0.1212 Acc: 0.9639 Uncertainty_mean: 0.7365 
Saved: ./results/models/ResNet18OFFICE_A_crossEntropyPretrained/23.pth

Epoch 24/24
----------
Loss: 0.1101 Acc: 0.9691 Uncertainty_mean: 0.7321 
Saved: ./results/models/ResNet18OFFICE_A_crossEntropyPretrained/24.pth

Training complete in 4m 36s
Best Acc: 0.969072 Best Uncertainty: 0.726335
Loading model ./results/models/ResNet18OFFICE_A_crossEntropyPretrained/00.pth
TP: 7 FP: 0
FN: 676 TN: 0
classifiedCorrectFN: 36 
classifiedFalseFN: 640

BestModel_byAcc ..so far RESULTS:
BestModel_byUncertainty ..so far  RESULTS: 

Results for this epoch: 
Acc: 0.0527
Uncertainty: 0.8279433846473694
Loading model ./results/models/ResNet18OFFICE_A_crossEntropyPretrained/01.pth
TP: 1 FP: 0
FN: 682 TN: 0
classifiedCorrectFN: 76 
classifiedFalseFN: 606

BestModel_byAcc ..so far RESULTS:
BestModel_byUncertainty ..so far  RESULTS: 

Results for this epoch: 
Acc: 0.1113
Uncertainty: 0.8111449480056763
Loading model ./results/models/ResNet18OFFICE_A_crossEntropyPretrained/02.pth
TP: 0 FP: 0
FN: 683 TN: 0
classifiedCorrectFN: 110 
classifiedFalseFN: 573

BestModel_byAcc ..so far RESULTS:
BestModel_byUncertainty ..so far  RESULTS: 

Results for this epoch: 
Acc: 0.1611
Uncertainty: 0.7789624929428101
Loading model ./results/models/ResNet18OFFICE_A_crossEntropyPretrained/03.pth
TP: 0 FP: 0
FN: 683 TN: 0
classifiedCorrectFN: 59 
classifiedFalseFN: 624
BestModel_byUncertainty ..so far  RESULTS: 

Results for this epoch: 
Acc: 0.0864
Uncertainty: 0.7094378471374512
Loading model ./results/models/ResNet18OFFICE_A_crossEntropyPretrained/04.pth
TP: 0 FP: 0
FN: 683 TN: 0
classifiedCorrectFN: 83 
classifiedFalseFN: 600
Loading model ./results/models/ResNet18OFFICE_A_crossEntropyPretrained/05.pth
TP: 141 FP: 0
FN: 542 TN: 0
classifiedCorrectFN: 117 
classifiedFalseFN: 425

BestModel_byAcc ..so far RESULTS:
Results for this epoch: 
Acc: 0.2430
Uncertainty: 0.7272030711174011
Loading model ./results/models/ResNet18OFFICE_A_crossEntropyPretrained/06.pth
TP: 211 FP: 0
FN: 472 TN: 0
classifiedCorrectFN: 138 
classifiedFalseFN: 334

BestModel_byAcc ..so far RESULTS:
BestModel_byUncertainty ..so far  RESULTS: 

Results for this epoch: 
Acc: 0.2796
Uncertainty: 0.6989119648933411
Loading model ./results/models/ResNet18OFFICE_A_crossEntropyPretrained/07.pth
TP: 54 FP: 0
FN: 629 TN: 0
classifiedCorrectFN: 254 
classifiedFalseFN: 375

BestModel_byAcc ..so far RESULTS:
Results for this epoch: 
Acc: 0.4085
Uncertainty: 0.7875978350639343
Loading model ./results/models/ResNet18OFFICE_A_crossEntropyPretrained/08.pth
TP: 10 FP: 0
FN: 673 TN: 0
classifiedCorrectFN: 252 
classifiedFalseFN: 421
Loading model ./results/models/ResNet18OFFICE_A_crossEntropyPretrained/09.pth
TP: 16 FP: 0
FN: 667 TN: 0
classifiedCorrectFN: 248 
classifiedFalseFN: 419
Loading model ./results/models/ResNet18OFFICE_A_crossEntropyPretrained/10.pth
TP: 0 FP: 0
FN: 683 TN: 0
classifiedCorrectFN: 351 
classifiedFalseFN: 332

BestModel_byAcc ..so far RESULTS:
Results for this epoch: 
Acc: 0.5139
Uncertainty: 0.7191252708435059
Loading model ./results/models/ResNet18OFFICE_A_crossEntropyPretrained/11.pth
TP: 23 FP: 0
FN: 660 TN: 0
classifiedCorrectFN: 308 
classifiedFalseFN: 352
Loading model ./results/models/ResNet18OFFICE_A_crossEntropyPretrained/12.pth
TP: 23 FP: 0
FN: 660 TN: 0
classifiedCorrectFN: 159 
classifiedFalseFN: 501
Loading model ./results/models/ResNet18OFFICE_A_crossEntropyPretrained/13.pth
TP: 5 FP: 0
FN: 678 TN: 0
classifiedCorrectFN: 295 
classifiedFalseFN: 383
Loading model ./results/models/ResNet18OFFICE_A_crossEntropyPretrained/14.pth
TP: 40 FP: 0
FN: 643 TN: 0
classifiedCorrectFN: 277 
classifiedFalseFN: 366
BestModel_byUncertainty ..so far  RESULTS: 

Results for this epoch: 
Acc: 0.4319
Uncertainty: 0.6842085719108582
Loading model ./results/models/ResNet18OFFICE_A_crossEntropyPretrained/15.pth
TP: 125 FP: 0
FN: 558 TN: 0
classifiedCorrectFN: 223 
classifiedFalseFN: 335
Loading model ./results/models/ResNet18OFFICE_A_crossEntropyPretrained/16.pth
TP: 13 FP: 0
FN: 670 TN: 0
classifiedCorrectFN: 278 
classifiedFalseFN: 392
BestModel_byUncertainty ..so far  RESULTS: 

Results for this epoch: 
Acc: 0.4143
Uncertainty: 0.6835042834281921
Loading model ./results/models/ResNet18OFFICE_A_crossEntropyPretrained/17.pth
TP: 11 FP: 0
FN: 672 TN: 0
classifiedCorrectFN: 357 
classifiedFalseFN: 315

BestModel_byAcc ..so far RESULTS:
Results for this epoch: 
Acc: 0.5359
Uncertainty: 0.7582705616950989
Loading model ./results/models/ResNet18OFFICE_A_crossEntropyPretrained/18.pth
TP: 10 FP: 0
FN: 673 TN: 0
classifiedCorrectFN: 384 
classifiedFalseFN: 289

BestModel_byAcc ..so far RESULTS:
Results for this epoch: 
Acc: 0.5739
Uncertainty: 0.7502946257591248
Loading model ./results/models/ResNet18OFFICE_A_crossEntropyPretrained/19.pth
TP: 21 FP: 0
FN: 662 TN: 0
classifiedCorrectFN: 376 
classifiedFalseFN: 286

BestModel_byAcc ..so far RESULTS:
Results for this epoch: 
Acc: 0.5769
Uncertainty: 0.7374463081359863
Loading model ./results/models/ResNet18OFFICE_A_crossEntropyPretrained/20.pth
TP: 5 FP: 0
FN: 678 TN: 0
classifiedCorrectFN: 372 
classifiedFalseFN: 306
Loading model ./results/models/ResNet18OFFICE_A_crossEntropyPretrained/21.pth
TP: 12 FP: 0
FN: 671 TN: 0
classifiedCorrectFN: 376 
classifiedFalseFN: 295
Loading model ./results/models/ResNet18OFFICE_A_crossEntropyPretrained/22.pth
TP: 13 FP: 0
FN: 670 TN: 0
classifiedCorrectFN: 375 
classifiedFalseFN: 295
Loading model ./results/models/ResNet18OFFICE_A_crossEntropyPretrained/23.pth
TP: 8 FP: 0
FN: 675 TN: 0
classifiedCorrectFN: 385 
classifiedFalseFN: 290
Loading model ./results/models/ResNet18OFFICE_A_crossEntropyPretrained/24.pth
TP: 14 FP: 0
FN: 669 TN: 0
classifiedCorrectFN: 383 
classifiedFalseFN: 286

BestModel_byAcc ..so far RESULTS:
Results for this epoch: 
Acc: 0.5783
Uncertainty: 0.7427312731742859
Loading model ./results/models/ResNet18OFFICE_A_crossEntropyPretrained/best_model_byAcc.pth
TP: 11 FP: 0
FN: 672 TN: 0
classifiedCorrectFN: 584 
classifiedFalseFN: 88

BestModel_byAcc ..so far RESULTS:
Results for this epoch: 
Acc: 0.8712
Uncertainty: 0.6991400122642517
Loading model ./results/models/ResNet18OFFICE_A_crossEntropyPretrained/best_model_byUncertainty.pth
TP: 683 FP: 0
FN: 0 TN: 0
classifiedCorrectFN: 0 
classifiedFalseFN: 0
BestModel_byUncertainty ..so far  RESULTS: 

Results for this epoch: 
Acc: 0.0381
Uncertainty: 1.6425648254880798e-06
Saved the best model by Accuracy after eval./results/models/ResNet18OFFICE_A_crossEntropyPretrained/best_model_byAcc.pth 

Saved the best model by Uncertainty after eval./results/models/ResNet18OFFICE_A_crossEntropyPretrained/best_model_byUncertainty.pth 

Best Acc: 0.871157 Best uncertainty_mean: 1.6425648254880798e-06 


Validation complete in 1m 9s
D->D
im using:cuda:0
Epoch 0/24
----------
Loss: 35982.6803 Acc: 0.0341 Uncertainty_mean: 0.0012 
Saved: ./results/models/ResNet18OFFICE_D_crossEntropyPretrained/00.pth

Epoch 1/24
----------
Loss: 434709.3776 Acc: 0.0256 Uncertainty_mean: 0.0000 
Saved: ./results/models/ResNet18OFFICE_D_crossEntropyPretrained/01.pth

Epoch 2/24
----------
Loss: 239975.3328 Acc: 0.0483 Uncertainty_mean: 0.9700 
Saved: ./results/models/ResNet18OFFICE_D_crossEntropyPretrained/02.pth

Epoch 3/24
----------
Loss: 95564939.8463 Acc: 0.0597 Uncertainty_mean: 0.9696 
Saved: ./results/models/ResNet18OFFICE_D_crossEntropyPretrained/03.pth

Epoch 4/24
----------
Loss: 743387178955872.3750 Acc: 0.0511 Uncertainty_mean: 0.6063 
Saved: ./results/models/ResNet18OFFICE_D_crossEntropyPretrained/04.pth

Epoch 5/24
----------
Loss: 45187588773245304.0000 Acc: 0.0568 Uncertainty_mean: 0.9702 
Saved: ./results/models/ResNet18OFFICE_D_crossEntropyPretrained/05.pth

Epoch 6/24
----------
Loss: 3.4243 Acc: 0.0597 Uncertainty_mean: 0.9703 
Saved: ./results/models/ResNet18OFFICE_D_crossEntropyPretrained/06.pth

Epoch 7/24
----------
Loss: 3.4223 Acc: 0.0597 Uncertainty_mean: 0.9699 
Saved: ./results/models/ResNet18OFFICE_D_crossEntropyPretrained/07.pth

Epoch 8/24
----------
Loss: 3.4206 Acc: 0.0597 Uncertainty_mean: 0.9693 
Saved: ./results/models/ResNet18OFFICE_D_crossEntropyPretrained/08.pth

Epoch 9/24
----------
Loss: 3.4189 Acc: 0.0597 Uncertainty_mean: 0.9685 
Saved: ./results/models/ResNet18OFFICE_D_crossEntropyPretrained/09.pth

Epoch 10/24
----------
Loss: 3.4171 Acc: 0.0597 Uncertainty_mean: 0.9676 
Saved: ./results/models/ResNet18OFFICE_D_crossEntropyPretrained/10.pth

Epoch 11/24
----------
Loss: 3.4155 Acc: 0.0597 Uncertainty_mean: 0.9662 
Saved: ./results/models/ResNet18OFFICE_D_crossEntropyPretrained/11.pth

Epoch 12/24
----------
Loss: 3.4142 Acc: 0.0597 Uncertainty_mean: 0.9647 
Saved: ./results/models/ResNet18OFFICE_D_crossEntropyPretrained/12.pth

Epoch 13/24
----------
Loss: 3.4125 Acc: 0.0597 Uncertainty_mean: 0.9634 
Saved: ./results/models/ResNet18OFFICE_D_crossEntropyPretrained/13.pth

Epoch 14/24
----------
Loss: 3.4113 Acc: 0.0597 Uncertainty_mean: 0.9620 
Saved: ./results/models/ResNet18OFFICE_D_crossEntropyPretrained/14.pth

Epoch 15/24
----------
Loss: 3.4099 Acc: 0.0597 Uncertainty_mean: 0.9607 
Saved: ./results/models/ResNet18OFFICE_D_crossEntropyPretrained/15.pth

Epoch 16/24
----------
Loss: 3.4087 Acc: 0.0597 Uncertainty_mean: 0.9591 
Saved: ./results/models/ResNet18OFFICE_D_crossEntropyPretrained/16.pth

Epoch 17/24
----------
Loss: 3.4074 Acc: 0.0597 Uncertainty_mean: 0.9578 
Saved: ./results/models/ResNet18OFFICE_D_crossEntropyPretrained/17.pth

Epoch 18/24
----------
Loss: 3.4061 Acc: 0.0597 Uncertainty_mean: 0.9566 
Saved: ./results/models/ResNet18OFFICE_D_crossEntropyPretrained/18.pth

Epoch 19/24
----------
Loss: 3.4049 Acc: 0.0597 Uncertainty_mean: 0.9553 
Saved: ./results/models/ResNet18OFFICE_D_crossEntropyPretrained/19.pth

Epoch 20/24
----------
Loss: 3.4039 Acc: 0.0597 Uncertainty_mean: 0.9541 
Saved: ./results/models/ResNet18OFFICE_D_crossEntropyPretrained/20.pth

Epoch 21/24
----------
Loss: 3.4028 Acc: 0.0597 Uncertainty_mean: 0.9530 
Saved: ./results/models/ResNet18OFFICE_D_crossEntropyPretrained/21.pth

Epoch 22/24
----------
Loss: 3.4019 Acc: 0.0597 Uncertainty_mean: 0.9519 
Saved: ./results/models/ResNet18OFFICE_D_crossEntropyPretrained/22.pth

Epoch 23/24
----------
Loss: 3.4009 Acc: 0.0597 Uncertainty_mean: 0.9506 
Saved: ./results/models/ResNet18OFFICE_D_crossEntropyPretrained/23.pth

Epoch 24/24
----------
Loss: 3.3998 Acc: 0.0597 Uncertainty_mean: 0.9497 
Saved: ./results/models/ResNet18OFFICE_D_crossEntropyPretrained/24.pth

Training complete in 2m 40s
Best Acc: 0.059659 Best Uncertainty: 0.000013
Loading model ./results/models/ResNet18OFFICE_D_crossEntropyPretrained/00.pth
TP: 146 FP: 0
FN: 0 TN: 0
classifiedCorrectFN: 0 
classifiedFalseFN: 0

BestModel_byAcc ..so far RESULTS:
BestModel_byUncertainty ..so far  RESULTS: 

Results for this epoch: 
Acc: 0.0342
Uncertainty: 0.0006588824326172471
Loading model ./results/models/ResNet18OFFICE_D_crossEntropyPretrained/01.pth
TP: 44 FP: 0
FN: 102 TN: 0
classifiedCorrectFN: 8 
classifiedFalseFN: 94

BestModel_byAcc ..so far RESULTS:
BestModel_byUncertainty ..so far  RESULTS: 

Results for this epoch: 
Acc: 0.0616
Uncertainty: 0.0005822698585689068
Loading model ./results/models/ResNet18OFFICE_D_crossEntropyPretrained/02.pth
TP: 0 FP: 0
FN: 146 TN: 0
classifiedCorrectFN: 10 
classifiedFalseFN: 136

BestModel_byAcc ..so far RESULTS:
Results for this epoch: 
Acc: 0.0685
Uncertainty: 0.9698877334594727
Loading model ./results/models/ResNet18OFFICE_D_crossEntropyPretrained/03.pth
TP: 0 FP: 0
FN: 146 TN: 0
classifiedCorrectFN: 10 
classifiedFalseFN: 136
Loading model ./results/models/ResNet18OFFICE_D_crossEntropyPretrained/04.pth
TP: 146 FP: 0
FN: 0 TN: 0
classifiedCorrectFN: 0 
classifiedFalseFN: 0
BestModel_byUncertainty ..so far  RESULTS: 

Results for this epoch: 
Acc: 0.0274
Uncertainty: 1.0452905624952443e-18
Loading model ./results/models/ResNet18OFFICE_D_crossEntropyPretrained/05.pth
TP: 0 FP: 0
FN: 146 TN: 0
classifiedCorrectFN: 10 
classifiedFalseFN: 136
Loading model ./results/models/ResNet18OFFICE_D_crossEntropyPretrained/06.pth
TP: 0 FP: 0
FN: 146 TN: 0
classifiedCorrectFN: 10 
classifiedFalseFN: 136
Loading model ./results/models/ResNet18OFFICE_D_crossEntropyPretrained/07.pth
TP: 0 FP: 0
FN: 146 TN: 0
classifiedCorrectFN: 10 
classifiedFalseFN: 136
Loading model ./results/models/ResNet18OFFICE_D_crossEntropyPretrained/08.pth
TP: 0 FP: 0
FN: 146 TN: 0
classifiedCorrectFN: 10 
classifiedFalseFN: 136
Loading model ./results/models/ResNet18OFFICE_D_crossEntropyPretrained/09.pth
TP: 0 FP: 0
FN: 146 TN: 0
classifiedCorrectFN: 10 
classifiedFalseFN: 136
Loading model ./results/models/ResNet18OFFICE_D_crossEntropyPretrained/10.pth
TP: 0 FP: 0
FN: 146 TN: 0
classifiedCorrectFN: 10 
classifiedFalseFN: 136
Loading model ./results/models/ResNet18OFFICE_D_crossEntropyPretrained/11.pth
TP: 0 FP: 0
FN: 146 TN: 0
classifiedCorrectFN: 10 
classifiedFalseFN: 136
Loading model ./results/models/ResNet18OFFICE_D_crossEntropyPretrained/12.pth
TP: 0 FP: 0
FN: 146 TN: 0
classifiedCorrectFN: 10 
classifiedFalseFN: 136
Loading model ./results/models/ResNet18OFFICE_D_crossEntropyPretrained/13.pth
TP: 0 FP: 0
FN: 146 TN: 0
classifiedCorrectFN: 10 
classifiedFalseFN: 136
Loading model ./results/models/ResNet18OFFICE_D_crossEntropyPretrained/14.pth
TP: 0 FP: 0
FN: 146 TN: 0
classifiedCorrectFN: 10 
classifiedFalseFN: 136
Loading model ./results/models/ResNet18OFFICE_D_crossEntropyPretrained/15.pth
TP: 0 FP: 0
FN: 146 TN: 0
classifiedCorrectFN: 10 
classifiedFalseFN: 136
Loading model ./results/models/ResNet18OFFICE_D_crossEntropyPretrained/16.pth
TP: 0 FP: 0
FN: 146 TN: 0
classifiedCorrectFN: 10 
classifiedFalseFN: 136
Loading model ./results/models/ResNet18OFFICE_D_crossEntropyPretrained/17.pth
TP: 0 FP: 0
FN: 146 TN: 0
classifiedCorrectFN: 10 
classifiedFalseFN: 136
Loading model ./results/models/ResNet18OFFICE_D_crossEntropyPretrained/18.pth
TP: 0 FP: 0
FN: 146 TN: 0
classifiedCorrectFN: 10 
classifiedFalseFN: 136
Loading model ./results/models/ResNet18OFFICE_D_crossEntropyPretrained/19.pth
TP: 0 FP: 0
FN: 146 TN: 0
classifiedCorrectFN: 10 
classifiedFalseFN: 136
Loading model ./results/models/ResNet18OFFICE_D_crossEntropyPretrained/20.pth
TP: 0 FP: 0
FN: 146 TN: 0
classifiedCorrectFN: 10 
classifiedFalseFN: 136
Loading model ./results/models/ResNet18OFFICE_D_crossEntropyPretrained/21.pth
TP: 0 FP: 0
FN: 146 TN: 0
classifiedCorrectFN: 10 
classifiedFalseFN: 136
Loading model ./results/models/ResNet18OFFICE_D_crossEntropyPretrained/22.pth
TP: 0 FP: 0
FN: 146 TN: 0
classifiedCorrectFN: 10 
classifiedFalseFN: 136
Loading model ./results/models/ResNet18OFFICE_D_crossEntropyPretrained/23.pth
TP: 0 FP: 0
FN: 146 TN: 0
classifiedCorrectFN: 10 
classifiedFalseFN: 136
Loading model ./results/models/ResNet18OFFICE_D_crossEntropyPretrained/24.pth
TP: 0 FP: 0
FN: 146 TN: 0
classifiedCorrectFN: 10 
classifiedFalseFN: 136
Loading model ./results/models/ResNet18OFFICE_D_crossEntropyPretrained/best_model_byAcc.pth
TP: 0 FP: 0
FN: 146 TN: 0
classifiedCorrectFN: 9 
classifiedFalseFN: 137
Loading model ./results/models/ResNet18OFFICE_D_crossEntropyPretrained/best_model_byUncertainty.pth
TP: 146 FP: 0
FN: 0 TN: 0
classifiedCorrectFN: 0 
classifiedFalseFN: 0
Saved the best model by Accuracy after eval./results/models/ResNet18OFFICE_D_crossEntropyPretrained/best_model_byAcc.pth 

Saved the best model by Uncertainty after eval./results/models/ResNet18OFFICE_D_crossEntropyPretrained/best_model_byUncertainty.pth 

Best Acc: 0.068493 Best uncertainty_mean: 1.0452905624952443e-18 


Validation complete in 1m 19s
W->W
im using:cuda:0
Epoch 0/24
----------
Loss: 8789.9899 Acc: 0.0430 Uncertainty_mean: 0.1347 
Saved: ./results/models/ResNet18OFFICE_W_crossEntropyPretrained/00.pth

Epoch 1/24
----------
Loss: 211.6191 Acc: 0.0397 Uncertainty_mean: 0.9738 
Saved: ./results/models/ResNet18OFFICE_W_crossEntropyPretrained/01.pth

Epoch 2/24
----------
Loss: 3.4286 Acc: 0.0397 Uncertainty_mean: 0.9722 
Saved: ./results/models/ResNet18OFFICE_W_crossEntropyPretrained/02.pth

Epoch 3/24
----------
Loss: 3.4263 Acc: 0.0397 Uncertainty_mean: 0.9704 
Saved: ./results/models/ResNet18OFFICE_W_crossEntropyPretrained/03.pth

Epoch 4/24
----------
Loss: 3.4242 Acc: 0.0397 Uncertainty_mean: 0.9689 
Saved: ./results/models/ResNet18OFFICE_W_crossEntropyPretrained/04.pth

Epoch 5/24
----------
Loss: 3.4221 Acc: 0.0480 Uncertainty_mean: 0.9675 
Saved: ./results/models/ResNet18OFFICE_W_crossEntropyPretrained/05.pth

Epoch 6/24
----------
Loss: 3.4201 Acc: 0.0480 Uncertainty_mean: 0.9657 
Saved: ./results/models/ResNet18OFFICE_W_crossEntropyPretrained/06.pth

Epoch 7/24
----------
Loss: 3.4183 Acc: 0.0480 Uncertainty_mean: 0.9638 
Saved: ./results/models/ResNet18OFFICE_W_crossEntropyPretrained/07.pth

Epoch 8/24
----------
Loss: 3.4166 Acc: 0.0480 Uncertainty_mean: 0.9622 
Saved: ./results/models/ResNet18OFFICE_W_crossEntropyPretrained/08.pth

Epoch 9/24
----------
Loss: 3.4150 Acc: 0.0480 Uncertainty_mean: 0.9599 
Saved: ./results/models/ResNet18OFFICE_W_crossEntropyPretrained/09.pth

Epoch 10/24
----------
Loss: 3.4133 Acc: 0.0480 Uncertainty_mean: 0.9578 
Saved: ./results/models/ResNet18OFFICE_W_crossEntropyPretrained/10.pth

Epoch 11/24
----------
Loss: 3.4120 Acc: 0.0480 Uncertainty_mean: 0.9559 
Saved: ./results/models/ResNet18OFFICE_W_crossEntropyPretrained/11.pth

Epoch 12/24
----------
Loss: 3.4104 Acc: 0.0480 Uncertainty_mean: 0.9542 
Saved: ./results/models/ResNet18OFFICE_W_crossEntropyPretrained/12.pth

Epoch 13/24
----------
Loss: 3.4090 Acc: 0.0480 Uncertainty_mean: 0.9526 
Saved: ./results/models/ResNet18OFFICE_W_crossEntropyPretrained/13.pth

Epoch 14/24
----------
Loss: 3.4078 Acc: 0.0480 Uncertainty_mean: 0.9508 
Saved: ./results/models/ResNet18OFFICE_W_crossEntropyPretrained/14.pth

Epoch 15/24
----------
Loss: 3.4067 Acc: 0.0480 Uncertainty_mean: 0.9487 
Saved: ./results/models/ResNet18OFFICE_W_crossEntropyPretrained/15.pth

Epoch 16/24
----------
Loss: 3.4054 Acc: 0.0480 Uncertainty_mean: 0.9469 
Saved: ./results/models/ResNet18OFFICE_W_crossEntropyPretrained/16.pth

Epoch 17/24
----------
Loss: 3.4043 Acc: 0.0480 Uncertainty_mean: 0.9455 
Saved: ./results/models/ResNet18OFFICE_W_crossEntropyPretrained/17.pth

Epoch 18/24
----------
Loss: 3.4033 Acc: 0.0546 Uncertainty_mean: 0.9439 
Saved: ./results/models/ResNet18OFFICE_W_crossEntropyPretrained/18.pth

Epoch 19/24
----------
Loss: 3.4023 Acc: 0.0546 Uncertainty_mean: 0.9420 
Saved: ./results/models/ResNet18OFFICE_W_crossEntropyPretrained/19.pth

Epoch 20/24
----------
Loss: 3.4014 Acc: 0.0546 Uncertainty_mean: 0.9404 
Saved: ./results/models/ResNet18OFFICE_W_crossEntropyPretrained/20.pth

Epoch 21/24
----------
Loss: 3.4003 Acc: 0.0546 Uncertainty_mean: 0.9389 
Saved: ./results/models/ResNet18OFFICE_W_crossEntropyPretrained/21.pth

Epoch 22/24
----------
Loss: 3.3996 Acc: 0.0546 Uncertainty_mean: 0.9375 
Saved: ./results/models/ResNet18OFFICE_W_crossEntropyPretrained/22.pth

Epoch 23/24
----------
Loss: 3.3987 Acc: 0.0546 Uncertainty_mean: 0.9359 
Saved: ./results/models/ResNet18OFFICE_W_crossEntropyPretrained/23.pth

Epoch 24/24
----------
Loss: 3.3979 Acc: 0.0546 Uncertainty_mean: 0.9344 
Saved: ./results/models/ResNet18OFFICE_W_crossEntropyPretrained/24.pth

Training complete in 2m 4s
Best Acc: 0.054636 Best Uncertainty: 0.134735
Loading model ./results/models/ResNet18OFFICE_W_crossEntropyPretrained/00.pth
TP: 0 FP: 0
FN: 191 TN: 0
classifiedCorrectFN: 6 
classifiedFalseFN: 185

BestModel_byAcc ..so far RESULTS:
BestModel_byUncertainty ..so far  RESULTS: 

Results for this epoch: 
Acc: 0.0314
Uncertainty: 0.9744939804077148
Loading model ./results/models/ResNet18OFFICE_W_crossEntropyPretrained/01.pth
TP: 0 FP: 0
FN: 191 TN: 0
classifiedCorrectFN: 6 
classifiedFalseFN: 185
BestModel_byUncertainty ..so far  RESULTS: 

Results for this epoch: 
Acc: 0.0314
Uncertainty: 0.9737468957901001
Loading model ./results/models/ResNet18OFFICE_W_crossEntropyPretrained/02.pth
TP: 0 FP: 0
FN: 191 TN: 0
classifiedCorrectFN: 6 
classifiedFalseFN: 185
BestModel_byUncertainty ..so far  RESULTS: 

Results for this epoch: 
Acc: 0.0314
Uncertainty: 0.9721720814704895
Loading model ./results/models/ResNet18OFFICE_W_crossEntropyPretrained/03.pth
TP: 0 FP: 0
FN: 191 TN: 0
classifiedCorrectFN: 6 
classifiedFalseFN: 185
BestModel_byUncertainty ..so far  RESULTS: 

Results for this epoch: 
Acc: 0.0314
Uncertainty: 0.9703788161277771
Loading model ./results/models/ResNet18OFFICE_W_crossEntropyPretrained/04.pth
TP: 0 FP: 0
FN: 191 TN: 0
classifiedCorrectFN: 11 
classifiedFalseFN: 180

BestModel_byAcc ..so far RESULTS:
BestModel_byUncertainty ..so far  RESULTS: 

Results for this epoch: 
Acc: 0.0576
Uncertainty: 0.968850314617157
Loading model ./results/models/ResNet18OFFICE_W_crossEntropyPretrained/05.pth
TP: 0 FP: 0
FN: 191 TN: 0
classifiedCorrectFN: 11 
classifiedFalseFN: 180
BestModel_byUncertainty ..so far  RESULTS: 

Results for this epoch: 
Acc: 0.0576
Uncertainty: 0.9674161672592163
Loading model ./results/models/ResNet18OFFICE_W_crossEntropyPretrained/06.pth

TP: 0 FP: 0
FN: 191 TN: 0
classifiedCorrectFN: 11 
classifiedFalseFN: 180
BestModel_byUncertainty ..so far  RESULTS: 

Results for this epoch: 
Acc: 0.0576
Uncertainty: 0.9656385183334351
Loading model ./results/models/ResNet18OFFICE_W_crossEntropyPretrained/07.pth
TP: 0 FP: 0
FN: 191 TN: 0
classifiedCorrectFN: 11 
classifiedFalseFN: 180
BestModel_byUncertainty ..so far  RESULTS: 

Results for this epoch: 
Acc: 0.0576
Uncertainty: 0.9637914299964905
Loading model ./results/models/ResNet18OFFICE_W_crossEntropyPretrained/08.pth
TP: 0 FP: 0
FN: 191 TN: 0
classifiedCorrectFN: 11 
classifiedFalseFN: 180
BestModel_byUncertainty ..so far  RESULTS: 

Results for this epoch: 
Acc: 0.0576
Uncertainty: 0.9620831608772278
Loading model ./results/models/ResNet18OFFICE_W_crossEntropyPretrained/09.pth
TP: 0 FP: 0
FN: 191 TN: 0
classifiedCorrectFN: 11 
classifiedFalseFN: 180
BestModel_byUncertainty ..so far  RESULTS: 

Results for this epoch: 
Acc: 0.0576
Uncertainty: 0.9598883986473083
Loading model ./results/models/ResNet18OFFICE_W_crossEntropyPretrained/10.pth
TP: 0 FP: 0
FN: 191 TN: 0
classifiedCorrectFN: 11 
classifiedFalseFN: 180
BestModel_byUncertainty ..so far  RESULTS: 

Results for this epoch: 
Acc: 0.0576
Uncertainty: 0.9577762484550476
Loading model ./results/models/ResNet18OFFICE_W_crossEntropyPretrained/11.pth
TP: 0 FP: 0
FN: 191 TN: 0
classifiedCorrectFN: 11 
classifiedFalseFN: 180
BestModel_byUncertainty ..so far  RESULTS: 

Results for this epoch: 
Acc: 0.0576
Uncertainty: 0.9558771252632141
Loading model ./results/models/ResNet18OFFICE_W_crossEntropyPretrained/12.pth
TP: 0 FP: 0
FN: 191 TN: 0
classifiedCorrectFN: 11 
classifiedFalseFN: 180
BestModel_byUncertainty ..so far  RESULTS: 

Results for this epoch: 
Acc: 0.0576
Uncertainty: 0.9541484713554382
Loading model ./results/models/ResNet18OFFICE_W_crossEntropyPretrained/13.pth
TP: 0 FP: 0
FN: 191 TN: 0
classifiedCorrectFN: 11 
classifiedFalseFN: 180
BestModel_byUncertainty ..so far  RESULTS: 

Results for this epoch: 
Acc: 0.0576
Uncertainty: 0.9525502920150757
Loading model ./results/models/ResNet18OFFICE_W_crossEntropyPretrained/14.pth
TP: 0 FP: 0
FN: 191 TN: 0
classifiedCorrectFN: 11 
classifiedFalseFN: 180
BestModel_byUncertainty ..so far  RESULTS: 

Results for this epoch: 
Acc: 0.0576
Uncertainty: 0.9507108330726624
Loading model ./results/models/ResNet18OFFICE_W_crossEntropyPretrained/15.pth
TP: 0 FP: 0
FN: 191 TN: 0
classifiedCorrectFN: 11 
classifiedFalseFN: 180
BestModel_byUncertainty ..so far  RESULTS: 

Results for this epoch: 
Acc: 0.0576
Uncertainty: 0.9486872553825378
Loading model ./results/models/ResNet18OFFICE_W_crossEntropyPretrained/16.pth
TP: 0 FP: 0
FN: 191 TN: 0
classifiedCorrectFN: 11 
classifiedFalseFN: 180
BestModel_byUncertainty ..so far  RESULTS: 

Results for this epoch: 
Acc: 0.0576
Uncertainty: 0.9469175934791565
Loading model ./results/models/ResNet18OFFICE_W_crossEntropyPretrained/17.pth
TP: 0 FP: 0
FN: 191 TN: 0
classifiedCorrectFN: 11 
classifiedFalseFN: 180
BestModel_byUncertainty ..so far  RESULTS: 

Results for this epoch: 
Acc: 0.0576
Uncertainty: 0.9454361200332642
Loading model ./results/models/ResNet18OFFICE_W_crossEntropyPretrained/18.pth
TP: 0 FP: 0
FN: 191 TN: 0
classifiedCorrectFN: 10 
classifiedFalseFN: 181
BestModel_byUncertainty ..so far  RESULTS: 

Results for this epoch: 
Acc: 0.0524
Uncertainty: 0.9438791275024414
Loading model ./results/models/ResNet18OFFICE_W_crossEntropyPretrained/19.pth
TP: 0 FP: 0
FN: 191 TN: 0
classifiedCorrectFN: 10 
classifiedFalseFN: 181
BestModel_byUncertainty ..so far  RESULTS: 

Results for this epoch: 
Acc: 0.0524
Uncertainty: 0.9420140385627747
Loading model ./results/models/ResNet18OFFICE_W_crossEntropyPretrained/20.pth
TP: 0 FP: 0
FN: 191 TN: 0
classifiedCorrectFN: 10 
classifiedFalseFN: 181
BestModel_byUncertainty ..so far  RESULTS: 

Results for this epoch: 
Acc: 0.0524
Uncertainty: 0.9403661489486694
Loading model ./results/models/ResNet18OFFICE_W_crossEntropyPretrained/21.pth
TP: 0 FP: 0
FN: 191 TN: 0
classifiedCorrectFN: 10 
classifiedFalseFN: 181
BestModel_byUncertainty ..so far  RESULTS: 

Results for this epoch: 
Acc: 0.0524
Uncertainty: 0.9388696551322937
Loading model ./results/models/ResNet18OFFICE_W_crossEntropyPretrained/22.pth
TP: 0 FP: 0
FN: 191 TN: 0
classifiedCorrectFN: 10 
classifiedFalseFN: 181
BestModel_byUncertainty ..so far  RESULTS: 

Results for this epoch: 
Acc: 0.0524
Uncertainty: 0.9374611973762512
Loading model ./results/models/ResNet18OFFICE_W_crossEntropyPretrained/23.pth
TP: 0 FP: 0
FN: 191 TN: 0
classifiedCorrectFN: 10 
classifiedFalseFN: 181
BestModel_byUncertainty ..so far  RESULTS: 

Results for this epoch: 
Acc: 0.0524
Uncertainty: 0.9359167218208313
Loading model ./results/models/ResNet18OFFICE_W_crossEntropyPretrained/24.pth
TP: 0 FP: 0
FN: 191 TN: 0
classifiedCorrectFN: 10 
classifiedFalseFN: 181
BestModel_byUncertainty ..so far  RESULTS: 

Results for this epoch: 
Acc: 0.0524
Uncertainty: 0.9344015717506409
Loading model ./results/models/ResNet18OFFICE_W_crossEntropyPretrained/best_model_byAcc.pth
TP: 191 FP: 0
FN: 0 TN: 0
classifiedCorrectFN: 0 
classifiedFalseFN: 0
BestModel_byUncertainty ..so far  RESULTS: 

Results for this epoch: 
Acc: 0.0524
Uncertainty: 0.43264737725257874
Loading model ./results/models/ResNet18OFFICE_W_crossEntropyPretrained/best_model_byUncertainty.pth
TP: 191 FP: 0
FN: 0 TN: 0
classifiedCorrectFN: 0 
classifiedFalseFN: 0
BestModel_byUncertainty ..so far  RESULTS: 

Results for this epoch: 
Acc: 0.0052
Uncertainty: 0.25759899616241455
Saved the best model by Accuracy after eval./results/models/ResNet18OFFICE_W_crossEntropyPretrained/best_model_byAcc.pth 

Saved the best model by Uncertainty after eval./results/models/ResNet18OFFICE_W_crossEntropyPretrained/best_model_byUncertainty.pth 

Best Acc: 0.057592 Best uncertainty_mean: 0.25759899616241455 


Validation complete in 0m 38s
DONE with all expretiments
