running...
Downloading: "https://download.pytorch.org/models/resnet18-5c106cde.pth" to /home/user/.cache/torch/checkpoints/resnet18-5c106cde.pth
  0%|          | 0.00/44.7M [00:00<?, ?B/s] 12%|█▏        | 5.54M/44.7M [00:00<00:00, 58.0MB/s] 25%|██▌       | 11.2M/44.7M [00:00<00:00, 58.9MB/s] 39%|███▉      | 17.3M/44.7M [00:00<00:00, 60.9MB/s] 52%|█████▏    | 23.2M/44.7M [00:00<00:00, 60.6MB/s] 65%|██████▍   | 28.9M/44.7M [00:00<00:00, 58.8MB/s] 78%|███████▊  | 34.7M/44.7M [00:00<00:00, 59.4MB/s] 92%|█████████▏| 41.1M/44.7M [00:00<00:00, 61.7MB/s]100%|██████████| 44.7M/44.7M [00:00<00:00, 60.2MB/s]Files already downloaded and verified
Files already downloaded and verified
Files already downloaded and verified
OFFICE CROSSDATA
uncertaintyThreshold:0.5
A->A
im using:cuda:0
Epoch 0/24
----------
Loss: 3.5373 Acc: 0.0438 Uncertainty_mean: 0.8948 
Saved: ./results/models/ResNet18OFFICE_A_crossEntropyPretrained/00.pth

Epoch 1/24
----------
Loss: 3.2941 Acc: 0.0788 Uncertainty_mean: 0.7859 
Saved: ./results/models/ResNet18OFFICE_A_crossEntropyPretrained/01.pth

Epoch 2/24
----------
Loss: 3.0891 Acc: 0.1389 Uncertainty_mean: 0.7933 
Saved: ./results/models/ResNet18OFFICE_A_crossEntropyPretrained/02.pth

Epoch 3/24
----------
Loss: 2.7714 Acc: 0.2237 Uncertainty_mean: 0.7264 
Saved: ./results/models/ResNet18OFFICE_A_crossEntropyPretrained/03.pth

Epoch 4/24
----------
Loss: 2.5467 Acc: 0.2782 Uncertainty_mean: 0.7337 
Saved: ./results/models/ResNet18OFFICE_A_crossEntropyPretrained/04.pth

Epoch 5/24
----------
Loss: 2.3376 Acc: 0.3453 Uncertainty_mean: 0.7231 
Saved: ./results/models/ResNet18OFFICE_A_crossEntropyPretrained/05.pth

Epoch 6/24
----------
Loss: 2.1176 Acc: 0.4026 Uncertainty_mean: 0.7621 
Saved: ./results/models/ResNet18OFFICE_A_crossEntropyPretrained/06.pth

Epoch 7/24
----------
Loss: 1.9219 Acc: 0.4404 Uncertainty_mean: 0.7548 
Saved: ./results/models/ResNet18OFFICE_A_crossEntropyPretrained/07.pth

Epoch 8/24
----------
Loss: 1.7735 Acc: 0.4884 Uncertainty_mean: 0.7234 
Saved: ./results/models/ResNet18OFFICE_A_crossEntropyPretrained/08.pth

Epoch 9/24
----------
Loss: 1.6188 Acc: 0.5582 Uncertainty_mean: 0.7202 
Saved: ./results/models/ResNet18OFFICE_A_crossEntropyPretrained/09.pth

Epoch 10/24
----------
Loss: 1.4398 Acc: 0.5881 Uncertainty_mean: 0.7244 
Saved: ./results/models/ResNet18OFFICE_A_crossEntropyPretrained/10.pth

Epoch 11/24
----------
Loss: 1.1823 Acc: 0.6589 Uncertainty_mean: 0.7112 
Saved: ./results/models/ResNet18OFFICE_A_crossEntropyPretrained/11.pth

Epoch 12/24
----------
Loss: 1.0680 Acc: 0.6841 Uncertainty_mean: 0.7422 
Saved: ./results/models/ResNet18OFFICE_A_crossEntropyPretrained/12.pth

Epoch 13/24
----------
Loss: 0.8768 Acc: 0.7335 Uncertainty_mean: 0.7077 
Saved: ./results/models/ResNet18OFFICE_A_crossEntropyPretrained/13.pth

Epoch 14/24
----------
Loss: 0.6059 Acc: 0.8234 Uncertainty_mean: 0.7421 
Saved: ./results/models/ResNet18OFFICE_A_crossEntropyPretrained/14.pth

Epoch 15/24
----------
Loss: 0.4518 Acc: 0.8681 Uncertainty_mean: 0.6895 
Saved: ./results/models/ResNet18OFFICE_A_crossEntropyPretrained/15.pth

Epoch 16/24
----------
Loss: 0.3277 Acc: 0.9003 Uncertainty_mean: 0.7215 
Saved: ./results/models/ResNet18OFFICE_A_crossEntropyPretrained/16.pth

Epoch 17/24
----------
Loss: 0.2347 Acc: 0.9338 Uncertainty_mean: 0.6894 
Saved: ./results/models/ResNet18OFFICE_A_crossEntropyPretrained/17.pth

Epoch 18/24
----------
Loss: 0.1655 Acc: 0.9571 Uncertainty_mean: 0.7109 
Saved: ./results/models/ResNet18OFFICE_A_crossEntropyPretrained/18.pth

Epoch 19/24
----------
Loss: 0.1403 Acc: 0.9618 Uncertainty_mean: 0.6591 
Saved: ./results/models/ResNet18OFFICE_A_crossEntropyPretrained/19.pth

Epoch 20/24
----------
Loss: 0.1093 Acc: 0.9711 Uncertainty_mean: 0.6774 
Saved: ./results/models/ResNet18OFFICE_A_crossEntropyPretrained/20.pth

Epoch 21/24
----------
Loss: 0.1024 Acc: 0.9711 Uncertainty_mean: 0.6526 
Saved: ./results/models/ResNet18OFFICE_A_crossEntropyPretrained/21.pth

Epoch 22/24
----------
Loss: 0.0651 Acc: 0.9874 Uncertainty_mean: 0.6947 
Saved: ./results/models/ResNet18OFFICE_A_crossEntropyPretrained/22.pth

Epoch 23/24
----------
Loss: 0.0470 Acc: 0.9902 Uncertainty_mean: 0.6851 
Saved: ./results/models/ResNet18OFFICE_A_crossEntropyPretrained/23.pth

Epoch 24/24
----------
Loss: 0.0764 Acc: 0.9795 Uncertainty_mean: 0.7203 
Saved: ./results/models/ResNet18OFFICE_A_crossEntropyPretrained/24.pth

Training complete in 4m 38s
Best Acc: 0.990214 Best Uncertainty: 0.652623
Loading model ./results/models/ResNet18OFFICE_A_crossEntropyPretrained/00.pth
TP: 36 FP: 0
FN: 635 TN: 0
classifiedCorrectFN: 38 
classifiedFalseFN: 597

BestModel_byAcc ..so far RESULTS:
BestModel_byUncertainty ..so far  RESULTS: 

Results for this epoch: 
Acc: 0.0805
Uncertainty: 0.8775045275688171
Loading model ./results/models/ResNet18OFFICE_A_crossEntropyPretrained/01.pth
TP: 30 FP: 0
FN: 641 TN: 0
classifiedCorrectFN: 40 
classifiedFalseFN: 601
BestModel_byUncertainty ..so far  RESULTS: 

Results for this epoch: 
Acc: 0.0596
Uncertainty: 0.8241231441497803
Loading model ./results/models/ResNet18OFFICE_A_crossEntropyPretrained/02.pth
TP: 0 FP: 0
FN: 671 TN: 0
classifiedCorrectFN: 90 
classifiedFalseFN: 581

BestModel_byAcc ..so far RESULTS:
BestModel_byUncertainty ..so far  RESULTS: 

Results for this epoch: 
Acc: 0.1341
Uncertainty: 0.7611472010612488
Loading model ./results/models/ResNet18OFFICE_A_crossEntropyPretrained/03.pth
TP: 24 FP: 0
FN: 647 TN: 0
classifiedCorrectFN: 143 
classifiedFalseFN: 504

BestModel_byAcc ..so far RESULTS:
BestModel_byUncertainty ..so far  RESULTS: 

Results for this epoch: 
Acc: 0.2310
Uncertainty: 0.7518690228462219
Loading model ./results/models/ResNet18OFFICE_A_crossEntropyPretrained/04.pth
TP: 19 FP: 0
FN: 652 TN: 0
classifiedCorrectFN: 144 
classifiedFalseFN: 508
BestModel_byUncertainty ..so far  RESULTS: 

Results for this epoch: 
Acc: 0.2280
Uncertainty: 0.7458356618881226
Loading model ./results/models/ResNet18OFFICE_A_crossEntropyPretrained/05.pth
TP: 24 FP: 0
FN: 647 TN: 0
classifiedCorrectFN: 179 
classifiedFalseFN: 468

BestModel_byAcc ..so far RESULTS:
Results for this epoch: 
Acc: 0.2951
Uncertainty: 0.7487655282020569
Loading model ./results/models/ResNet18OFFICE_A_crossEntropyPretrained/06.pth
TP: 6 FP: 0
FN: 665 TN: 0
classifiedCorrectFN: 88 
classifiedFalseFN: 577
BestModel_byUncertainty ..so far  RESULTS: 

Results for this epoch: 
Acc: 0.1371
Uncertainty: 0.697611391544342
Loading model ./results/models/ResNet18OFFICE_A_crossEntropyPretrained/07.pth
TP: 39 FP: 0
FN: 632 TN: 0
classifiedCorrectFN: 186 
classifiedFalseFN: 446

BestModel_byAcc ..so far RESULTS:
Results for this epoch: 
Acc: 0.3040
Uncertainty: 0.7124373316764832
Loading model ./results/models/ResNet18OFFICE_A_crossEntropyPretrained/08.pth
TP: 4 FP: 0
FN: 667 TN: 0
classifiedCorrectFN: 259 
classifiedFalseFN: 408

BestModel_byAcc ..so far RESULTS:
BestModel_byUncertainty ..so far  RESULTS: 

Results for this epoch: 
Acc: 0.3905
Uncertainty: 0.6950433850288391
Loading model ./results/models/ResNet18OFFICE_A_crossEntropyPretrained/09.pth
TP: 2 FP: 0
FN: 669 TN: 0
classifiedCorrectFN: 286 
classifiedFalseFN: 383

BestModel_byAcc ..so far RESULTS:
Results for this epoch: 
Acc: 0.4277
Uncertainty: 0.72566157579422
Loading model ./results/models/ResNet18OFFICE_A_crossEntropyPretrained/10.pth
TP: 36 FP: 0
FN: 635 TN: 0
classifiedCorrectFN: 307 
classifiedFalseFN: 328

BestModel_byAcc ..so far RESULTS:
Results for this epoch: 
Acc: 0.4844
Uncertainty: 0.722930908203125
Loading model ./results/models/ResNet18OFFICE_A_crossEntropyPretrained/11.pth
TP: 7 FP: 0
FN: 664 TN: 0
classifiedCorrectFN: 233 
classifiedFalseFN: 431
Loading model ./results/models/ResNet18OFFICE_A_crossEntropyPretrained/12.pth
TP: 8 FP: 0
FN: 663 TN: 0
classifiedCorrectFN: 280 
classifiedFalseFN: 383
Loading model ./results/models/ResNet18OFFICE_A_crossEntropyPretrained/13.pth
TP: 11 FP: 0
FN: 660 TN: 0
classifiedCorrectFN: 352 
classifiedFalseFN: 308

BestModel_byAcc ..so far RESULTS:
Results for this epoch: 
Acc: 0.5350
Uncertainty: 0.7042153477668762
Loading model ./results/models/ResNet18OFFICE_A_crossEntropyPretrained/14.pth
TP: 4 FP: 0
FN: 667 TN: 0
classifiedCorrectFN: 352 
classifiedFalseFN: 315
Loading model ./results/models/ResNet18OFFICE_A_crossEntropyPretrained/15.pth
TP: 7 FP: 0
FN: 664 TN: 0
classifiedCorrectFN: 275 
classifiedFalseFN: 389
Loading model ./results/models/ResNet18OFFICE_A_crossEntropyPretrained/16.pth
TP: 16 FP: 0
FN: 655 TN: 0
classifiedCorrectFN: 154 
classifiedFalseFN: 501
BestModel_byUncertainty ..so far  RESULTS: 

Results for this epoch: 
Acc: 0.2385
Uncertainty: 0.6786729097366333
Loading model ./results/models/ResNet18OFFICE_A_crossEntropyPretrained/17.pth
TP: 126 FP: 0
FN: 545 TN: 0
classifiedCorrectFN: 238 
classifiedFalseFN: 307
Loading model ./results/models/ResNet18OFFICE_A_crossEntropyPretrained/18.pth
TP: 5 FP: 0
FN: 666 TN: 0
classifiedCorrectFN: 378 
classifiedFalseFN: 288

BestModel_byAcc ..so far RESULTS:
Results for this epoch: 
Acc: 0.5663
Uncertainty: 0.7322090268135071
Loading model ./results/models/ResNet18OFFICE_A_crossEntropyPretrained/19.pth
TP: 47 FP: 0
FN: 624 TN: 0
classifiedCorrectFN: 348 
classifiedFalseFN: 276
Loading model ./results/models/ResNet18OFFICE_A_crossEntropyPretrained/20.pth
TP: 108 FP: 0
FN: 563 TN: 0
classifiedCorrectFN: 279 
classifiedFalseFN: 284
Loading model ./results/models/ResNet18OFFICE_A_crossEntropyPretrained/21.pth
TP: 21 FP: 0
FN: 650 TN: 0
classifiedCorrectFN: 349 
classifiedFalseFN: 301
Loading model ./results/models/ResNet18OFFICE_A_crossEntropyPretrained/22.pth
TP: 78 FP: 0
FN: 593 TN: 0
classifiedCorrectFN: 289 
classifiedFalseFN: 304
Loading model ./results/models/ResNet18OFFICE_A_crossEntropyPretrained/23.pth
TP: 30 FP: 0
FN: 641 TN: 0
classifiedCorrectFN: 359 
classifiedFalseFN: 282

BestModel_byAcc ..so far RESULTS:
Results for this epoch: 
Acc: 0.5693
Uncertainty: 0.7181822061538696
Loading model ./results/models/ResNet18OFFICE_A_crossEntropyPretrained/24.pth
TP: 119 FP: 0
FN: 552 TN: 0
classifiedCorrectFN: 290 
classifiedFalseFN: 262
Loading model ./results/models/ResNet18OFFICE_A_crossEntropyPretrained/best_model_byAcc.pth
TP: 3 FP: 0
FN: 668 TN: 0
classifiedCorrectFN: 580 
classifiedFalseFN: 88

BestModel_byAcc ..so far RESULTS:
Results for this epoch: 
Acc: 0.8689
Uncertainty: 0.7258495688438416
Loading model ./results/models/ResNet18OFFICE_A_crossEntropyPretrained/best_model_byUncertainty.pth
TP: 671 FP: 0
FN: 0 TN: 0
classifiedCorrectFN: 0 
classifiedFalseFN: 0
BestModel_byUncertainty ..so far  RESULTS: 

Results for this epoch: 
Acc: 0.0224
Uncertainty: 1.7721181393426377e-06
Saved the best model by Accuracy after eval./results/models/ResNet18OFFICE_A_crossEntropyPretrained/best_model_byAcc.pth 

Saved the best model by Uncertainty after eval./results/models/ResNet18OFFICE_A_crossEntropyPretrained/best_model_byUncertainty.pth 

Best Acc: 0.868852 Best uncertainty_mean: 1.7721181393426377e-06 


Validation complete in 1m 7s
D->D
im using:cuda:0
Epoch 0/24
----------
Loss: 27533.2075 Acc: 0.0443 Uncertainty_mean: 0.0000 
Saved: ./results/models/ResNet18OFFICE_D_crossEntropyPretrained/00.pth

Epoch 1/24
----------
Loss: 14650.7161 Acc: 0.0286 Uncertainty_mean: 0.0000 
Saved: ./results/models/ResNet18OFFICE_D_crossEntropyPretrained/01.pth

Epoch 2/24
----------
Loss: 1213.7435 Acc: 0.0339 Uncertainty_mean: 0.0051 
Saved: ./results/models/ResNet18OFFICE_D_crossEntropyPretrained/02.pth

Epoch 3/24
----------
Loss: 8208.9228 Acc: 0.0208 Uncertainty_mean: 0.9710 
Saved: ./results/models/ResNet18OFFICE_D_crossEntropyPretrained/03.pth

Epoch 4/24
----------
Loss: 3578042.7008 Acc: 0.0182 Uncertainty_mean: 0.9703 
Saved: ./results/models/ResNet18OFFICE_D_crossEntropyPretrained/04.pth

Epoch 5/24
----------
Loss: 3.4307 Acc: 0.0234 Uncertainty_mean: 0.9703 
Saved: ./results/models/ResNet18OFFICE_D_crossEntropyPretrained/05.pth

Epoch 6/24
----------
Loss: 3.4293 Acc: 0.0234 Uncertainty_mean: 0.9707 
Saved: ./results/models/ResNet18OFFICE_D_crossEntropyPretrained/06.pth

Epoch 7/24
----------
Loss: 3.4278 Acc: 0.0443 Uncertainty_mean: 0.9709 
Saved: ./results/models/ResNet18OFFICE_D_crossEntropyPretrained/07.pth

Epoch 8/24
----------
Loss: 3.4262 Acc: 0.0443 Uncertainty_mean: 0.9711 
Saved: ./results/models/ResNet18OFFICE_D_crossEntropyPretrained/08.pth

Epoch 9/24
----------
Loss: 3.4249 Acc: 0.0443 Uncertainty_mean: 0.9710 
Saved: ./results/models/ResNet18OFFICE_D_crossEntropyPretrained/09.pth

Epoch 10/24
----------
Loss: 3.4235 Acc: 0.0443 Uncertainty_mean: 0.9709 
Saved: ./results/models/ResNet18OFFICE_D_crossEntropyPretrained/10.pth

Epoch 11/24
----------
Loss: 3.4222 Acc: 0.0443 Uncertainty_mean: 0.9709 
Saved: ./results/models/ResNet18OFFICE_D_crossEntropyPretrained/11.pth

Epoch 12/24
----------
Loss: 3.4208 Acc: 0.0443 Uncertainty_mean: 0.9707 
Saved: ./results/models/ResNet18OFFICE_D_crossEntropyPretrained/12.pth

Epoch 13/24
----------
Loss: 3.4195 Acc: 0.0417 Uncertainty_mean: 0.9701 
Saved: ./results/models/ResNet18OFFICE_D_crossEntropyPretrained/13.pth

Epoch 14/24
----------
Loss: 3.4182 Acc: 0.0521 Uncertainty_mean: 0.9698 
Saved: ./results/models/ResNet18OFFICE_D_crossEntropyPretrained/14.pth

Epoch 15/24
----------
Loss: 3.4171 Acc: 0.0521 Uncertainty_mean: 0.9691 
Saved: ./results/models/ResNet18OFFICE_D_crossEntropyPretrained/15.pth

Epoch 16/24
----------
Loss: 3.4158 Acc: 0.0521 Uncertainty_mean: 0.9685 
Saved: ./results/models/ResNet18OFFICE_D_crossEntropyPretrained/16.pth

Epoch 17/24
----------
Loss: 3.4148 Acc: 0.0521 Uncertainty_mean: 0.9676 
Saved: ./results/models/ResNet18OFFICE_D_crossEntropyPretrained/17.pth

Epoch 18/24
----------
Loss: 3.4135 Acc: 0.0521 Uncertainty_mean: 0.9668 
Saved: ./results/models/ResNet18OFFICE_D_crossEntropyPretrained/18.pth

Epoch 19/24
----------
Loss: 3.4125 Acc: 0.0521 Uncertainty_mean: 0.9659 
Saved: ./results/models/ResNet18OFFICE_D_crossEntropyPretrained/19.pth

Epoch 20/24
----------
Loss: 3.4114 Acc: 0.0521 Uncertainty_mean: 0.9651 
Saved: ./results/models/ResNet18OFFICE_D_crossEntropyPretrained/20.pth

Epoch 21/24
----------
Loss: 3.4103 Acc: 0.0521 Uncertainty_mean: 0.9642 
Saved: ./results/models/ResNet18OFFICE_D_crossEntropyPretrained/21.pth

Epoch 22/24
----------
Loss: 3.4093 Acc: 0.0521 Uncertainty_mean: 0.9633 
Saved: ./results/models/ResNet18OFFICE_D_crossEntropyPretrained/22.pth

Epoch 23/24
----------
Loss: 3.4083 Acc: 0.0521 Uncertainty_mean: 0.9622 
Saved: ./results/models/ResNet18OFFICE_D_crossEntropyPretrained/23.pth

Epoch 24/24
----------
Loss: 3.4074 Acc: 0.0521 Uncertainty_mean: 0.9613 
Saved: ./results/models/ResNet18OFFICE_D_crossEntropyPretrained/24.pth

Training complete in 2m 58s
Best Acc: 0.052083 Best Uncertainty: 0.000011
Loading model ./results/models/ResNet18OFFICE_D_crossEntropyPretrained/00.pth
TP: 114 FP: 0
FN: 0 TN: 0
classifiedCorrectFN: 0 
classifiedFalseFN: 0

BestModel_byAcc ..so far RESULTS:
BestModel_byUncertainty ..so far  RESULTS: 

Results for this epoch: 
Acc: 0.0263
Uncertainty: 0.0003439515712670982
Loading model ./results/models/ResNet18OFFICE_D_crossEntropyPretrained/01.pth
TP: 114 FP: 0
FN: 0 TN: 0
classifiedCorrectFN: 0 
classifiedFalseFN: 0

BestModel_byAcc ..so far RESULTS:
Results for this epoch: 
Acc: 0.0702
Uncertainty: 0.006189292762428522
Loading model ./results/models/ResNet18OFFICE_D_crossEntropyPretrained/02.pth
TP: 114 FP: 0
FN: 0 TN: 0
classifiedCorrectFN: 0 
classifiedFalseFN: 0
BestModel_byUncertainty ..so far  RESULTS: 

Results for this epoch: 
Acc: 0.0351
Uncertainty: 0.0002313799486728385
Loading model ./results/models/ResNet18OFFICE_D_crossEntropyPretrained/03.pth
TP: 4 FP: 0
FN: 110 TN: 0
classifiedCorrectFN: 3 
classifiedFalseFN: 107
Loading model ./results/models/ResNet18OFFICE_D_crossEntropyPretrained/04.pth
TP: 0 FP: 0
FN: 114 TN: 0
classifiedCorrectFN: 3 
classifiedFalseFN: 111
Loading model ./results/models/ResNet18OFFICE_D_crossEntropyPretrained/05.pth
TP: 0 FP: 0
FN: 114 TN: 0
classifiedCorrectFN: 3 
classifiedFalseFN: 111
Loading model ./results/models/ResNet18OFFICE_D_crossEntropyPretrained/06.pth
TP: 0 FP: 0
FN: 114 TN: 0
classifiedCorrectFN: 7 
classifiedFalseFN: 107
Loading model ./results/models/ResNet18OFFICE_D_crossEntropyPretrained/07.pth
TP: 0 FP: 0
FN: 114 TN: 0
classifiedCorrectFN: 7 
classifiedFalseFN: 107
Loading model ./results/models/ResNet18OFFICE_D_crossEntropyPretrained/08.pth
TP: 0 FP: 0
FN: 114 TN: 0
classifiedCorrectFN: 7 
classifiedFalseFN: 107
Loading model ./results/models/ResNet18OFFICE_D_crossEntropyPretrained/09.pth
TP: 0 FP: 0
FN: 114 TN: 0
classifiedCorrectFN: 7 
classifiedFalseFN: 107
Loading model ./results/models/ResNet18OFFICE_D_crossEntropyPretrained/10.pth
TP: 0 FP: 0
FN: 114 TN: 0
classifiedCorrectFN: 7 
classifiedFalseFN: 107
Loading model ./results/models/ResNet18OFFICE_D_crossEntropyPretrained/11.pth
TP: 0 FP: 0
FN: 114 TN: 0
classifiedCorrectFN: 7 
classifiedFalseFN: 107
Loading model ./results/models/ResNet18OFFICE_D_crossEntropyPretrained/12.pth
TP: 0 FP: 0
FN: 114 TN: 0
classifiedCorrectFN: 7 
classifiedFalseFN: 107
Loading model ./results/models/ResNet18OFFICE_D_crossEntropyPretrained/13.pth
TP: 0 FP: 0
FN: 114 TN: 0
classifiedCorrectFN: 3 
classifiedFalseFN: 111
Loading model ./results/models/ResNet18OFFICE_D_crossEntropyPretrained/14.pth
TP: 0 FP: 0
FN: 114 TN: 0
classifiedCorrectFN: 3 
classifiedFalseFN: 111
Loading model ./results/models/ResNet18OFFICE_D_crossEntropyPretrained/15.pth
TP: 0 FP: 0
FN: 114 TN: 0
classifiedCorrectFN: 3 
classifiedFalseFN: 111
Loading model ./results/models/ResNet18OFFICE_D_crossEntropyPretrained/16.pth
TP: 0 FP: 0
FN: 114 TN: 0
classifiedCorrectFN: 3 
classifiedFalseFN: 111
Loading model ./results/models/ResNet18OFFICE_D_crossEntropyPretrained/17.pth
TP: 0 FP: 0
FN: 114 TN: 0
classifiedCorrectFN: 3 
classifiedFalseFN: 111
Loading model ./results/models/ResNet18OFFICE_D_crossEntropyPretrained/18.pth
TP: 0 FP: 0
FN: 114 TN: 0
classifiedCorrectFN: 3 
classifiedFalseFN: 111
Loading model ./results/models/ResNet18OFFICE_D_crossEntropyPretrained/19.pth
TP: 0 FP: 0
FN: 114 TN: 0
classifiedCorrectFN: 3 
classifiedFalseFN: 111
Loading model ./results/models/ResNet18OFFICE_D_crossEntropyPretrained/20.pth
TP: 0 FP: 0
FN: 114 TN: 0
classifiedCorrectFN: 3 
classifiedFalseFN: 111
Loading model ./results/models/ResNet18OFFICE_D_crossEntropyPretrained/21.pth
TP: 0 FP: 0
FN: 114 TN: 0
classifiedCorrectFN: 3 
classifiedFalseFN: 111
Loading model ./results/models/ResNet18OFFICE_D_crossEntropyPretrained/22.pth
TP: 0 FP: 0
FN: 114 TN: 0
classifiedCorrectFN: 3 
classifiedFalseFN: 111
Loading model ./results/models/ResNet18OFFICE_D_crossEntropyPretrained/23.pth
TP: 0 FP: 0
FN: 114 TN: 0
classifiedCorrectFN: 3 
classifiedFalseFN: 111
Loading model ./results/models/ResNet18OFFICE_D_crossEntropyPretrained/24.pth
TP: 0 FP: 0
FN: 114 TN: 0
classifiedCorrectFN: 3 
classifiedFalseFN: 111
Loading model ./results/models/ResNet18OFFICE_D_crossEntropyPretrained/best_model_byAcc.pth
TP: 0 FP: 0
FN: 114 TN: 0
classifiedCorrectFN: 8 
classifiedFalseFN: 106
Loading model ./results/models/ResNet18OFFICE_D_crossEntropyPretrained/best_model_byUncertainty.pth
TP: 114 FP: 0
FN: 0 TN: 0
classifiedCorrectFN: 0 
classifiedFalseFN: 0
BestModel_byUncertainty ..so far  RESULTS: 

Results for this epoch: 
Acc: 0.0175
Uncertainty: 1.4626642894959991e-18
Saved the best model by Accuracy after eval./results/models/ResNet18OFFICE_D_crossEntropyPretrained/best_model_byAcc.pth 

Saved the best model by Uncertainty after eval./results/models/ResNet18OFFICE_D_crossEntropyPretrained/best_model_byUncertainty.pth 

Best Acc: 0.070175 Best uncertainty_mean: 1.4626642894959991e-18 


Validation complete in 0m 59s
W->W
im using:cuda:0
Epoch 0/24
----------
Loss: 31841218697599580.0000 Acc: 0.0331 Uncertainty_mean: 0.9700 
Saved: ./results/models/ResNet18OFFICE_W_crossEntropyPretrained/00.pth

Epoch 1/24
----------
Loss: 3.4323 Acc: 0.0331 Uncertainty_mean: 0.9701 
Saved: ./results/models/ResNet18OFFICE_W_crossEntropyPretrained/01.pth

Epoch 2/24
----------
Loss: 3.4307 Acc: 0.0331 Uncertainty_mean: 0.9697 
Saved: ./results/models/ResNet18OFFICE_W_crossEntropyPretrained/02.pth

Epoch 3/24
----------
Loss: 3.4289 Acc: 0.0331 Uncertainty_mean: 0.9689 
Saved: ./results/models/ResNet18OFFICE_W_crossEntropyPretrained/03.pth

Epoch 4/24
----------
Loss: 3.4272 Acc: 0.0331 Uncertainty_mean: 0.9680 
Saved: ./results/models/ResNet18OFFICE_W_crossEntropyPretrained/04.pth

Epoch 5/24
----------
Loss: 3.4256 Acc: 0.0331 Uncertainty_mean: 0.9670 
Saved: ./results/models/ResNet18OFFICE_W_crossEntropyPretrained/05.pth

Epoch 6/24
----------
Loss: 3.4242 Acc: 0.0331 Uncertainty_mean: 0.9658 
Saved: ./results/models/ResNet18OFFICE_W_crossEntropyPretrained/06.pth

Epoch 7/24
----------
Loss: 3.4228 Acc: 0.0364 Uncertainty_mean: 0.9646 
Saved: ./results/models/ResNet18OFFICE_W_crossEntropyPretrained/07.pth

Epoch 8/24
----------
Loss: 3.4216 Acc: 0.0513 Uncertainty_mean: 0.9636 
Saved: ./results/models/ResNet18OFFICE_W_crossEntropyPretrained/08.pth

Epoch 9/24
----------
Loss: 3.4203 Acc: 0.0513 Uncertainty_mean: 0.9628 
Saved: ./results/models/ResNet18OFFICE_W_crossEntropyPretrained/09.pth

Epoch 10/24
----------
Loss: 3.4192 Acc: 0.0513 Uncertainty_mean: 0.9617 
Saved: ./results/models/ResNet18OFFICE_W_crossEntropyPretrained/10.pth

Epoch 11/24
----------
Loss: 3.4180 Acc: 0.0513 Uncertainty_mean: 0.9610 
Saved: ./results/models/ResNet18OFFICE_W_crossEntropyPretrained/11.pth

Epoch 12/24
----------
Loss: 3.4169 Acc: 0.0513 Uncertainty_mean: 0.9600 
Saved: ./results/models/ResNet18OFFICE_W_crossEntropyPretrained/12.pth

Epoch 13/24
----------
Loss: 3.4159 Acc: 0.0513 Uncertainty_mean: 0.9589 
Saved: ./results/models/ResNet18OFFICE_W_crossEntropyPretrained/13.pth

Epoch 14/24
----------
Loss: 3.4148 Acc: 0.0513 Uncertainty_mean: 0.9581 
Saved: ./results/models/ResNet18OFFICE_W_crossEntropyPretrained/14.pth

Epoch 15/24
----------
Loss: 3.4138 Acc: 0.0513 Uncertainty_mean: 0.9569 
Saved: ./results/models/ResNet18OFFICE_W_crossEntropyPretrained/15.pth

Epoch 16/24
----------
Loss: 3.4128 Acc: 0.0513 Uncertainty_mean: 0.9559 
Saved: ./results/models/ResNet18OFFICE_W_crossEntropyPretrained/16.pth

Epoch 17/24
----------
Loss: 3.4120 Acc: 0.0513 Uncertainty_mean: 0.9549 
Saved: ./results/models/ResNet18OFFICE_W_crossEntropyPretrained/17.pth

Epoch 18/24
----------
Loss: 3.4110 Acc: 0.0513 Uncertainty_mean: 0.9537 
Saved: ./results/models/ResNet18OFFICE_W_crossEntropyPretrained/18.pth

Epoch 19/24
----------
Loss: 3.4102 Acc: 0.0513 Uncertainty_mean: 0.9528 
Saved: ./results/models/ResNet18OFFICE_W_crossEntropyPretrained/19.pth

Epoch 20/24
----------
Loss: 3.4095 Acc: 0.0513 Uncertainty_mean: 0.9519 
Saved: ./results/models/ResNet18OFFICE_W_crossEntropyPretrained/20.pth

Epoch 21/24
----------
Loss: 3.4088 Acc: 0.0513 Uncertainty_mean: 0.9506 
Saved: ./results/models/ResNet18OFFICE_W_crossEntropyPretrained/21.pth

Epoch 22/24
----------
Loss: 3.4079 Acc: 0.0513 Uncertainty_mean: 0.9497 
Saved: ./results/models/ResNet18OFFICE_W_crossEntropyPretrained/22.pth

Epoch 23/24
----------
Loss: 3.4072 Acc: 0.0513 Uncertainty_mean: 0.9487 
Saved: ./results/models/ResNet18OFFICE_W_crossEntropyPretrained/23.pth

Epoch 24/24
----------
Loss: 3.4066 Acc: 0.0513 Uncertainty_mean: 0.9477 
Saved: ./results/models/ResNet18OFFICE_W_crossEntropyPretrained/24.pth

Training complete in 2m 1s
Best Acc: 0.051325 Best Uncertainty: 0.947672
Loading model ./results/models/ResNet18OFFICE_W_crossEntropyPretrained/00.pth
TP: 0 FP: 0
FN: 191 TN: 0
classifiedCorrectFN: 10 
classifiedFalseFN: 181

BestModel_byAcc ..so far RESULTS:
BestModel_byUncertainty ..so far  RESULTS: 

Results for this epoch: 
Acc: 0.0524
Uncertainty: 0.9699610471725464
Loading model ./results/models/ResNet18OFFICE_W_crossEntropyPretrained/01.pth
TP: 0 FP: 0
FN: 191 TN: 0
classifiedCorrectFN: 10 
classifiedFalseFN: 181
Loading model ./results/models/ResNet18OFFICE_W_crossEntropyPretrained/02.pth
TP: 0 FP: 0
FN: 191 TN: 0
classifiedCorrectFN: 10 
classifiedFalseFN: 181
BestModel_byUncertainty ..so far  RESULTS: 

Results for this epoch: 
Acc: 0.0524
Uncertainty: 0.9696738123893738
Loading model ./results/models/ResNet18OFFICE_W_crossEntropyPretrained/03.pth
TP: 0 FP: 0
FN: 191 TN: 0
classifiedCorrectFN: 10 
classifiedFalseFN: 181
BestModel_byUncertainty ..so far  RESULTS: 

Results for this epoch: 
Acc: 0.0524
Uncertainty: 0.9688957333564758
Loading model ./results/models/ResNet18OFFICE_W_crossEntropyPretrained/04.pth
TP: 0 FP: 0
FN: 191 TN: 0
classifiedCorrectFN: 10 
classifiedFalseFN: 181
BestModel_byUncertainty ..so far  RESULTS: 

Results for this epoch: 
Acc: 0.0524
Uncertainty: 0.9679644107818604
Loading model ./results/models/ResNet18OFFICE_W_crossEntropyPretrained/05.pth
TP: 0 FP: 0
FN: 191 TN: 0
classifiedCorrectFN: 10 
classifiedFalseFN: 181
BestModel_byUncertainty ..so far  RESULTS: 

Results for this epoch: 
Acc: 0.0524
Uncertainty: 0.9669229984283447
Loading model ./results/models/ResNet18OFFICE_W_crossEntropyPretrained/06.pth
TP: 0 FP: 0
FN: 191 TN: 0
classifiedCorrectFN: 10 
classifiedFalseFN: 181
BestModel_byUncertainty ..so far  RESULTS: 

Results for this epoch: 
Acc: 0.0524
Uncertainty: 0.9657553434371948
Loading model ./results/models/ResNet18OFFICE_W_crossEntropyPretrained/07.pth
TP: 0 FP: 0
FN: 191 TN: 0
classifiedCorrectFN: 9 
classifiedFalseFN: 182
BestModel_byUncertainty ..so far  RESULTS: 

Results for this epoch: 
Acc: 0.0471
Uncertainty: 0.9645847082138062
Loading model ./results/models/ResNet18OFFICE_W_crossEntropyPretrained/08.pth
TP: 0 FP: 0
FN: 191 TN: 0
classifiedCorrectFN: 9 
classifiedFalseFN: 182
BestModel_byUncertainty ..so far  RESULTS: 

Results for this epoch: 
Acc: 0.0471
Uncertainty: 0.9635990262031555
Loading model ./results/models/ResNet18OFFICE_W_crossEntropyPretrained/09.pth
TP: 0 FP: 0
FN: 191 TN: 0
classifiedCorrectFN: 9 
classifiedFalseFN: 182
BestModel_byUncertainty ..so far  RESULTS: 

Results for this epoch: 
Acc: 0.0471
Uncertainty: 0.9627716541290283
Loading model ./results/models/ResNet18OFFICE_W_crossEntropyPretrained/10.pth
TP: 0 FP: 0
FN: 191 TN: 0
classifiedCorrectFN: 9 
classifiedFalseFN: 182
BestModel_byUncertainty ..so far  RESULTS: 

Results for this epoch: 
Acc: 0.0471
Uncertainty: 0.9617135524749756
Loading model ./results/models/ResNet18OFFICE_W_crossEntropyPretrained/11.pth
TP: 0 FP: 0
FN: 191 TN: 0
classifiedCorrectFN: 9 
classifiedFalseFN: 182
BestModel_byUncertainty ..so far  RESULTS: 

Results for this epoch: 
Acc: 0.0471
Uncertainty: 0.9609230756759644
Loading model ./results/models/ResNet18OFFICE_W_crossEntropyPretrained/12.pth
TP: 0 FP: 0
FN: 191 TN: 0
classifiedCorrectFN: 9 
classifiedFalseFN: 182
BestModel_byUncertainty ..so far  RESULTS: 

Results for this epoch: 
Acc: 0.0471
Uncertainty: 0.9599438905715942
Loading model ./results/models/ResNet18OFFICE_W_crossEntropyPretrained/13.pth
TP: 0 FP: 0
FN: 191 TN: 0
classifiedCorrectFN: 9 
classifiedFalseFN: 182
BestModel_byUncertainty ..so far  RESULTS: 

Results for this epoch: 
Acc: 0.0471
Uncertainty: 0.9588891267776489
Loading model ./results/models/ResNet18OFFICE_W_crossEntropyPretrained/14.pth
TP: 0 FP: 0
FN: 191 TN: 0
classifiedCorrectFN: 9 
classifiedFalseFN: 182
BestModel_byUncertainty ..so far  RESULTS: 

Results for this epoch: 
Acc: 0.0471
Uncertainty: 0.9580157995223999
Loading model ./results/models/ResNet18OFFICE_W_crossEntropyPretrained/15.pth
TP: 0 FP: 0
FN: 191 TN: 0
classifiedCorrectFN: 9 
classifiedFalseFN: 182
BestModel_byUncertainty ..so far  RESULTS: 

Results for this epoch: 
Acc: 0.0471
Uncertainty: 0.9568538069725037
Loading model ./results/models/ResNet18OFFICE_W_crossEntropyPretrained/16.pth
TP: 0 FP: 0
FN: 191 TN: 0
classifiedCorrectFN: 9 
classifiedFalseFN: 182
BestModel_byUncertainty ..so far  RESULTS: 

Results for this epoch: 
Acc: 0.0471
Uncertainty: 0.9558374881744385
Loading model ./results/models/ResNet18OFFICE_W_crossEntropyPretrained/17.pth
TP: 0 FP: 0
FN: 191 TN: 0
classifiedCorrectFN: 9 
classifiedFalseFN: 182
BestModel_byUncertainty ..so far  RESULTS: 

Results for this epoch: 
Acc: 0.0471
Uncertainty: 0.9548063278198242
Loading model ./results/models/ResNet18OFFICE_W_crossEntropyPretrained/18.pth
TP: 0 FP: 0
FN: 191 TN: 0
classifiedCorrectFN: 9 
classifiedFalseFN: 182
BestModel_byUncertainty ..so far  RESULTS: 

Results for this epoch: 
Acc: 0.0471
Uncertainty: 0.953703761100769
Loading model ./results/models/ResNet18OFFICE_W_crossEntropyPretrained/19.pth
TP: 0 FP: 0
FN: 191 TN: 0
classifiedCorrectFN: 9 
classifiedFalseFN: 182
BestModel_byUncertainty ..so far  RESULTS: 

Results for this epoch: 
Acc: 0.0471
Uncertainty: 0.9527992606163025
Loading model ./results/models/ResNet18OFFICE_W_crossEntropyPretrained/20.pth
TP: 0 FP: 0
FN: 191 TN: 0
classifiedCorrectFN: 9 
classifiedFalseFN: 182
BestModel_byUncertainty ..so far  RESULTS: 

Results for this epoch: 
Acc: 0.0471
Uncertainty: 0.9518260955810547
Loading model ./results/models/ResNet18OFFICE_W_crossEntropyPretrained/21.pth
TP: 0 FP: 0
FN: 191 TN: 0
classifiedCorrectFN: 9 
classifiedFalseFN: 182
BestModel_byUncertainty ..so far  RESULTS: 

Results for this epoch: 
Acc: 0.0471
Uncertainty: 0.9505992531776428
Loading model ./results/models/ResNet18OFFICE_W_crossEntropyPretrained/22.pth
TP: 0 FP: 0
FN: 191 TN: 0
classifiedCorrectFN: 9 
classifiedFalseFN: 182
BestModel_byUncertainty ..so far  RESULTS: 

Results for this epoch: 
Acc: 0.0471
Uncertainty: 0.9496580958366394
Loading model ./results/models/ResNet18OFFICE_W_crossEntropyPretrained/23.pth
TP: 0 FP: 0
FN: 191 TN: 0
classifiedCorrectFN: 9 
classifiedFalseFN: 182
BestModel_byUncertainty ..so far  RESULTS: 

Results for this epoch: 
Acc: 0.0471
Uncertainty: 0.9486651420593262
Loading model ./results/models/ResNet18OFFICE_W_crossEntropyPretrained/24.pth
TP: 0 FP: 0
FN: 191 TN: 0
classifiedCorrectFN: 9 
classifiedFalseFN: 182
BestModel_byUncertainty ..so far  RESULTS: 

Results for this epoch: 
Acc: 0.0471
Uncertainty: 0.947659969329834
Loading model ./results/models/ResNet18OFFICE_W_crossEntropyPretrained/best_model_byAcc.pth
TP: 0 FP: 0
FN: 191 TN: 0
classifiedCorrectFN: 9 
classifiedFalseFN: 182
Loading model ./results/models/ResNet18OFFICE_W_crossEntropyPretrained/best_model_byUncertainty.pth
TP: 191 FP: 0
FN: 0 TN: 0
classifiedCorrectFN: 0 
classifiedFalseFN: 0
BestModel_byUncertainty ..so far  RESULTS: 

Results for this epoch: 
Acc: 0.0052
Uncertainty: 0.25663068890571594
Saved the best model by Accuracy after eval./results/models/ResNet18OFFICE_W_crossEntropyPretrained/best_model_byAcc.pth 

Saved the best model by Uncertainty after eval./results/models/ResNet18OFFICE_W_crossEntropyPretrained/best_model_byUncertainty.pth 

Best Acc: 0.052356 Best uncertainty_mean: 0.25663068890571594 


Validation complete in 0m 32s
A->D
Loading model ./results/models/ResNet18OFFICE_A_crossEntropyPretrained/00.pth
TP: 0 FP: 0
FN: 114 TN: 0
classifiedCorrectFN: 8 
classifiedFalseFN: 106

BestModel_byAcc ..so far RESULTS:
BestModel_byUncertainty ..so far  RESULTS: 

Results for this epoch: 
Acc: 0.0702
Uncertainty: 0.9107714891433716
Loading model ./results/models/ResNet18OFFICE_A_crossEntropyPretrained/01.pth
TP: 0 FP: 0
FN: 114 TN: 0
classifiedCorrectFN: 3 
classifiedFalseFN: 111
BestModel_byUncertainty ..so far  RESULTS: 

Results for this epoch: 
Acc: 0.0263
Uncertainty: 0.7492660880088806
Loading model ./results/models/ResNet18OFFICE_A_crossEntropyPretrained/02.pth
TP: 0 FP: 0
FN: 114 TN: 0
classifiedCorrectFN: 3 
classifiedFalseFN: 111
BestModel_byUncertainty ..so far  RESULTS: 

Results for this epoch: 
Acc: 0.0263
Uncertainty: 0.6423358917236328
Loading model ./results/models/ResNet18OFFICE_A_crossEntropyPretrained/03.pth
TP: 0 FP: 0
FN: 114 TN: 0
classifiedCorrectFN: 7 
classifiedFalseFN: 107
Loading model ./results/models/ResNet18OFFICE_A_crossEntropyPretrained/04.pth
TP: 0 FP: 0
FN: 114 TN: 0
classifiedCorrectFN: 1 
classifiedFalseFN: 113
Loading model ./results/models/ResNet18OFFICE_A_crossEntropyPretrained/05.pth
TP: 0 FP: 0
FN: 114 TN: 0
classifiedCorrectFN: 9 
classifiedFalseFN: 105

BestModel_byAcc ..so far RESULTS:
Results for this epoch: 
Acc: 0.0789
Uncertainty: 0.7361826300621033
Loading model ./results/models/ResNet18OFFICE_A_crossEntropyPretrained/06.pth
TP: 0 FP: 0
FN: 114 TN: 0
classifiedCorrectFN: 6 
classifiedFalseFN: 108
Loading model ./results/models/ResNet18OFFICE_A_crossEntropyPretrained/07.pth
TP: 0 FP: 0
FN: 114 TN: 0
classifiedCorrectFN: 8 
classifiedFalseFN: 106
Loading model ./results/models/ResNet18OFFICE_A_crossEntropyPretrained/08.pth
TP: 0 FP: 0
FN: 114 TN: 0
classifiedCorrectFN: 10 
classifiedFalseFN: 104

BestModel_byAcc ..so far RESULTS:
Results for this epoch: 
Acc: 0.0877
Uncertainty: 0.7109405994415283
Loading model ./results/models/ResNet18OFFICE_A_crossEntropyPretrained/09.pth
TP: 0 FP: 0
FN: 114 TN: 0
classifiedCorrectFN: 10 
classifiedFalseFN: 104
Loading model ./results/models/ResNet18OFFICE_A_crossEntropyPretrained/10.pth
TP: 0 FP: 0
FN: 114 TN: 0
classifiedCorrectFN: 6 
classifiedFalseFN: 108
Loading model ./results/models/ResNet18OFFICE_A_crossEntropyPretrained/11.pth
TP: 0 FP: 0
FN: 114 TN: 0
classifiedCorrectFN: 9 
classifiedFalseFN: 105
Loading model ./results/models/ResNet18OFFICE_A_crossEntropyPretrained/12.pth
TP: 0 FP: 0
FN: 114 TN: 0
classifiedCorrectFN: 4 
classifiedFalseFN: 110
Loading model ./results/models/ResNet18OFFICE_A_crossEntropyPretrained/13.pth
TP: 2 FP: 0
FN: 112 TN: 0
classifiedCorrectFN: 8 
classifiedFalseFN: 104
Loading model ./results/models/ResNet18OFFICE_A_crossEntropyPretrained/14.pth
TP: 0 FP: 0
FN: 114 TN: 0
classifiedCorrectFN: 6 
classifiedFalseFN: 108
Loading model ./results/models/ResNet18OFFICE_A_crossEntropyPretrained/15.pth
TP: 0 FP: 0
FN: 114 TN: 0
classifiedCorrectFN: 7 
classifiedFalseFN: 107
Loading model ./results/models/ResNet18OFFICE_A_crossEntropyPretrained/16.pth
TP: 0 FP: 0
FN: 114 TN: 0
classifiedCorrectFN: 9 
classifiedFalseFN: 105
Loading model ./results/models/ResNet18OFFICE_A_crossEntropyPretrained/17.pth
TP: 0 FP: 0
FN: 114 TN: 0
classifiedCorrectFN: 6 
classifiedFalseFN: 108
Loading model ./results/models/ResNet18OFFICE_A_crossEntropyPretrained/18.pth
TP: 0 FP: 0
FN: 114 TN: 0
classifiedCorrectFN: 11 
classifiedFalseFN: 103

BestModel_byAcc ..so far RESULTS:
Results for this epoch: 
Acc: 0.0965
Uncertainty: 0.7121158242225647
Loading model ./results/models/ResNet18OFFICE_A_crossEntropyPretrained/19.pth
TP: 1 FP: 0
FN: 113 TN: 0
classifiedCorrectFN: 9 
classifiedFalseFN: 104
Loading model ./results/models/ResNet18OFFICE_A_crossEntropyPretrained/20.pth
TP: 0 FP: 0
FN: 114 TN: 0
classifiedCorrectFN: 10 
classifiedFalseFN: 104
Loading model ./results/models/ResNet18OFFICE_A_crossEntropyPretrained/21.pth
TP: 0 FP: 0
FN: 114 TN: 0
classifiedCorrectFN: 14 
classifiedFalseFN: 100

BestModel_byAcc ..so far RESULTS:
Results for this epoch: 
Acc: 0.1228
Uncertainty: 0.7059507966041565
Loading model ./results/models/ResNet18OFFICE_A_crossEntropyPretrained/22.pth
TP: 0 FP: 0
FN: 114 TN: 0
classifiedCorrectFN: 8 
classifiedFalseFN: 106
Loading model ./results/models/ResNet18OFFICE_A_crossEntropyPretrained/23.pth
TP: 0 FP: 0
FN: 114 TN: 0
classifiedCorrectFN: 5 
classifiedFalseFN: 109
Loading model ./results/models/ResNet18OFFICE_A_crossEntropyPretrained/24.pth
TP: 0 FP: 0
FN: 114 TN: 0
classifiedCorrectFN: 16 
classifiedFalseFN: 98

BestModel_byAcc ..so far RESULTS:
Results for this epoch: 
Acc: 0.1404
Uncertainty: 0.713293194770813
Loading model ./results/models/ResNet18OFFICE_A_crossEntropyPretrained/best_model_byAcc.pth
TP: 0 FP: 0
FN: 114 TN: 0
classifiedCorrectFN: 3 
classifiedFalseFN: 111
Loading model ./results/models/ResNet18OFFICE_A_crossEntropyPretrained/best_model_byUncertainty.pth
TP: 114 FP: 0
FN: 0 TN: 0
classifiedCorrectFN: 0 
classifiedFalseFN: 0
BestModel_byUncertainty ..so far  RESULTS: 

Results for this epoch: 
Acc: 0.0351
Uncertainty: 1.7555988733874983e-06
Saved the best model by Accuracy after eval./results/models/ResNet18OFFICE_A_crossEntropyPretrained/best_model_byAcc.pth 

Saved the best model by Uncertainty after eval./results/models/ResNet18OFFICE_A_crossEntropyPretrained/best_model_byUncertainty.pth 

Best Acc: 0.140351 Best uncertainty_mean: 1.7555988733874983e-06 


Validation complete in 0m 54s
D->A
Loading model ./results/models/ResNet18OFFICE_D_crossEntropyPretrained/00.pth
TP: 671 FP: 0
FN: 0 TN: 0
classifiedCorrectFN: 0 
classifiedFalseFN: 0

BestModel_byAcc ..so far RESULTS:
BestModel_byUncertainty ..so far  RESULTS: 

Results for this epoch: 
Acc: 0.0358
Uncertainty: 0.0003526320506352931
Loading model ./results/models/ResNet18OFFICE_D_crossEntropyPretrained/01.pth
TP: 671 FP: 0
FN: 0 TN: 0
classifiedCorrectFN: 0 
classifiedFalseFN: 0

BestModel_byAcc ..so far RESULTS:
Results for this epoch: 
Acc: 0.0402
Uncertainty: 0.0006948381778784096
Loading model ./results/models/ResNet18OFFICE_D_crossEntropyPretrained/02.pth
TP: 671 FP: 0
FN: 0 TN: 0
classifiedCorrectFN: 0 
classifiedFalseFN: 0
BestModel_byUncertainty ..so far  RESULTS: 

Results for this epoch: 
Acc: 0.0358
Uncertainty: 4.592174445861019e-05
Loading model ./results/models/ResNet18OFFICE_D_crossEntropyPretrained/03.pth
TP: 0 FP: 0
FN: 671 TN: 0
classifiedCorrectFN: 27 
classifiedFalseFN: 644
Loading model ./results/models/ResNet18OFFICE_D_crossEntropyPretrained/04.pth
TP: 0 FP: 0
FN: 671 TN: 0
classifiedCorrectFN: 27 
classifiedFalseFN: 644
Loading model ./results/models/ResNet18OFFICE_D_crossEntropyPretrained/05.pth
TP: 0 FP: 0
FN: 671 TN: 0
classifiedCorrectFN: 27 
classifiedFalseFN: 644
Loading model ./results/models/ResNet18OFFICE_D_crossEntropyPretrained/06.pth
TP: 0 FP: 0
FN: 671 TN: 0
classifiedCorrectFN: 29 
classifiedFalseFN: 642

BestModel_byAcc ..so far RESULTS:
Results for this epoch: 
Acc: 0.0432
Uncertainty: 0.9707047939300537
Loading model ./results/models/ResNet18OFFICE_D_crossEntropyPretrained/07.pth
TP: 0 FP: 0
FN: 671 TN: 0
classifiedCorrectFN: 29 
classifiedFalseFN: 642
Loading model ./results/models/ResNet18OFFICE_D_crossEntropyPretrained/08.pth
TP: 0 FP: 0
FN: 671 TN: 0
classifiedCorrectFN: 29 
classifiedFalseFN: 642
Loading model ./results/models/ResNet18OFFICE_D_crossEntropyPretrained/09.pth
TP: 0 FP: 0
FN: 671 TN: 0
classifiedCorrectFN: 29 
classifiedFalseFN: 642
Loading model ./results/models/ResNet18OFFICE_D_crossEntropyPretrained/10.pth
TP: 0 FP: 0
FN: 671 TN: 0
classifiedCorrectFN: 29 
classifiedFalseFN: 642
Loading model ./results/models/ResNet18OFFICE_D_crossEntropyPretrained/11.pth
TP: 0 FP: 0
FN: 671 TN: 0
classifiedCorrectFN: 29 
classifiedFalseFN: 642
Loading model ./results/models/ResNet18OFFICE_D_crossEntropyPretrained/12.pth
TP: 0 FP: 0
FN: 671 TN: 0
classifiedCorrectFN: 29 
classifiedFalseFN: 642
Loading model ./results/models/ResNet18OFFICE_D_crossEntropyPretrained/13.pth
TP: 0 FP: 0
FN: 671 TN: 0
classifiedCorrectFN: 18 
classifiedFalseFN: 653
Loading model ./results/models/ResNet18OFFICE_D_crossEntropyPretrained/14.pth
TP: 0 FP: 0
FN: 671 TN: 0
classifiedCorrectFN: 18 
classifiedFalseFN: 653
Loading model ./results/models/ResNet18OFFICE_D_crossEntropyPretrained/15.pth
TP: 0 FP: 0
FN: 671 TN: 0
classifiedCorrectFN: 18 
classifiedFalseFN: 653
Loading model ./results/models/ResNet18OFFICE_D_crossEntropyPretrained/16.pth
TP: 0 FP: 0
FN: 671 TN: 0
classifiedCorrectFN: 18 
classifiedFalseFN: 653
Loading model ./results/models/ResNet18OFFICE_D_crossEntropyPretrained/17.pth
TP: 0 FP: 0
FN: 671 TN: 0
classifiedCorrectFN: 18 
classifiedFalseFN: 653
Loading model ./results/models/ResNet18OFFICE_D_crossEntropyPretrained/18.pth
TP: 0 FP: 0
FN: 671 TN: 0
classifiedCorrectFN: 18 
classifiedFalseFN: 653
Loading model ./results/models/ResNet18OFFICE_D_crossEntropyPretrained/19.pth
TP: 0 FP: 0
FN: 671 TN: 0
classifiedCorrectFN: 18 
classifiedFalseFN: 653
Loading model ./results/models/ResNet18OFFICE_D_crossEntropyPretrained/20.pth
TP: 0 FP: 0
FN: 671 TN: 0
classifiedCorrectFN: 18 
classifiedFalseFN: 653
Loading model ./results/models/ResNet18OFFICE_D_crossEntropyPretrained/21.pth
TP: 0 FP: 0
FN: 671 TN: 0
classifiedCorrectFN: 18 
classifiedFalseFN: 653
Loading model ./results/models/ResNet18OFFICE_D_crossEntropyPretrained/22.pth
TP: 0 FP: 0
FN: 671 TN: 0
classifiedCorrectFN: 18 
classifiedFalseFN: 653
Loading model ./results/models/ResNet18OFFICE_D_crossEntropyPretrained/23.pth
TP: 0 FP: 0
FN: 671 TN: 0
classifiedCorrectFN: 18 
classifiedFalseFN: 653
Loading model ./results/models/ResNet18OFFICE_D_crossEntropyPretrained/24.pth
TP: 0 FP: 0
FN: 671 TN: 0
classifiedCorrectFN: 18 
classifiedFalseFN: 653
Loading model ./results/models/ResNet18OFFICE_D_crossEntropyPretrained/best_model_byAcc.pth
TP: 671 FP: 0
FN: 0 TN: 0
classifiedCorrectFN: 0 
classifiedFalseFN: 0
Loading model ./results/models/ResNet18OFFICE_D_crossEntropyPretrained/best_model_byUncertainty.pth
TP: 671 FP: 0
FN: 0 TN: 0
classifiedCorrectFN: 0 
classifiedFalseFN: 0
BestModel_byUncertainty ..so far  RESULTS: 

Results for this epoch: 
Acc: 0.0328
Uncertainty: 8.805663322993172e-19
Saved the best model by Accuracy after eval./results/models/ResNet18OFFICE_D_crossEntropyPretrained/best_model_byAcc.pth 

Saved the best model by Uncertainty after eval./results/models/ResNet18OFFICE_D_crossEntropyPretrained/best_model_byUncertainty.pth 

Best Acc: 0.043219 Best uncertainty_mean: 8.805663322993172e-19 


Validation complete in 1m 11s
W->D
Loading model ./results/models/ResNet18OFFICE_W_crossEntropyPretrained/00.pth
TP: 0 FP: 0
FN: 114 TN: 0
classifiedCorrectFN: 8 
classifiedFalseFN: 106

BestModel_byAcc ..so far RESULTS:
BestModel_byUncertainty ..so far  RESULTS: 

Results for this epoch: 
Acc: 0.0702
Uncertainty: 0.9699609875679016
Loading model ./results/models/ResNet18OFFICE_W_crossEntropyPretrained/01.pth
TP: 0 FP: 0
FN: 114 TN: 0
classifiedCorrectFN: 8 
classifiedFalseFN: 106
Loading model ./results/models/ResNet18OFFICE_W_crossEntropyPretrained/02.pth
TP: 0 FP: 0
FN: 114 TN: 0
classifiedCorrectFN: 8 
classifiedFalseFN: 106
BestModel_byUncertainty ..so far  RESULTS: 

Results for this epoch: 
Acc: 0.0702
Uncertainty: 0.9696738123893738
Loading model ./results/models/ResNet18OFFICE_W_crossEntropyPretrained/03.pth
TP: 0 FP: 0
FN: 114 TN: 0
classifiedCorrectFN: 8 
classifiedFalseFN: 106
BestModel_byUncertainty ..so far  RESULTS: 

Results for this epoch: 
Acc: 0.0702
Uncertainty: 0.9688957333564758
Loading model ./results/models/ResNet18OFFICE_W_crossEntropyPretrained/04.pth
TP: 0 FP: 0
FN: 114 TN: 0
classifiedCorrectFN: 8 
classifiedFalseFN: 106
BestModel_byUncertainty ..so far  RESULTS: 

Results for this epoch: 
Acc: 0.0702
Uncertainty: 0.9679644107818604
Loading model ./results/models/ResNet18OFFICE_W_crossEntropyPretrained/05.pth
TP: 0 FP: 0
FN: 114 TN: 0
classifiedCorrectFN: 8 
classifiedFalseFN: 106
BestModel_byUncertainty ..so far  RESULTS: 

Results for this epoch: 
Acc: 0.0702
Uncertainty: 0.9669230580329895
Loading model ./results/models/ResNet18OFFICE_W_crossEntropyPretrained/06.pth
TP: 0 FP: 0
FN: 114 TN: 0
classifiedCorrectFN: 8 
classifiedFalseFN: 106
BestModel_byUncertainty ..so far  RESULTS: 

Results for this epoch: 
Acc: 0.0702
Uncertainty: 0.96575528383255
Loading model ./results/models/ResNet18OFFICE_W_crossEntropyPretrained/07.pth
TP: 0 FP: 0
FN: 114 TN: 0
classifiedCorrectFN: 3 
classifiedFalseFN: 111
BestModel_byUncertainty ..so far  RESULTS: 

Results for this epoch: 
Acc: 0.0263
Uncertainty: 0.9645847678184509
Loading model ./results/models/ResNet18OFFICE_W_crossEntropyPretrained/08.pth
TP: 0 FP: 0
FN: 114 TN: 0
classifiedCorrectFN: 3 
classifiedFalseFN: 111
BestModel_byUncertainty ..so far  RESULTS: 

Results for this epoch: 
Acc: 0.0263
Uncertainty: 0.9635990262031555
Loading model ./results/models/ResNet18OFFICE_W_crossEntropyPretrained/09.pth
TP: 0 FP: 0
FN: 114 TN: 0
classifiedCorrectFN: 3 
classifiedFalseFN: 111
BestModel_byUncertainty ..so far  RESULTS: 

Results for this epoch: 
Acc: 0.0263
Uncertainty: 0.9627716541290283
Loading model ./results/models/ResNet18OFFICE_W_crossEntropyPretrained/10.pth
TP: 0 FP: 0
FN: 114 TN: 0
classifiedCorrectFN: 3 
classifiedFalseFN: 111
BestModel_byUncertainty ..so far  RESULTS: 

Results for this epoch: 
Acc: 0.0263
Uncertainty: 0.9617136120796204
Loading model ./results/models/ResNet18OFFICE_W_crossEntropyPretrained/11.pth
TP: 0 FP: 0
FN: 114 TN: 0
classifiedCorrectFN: 3 
classifiedFalseFN: 111
BestModel_byUncertainty ..so far  RESULTS: 

Results for this epoch: 
Acc: 0.0263
Uncertainty: 0.9609230756759644
Loading model ./results/models/ResNet18OFFICE_W_crossEntropyPretrained/12.pth
TP: 0 FP: 0
FN: 114 TN: 0
classifiedCorrectFN: 3 
classifiedFalseFN: 111
BestModel_byUncertainty ..so far  RESULTS: 

Results for this epoch: 
Acc: 0.0263
Uncertainty: 0.9599438905715942
Loading model ./results/models/ResNet18OFFICE_W_crossEntropyPretrained/13.pth
TP: 0 FP: 0
FN: 114 TN: 0
classifiedCorrectFN: 3 
classifiedFalseFN: 111
BestModel_byUncertainty ..so far  RESULTS: 

Results for this epoch: 
Acc: 0.0263
Uncertainty: 0.9588891267776489
Loading model ./results/models/ResNet18OFFICE_W_crossEntropyPretrained/14.pth
TP: 0 FP: 0
FN: 114 TN: 0
classifiedCorrectFN: 3 
classifiedFalseFN: 111
BestModel_byUncertainty ..so far  RESULTS: 

Results for this epoch: 
Acc: 0.0263
Uncertainty: 0.9580158591270447
Loading model ./results/models/ResNet18OFFICE_W_crossEntropyPretrained/15.pth
TP: 0 FP: 0
FN: 114 TN: 0
classifiedCorrectFN: 3 
classifiedFalseFN: 111
BestModel_byUncertainty ..so far  RESULTS: 

Results for this epoch: 
Acc: 0.0263
Uncertainty: 0.9568537473678589
Loading model ./results/models/ResNet18OFFICE_W_crossEntropyPretrained/16.pth
TP: 0 FP: 0
FN: 114 TN: 0
classifiedCorrectFN: 3 
classifiedFalseFN: 111
BestModel_byUncertainty ..so far  RESULTS: 

Results for this epoch: 
Acc: 0.0263
Uncertainty: 0.9558375477790833
Loading model ./results/models/ResNet18OFFICE_W_crossEntropyPretrained/17.pth
TP: 0 FP: 0
FN: 114 TN: 0
classifiedCorrectFN: 3 
classifiedFalseFN: 111
BestModel_byUncertainty ..so far  RESULTS: 

Results for this epoch: 
Acc: 0.0263
Uncertainty: 0.9548062086105347
Loading model ./results/models/ResNet18OFFICE_W_crossEntropyPretrained/18.pth
TP: 0 FP: 0
FN: 114 TN: 0
classifiedCorrectFN: 3 
classifiedFalseFN: 111
BestModel_byUncertainty ..so far  RESULTS: 

Results for this epoch: 
Acc: 0.0263
Uncertainty: 0.953703761100769
Loading model ./results/models/ResNet18OFFICE_W_crossEntropyPretrained/19.pth
TP: 0 FP: 0
FN: 114 TN: 0
classifiedCorrectFN: 3 
classifiedFalseFN: 111
BestModel_byUncertainty ..so far  RESULTS: 

Results for this epoch: 
Acc: 0.0263
Uncertainty: 0.9527992606163025
Loading model ./results/models/ResNet18OFFICE_W_crossEntropyPretrained/20.pth
TP: 0 FP: 0
FN: 114 TN: 0
classifiedCorrectFN: 3 
classifiedFalseFN: 111
BestModel_byUncertainty ..so far  RESULTS: 

Results for this epoch: 
Acc: 0.0263
Uncertainty: 0.9518260955810547
Loading model ./results/models/ResNet18OFFICE_W_crossEntropyPretrained/21.pth
TP: 0 FP: 0
FN: 114 TN: 0
classifiedCorrectFN: 3 
classifiedFalseFN: 111
BestModel_byUncertainty ..so far  RESULTS: 

Results for this epoch: 
Acc: 0.0263
Uncertainty: 0.9505992531776428
Loading model ./results/models/ResNet18OFFICE_W_crossEntropyPretrained/22.pth
TP: 0 FP: 0
FN: 114 TN: 0
classifiedCorrectFN: 3 
classifiedFalseFN: 111
BestModel_byUncertainty ..so far  RESULTS: 

Results for this epoch: 
Acc: 0.0263
Uncertainty: 0.9496580958366394
Loading model ./results/models/ResNet18OFFICE_W_crossEntropyPretrained/23.pth
TP: 0 FP: 0
FN: 114 TN: 0
classifiedCorrectFN: 3 
classifiedFalseFN: 111
BestModel_byUncertainty ..so far  RESULTS: 

Results for this epoch: 
Acc: 0.0263
Uncertainty: 0.948665201663971
Loading model ./results/models/ResNet18OFFICE_W_crossEntropyPretrained/24.pth
TP: 0 FP: 0
FN: 114 TN: 0
classifiedCorrectFN: 3 
classifiedFalseFN: 111
BestModel_byUncertainty ..so far  RESULTS: 

Results for this epoch: 
Acc: 0.0263
Uncertainty: 0.9476599097251892
Loading model ./results/models/ResNet18OFFICE_W_crossEntropyPretrained/best_model_byAcc.pth
TP: 0 FP: 0
FN: 114 TN: 0
classifiedCorrectFN: 8 
classifiedFalseFN: 106
Loading model ./results/models/ResNet18OFFICE_W_crossEntropyPretrained/best_model_byUncertainty.pth
TP: 114 FP: 0
FN: 0 TN: 0
classifiedCorrectFN: 0 
classifiedFalseFN: 0
BestModel_byUncertainty ..so far  RESULTS: 

Results for this epoch: 
Acc: 0.0263
Uncertainty: 0.25721415877342224
Saved the best model by Accuracy after eval./results/models/ResNet18OFFICE_W_crossEntropyPretrained/best_model_byAcc.pth 

Saved the best model by Uncertainty after eval./results/models/ResNet18OFFICE_W_crossEntropyPretrained/best_model_byUncertainty.pth 

Best Acc: 0.070175 Best uncertainty_mean: 0.25721415877342224 


Validation complete in 0m 51s
A->W
Loading model ./results/models/ResNet18OFFICE_A_crossEntropyPretrained/00.pth
TP: 0 FP: 0
FN: 191 TN: 0
classifiedCorrectFN: 12 
classifiedFalseFN: 179

BestModel_byAcc ..so far RESULTS:
BestModel_byUncertainty ..so far  RESULTS: 

Results for this epoch: 
Acc: 0.0628
Uncertainty: 0.9105357527732849
Loading model ./results/models/ResNet18OFFICE_A_crossEntropyPretrained/01.pth
TP: 0 FP: 0
FN: 191 TN: 0
classifiedCorrectFN: 9 
classifiedFalseFN: 182
BestModel_byUncertainty ..so far  RESULTS: 

Results for this epoch: 
Acc: 0.0471
Uncertainty: 0.8226521611213684
Loading model ./results/models/ResNet18OFFICE_A_crossEntropyPretrained/02.pth
TP: 0 FP: 0
FN: 191 TN: 0
classifiedCorrectFN: 9 
classifiedFalseFN: 182
BestModel_byUncertainty ..so far  RESULTS: 

Results for this epoch: 
Acc: 0.0471
Uncertainty: 0.7582312822341919
Loading model ./results/models/ResNet18OFFICE_A_crossEntropyPretrained/03.pth
TP: 0 FP: 0
FN: 191 TN: 0
classifiedCorrectFN: 9 
classifiedFalseFN: 182
BestModel_byUncertainty ..so far  RESULTS: 

Results for this epoch: 
Acc: 0.0471
Uncertainty: 0.7253268957138062
Loading model
 ./results/models/ResNet18OFFICE_A_crossEntropyPretrained/04.pth
TP: 0 FP: 0
FN: 191 TN: 0
classifiedCorrectFN: 10 
classifiedFalseFN: 181
Loading model ./results/models/ResNet18OFFICE_A_crossEntropyPretrained/05.pth
TP: 0 FP: 0
FN: 191 TN: 0
classifiedCorrectFN: 10 
classifiedFalseFN: 181
Loading model ./results/models/ResNet18OFFICE_A_crossEntropyPretrained/06.pth
TP: 0 FP: 0
FN: 191 TN: 0
classifiedCorrectFN: 11 
classifiedFalseFN: 180
Loading model ./results/models/ResNet18OFFICE_A_crossEntropyPretrained/07.pth
TP: 0 FP: 0
FN: 191 TN: 0
classifiedCorrectFN: 6 
classifiedFalseFN: 185
Loading model ./results/models/ResNet18OFFICE_A_crossEntropyPretrained/08.pth
TP: 0 FP: 0
FN: 191 TN: 0
classifiedCorrectFN: 8 
classifiedFalseFN: 183
BestModel_byUncertainty ..so far  RESULTS: 

Results for this epoch: 
Acc: 0.0419
Uncertainty: 0.7046887278556824
Loading model ./results/models/ResNet18OFFICE_A_crossEntropyPretrained/09.pth
TP: 0 FP: 0
FN: 191 TN: 0
classifiedCorrectFN: 12 
classifiedFalseFN: 179
Loading model ./results/models/ResNet18OFFICE_A_crossEntropyPretrained/10.pth
TP: 0 FP: 0
FN: 191 TN: 0
classifiedCorrectFN: 16 
classifiedFalseFN: 175

BestModel_byAcc ..so far RESULTS:
Results for this epoch: 
Acc: 0.0838
Uncertainty: 0.7564807534217834
Loading model ./results/models/ResNet18OFFICE_A_crossEntropyPretrained/11.pth
TP: 0 FP: 0
FN: 191 TN: 0
classifiedCorrectFN: 10 
classifiedFalseFN: 181
Loading model ./results/models/ResNet18OFFICE_A_crossEntropyPretrained/12.pth
TP: 0 FP: 0
FN: 191 TN: 0
classifiedCorrectFN: 9 
classifiedFalseFN: 182
Loading model ./results/models/ResNet18OFFICE_A_crossEntropyPretrained/13.pth
TP: 1 FP: 0
FN: 190 TN: 0
classifiedCorrectFN: 7 
classifiedFalseFN: 183
BestModel_byUncertainty ..so far  RESULTS: 

Results for this epoch: 
Acc: 0.0366
Uncertainty: 0.692399263381958
Loading model ./results/models/ResNet18OFFICE_A_crossEntropyPretrained/14.pth
TP: 0 FP: 0
FN: 191 TN: 0
classifiedCorrectFN: 8 
classifiedFalseFN: 183
Loading model ./results/models/ResNet18OFFICE_A_crossEntropyPretrained/15.pth
TP: 0 FP: 0
FN: 191 TN: 0
classifiedCorrectFN: 13 
classifiedFalseFN: 178
Loading model ./results/models/ResNet18OFFICE_A_crossEntropyPretrained/16.pth
TP: 2 FP: 0
FN: 189 TN: 0
classifiedCorrectFN: 4 
classifiedFalseFN: 185
Loading model ./results/models/ResNet18OFFICE_A_crossEntropyPretrained/17.pth
TP: 0 FP: 0
FN: 191 TN: 0
classifiedCorrectFN: 9 
classifiedFalseFN: 182
Loading model ./results/models/ResNet18OFFICE_A_crossEntropyPretrained/18.pth
TP: 0 FP: 0
FN: 191 TN: 0
classifiedCorrectFN: 17 
classifiedFalseFN: 174

BestModel_byAcc ..so far RESULTS:
Results for this epoch: 
Acc: 0.0890
Uncertainty: 0.7293418645858765
Loading model ./results/models/ResNet18OFFICE_A_crossEntropyPretrained/19.pth
TP: 3 FP: 0
FN: 188 TN: 0
classifiedCorrectFN: 11 
classifiedFalseFN: 177
Loading model ./results/models/ResNet18OFFICE_A_crossEntropyPretrained/20.pth
TP: 1 FP: 0
FN: 190 TN: 0
classifiedCorrectFN: 11 
classifiedFalseFN: 179
Loading model ./results/models/ResNet18OFFICE_A_crossEntropyPretrained/21.pth
TP: 0 FP: 0
FN: 191 TN: 0
classifiedCorrectFN: 15 
classifiedFalseFN: 176
Loading model ./results/models/ResNet18OFFICE_A_crossEntropyPretrained/22.pth
TP: 0 FP: 0
FN: 191 TN: 0
classifiedCorrectFN: 13 
classifiedFalseFN: 178
Loading model ./results/models/ResNet18OFFICE_A_crossEntropyPretrained/23.pth
TP: 0 FP: 0
FN: 191 TN: 0
classifiedCorrectFN: 12 
classifiedFalseFN: 179
Loading model ./results/models/ResNet18OFFICE_A_crossEntropyPretrained/24.pth
TP: 3 FP: 0
FN: 188 TN: 0
classifiedCorrectFN: 15 
classifiedFalseFN: 173
Loading model ./results/models/ResNet18OFFICE_A_crossEntropyPretrained/best_model_byAcc.pth
TP: 3 FP: 0
FN: 188 TN: 0
classifiedCorrectFN: 15 
classifiedFalseFN: 173
Loading model ./results/models/ResNet18OFFICE_A_crossEntropyPretrained/best_model_byUncertainty.pth
TP: 191 FP: 0
FN: 0 TN: 0
classifiedCorrectFN: 0 
classifiedFalseFN: 0
BestModel_byUncertainty ..so far  RESULTS: 

Results for this epoch: 
Acc: 0.0314
Uncertainty: 1.8814508848663536e-06
Saved the best model by Accuracy after eval./results/models/ResNet18OFFICE_A_crossEntropyPretrained/best_model_byAcc.pth 

Saved the best model by Uncertainty after eval./results/models/ResNet18OFFICE_A_crossEntropyPretrained/best_model_byUncertainty.pth 

Best Acc: 0.089005 Best uncertainty_mean: 1.8814508848663536e-06 


Validation complete in 0m 34s
D->W
Loading model ./results/models/ResNet18OFFICE_D_crossEntropyPretrained/00.pth
TP: 191 FP: 0
FN: 0 TN: 0
classifiedCorrectFN: 0 
classifiedFalseFN: 0

BestModel_byAcc ..so far RESULTS:
BestModel_byUncertainty ..so far  RESULTS: 

Results for this epoch: 
Acc: 0.0157
Uncertainty: 0.00034896552097052336
Loading model ./results/models/ResNet18OFFICE_D_crossEntropyPretrained/01.pth
TP: 191 FP: 0
FN: 0 TN: 0
classifiedCorrectFN: 0 
classifiedFalseFN: 0

BestModel_byAcc ..so far RESULTS:
Results for this epoch: 
Acc: 0.0524
Uncertainty: 0.002127425977960229
Loading model ./results/models/ResNet18OFFICE_D_crossEntropyPretrained/02.pth
TP: 191 FP: 0
FN: 0 TN: 0
classifiedCorrectFN: 0 
classifiedFalseFN: 0
BestModel_byUncertainty ..so far  RESULTS: 

Results for this epoch: 
Acc: 0.0157
Uncertainty: 6.260012014536187e-05
Loading model ./results/models/ResNet18OFFICE_D_crossEntropyPretrained/03.pth
TP: 1 FP: 0
FN: 190 TN: 0
classifiedCorrectFN: 9 
classifiedFalseFN: 181
Loading model ./results/models/ResNet18OFFICE_D_crossEntropyPretrained/04.pth
TP: 0 FP: 0
FN: 191 TN: 0
classifiedCorrectFN: 9 
classifiedFalseFN: 182
Loading model ./results/models/ResNet18OFFICE_D_crossEntropyPretrained/05.pth
TP: 0 FP: 0
FN: 191 TN: 0
classifiedCorrectFN: 9 
classifiedFalseFN: 182
Loading model ./results/models/ResNet18OFFICE_D_crossEntropyPretrained/06.pth
TP: 0 FP: 0
FN: 191 TN: 0
classifiedCorrectFN: 7 
classifiedFalseFN: 184
Loading model ./results/models/ResNet18OFFICE_D_crossEntropyPretrained/07.pth
TP: 0 FP: 0
FN: 191 TN: 0
classifiedCorrectFN: 7 
classifiedFalseFN: 184
Loading model ./results/models/ResNet18OFFICE_D_crossEntropyPretrained/08.pth
TP: 0 FP: 0
FN: 191 TN: 0
classifiedCorrectFN: 7 
classifiedFalseFN: 184
Loading model ./results/models/ResNet18OFFICE_D_crossEntropyPretrained/09.pth
TP: 0 FP: 0
FN: 191 TN: 0
classifiedCorrectFN: 7 
classifiedFalseFN: 184
Loading model ./results/models/ResNet18OFFICE_D_crossEntropyPretrained/10.pth
TP: 0 FP: 0
FN: 191 TN: 0
classifiedCorrectFN: 7 
classifiedFalseFN: 184
Loading model ./results/models/ResNet18OFFICE_D_crossEntropyPretrained/11.pth
TP: 0 FP: 0
FN: 191 TN: 0
classifiedCorrectFN: 7 
classifiedFalseFN: 184
Loading model ./results/models/ResNet18OFFICE_D_crossEntropyPretrained/12.pth
TP: 0 FP: 0
FN: 191 TN: 0
classifiedCorrectFN: 7 
classifiedFalseFN: 184
Loading model ./results/models/ResNet18OFFICE_D_crossEntropyPretrained/13.pth
TP: 0 FP: 0
FN: 191 TN: 0
classifiedCorrectFN: 7 
classifiedFalseFN: 184
Loading model ./results/models/ResNet18OFFICE_D_crossEntropyPretrained/14.pth
TP: 0 FP: 0
FN: 191 TN: 0
classifiedCorrectFN: 7 
classifiedFalseFN: 184
Loading model ./results/models/ResNet18OFFICE_D_crossEntropyPretrained/15.pth
TP: 0 FP: 0
FN: 191 TN: 0
classifiedCorrectFN: 7 
classifiedFalseFN: 184
Loading model ./results/models/ResNet18OFFICE_D_crossEntropyPretrained/16.pth
TP: 0 FP: 0
FN: 191 TN: 0
classifiedCorrectFN: 7 
classifiedFalseFN: 184
Loading model ./results/models/ResNet18OFFICE_D_crossEntropyPretrained/17.pth
TP: 0 FP: 0
FN: 191 TN: 0
classifiedCorrectFN: 7 
classifiedFalseFN: 184
Loading model ./results/models/ResNet18OFFICE_D_crossEntropyPretrained/18.pth
TP: 0 FP: 0
FN: 191 TN: 0
classifiedCorrectFN: 7 
classifiedFalseFN: 184
Loading model ./results/models/ResNet18OFFICE_D_crossEntropyPretrained/19.pth
TP: 0 FP: 0
FN: 191 TN: 0
classifiedCorrectFN: 7 
classifiedFalseFN: 184
Loading model ./results/models/ResNet18OFFICE_D_crossEntropyPretrained/20.pth
TP: 0 FP: 0
FN: 191 TN: 0
classifiedCorrectFN: 7 
classifiedFalseFN: 184
Loading model ./results/models/ResNet18OFFICE_D_crossEntropyPretrained/21.pth
Traceback (most recent call last):
  File "codebase/main.py", line 262, in <module>
    main()
  File "codebase/main.py", line 259, in main
    runExperiments()
  File "codebase/main.py", line 251, in runExperiments
    crossDatasetEvaluationOFFICE(train = True, criterion_name = "crossEntropy", uncertaintyThresholdRange = [0.5, 0.7, 0.2] )
  File "codebase/main.py", line 202, in crossDatasetEvaluationOFFICE
    defineExperiment(modelList_OFFICE, criterion_name=criterion_name, optimizer=optimizer, train_dataloader=dataloaders["OFFICE_D_TRAIN"], num_train_classes =31 , test_dataloader=dataloaders["OFFICE_W_TEST"], num_test_classes=31 ,train=False, pretrained =True, num_epochs = 25, uncertaintyThreshold = x)
  File "codebase/main.py", line 83, in defineExperiment
    val_acc_hist, uncertainty_histry = eval_model(modelList, test_dataloader, model_directory ,device, num_classes = num_test_classes, uncertaintyThreshold=uncertaintyThreshold, hierarchicalModelPathList =hierarchicalModelPathList)
  File "/home/user/experiments/codebase/eval.py", line 176, in eval_model
    inputs, labels, outputs, preds, running_corrects, u, u_mean, epoch_acc, epoch_uncertainty,  correctWhileStaySuper, correctWhileLeaveSuper, falseWhileStaySuper ,falseWhileLeaveSuper = calculate_results()
  File "/home/user/experiments/codebase/eval.py", line 108, in calculate_results
    for inputs,labels in dataloader:
  File "/opt/miniconda3/lib/python3.8/site-packages/torch/utils/data/dataloader.py", line 345, in __next__
    data = self._next_data()
  File "/opt/miniconda3/lib/python3.8/site-packages/torch/utils/data/dataloader.py", line 385, in _next_data
    data = self._dataset_fetcher.fetch(index)  # may raise StopIteration
  File "/opt/miniconda3/lib/python3.8/site-packages/torch/utils/data/_utils/fetch.py", line 44, in fetch
    data = [self.dataset[idx] for idx in possibly_batched_index]
  File "/opt/miniconda3/lib/python3.8/site-packages/torch/utils/data/_utils/fetch.py", line 44, in <listcomp>
    data = [self.dataset[idx] for idx in possibly_batched_index]
  File "/opt/miniconda3/lib/python3.8/site-packages/torch/utils/data/dataset.py", line 257, in __getitem__
    return self.dataset[self.indices[idx]]
  File "/opt/miniconda3/lib/python3.8/site-packages/torchvision/datasets/folder.py", line 138, in __getitem__
    sample = self.loader(path)
  File "/opt/miniconda3/lib/python3.8/site-packages/torchvision/datasets/folder.py", line 174, in default_loader
    return pil_loader(path)
  File "/opt/miniconda3/lib/python3.8/site-packages/torchvision/datasets/folder.py", line 157, in pil_loader
    return img.convert('RGB')
  File "/opt/miniconda3/lib/python3.8/site-packages/PIL/Image.py", line 904, in convert
    self.load()
  File "/opt/miniconda3/lib/python3.8/site-packages/PIL/ImageFile.py", line 255, in load
    n, err_code = decoder.decode(b)
KeyboardInterrupt
