running...
Downloading: "https://download.pytorch.org/models/resnet18-5c106cde.pth" to /home/user/.cache/torch/checkpoints/resnet18-5c106cde.pth
  0%|          | 0.00/44.7M [00:00<?, ?B/s] 11%|█         | 4.77M/44.7M [00:00<00:00, 50.0MB/s] 39%|███▉      | 17.5M/44.7M [00:00<00:00, 99.2MB/s] 64%|██████▍   | 28.7M/44.7M [00:00<00:00, 107MB/s]  89%|████████▉ | 39.9M/44.7M [00:00<00:00, 111MB/s]100%|██████████| 44.7M/44.7M [00:00<00:00, 106MB/s]Files already downloaded and verified
Files already downloaded and verified
Files already downloaded and verified
OFFICE CROSSDATA
uncertaintyThreshold:0.5
A->A
im using:cuda:0
Epoch 0/24
----------
Loss: 3.5312 Acc: 0.0562 Uncertainty_mean: 0.9662 
Saved: ./results/models/ResNet18OFFICE_A_crossEntropyPretrained/00.pth

Epoch 1/24
----------
Loss: 3.1959 Acc: 0.1143 Uncertainty_mean: 0.9695 
Saved: ./results/models/ResNet18OFFICE_A_crossEntropyPretrained/01.pth

Epoch 2/24
----------
Loss: 2.9396 Acc: 0.1757 Uncertainty_mean: 0.9545 
Saved: ./results/models/ResNet18OFFICE_A_crossEntropyPretrained/02.pth

Epoch 3/24
----------
Loss: 2.7194 Acc: 0.2348 Uncertainty_mean: 0.9369 
Saved: ./results/models/ResNet18OFFICE_A_crossEntropyPretrained/03.pth

Epoch 4/24
----------
Loss: 2.5711 Acc: 0.2789 Uncertainty_mean: 0.8665 
Saved: ./results/models/ResNet18OFFICE_A_crossEntropyPretrained/04.pth

Epoch 5/24
----------
Loss: 2.4386 Acc: 0.3154 Uncertainty_mean: 0.9148 
Saved: ./results/models/ResNet18OFFICE_A_crossEntropyPretrained/05.pth

Epoch 6/24
----------
Loss: 2.2897 Acc: 0.3533 Uncertainty_mean: 0.8834 
Saved: ./results/models/ResNet18OFFICE_A_crossEntropyPretrained/06.pth

Epoch 7/24
----------
Loss: 2.1414 Acc: 0.4013 Uncertainty_mean: 0.8283 
Saved: ./results/models/ResNet18OFFICE_A_crossEntropyPretrained/07.pth

Epoch 8/24
----------
Loss: 1.9925 Acc: 0.4460 Uncertainty_mean: 0.9211 
Saved: ./results/models/ResNet18OFFICE_A_crossEntropyPretrained/08.pth

Epoch 9/24
----------
Loss: 1.8151 Acc: 0.4926 Uncertainty_mean: 0.8915 
Saved: ./results/models/ResNet18OFFICE_A_crossEntropyPretrained/09.pth

Epoch 10/24
----------
Loss: 1.6851 Acc: 0.5228 Uncertainty_mean: 0.8794 
Saved: ./results/models/ResNet18OFFICE_A_crossEntropyPretrained/10.pth

Epoch 11/24
----------
Loss: 1.5034 Acc: 0.5708 Uncertainty_mean: 0.9107 
Saved: ./results/models/ResNet18OFFICE_A_crossEntropyPretrained/11.pth

Epoch 12/24
----------
Loss: 1.3600 Acc: 0.6111 Uncertainty_mean: 0.8652 
Saved: ./results/models/ResNet18OFFICE_A_crossEntropyPretrained/12.pth

Epoch 13/24
----------
Loss: 1.1533 Acc: 0.6620 Uncertainty_mean: 0.9263 
Saved: ./results/models/ResNet18OFFICE_A_crossEntropyPretrained/13.pth

Epoch 14/24
----------
Loss: 1.0163 Acc: 0.7028 Uncertainty_mean: 0.8965 
Saved: ./results/models/ResNet18OFFICE_A_crossEntropyPretrained/14.pth

Epoch 15/24
----------
Loss: 0.7966 Acc: 0.7580 Uncertainty_mean: 0.9043 
Saved: ./results/models/ResNet18OFFICE_A_crossEntropyPretrained/15.pth

Epoch 16/24
----------
Loss: 0.6387 Acc: 0.8080 Uncertainty_mean: 0.8984 
Saved: ./results/models/ResNet18OFFICE_A_crossEntropyPretrained/16.pth

Epoch 17/24
----------
Loss: 0.5287 Acc: 0.8435 Uncertainty_mean: 0.9722 
Saved: ./results/models/ResNet18OFFICE_A_crossEntropyPretrained/17.pth

Epoch 18/24
----------
Loss: 0.4183 Acc: 0.8814 Uncertainty_mean: 0.8909 
Saved: ./results/models/ResNet18OFFICE_A_crossEntropyPretrained/18.pth

Epoch 19/24
----------
Loss: 0.3193 Acc: 0.9011 Uncertainty_mean: 0.8640 
Saved: ./results/models/ResNet18OFFICE_A_crossEntropyPretrained/19.pth

Epoch 20/24
----------
Loss: 0.1997 Acc: 0.9458 Uncertainty_mean: 0.8833 
Saved: ./results/models/ResNet18OFFICE_A_crossEntropyPretrained/20.pth

Epoch 21/24
----------
Loss: 0.2283 Acc: 0.9304 Uncertainty_mean: 0.9553 
Saved: ./results/models/ResNet18OFFICE_A_crossEntropyPretrained/21.pth

Epoch 22/24
----------
Loss: 0.2529 Acc: 0.9217 Uncertainty_mean: 0.8867 
Saved: ./results/models/ResNet18OFFICE_A_crossEntropyPretrained/22.pth

Epoch 23/24
----------
Loss: 0.1707 Acc: 0.9467 Uncertainty_mean: 0.8568 
Saved: ./results/models/ResNet18OFFICE_A_crossEntropyPretrained/23.pth

Epoch 24/24
----------
Loss: 0.1440 Acc: 0.9544 Uncertainty_mean: 0.8845 
Saved: ./results/models/ResNet18OFFICE_A_crossEntropyPretrained/24.pth

Training complete in 5m 5s
Best Acc: 0.954393 Best Uncertainty: 0.828312
Loading model ./results/models/ResNet18OFFICE_A_crossEntropyPretrained/00.pth
TP: 1 FP: 0
FN: 733 TN: 0
classifiedCorrectFN: 58 
classifiedFalseFN: 675

BestModel_byAcc ..so far RESULTS:
BestModel_byUncertainty ..so far  RESULTS: 

Results for this epoch: 
Acc: 0.0790
Uncertainty: 0.937484622001648
Loading model ./results/models/ResNet18OFFICE_A_crossEntropyPretrained/01.pth
TP: 1 FP: 0
FN: 733 TN: 0
classifiedCorrectFN: 144 
classifiedFalseFN: 589

BestModel_byAcc ..so far RESULTS:
BestModel_byUncertainty ..so far  RESULTS: 

Results for this epoch: 
Acc: 0.1962
Uncertainty: 0.8675775527954102
Loading model ./results/models/ResNet18OFFICE_A_crossEntropyPretrained/02.pth
TP: 3 FP: 0
FN: 731 TN: 0
classifiedCorrectFN: 136 
classifiedFalseFN: 595
BestModel_byUncertainty ..so far  RESULTS: 

Results for this epoch: 
Acc: 0.1880
Uncertainty: 0.8510534167289734
Loading model ./results/models/ResNet18OFFICE_A_crossEntropyPretrained/03.pth
TP: 0 FP: 0
FN: 734 TN: 0
classifiedCorrectFN: 124 
classifiedFalseFN: 610
BestModel_byUncertainty ..so far  RESULTS: 

Results for this epoch: 
Acc: 0.1689
Uncertainty: 0.7553107142448425
Loading model ./results/models/ResNet18OFFICE_A_crossEntropyPretrained/04.pth
TP: 0 FP: 0
FN: 734 TN: 0
classifiedCorrectFN: 219 
classifiedFalseFN: 515

BestModel_byAcc ..so far RESULTS:
Results for this epoch: 
Acc: 0.2984
Uncertainty: 0.7678219676017761
Loading model ./results/models/ResNet18OFFICE_A_crossEntropyPretrained/05.pth
TP: 0 FP: 0
FN: 734 TN: 0
classifiedCorrectFN: 253 
classifiedFalseFN: 481

BestModel_byAcc ..so far RESULTS:
Results for this epoch: 
Acc: 0.3447
Uncertainty: 0.7813725471496582
Loading model ./results/models/ResNet18OFFICE_A_crossEntropyPretrained/06.pth
TP: 5 FP: 0
FN: 729 TN: 0
classifiedCorrectFN: 219 
classifiedFalseFN: 510
Loading model ./results/models/ResNet18OFFICE_A_crossEntropyPretrained/07.pth
TP: 0 FP: 0
FN: 734 TN: 0
classifiedCorrectFN: 314 
classifiedFalseFN: 420

BestModel_byAcc ..so far RESULTS:
Results for this epoch: 
Acc: 0.4278
Uncertainty: 0.8474330902099609
Loading model ./results/models/ResNet18OFFICE_A_crossEntropyPretrained/08.pth
TP: 1 FP: 0
FN: 733 TN: 0
classifiedCorrectFN: 288 
classifiedFalseFN: 445
Loading model ./results/models/ResNet18OFFICE_A_crossEntropyPretrained/09.pth
TP: 0 FP: 0
FN: 734 TN: 0
classifiedCorrectFN: 302 
classifiedFalseFN: 432
Loading model ./results/models/ResNet18OFFICE_A_crossEntropyPretrained/10.pth
TP: 0 FP: 0
FN: 734 TN: 0
classifiedCorrectFN: 326 
classifiedFalseFN: 408

BestModel_byAcc ..so far RESULTS:
Results for this epoch: 
Acc: 0.4441
Uncertainty: 0.8551396131515503
Loading model ./results/models/ResNet18OFFICE_A_crossEntropyPretrained/11.pth
TP: 0 FP: 0
FN: 734 TN: 0
classifiedCorrectFN: 367 
classifiedFalseFN: 367

BestModel_byAcc ..so far RESULTS:
Results for this epoch: 
Acc: 0.5000
Uncertainty: 0.843510091304779
Loading model ./results/models/ResNet18OFFICE_A_crossEntropyPretrained/12.pth
TP: 0 FP: 0
FN: 734 TN: 0
classifiedCorrectFN: 358 
classifiedFalseFN: 376
Loading model ./results/models/ResNet18OFFICE_A_crossEntropyPretrained/13.pth
TP: 2 FP: 0
FN: 732 TN: 0
classifiedCorrectFN: 357 
classifiedFalseFN: 375
Loading model ./results/models/ResNet18OFFICE_A_crossEntropyPretrained/14.pth
TP: 0 FP: 0
FN: 734 TN: 0
classifiedCorrectFN: 364 
classifiedFalseFN: 370
Loading model ./results/models/ResNet18OFFICE_A_crossEntropyPretrained/15.pth
TP: 18 FP: 0
FN: 716 TN: 0
classifiedCorrectFN: 317 
classifiedFalseFN: 399
Loading model ./results/models/ResNet18OFFICE_A_crossEntropyPretrained/16.pth
TP: 0 FP: 0
FN: 734 TN: 0
classifiedCorrectFN: 367 
classifiedFalseFN: 367
Loading model ./results/models/ResNet18OFFICE_A_crossEntropyPretrained/17.pth
TP: 2 FP: 0
FN: 732 TN: 0
classifiedCorrectFN: 373 
classifiedFalseFN: 359

BestModel_byAcc ..so far RESULTS:
Results for this epoch: 
Acc: 0.5095
Uncertainty: 0.85594642162323
Loading model ./results/models/ResNet18OFFICE_A_crossEntropyPretrained/18.pth
TP: 0 FP: 0
FN: 734 TN: 0
classifiedCorrectFN: 375 
classifiedFalseFN: 359

BestModel_byAcc ..so far RESULTS:
Results for this epoch: 
Acc: 0.5109
Uncertainty: 0.8141679167747498
Loading model ./results/models/ResNet18OFFICE_A_crossEntropyPretrained/19.pth
TP: 1 FP: 0
FN: 733 TN: 0
classifiedCorrectFN: 364 
classifiedFalseFN: 369
Loading model ./results/models/ResNet18OFFICE_A_crossEntropyPretrained/20.pth
TP: 8 FP: 0
FN: 726 TN: 0
classifiedCorrectFN: 385 
classifiedFalseFN: 341

BestModel_byAcc ..so far RESULTS:
Results for this epoch: 
Acc: 0.5327
Uncertainty: 0.9002477526664734
Loading model ./results/models/ResNet18OFFICE_A_crossEntropyPretrained/21.pth
TP: 2 FP: 0
FN: 732 TN: 0
classifiedCorrectFN: 367 
classifiedFalseFN: 365
Loading model ./results/models/ResNet18OFFICE_A_crossEntropyPretrained/22.pth
TP: 3 FP: 0
FN: 731 TN: 0
classifiedCorrectFN: 339 
classifiedFalseFN: 392
Loading model ./results/models/ResNet18OFFICE_A_crossEntropyPretrained/23.pth
TP: 7 FP: 0
FN: 727 TN: 0
classifiedCorrectFN: 400 
classifiedFalseFN: 327

BestModel_byAcc ..so far RESULTS:
Results for this epoch: 
Acc: 0.5545
Uncertainty: 0.8924367427825928
Loading model ./results/models/ResNet18OFFICE_A_crossEntropyPretrained/24.pth
TP: 3 FP: 0
FN: 731 TN: 0
classifiedCorrectFN: 399 
classifiedFalseFN: 332
Loading model ./results/models/ResNet18OFFICE_A_crossEntropyPretrained/best_model_byAcc.pth
TP: 7 FP: 0
FN: 727 TN: 0
classifiedCorrectFN: 639 
classifiedFalseFN: 88

BestModel_byAcc ..so far RESULTS:
BestModel_byUncertainty ..so far  RESULTS: 

Results for this epoch: 
Acc: 0.8787
Uncertainty: 0.6974549293518066
Loading model ./results/models/ResNet18OFFICE_A_crossEntropyPretrained/best_model_byUncertainty.pth
TP: 734 FP: 0
FN: 0 TN: 0
classifiedCorrectFN: 0 
classifiedFalseFN: 0
BestModel_byUncertainty ..so far  RESULTS: 

Results for this epoch: 
Acc: 0.0245
Uncertainty: 1.8385699149803258e-06
Saved the best model by Accuracy after eval./results/models/ResNet18OFFICE_A_crossEntropyPretrained/best_model_byAcc.pth 

Saved the best model by Uncertainty after eval./results/models/ResNet18OFFICE_A_crossEntropyPretrained/best_model_byUncertainty.pth 

Best Acc: 0.878747 Best uncertainty_mean: 1.8385699149803258e-06 


Validation complete in 1m 20s
D->D
im using:cuda:0
Epoch 0/24
----------
Loss: 34030.2262 Acc: 0.0568 Uncertainty_mean: 0.0025 
Saved: ./results/models/ResNet18OFFICE_D_crossEntropyPretrained/00.pth

Epoch 1/24
----------
Loss: 353076026.8071 Acc: 0.0233 Uncertainty_mean: 0.9717 
Saved: ./results/models/ResNet18OFFICE_D_crossEntropyPretrained/01.pth

Epoch 2/24
----------
Loss: 473316320907.5565 Acc: 0.0336 Uncertainty_mean: 0.9726 
Saved: ./results/models/ResNet18OFFICE_D_crossEntropyPretrained/02.pth

Epoch 3/24
----------
Loss: 3.4264 Acc: 0.0439 Uncertainty_mean: 0.9715 
Saved: ./results/models/ResNet18OFFICE_D_crossEntropyPretrained/03.pth

Epoch 4/24
----------
Loss: 3.4233 Acc: 0.0620 Uncertainty_mean: 0.9692 
Saved: ./results/models/ResNet18OFFICE_D_crossEntropyPretrained/04.pth

Epoch 5/24
----------
Loss: 3.4202 Acc: 0.0620 Uncertainty_mean: 0.9676 
Saved: ./results/models/ResNet18OFFICE_D_crossEntropyPretrained/05.pth

Epoch 6/24
----------
Loss: 3.4177 Acc: 0.0620 Uncertainty_mean: 0.9660 
Saved: ./results/models/ResNet18OFFICE_D_crossEntropyPretrained/06.pth

Epoch 7/24
----------
Loss: 3.4152 Acc: 0.0620 Uncertainty_mean: 0.9640 
Saved: ./results/models/ResNet18OFFICE_D_crossEntropyPretrained/07.pth

Epoch 8/24
----------
Loss: 3.4130 Acc: 0.0620 Uncertainty_mean: 0.9616 
Saved: ./results/models/ResNet18OFFICE_D_crossEntropyPretrained/08.pth

Epoch 9/24
----------
Loss: 3.4109 Acc: 0.0620 Uncertainty_mean: 0.9597 
Saved: ./results/models/ResNet18OFFICE_D_crossEntropyPretrained/09.pth

Epoch 10/24
----------
Loss: 3.4087 Acc: 0.0620 Uncertainty_mean: 0.9578 
Saved: ./results/models/ResNet18OFFICE_D_crossEntropyPretrained/10.pth

Epoch 11/24
----------
Loss: 3.4069 Acc: 0.0620 Uncertainty_mean: 0.9560 
Saved: ./results/models/ResNet18OFFICE_D_crossEntropyPretrained/11.pth

Epoch 12/24
----------
Loss: 3.4050 Acc: 0.0620 Uncertainty_mean: 0.9540 
Saved: ./results/models/ResNet18OFFICE_D_crossEntropyPretrained/12.pth

Epoch 13/24
----------
Loss: 3.4034 Acc: 0.0620 Uncertainty_mean: 0.9524 
Saved: ./results/models/ResNet18OFFICE_D_crossEntropyPretrained/13.pth

Epoch 14/24
----------
Loss: 3.4020 Acc: 0.0620 Uncertainty_mean: 0.9506 
Saved: ./results/models/ResNet18OFFICE_D_crossEntropyPretrained/14.pth

Epoch 15/24
----------
Loss: 3.4005 Acc: 0.0620 Uncertainty_mean: 0.9488 
Saved: ./results/models/ResNet18OFFICE_D_crossEntropyPretrained/15.pth

Epoch 16/24
----------
Loss: 3.3992 Acc: 0.0620 Uncertainty_mean: 0.9472 
Saved: ./results/models/ResNet18OFFICE_D_crossEntropyPretrained/16.pth

Epoch 17/24
----------
Loss: 3.3978 Acc: 0.0620 Uncertainty_mean: 0.9455 
Saved: ./results/models/ResNet18OFFICE_D_crossEntropyPretrained/17.pth

Epoch 18/24
----------
Loss: 3.3968 Acc: 0.0620 Uncertainty_mean: 0.9440 
Saved: ./results/models/ResNet18OFFICE_D_crossEntropyPretrained/18.pth

Epoch 19/24
----------
Loss: 3.3955 Acc: 0.0620 Uncertainty_mean: 0.9428 
Saved: ./results/models/ResNet18OFFICE_D_crossEntropyPretrained/19.pth

Epoch 20/24
----------
Loss: 3.3945 Acc: 0.0620 Uncertainty_mean: 0.9411 
Saved: ./results/models/ResNet18OFFICE_D_crossEntropyPretrained/20.pth

Epoch 21/24
----------
Loss: 3.3934 Acc: 0.0620 Uncertainty_mean: 0.9401 
Saved: ./results/models/ResNet18OFFICE_D_crossEntropyPretrained/21.pth

Epoch 22/24
----------
Loss: 3.3926 Acc: 0.0620 Uncertainty_mean: 0.9386 
Saved: ./results/models/ResNet18OFFICE_D_crossEntropyPretrained/22.pth

Epoch 23/24
----------
Loss: 3.3916 Acc: 0.0620 Uncertainty_mean: 0.9375 
Saved: ./results/models/ResNet18OFFICE_D_crossEntropyPretrained/23.pth

Epoch 24/24
----------
Loss: 3.3909 Acc: 0.0620 Uncertainty_mean: 0.9365 
Saved: ./results/models/ResNet18OFFICE_D_crossEntropyPretrained/24.pth

Training complete in 3m 21s
Best Acc: 0.062016 Best Uncertainty: 0.002455
Loading model ./results/models/ResNet18OFFICE_D_crossEntropyPretrained/00.pth
TP: 111 FP: 0
FN: 0 TN: 0
classifiedCorrectFN: 0 
classifiedFalseFN: 0

BestModel_byAcc ..so far RESULTS:
BestModel_byUncertainty ..so far  RESULTS: 

Results for this epoch: 
Acc: 0.0270
Uncertainty: 0.0027620105538517237
Loading model ./results/models/ResNet18OFFICE_D_crossEntropyPretrained/01.pth
TP: 0 FP: 0
FN: 111 TN: 0
classifiedCorrectFN: 1 
classifiedFalseFN: 110
Loading model ./results/models/ResNet18OFFICE_D_crossEntropyPretrained/02.pth
TP: 0 FP: 0
FN: 111 TN: 0
classifiedCorrectFN: 1 
classifiedFalseFN: 110
Loading model ./results/models/ResNet18OFFICE_D_crossEntropyPretrained/03.pth
TP: 0 FP: 0
FN: 111 TN: 0
classifiedCorrectFN: 7 
classifiedFalseFN: 104

BestModel_byAcc ..so far RESULTS:
Results for this epoch: 
Acc: 0.0631
Uncertainty: 0.9714478254318237
Loading model ./results/models/ResNet18OFFICE_D_crossEntropyPretrained/04.pth
TP: 0 FP: 0
FN: 111 TN: 0
classifiedCorrectFN: 7 
classifiedFalseFN: 104
Loading model ./results/models/ResNet18OFFICE_D_crossEntropyPretrained/05.pth
TP: 0 FP: 0
FN: 111 TN: 0
classifiedCorrectFN: 7 
classifiedFalseFN: 104
Loading model ./results/models/ResNet18OFFICE_D_crossEntropyPretrained/06.pth
TP: 0 FP: 0
FN: 111 TN: 0
classifiedCorrectFN: 7 
classifiedFalseFN: 104
Loading model ./results/models/ResNet18OFFICE_D_crossEntropyPretrained/07.pth
TP: 0 FP: 0
FN: 111 TN: 0
classifiedCorrectFN: 7 
classifiedFalseFN: 104
Loading model ./results/models/ResNet18OFFICE_D_crossEntropyPretrained/08.pth
TP: 0 FP: 0
FN: 111 TN: 0
classifiedCorrectFN: 7 
classifiedFalseFN: 104
Loading model ./results/models/ResNet18OFFICE_D_crossEntropyPretrained/09.pth
TP: 0 FP: 0
FN: 111 TN: 0
classifiedCorrectFN: 7 
classifiedFalseFN: 104
Loading model ./results/models/ResNet18OFFICE_D_crossEntropyPretrained/10.pth
TP: 0 FP: 0
FN: 111 TN: 0
classifiedCorrectFN: 7 
classifiedFalseFN: 104
Loading model ./results/models/ResNet18OFFICE_D_crossEntropyPretrained/11.pth
TP: 0 FP: 0
FN: 111 TN: 0
classifiedCorrectFN: 7 
classifiedFalseFN: 104
Loading model ./results/models/ResNet18OFFICE_D_crossEntropyPretrained/12.pth
TP: 0 FP: 0
FN: 111 TN: 0
classifiedCorrectFN: 7 
classifiedFalseFN: 104
Loading model ./results/models/ResNet18OFFICE_D_crossEntropyPretrained/13.pth
TP: 0 FP: 0
FN: 111 TN: 0
classifiedCorrectFN: 7 
classifiedFalseFN: 104
Loading model ./results/models/ResNet18OFFICE_D_crossEntropyPretrained/14.pth
TP: 0 FP: 0
FN: 111 TN: 0
classifiedCorrectFN: 7 
classifiedFalseFN: 104

Loading model ./results/models/ResNet18OFFICE_D_crossEntropyPretrained/15.pth
TP: 0 FP: 0
FN: 111 TN: 0
classifiedCorrectFN: 7 
classifiedFalseFN: 104
Loading model ./results/models/ResNet18OFFICE_D_crossEntropyPretrained/16.pth
TP: 0 FP: 0
FN: 111 TN: 0
classifiedCorrectFN: 7 
classifiedFalseFN: 104
Loading model ./results/models/ResNet18OFFICE_D_crossEntropyPretrained/17.pth
TP: 0 FP: 0
FN: 111 TN: 0
classifiedCorrectFN: 7 
classifiedFalseFN: 104
Loading model ./results/models/ResNet18OFFICE_D_crossEntropyPretrained/18.pth
TP: 0 FP: 0
FN: 111 TN: 0
classifiedCorrectFN: 7 
classifiedFalseFN: 104
Loading model ./results/models/ResNet18OFFICE_D_crossEntropyPretrained/19.pth
TP: 0 FP: 0
FN: 111 TN: 0
classifiedCorrectFN: 7 
classifiedFalseFN: 104
Loading model ./results/models/ResNet18OFFICE_D_crossEntropyPretrained/20.pth
TP: 0 FP: 0
FN: 111 TN: 0
classifiedCorrectFN: 7 
classifiedFalseFN: 104
Loading model ./results/models/ResNet18OFFICE_D_crossEntropyPretrained/21.pth
TP: 0 FP: 0
FN: 111 TN: 0
classifiedCorrectFN: 7 
classifiedFalseFN: 104
Loading model ./results/models/ResNet18OFFICE_D_crossEntropyPretrained/22.pth
TP: 0 FP: 0
FN: 111 TN: 0
classifiedCorrectFN: 7 
classifiedFalseFN: 104
Loading model ./results/models/ResNet18OFFICE_D_crossEntropyPretrained/23.pth
TP: 0 FP: 0
FN: 111 TN: 0
classifiedCorrectFN: 7 
classifiedFalseFN: 104
Loading model ./results/models/ResNet18OFFICE_D_crossEntropyPretrained/24.pth
TP: 0 FP: 0
FN: 111 TN: 0
classifiedCorrectFN: 7 
classifiedFalseFN: 104
Loading model ./results/models/ResNet18OFFICE_D_crossEntropyPretrained/best_model_byAcc.pth
TP: 0 FP: 0
FN: 111 TN: 0
classifiedCorrectFN: 7 
classifiedFalseFN: 104
Loading model ./results/models/ResNet18OFFICE_D_crossEntropyPretrained/best_model_byUncertainty.pth
TP: 111 FP: 0
FN: 0 TN: 0
classifiedCorrectFN: 0 
classifiedFalseFN: 0
BestModel_byUncertainty ..so far  RESULTS: 

Results for this epoch: 
Acc: 0.0541
Uncertainty: 8.981639794459235e-19
Saved the best model by Accuracy after eval./results/models/ResNet18OFFICE_D_crossEntropyPretrained/best_model_byAcc.pth 

Saved the best model by Uncertainty after eval./results/models/ResNet18OFFICE_D_crossEntropyPretrained/best_model_byUncertainty.pth 

Best Acc: 0.063063 Best uncertainty_mean: 8.981639794459235e-19 


Validation complete in 0m 55s
W->W
im using:cuda:0
Epoch 0/24
----------
Loss: 18248511940401076.0000 Acc: 0.0375 Uncertainty_mean: 0.9693 
Saved: ./results/models/ResNet18OFFICE_W_crossEntropyPretrained/00.pth

Epoch 1/24
----------
Loss: 3.4274 Acc: 0.0375 Uncertainty_mean: 0.9676 
Saved: ./results/models/ResNet18OFFICE_W_crossEntropyPretrained/01.pth

Epoch 2/24
----------
Loss: 3.4235 Acc: 0.0375 Uncertainty_mean: 0.9655 
Saved: ./results/models/ResNet18OFFICE_W_crossEntropyPretrained/02.pth

Epoch 3/24
----------
Loss: 3.4200 Acc: 0.0375 Uncertainty_mean: 0.9632 
Saved: ./results/models/ResNet18OFFICE_W_crossEntropyPretrained/03.pth

Epoch 4/24
----------
Traceback (most recent call last):
  File "codebase/main.py", line 262, in <module>
    main()
  File "codebase/main.py", line 259, in main
    runExperiments()
  File "codebase/main.py", line 251, in runExperiments
    crossDatasetEvaluationOFFICE(train = True, criterion_name = "crossEntropy", uncertaintyThresholdRange = [0.5, 0.7, 0.2] )
  File "codebase/main.py", line 183, in crossDatasetEvaluationOFFICE
    defineExperiment(modelList_OFFICE, criterion_name=criterion_name, optimizer=optimizer, train_dataloader=dataloaders["OFFICE_W_TRAIN"], num_train_classes =31 , test_dataloader=dataloaders["OFFICE_W_TEST"], num_test_classes=31 ,train=True, pretrained =True, num_epochs = 25, uncertaintyThreshold = x)    
  File "codebase/main.py", line 78, in defineExperiment
    train_acc_hist, train_loss_hist , train_uncertainty_hist = train_model(model, train_dataloader, num_classes =num_train_classes, criterion= criterion, optimizer=optimizer, model_directory= model_directory, device=device , num_epochs=num_epochs, uncertainty=uncertainty)
  File "/home/user/experiments/codebase/train.py", line 32, in train_model
    for inputs, labels in dataloader:
  File "/opt/miniconda3/lib/python3.8/site-packages/torch/utils/data/dataloader.py", line 345, in __next__
    data = self._next_data()
  File "/opt/miniconda3/lib/python3.8/site-packages/torch/utils/data/dataloader.py", line 385, in _next_data
    data = self._dataset_fetcher.fetch(index)  # may raise StopIteration
  File "/opt/miniconda3/lib/python3.8/site-packages/torch/utils/data/_utils/fetch.py", line 44, in fetch
    data = [self.dataset[idx] for idx in possibly_batched_index]
  File "/opt/miniconda3/lib/python3.8/site-packages/torch/utils/data/_utils/fetch.py", line 44, in <listcomp>
    data = [self.dataset[idx] for idx in possibly_batched_index]
  File "/opt/miniconda3/lib/python3.8/site-packages/torch/utils/data/dataset.py", line 257, in __getitem__
    return self.dataset[self.indices[idx]]
  File "/opt/miniconda3/lib/python3.8/site-packages/torchvision/datasets/folder.py", line 138, in __getitem__
    sample = self.loader(path)
  File "/opt/miniconda3/lib/python3.8/site-packages/torchvision/datasets/folder.py", line 174, in default_loader
    return pil_loader(path)
  File "/opt/miniconda3/lib/python3.8/site-packages/torchvision/datasets/folder.py", line 157, in pil_loader
    return img.convert('RGB')
  File "/opt/miniconda3/lib/python3.8/site-packages/PIL/Image.py", line 904, in convert
    self.load()
  File "/opt/miniconda3/lib/python3.8/site-packages/PIL/ImageFile.py", line 255, in load
    n, err_code = decoder.decode(b)
KeyboardInterrupt
