running...
Downloading: "https://download.pytorch.org/models/resnet18-5c106cde.pth" to /home/user/.cache/torch/checkpoints/resnet18-5c106cde.pth
  0%|          | 0.00/44.7M [00:00<?, ?B/s] 10%|█         | 4.62M/44.7M [00:00<00:00, 48.4MB/s] 21%|██▏       | 9.56M/44.7M [00:00<00:00, 50.1MB/s] 34%|███▎      | 15.1M/44.7M [00:00<00:00, 53.4MB/s] 45%|████▌     | 20.2M/44.7M [00:00<00:00, 50.3MB/s] 56%|█████▋    | 25.2M/44.7M [00:00<00:00, 51.2MB/s] 68%|██████▊   | 30.3M/44.7M [00:00<00:00, 51.9MB/s] 79%|███████▉  | 35.3M/44.7M [00:00<00:00, 50.5MB/s] 90%|████████▉ | 40.1M/44.7M [00:00<00:00, 47.9MB/s]100%|██████████| 44.7M/44.7M [00:00<00:00, 49.9MB/s]Files already downloaded and verified
Files already downloaded and verified
Files already downloaded and verified
COARSE START

Loading model ./results/models/ResNet18CIFAR100_coarse_labels_crossEntropyPretrained/00.pth


BestModel_byAcc ..so far RESULTS:
BestModel_byUncertainty ..so far  RESULTS: 

Results for this epoch: 
Acc: 0.2909
Uncertainty: 0.6235430836677551
Loading model ./results/models/ResNet18CIFAR100_coarse_labels_crossEntropyPretrained/01.pth

BestModel_byAcc ..so far RESULTS:
Results for this epoch: 
Acc: 0.4054
Uncertainty: 0.692861020565033
Loading model ./results/models/ResNet18CIFAR100_coarse_labels_crossEntropyPretrained/02.pth

BestModel_byAcc ..so far RESULTS:
Results for this epoch: 
Acc: 0.4489
Uncertainty: 0.7146487236022949
Loading model ./results/models/ResNet18CIFAR100_coarse_labels_crossEntropyPretrained/03.pth

BestModel_byAcc ..so far RESULTS:
Results for this epoch: 
Acc: 0.4940
Uncertainty: 0.7439584136009216
Loading model ./results/models/ResNet18CIFAR100_coarse_labels_crossEntropyPretrained/04.pth

BestModel_byAcc ..so far RESULTS:
Results for this epoch: 
Acc: 0.5509
Uncertainty: 0.779735803604126
Loading model ./results/models/ResNet18CIFAR100_coarse_labels_crossEntropyPretrained/05.pth

BestModel_byAcc ..so far RESULTS:
Results for this epoch: 
Acc: 0.5626
Uncertainty: 0.7315819263458252
Loading model ./results/models/ResNet18CIFAR100_coarse_labels_crossEntropyPretrained/06.pth

BestModel_byAcc ..so far RESULTS:
Results for this epoch: 
Acc: 0.5645
Uncertainty: 0.7981334924697876
Loading model ./results/models/ResNet18CIFAR100_coarse_labels_crossEntropyPretrained/07.pth

BestModel_byAcc ..so far RESULTS:
Results for this epoch: 
Acc: 0.5757
Uncertainty: 0.7903537154197693
Loading model ./results/models/ResNet18CIFAR100_coarse_labels_crossEntropyPretrained/08.pth

BestModel_byAcc ..so far RESULTS:
Results for this epoch: 
Acc: 0.5816
Uncertainty: 0.7964175343513489
Loading model ./results/models/ResNet18CIFAR100_coarse_labels_crossEntropyPretrained/09.pth
Loading model ./results/models/ResNet18CIFAR100_coarse_labels_crossEntropyPretrained/10.pth

BestModel_byAcc ..so far RESULTS:
Results for this epoch: 
Acc: 0.5819
Uncertainty: 0.8087949156761169
Loading model ./results/models/ResNet18CIFAR100_coarse_labels_crossEntropyPretrained/11.pth
Loading model ./results/models/ResNet18CIFAR100_coarse_labels_crossEntropyPretrained/12.pth
Loading model ./results/models/ResNet18CIFAR100_coarse_labels_crossEntropyPretrained/13.pth
Loading model ./results/models/ResNet18CIFAR100_coarse_labels_crossEntropyPretrained/14.pth
Loading model ./results/models/ResNet18CIFAR100_coarse_labels_crossEntropyPretrained/15.pth
Loading model ./results/models/ResNet18CIFAR100_coarse_labels_crossEntropyPretrained/16.pth
Loading model ./results/models/ResNet18CIFAR100_coarse_labels_crossEntropyPretrained/17.pth
Loading model ./results/models/ResNet18CIFAR100_coarse_labels_crossEntropyPretrained/18.pth
Loading model ./results/models/ResNet18CIFAR100_coarse_labels_crossEntropyPretrained/19.pth
Loading model ./results/models/ResNet18CIFAR100_coarse_labels_crossEntropyPretrained/20.pth
Loading model ./results/models/ResNet18CIFAR100_coarse_labels_crossEntropyPretrained/21.pth
Loading model ./results/models/ResNet18CIFAR100_coarse_labels_crossEntropyPretrained/22.pth
Loading model ./results/models/ResNet18CIFAR100_coarse_labels_crossEntropyPretrained/23.pth
Loading model ./results/models/ResNet18CIFAR100_coarse_labels_crossEntropyPretrained/24.pth
Loading model ./results/models/ResNet18CIFAR100_coarse_labels_crossEntropyPretrained/best_model_byAcc.pth

BestModel_byAcc ..so far RESULTS:
Results for this epoch: 
Acc: 0.6383
Uncertainty: 0.6284259557723999
Loading model ./results/models/ResNet18CIFAR100_coarse_labels_crossEntropyPretrained/best_model_byUncertainty.pth
BestModel_byUncertainty ..so far  RESULTS: 

Results for this epoch: 
Acc: 0.5947
Uncertainty: 0.47709372639656067
Loading model ./results/models/ResNet18CIFAR100_coarse_labels_crossEntropyPretrained/bestmodel_byAcc.pth
Saved the best model by Accuracy after eval./results/models/ResNet18CIFAR100_coarse_labels_crossEntropyPretrained/best_model_byAcc.pth 

Saved the best model by Uncertainty after eval./results/models/ResNet18CIFAR100_coarse_labels_crossEntropyPretrained/best_model_byUncertainty.pth 

Best Acc: 0.638300 Best uncertainty_mean: 0.47709372639656067 


Validation complete in 4m 37s
COARSE END

FINE START

Loading model ./results/models/ResNet18CIFAR100_fine_labels_crossEntropyPretrained/00.pth

BestModel_byAcc ..so far RESULTS:
BestModel_byUncertainty ..so far  RESULTS: 

Results for this epoch: 
Acc: 0.1696
Uncertainty: 0.863292396068573
Loading model ./results/models/ResNet18CIFAR100_fine_labels_crossEntropyPretrained/01.pth

BestModel_byAcc ..so far RESULTS:
Results for this epoch: 
Acc: 0.2688
Uncertainty: 0.873863697052002
Loading model ./results/models/ResNet18CIFAR100_fine_labels_crossEntropyPretrained/02.pth

BestModel_byAcc ..so far RESULTS:
Results for this epoch: 
Acc: 0.3368
Uncertainty: 0.8886204957962036
Loading model ./results/models/ResNet18CIFAR100_fine_labels_crossEntropyPretrained/03.pth

BestModel_byAcc ..so far RESULTS:
Results for this epoch: 
Acc: 0.3820
Uncertainty: 0.8937513828277588
Loading model ./results/models/ResNet18CIFAR100_fine_labels_crossEntropyPretrained/04.pth

BestModel_byAcc ..so far RESULTS:
Results for this epoch: 
Acc: 0.4276
Uncertainty: 0.9142617583274841
Loading model ./results/models/ResNet18CIFAR100_fine_labels_crossEntropyPretrained/05.pth

BestModel_byAcc ..so far RESULTS:
Results for this epoch: 
Acc: 0.4667
Uncertainty: 0.9261342287063599
Loading model ./results/models/ResNet18CIFAR100_fine_labels_crossEntropyPretrained/06.pth

BestModel_byAcc ..so far RESULTS:
Results for this epoch: 
Acc: 0.4693
Uncertainty: 0.9489092826843262
Loading model ./results/models/ResNet18CIFAR100_fine_labels_crossEntropyPretrained/07.pth

BestModel_byAcc ..so far RESULTS:
Results for this epoch: 
Acc: 0.4816
Uncertainty: 0.9536246061325073
Loading model ./results/models/ResNet18CIFAR100_fine_labels_crossEntropyPretrained/08.pth
Loading model ./results/models/ResNet18CIFAR100_fine_labels_crossEntropyPretrained/09.pth
Loading model ./results/models/ResNet18CIFAR100_fine_labels_crossEntropyPretrained/10.pth
Loading model ./results/models/ResNet18CIFAR100_fine_labels_crossEntropyPretrained/11.pth
Loading model ./results/models/ResNet18CIFAR100_fine_labels_crossEntropyPretrained/12.pth
Loading model ./results/models/ResNet18CIFAR100_fine_labels_crossEntropyPretrained/13.pth
Loading model ./results/models/ResNet18CIFAR100_fine_labels_crossEntropyPretrained/14.pth
Loading model ./results/models/ResNet18CIFAR100_fine_labels_crossEntropyPretrained/15.pth
Loading model ./results/models/ResNet18CIFAR100_fine_labels_crossEntropyPretrained/16.pth
Loading model ./results/models/ResNet18CIFAR100_fine_labels_crossEntropyPretrained/17.pth
Loading model ./results/models/ResNet18CIFAR100_fine_labels_crossEntropyPretrained/18.pth
Loading model ./results/models/ResNet18CIFAR100_fine_labels_crossEntropyPretrained/19.pth
Loading model ./results/models/ResNet18CIFAR100_fine_labels_crossEntropyPretrained/20.pth
Loading model ./results/models/ResNet18CIFAR100_fine_labels_crossEntropyPretrained/21.pth
Loading model ./results/models/ResNet18CIFAR100_fine_labels_crossEntropyPretrained/22.pth
Loading model ./results/models/ResNet18CIFAR100_fine_labels_crossEntropyPretrained/23.pth
Loading model ./results/models/ResNet18CIFAR100_fine_labels_crossEntropyPretrained/24.pth
Loading model ./results/models/ResNet18CIFAR100_fine_labels_crossEntropyPretrained/best_model_byAcc.pth

BestModel_byAcc ..so far RESULTS:
BestModel_byUncertainty ..so far  RESULTS: 

Results for this epoch: 
Acc: 0.6146
Uncertainty: 0.7387384176254272
Loading model ./results/models/ResNet18CIFAR100_fine_labels_crossEntropyPretrained/best_model_byUncertainty.pth
BestModel_byUncertainty ..so far  RESULTS: 

Results for this epoch: 
Acc: 0.1182
Uncertainty: 0.6966260671615601
Loading model ./results/models/ResNet18CIFAR100_fine_labels_crossEntropyPretrained/bestmodel_byAcc.pth
Saved the best model by Accuracy after eval./results/models/ResNet18CIFAR100_fine_labels_crossEntropyPretrained/best_model_byAcc.pth 

Saved the best model by Uncertainty after eval./results/models/ResNet18CIFAR100_fine_labels_crossEntropyPretrained/best_model_byUncertainty.pth 

Best Acc: 0.614600 Best uncertainty_mean: 0.6966260671615601 


Validation complete in 4m 36s
FINE END

DONE with all expretiments
