running...
Downloading: "https://download.pytorch.org/models/resnet18-5c106cde.pth" to /home/user/.cache/torch/checkpoints/resnet18-5c106cde.pth
  0%|          | 0.00/44.7M [00:00<?, ?B/s]  8%|▊         | 3.52M/44.7M [00:00<00:01, 35.1MB/s] 18%|█▊        | 8.06M/44.7M [00:00<00:00, 42.3MB/s] 27%|██▋       | 12.1M/44.7M [00:00<00:00, 36.8MB/s] 36%|███▌      | 16.1M/44.7M [00:00<00:00, 38.7MB/s] 45%|████▌     | 20.2M/44.7M [00:00<00:00, 40.0MB/s] 57%|█████▋    | 25.3M/44.7M [00:00<00:00, 44.4MB/s] 66%|██████▋   | 29.6M/44.7M [00:00<00:00, 41.0MB/s] 75%|███████▌  | 33.6M/44.7M [00:00<00:00, 35.8MB/s] 87%|████████▋ | 38.7M/44.7M [00:01<00:00, 40.3MB/s] 96%|█████████▌| 42.7M/44.7M [00:01<00:00, 40.6MB/s]100%|██████████| 44.7M/44.7M [00:01<00:00, 39.8MB/s]Files already downloaded and verified
Files already downloaded and verified
Files already downloaded and verified
CIFAT10 START

Loading model ./results/models/ResNet18CIFAR10_crossEntropyPretrained/00.pth


BestModel_byAcc ..so far RESULTS:
BestModel_byUncertainty ..so far  RESULTS: 

Results for this epoch: 
Acc: 0.5597
Uncertainty: 0.5411514043807983
Loading model ./results/models/ResNet18CIFAR10_crossEntropyPretrained/01.pth

BestModel_byAcc ..so far RESULTS:
Results for this epoch: 
Acc: 0.7401
Uncertainty: 0.5413781404495239
Loading model ./results/models/ResNet18CIFAR10_crossEntropyPretrained/02.pth

BestModel_byAcc ..so far RESULTS:
BestModel_byUncertainty ..so far  RESULTS: 

Results for this epoch: 
Acc: 0.7643
Uncertainty: 0.5301947593688965
Loading model ./results/models/ResNet18CIFAR10_crossEntropyPretrained/03.pth

BestModel_byAcc ..so far RESULTS:
Results for this epoch: 
Acc: 0.8097
Uncertainty: 0.5471588373184204
Loading model ./results/models/ResNet18CIFAR10_crossEntropyPretrained/04.pth

BestModel_byAcc ..so far RESULTS:
Results for this epoch: 
Acc: 0.8119
Uncertainty: 0.583782434463501
Loading model ./results/models/ResNet18CIFAR10_crossEntropyPretrained/05.pth

BestModel_byAcc ..so far RESULTS:
Results for this epoch: 
Acc: 0.8174
Uncertainty: 0.5496726036071777
Loading model ./results/models/ResNet18CIFAR10_crossEntropyPretrained/06.pth

BestModel_byAcc ..so far RESULTS:
Results for this epoch: 
Acc: 0.8314
Uncertainty: 0.5777263641357422
Loading model ./results/models/ResNet18CIFAR10_crossEntropyPretrained/07.pth
Loading model ./results/models/ResNet18CIFAR10_crossEntropyPretrained/08.pth
BestModel_byUncertainty ..so far  RESULTS: 

Results for this epoch: 
Acc: 0.8051
Uncertainty: 0.5208426117897034
Loading model ./results/models/ResNet18CIFAR10_crossEntropyPretrained/09.pth
Loading model ./results/models/ResNet18CIFAR10_crossEntropyPretrained/10.pth
Loading model ./results/models/ResNet18CIFAR10_crossEntropyPretrained/11.pth
BestModel_byUncertainty ..so far  RESULTS: 

Results for this epoch: 
Acc: 0.8270
Uncertainty: 0.5109457969665527
Loading model ./results/models/ResNet18CIFAR10_crossEntropyPretrained/12.pth
BestModel_byUncertainty ..so far  RESULTS: 

Results for this epoch: 
Acc: 0.8306
Uncertainty: 0.47524094581604004
Loading model ./results/models/ResNet18CIFAR10_crossEntropyPretrained/13.pth
Loading model ./results/models/ResNet18CIFAR10_crossEntropyPretrained/14.pth

BestModel_byAcc ..so far RESULTS:
Results for this epoch: 
Acc: 0.8339
Uncertainty: 0.5498288869857788
Loading model ./results/models/ResNet18CIFAR10_crossEntropyPretrained/15.pth
Loading model ./results/models/ResNet18CIFAR10_crossEntropyPretrained/16.pth
Loading model ./results/models/ResNet18CIFAR10_crossEntropyPretrained/17.pth
Loading model ./results/models/ResNet18CIFAR10_crossEntropyPretrained/18.pth
Loading model ./results/models/ResNet18CIFAR10_crossEntropyPretrained/19.pth
Loading model ./results/models/ResNet18CIFAR10_crossEntropyPretrained/20.pth
Loading model ./results/models/ResNet18CIFAR10_crossEntropyPretrained/21.pth
Loading model ./results/models/ResNet18CIFAR10_crossEntropyPretrained/22.pth
Loading model ./results/models/ResNet18CIFAR10_crossEntropyPretrained/23.pth
Loading model ./results/models/ResNet18CIFAR10_crossEntropyPretrained/24.pth
Loading model ./results/models/ResNet18CIFAR10_crossEntropyPretrained/best_model_byAcc.pth

BestModel_byAcc ..so far RESULTS:
BestModel_byUncertainty ..so far  RESULTS: 

Results for this epoch: 
Acc: 0.8453
Uncertainty: 0.46543821692466736
Loading model ./results/models/ResNet18CIFAR10_crossEntropyPretrained/best_model_byUncertainty.pth
BestModel_byUncertainty ..so far  RESULTS: 

Results for this epoch: 
Acc: 0.7969
Uncertainty: 0.3887394964694977
Loading model ./results/models/ResNet18CIFAR10_crossEntropyPretrained/bestmodel_byAcc.pth
Saved the best model by Accuracy after eval./results/models/ResNet18CIFAR10_crossEntropyPretrained/best_model_byAcc.pth 

Saved the best model by Uncertainty after eval./results/models/ResNet18CIFAR10_crossEntropyPretrained/best_model_byUncertainty.pth 

Best Acc: 0.845300 Best uncertainty_mean: 0.3887394964694977 


Validation complete in 4m 35s
CIFAR10 END

DONE with all expretiments
