running...
Downloading: "https://download.pytorch.org/models/resnet18-5c106cde.pth" to /home/user/.cache/torch/checkpoints/resnet18-5c106cde.pth
  0%|          | 0.00/44.7M [00:00<?, ?B/s] 12%|█▏        | 5.50M/44.7M [00:00<00:00, 57.2MB/s] 25%|██▍       | 11.0M/44.7M [00:00<00:00, 46.2MB/s] 35%|███▍      | 15.5M/44.7M [00:00<00:00, 44.5MB/s] 47%|████▋     | 20.8M/44.7M [00:00<00:00, 48.4MB/s] 57%|█████▋    | 25.5M/44.7M [00:00<00:00, 48.7MB/s] 69%|██████▉   | 30.8M/44.7M [00:00<00:00, 50.8MB/s] 80%|███████▉  | 35.7M/44.7M [00:00<00:00, 46.1MB/s] 90%|█████████ | 40.2M/44.7M [00:00<00:00, 44.7MB/s]100%|█████████▉| 44.5M/44.7M [00:01<00:00, 39.4MB/s]100%|██████████| 44.7M/44.7M [00:01<00:00, 44.5MB/s]Files already downloaded and verified
Files already downloaded and verified
Files already downloaded and verified
CIFAT10 START

Loading model ./results/models/ResNet18CIFAR10_crossEntropyPretrained/00.pth

Traceback (most recent call last):
  File "codebase/main.py", line 272, in <module>
    main()
  File "codebase/main.py", line 269, in main
    runExperiments()
  File "codebase/main.py", line 265, in runExperiments
    trainEvalCIFAR10(train =False, criterion_name ="crossEntropy")
  File "codebase/main.py", line 97, in trainEvalCIFAR10
    defineExperiment(modelList, criterion_name=criterion_name, optimizer=optimizer, train_dataloader=dataloaders["CIFAR10_TRAIN"], num_train_classes =10 , test_dataloader=dataloaders["CIFAR10_TEST"], num_test_classes=10 ,train=train, pretrained =True, num_epochs = 25, uncertaintyThreshold = -0.1)
  File "codebase/main.py", line 88, in defineExperiment
    val_acc_hist, uncertainty_histry = eval_model(modelList, test_dataloader, model_directory ,device, num_classes = num_test_classes, hierarchicalModelPathList =hierarchicalModelPathList , train_dataloader= train_dataloader , test_dataloader =test_dataloader)
  File "/home/user/experiments/codebase/eval.py", line 179, in eval_model
    inputs, labels, outputs, preds, running_corrects, u, u_mean, epoch_acc, epoch_uncertainty,  correctWhileStaySuper, correctWhileLeaveSuper, falseWhileStaySuper ,falseWhileLeaveSuper = calculate_results()
  File "/home/user/experiments/codebase/eval.py", line 149, in calculate_results
    u_list = u_list.append(u)
AttributeError: 'NoneType' object has no attribute 'append'
