running...
Downloading: "https://download.pytorch.org/models/resnet18-5c106cde.pth" to /home/user/.cache/torch/checkpoints/resnet18-5c106cde.pth
  0%|          | 0.00/44.7M [00:00<?, ?B/s] 12%|█▏        | 5.50M/44.7M [00:00<00:00, 57.7MB/s] 32%|███▏      | 14.4M/44.7M [00:00<00:00, 75.2MB/s] 48%|████▊     | 21.5M/44.7M [00:00<00:00, 61.9MB/s] 66%|██████▌   | 29.6M/44.7M [00:00<00:00, 69.8MB/s] 82%|████████▏ | 36.6M/44.7M [00:00<00:00, 71.0MB/s] 98%|█████████▊| 43.6M/44.7M [00:00<00:00, 71.4MB/s]100%|██████████| 44.7M/44.7M [00:00<00:00, 69.8MB/s]Files already downloaded and verified
Files already downloaded and verified
Files already downloaded and verified
COARSE START

im using:cuda:0
Epoch 0/24
----------

Loss: 2.5875 Acc: 0.1991 Uncertainty_mean: 0.6940 
Saved: ./results/models/ResNet18CIFAR100_coarse_labels_crossEntropyPretrained/00.pth

Epoch 1/24
----------
Loss: 2.1419 Acc: 0.3338 Uncertainty_mean: 0.7208 
Saved: ./results/models/ResNet18CIFAR100_coarse_labels_crossEntropyPretrained/01.pth

Epoch 2/24
----------
Loss: 1.8855 Acc: 0.4109 Uncertainty_mean: 0.7429 
Saved: ./results/models/ResNet18CIFAR100_coarse_labels_crossEntropyPretrained/02.pth

Epoch 3/24
----------
Loss: 1.6661 Acc: 0.4752 Uncertainty_mean: 0.7619 
Saved: ./results/models/ResNet18CIFAR100_coarse_labels_crossEntropyPretrained/03.pth

Epoch 4/24
----------
Loss: 1.4796 Acc: 0.5312 Uncertainty_mean: 0.7207 
Saved: ./results/models/ResNet18CIFAR100_coarse_labels_crossEntropyPretrained/04.pth

Epoch 5/24
----------
Loss: 1.3193 Acc: 0.5798 Uncertainty_mean: 0.8110 
Saved: ./results/models/ResNet18CIFAR100_coarse_labels_crossEntropyPretrained/05.pth

Epoch 6/24
----------
Loss: 1.1703 Acc: 0.6274 Uncertainty_mean: 0.7397 
Saved: ./results/models/ResNet18CIFAR100_coarse_labels_crossEntropyPretrained/06.pth

Epoch 7/24
----------
Loss: 1.0358 Acc: 0.6704 Uncertainty_mean: 0.7568 
Saved: ./results/models/ResNet18CIFAR100_coarse_labels_crossEntropyPretrained/07.pth

Epoch 8/24
----------
Loss: 0.9012 Acc: 0.7081 Uncertainty_mean: 0.7777 
Saved: ./results/models/ResNet18CIFAR100_coarse_labels_crossEntropyPretrained/08.pth

Epoch 9/24
----------
Loss: 0.7746 Acc: 0.7466 Uncertainty_mean: 0.8738 
Saved: ./results/models/ResNet18CIFAR100_coarse_labels_crossEntropyPretrained/09.pth

Epoch 10/24
----------
Loss: 0.6563 Acc: 0.7868 Uncertainty_mean: 0.8073 
Saved: ./results/models/ResNet18CIFAR100_coarse_labels_crossEntropyPretrained/10.pth

Epoch 11/24
----------
Loss: 0.5527 Acc: 0.8190 Uncertainty_mean: 0.7732 
Saved: ./results/models/ResNet18CIFAR100_coarse_labels_crossEntropyPretrained/11.pth

Epoch 12/24
----------
Loss: 0.4647 Acc: 0.8466 Uncertainty_mean: 0.8665 
Saved: ./results/models/ResNet18CIFAR100_coarse_labels_crossEntropyPretrained/12.pth

Epoch 13/24
----------
Loss: 0.3900 Acc: 0.8699 Uncertainty_mean: 0.8791 
Saved: ./results/models/ResNet18CIFAR100_coarse_labels_crossEntropyPretrained/13.pth

Epoch 14/24
----------
Loss: 0.3302 Acc: 0.8907 Uncertainty_mean: 0.8170 
Saved: ./results/models/ResNet18CIFAR100_coarse_labels_crossEntropyPretrained/14.pth

Epoch 15/24
----------
Loss: 0.2887 Acc: 0.9039 Uncertainty_mean: 0.8464 
Saved: ./results/models/ResNet18CIFAR100_coarse_labels_crossEntropyPretrained/15.pth

Epoch 16/24
----------
Loss: 0.2485 Acc: 0.9167 Uncertainty_mean: 0.8350 
Saved: ./results/models/ResNet18CIFAR100_coarse_labels_crossEntropyPretrained/16.pth

Epoch 17/24
----------
Loss: 0.2263 Acc: 0.9241 Uncertainty_mean: 0.8189 
Saved: ./results/models/ResNet18CIFAR100_coarse_labels_crossEntropyPretrained/17.pth

Epoch 18/24
----------
Loss: 0.1999 Acc: 0.9330 Uncertainty_mean: 0.8326 
Saved: ./results/models/ResNet18CIFAR100_coarse_labels_crossEntropyPretrained/18.pth

Epoch 19/24
----------
Loss: 0.1845 Acc: 0.9402 Uncertainty_mean: 0.8051 
Saved: ./results/models/ResNet18CIFAR100_coarse_labels_crossEntropyPretrained/19.pth

Epoch 20/24
----------
Loss: 0.1684 Acc: 0.9438 Uncertainty_mean: 0.8525 
Saved: ./results/models/ResNet18CIFAR100_coarse_labels_crossEntropyPretrained/20.pth

Epoch 21/24
----------
Loss: 0.1576 Acc: 0.9472 Uncertainty_mean: 0.7746 
Saved: ./results/models/ResNet18CIFAR100_coarse_labels_crossEntropyPretrained/21.pth

Epoch 22/24
----------
Loss: 0.1467 Acc: 0.9514 Uncertainty_mean: 0.8333 
Saved: ./results/models/ResNet18CIFAR100_coarse_labels_crossEntropyPretrained/22.pth

Epoch 23/24
----------
Loss: 0.1419 Acc: 0.9528 Uncertainty_mean: 0.8229 
Saved: ./results/models/ResNet18CIFAR100_coarse_labels_crossEntropyPretrained/23.pth

Epoch 24/24
----------
Loss: 0.1273 Acc: 0.9589 Uncertainty_mean: 0.8326 
Saved: ./results/models/ResNet18CIFAR100_coarse_labels_crossEntropyPretrained/24.pth

Training complete in 48m 34s
Best Acc: 0.958880 Best Uncertainty: 0.693992
Loading model ./results/models/ResNet18CIFAR100_coarse_labels_crossEntropyPretrained/00.pth
DEBUG
tensor(2727, device='cuda:0')

BestModel_byAcc ..so far RESULTS:
BestModel_byUncertainty ..so far  RESULTS: 

Results for this epoch: 
Acc: 0.2727
Uncertainty: 0.6676648855209351
Loading model ./results/models/ResNet18CIFAR100_coarse_labels_crossEntropyPretrained/01.pth
DEBUG
tensor(3731, device='cuda:0')

BestModel_byAcc ..so far RESULTS:
Results for this epoch: 
Acc: 0.3731
Uncertainty: 0.689208984375
Loading model ./results/models/ResNet18CIFAR100_coarse_labels_crossEntropyPretrained/02.pth
DEBUG
tensor(4324, device='cuda:0')

BestModel_byAcc ..so far RESULTS:
Results for this epoch: 
Acc: 0.4324
Uncertainty: 0.7321680784225464
Loading model ./results/models/ResNet18CIFAR100_coarse_labels_crossEntropyPretrained/03.pth
DEBUG
tensor(4692, device='cuda:0')

BestModel_byAcc ..so far RESULTS:
Results for this epoch: 
Acc: 0.4692
Uncertainty: 0.7143233418464661
Loading model ./results/models/ResNet18CIFAR100_coarse_labels_crossEntropyPretrained/04.pth
DEBUG
tensor(5202, device='cuda:0')

BestModel_byAcc ..so far RESULTS:
Results for this epoch: 
Acc: 0.5202
Uncertainty: 0.7374573349952698
Loading model ./results/models/ResNet18CIFAR100_coarse_labels_crossEntropyPretrained/05.pth
DEBUG
tensor(5384, device='cuda:0')

BestModel_byAcc ..so far RESULTS:
Results for this epoch: 
Acc: 0.5384
Uncertainty: 0.766963541507721
Loading model ./results/models/ResNet18CIFAR100_coarse_labels_crossEntropyPretrained/06.pth
DEBUG
tensor(5724, device='cuda:0')

BestModel_byAcc ..so far RESULTS:
Results for this epoch: 
Acc: 0.5724
Uncertainty: 0.759121835231781
Loading model ./results/models/ResNet18CIFAR100_coarse_labels_crossEntropyPretrained/07.pth
DEBUG
tensor(5845, device='cuda:0')

BestModel_byAcc ..so far RESULTS:
Results for this epoch: 
Acc: 0.5845
Uncertainty: 0.7779428958892822
Loading model ./results/models/ResNet18CIFAR100_coarse_labels_crossEntropyPretrained/08.pth
DEBUG
tensor(5838, device='cuda:0')
Loading model ./results/models/ResNet18CIFAR100_coarse_labels_crossEntropyPretrained/09.pth
DEBUG
tensor(5791, device='cuda:0')
Loading model ./results/models/ResNet18CIFAR100_coarse_labels_crossEntropyPretrained/10.pth
DEBUG
tensor(5853, device='cuda:0')

BestModel_byAcc ..so far RESULTS:
Results for this epoch: 
Acc: 0.5853
Uncertainty: 0.832890510559082
Loading model ./results/models/ResNet18CIFAR100_coarse_labels_crossEntropyPretrained/11.pth
DEBUG
tensor(5777, device='cuda:0')
Loading model ./results/models/ResNet18CIFAR100_coarse_labels_crossEntropyPretrained/12.pth
DEBUG
tensor(5716, device='cuda:0')
Loading model ./results/models/ResNet18CIFAR100_coarse_labels_crossEntropyPretrained/13.pth
DEBUG
tensor(5737, device='cuda:0')
Loading model ./results/models/ResNet18CIFAR100_coarse_labels_crossEntropyPretrained/14.pth
DEBUG
tensor(5760, device='cuda:0')
Loading model ./results/models/ResNet18CIFAR100_coarse_labels_crossEntropyPretrained/15.pth
DEBUG
tensor(5683, device='cuda:0')
Loading model ./results/models/ResNet18CIFAR100_coarse_labels_crossEntropyPretrained/16.pth
DEBUG
tensor(5712, device='cuda:0')
Loading model ./results/models/ResNet18CIFAR100_coarse_labels_crossEntropyPretrained/17.pth
DEBUG
tensor(5730, device='cuda:0')
Loading model ./results/models/ResNet18CIFAR100_coarse_labels_crossEntropyPretrained/18.pth
DEBUG
tensor(5776, device='cuda:0')
Loading model ./results/models/ResNet18CIFAR100_coarse_labels_crossEntropyPretrained/19.pth
DEBUG
tensor(5679, device='cuda:0')
Loading model ./results/models/ResNet18CIFAR100_coarse_labels_crossEntropyPretrained/20.pth
DEBUG
tensor(5693, device='cuda:0')
Loading model ./results/models/ResNet18CIFAR100_coarse_labels_crossEntropyPretrained/21.pth
DEBUG
tensor(5664, device='cuda:0')
Loading model ./results/models/ResNet18CIFAR100_coarse_labels_crossEntropyPretrained/22.pth
DEBUG
tensor(5633, device='cuda:0')
Loading model ./results/models/ResNet18CIFAR100_coarse_labels_crossEntropyPretrained/23.pth
DEBUG
tensor(5663, device='cuda:0')
Loading model ./results/models/ResNet18CIFAR100_coarse_labels_crossEntropyPretrained/24.pth
DEBUG
tensor(5750, device='cuda:0')
Loading model ./results/models/ResNet18CIFAR100_coarse_labels_crossEntropyPretrained/best_model_byAcc.pth
DEBUG
tensor(6383, device='cuda:0')

BestModel_byAcc ..so far RESULTS:
BestModel_byUncertainty ..so far  RESULTS: 

Results for this epoch: 
Acc: 0.6383
Uncertainty: 0.6284259557723999
Loading model ./results/models/ResNet18CIFAR100_coarse_labels_crossEntropyPretrained/best_model_byUncertainty.pth
DEBUG
tensor(5947, device='cuda:0')
BestModel_byUncertainty ..so far  RESULTS: 

Results for this epoch: 
Acc: 0.5947
Uncertainty: 0.47709372639656067
Loading model ./results/models/ResNet18CIFAR100_coarse_labels_crossEntropyPretrained/bestmodel_byAcc.pth
DEBUG
tensor(6383, device='cuda:0')
Saved the best model by Accuracy after eval./results/models/ResNet18CIFAR100_coarse_labels_crossEntropyPretrained/best_model_byAcc.pth 

Saved the best model by Uncertainty after eval./results/models/ResNet18CIFAR100_coarse_labels_crossEntropyPretrained/best_model_byUncertainty.pth 

Best Acc: 0.638300 Best uncertainty_mean: 0.47709372639656067 


Validation complete in 4m 38s
COARSE END

FINE START

im using:cuda:0
Epoch 0/24
----------
Loss: 4.0693 Acc: 0.0715 Uncertainty_mean: 0.9136 
Saved: ./results/models/ResNet18CIFAR100_fine_labels_crossEntropyPretrained/00.pth

Epoch 1/24
----------
Loss: 3.1745 Acc: 0.2191 Uncertainty_mean: 0.9098 
Saved: ./results/models/ResNet18CIFAR100_fine_labels_crossEntropyPretrained/01.pth

Epoch 2/24
----------
Loss: 2.5867 Acc: 0.3349 Uncertainty_mean: 0.8934 
Saved: ./results/models/ResNet18CIFAR100_fine_labels_crossEntropyPretrained/02.pth

Epoch 3/24
----------
Loss: 2.1839 Acc: 0.4208 Uncertainty_mean: 0.9412 
Saved: ./results/models/ResNet18CIFAR100_fine_labels_crossEntropyPretrained/03.pth

Epoch 4/24
----------
Loss: 1.8797 Acc: 0.4915 Uncertainty_mean: 0.9323 
Saved: ./results/models/ResNet18CIFAR100_fine_labels_crossEntropyPretrained/04.pth

Epoch 5/24
----------
Loss: 1.6358 Acc: 0.5508 Uncertainty_mean: 0.9282 
Saved: ./results/models/ResNet18CIFAR100_fine_labels_crossEntropyPretrained/05.pth

Epoch 6/24
----------
Loss: 1.4245 Acc: 0.5981 Uncertainty_mean: 0.9524 
Saved: ./results/models/ResNet18CIFAR100_fine_labels_crossEntropyPretrained/06.pth

Epoch 7/24
----------
Loss: 1.2252 Acc: 0.6458 Uncertainty_mean: 0.9594 
Saved: ./results/models/ResNet18CIFAR100_fine_labels_crossEntropyPretrained/07.pth

Epoch 8/24
----------
Loss: 1.0367 Acc: 0.6953 Uncertainty_mean: 0.9565 
Saved: ./results/models/ResNet18CIFAR100_fine_labels_crossEntropyPretrained/08.pth

Epoch 9/24
----------
Loss: 0.8656 Acc: 0.7415 Uncertainty_mean: 0.9397 
Saved: ./results/models/ResNet18CIFAR100_fine_labels_crossEntropyPretrained/09.pth

Epoch 10/24
----------
Loss: 0.7033 Acc: 0.7878 Uncertainty_mean: 0.9713 
Saved: ./results/models/ResNet18CIFAR100_fine_labels_crossEntropyPretrained/10.pth

Epoch 11/24
----------
Loss: 0.5845 Acc: 0.8204 Uncertainty_mean: 0.9681 
Saved: ./results/models/ResNet18CIFAR100_fine_labels_crossEntropyPretrained/11.pth

Epoch 12/24
----------
Loss: 0.4770 Acc: 0.8523 Uncertainty_mean: 0.9783 
Saved: ./results/models/ResNet18CIFAR100_fine_labels_crossEntropyPretrained/12.pth

Epoch 13/24
----------
Loss: 0.3973 Acc: 0.8763 Uncertainty_mean: 0.9630 
Saved: ./results/models/ResNet18CIFAR100_fine_labels_crossEntropyPretrained/13.pth

Epoch 14/24
----------
Loss: 0.3328 Acc: 0.8957 Uncertainty_mean: 0.9629 
Saved: ./results/models/ResNet18CIFAR100_fine_labels_crossEntropyPretrained/14.pth

Epoch 15/24
----------
Loss: 0.2902 Acc: 0.9079 Uncertainty_mean: 0.9554 
Saved: ./results/models/ResNet18CIFAR100_fine_labels_crossEntropyPretrained/15.pth

Epoch 16/24
----------
Loss: 0.2532 Acc: 0.9186 Uncertainty_mean: 0.9734 
Saved: ./results/models/ResNet18CIFAR100_fine_labels_crossEntropyPretrained/16.pth

Epoch 17/24
----------
Loss: 0.2368 Acc: 0.9256 Uncertainty_mean: 0.9782 
Saved: ./results/models/ResNet18CIFAR100_fine_labels_crossEntropyPretrained/17.pth

Epoch 18/24
----------
Loss: 0.2064 Acc: 0.9345 Uncertainty_mean: 0.9736 
Saved: ./results/models/ResNet18CIFAR100_fine_labels_crossEntropyPretrained/18.pth

Epoch 19/24
----------
Loss: 0.1914 Acc: 0.9390 Uncertainty_mean: 0.9697 
Saved: ./results/models/ResNet18CIFAR100_fine_labels_crossEntropyPretrained/19.pth

Epoch 20/24
----------
Loss: 0.1845 Acc: 0.9421 Uncertainty_mean: 0.9805 
Saved: ./results/models/ResNet18CIFAR100_fine_labels_crossEntropyPretrained/20.pth

Epoch 21/24
----------
Loss: 0.1574 Acc: 0.9501 Uncertainty_mean: 0.9856 
Saved: ./results/models/ResNet18CIFAR100_fine_labels_crossEntropyPretrained/21.pth

Epoch 22/24
----------
Loss: 0.1616 Acc: 0.9491 Uncertainty_mean: 0.9595 
Saved: ./results/models/ResNet18CIFAR100_fine_labels_crossEntropyPretrained/22.pth

Epoch 23/24
----------
Loss: 0.1422 Acc: 0.9548 Uncertainty_mean: 0.9772 
Saved: ./results/models/ResNet18CIFAR100_fine_labels_crossEntropyPretrained/23.pth

Epoch 24/24
----------
Loss: 0.1371 Acc: 0.9562 Uncertainty_mean: 0.9557 
Saved: ./results/models/ResNet18CIFAR100_fine_labels_crossEntropyPretrained/24.pth

Training complete in 48m 37s
Best Acc: 0.956220 Best Uncertainty: 0.893363
Loading model ./results/models/ResNet18CIFAR100_fine_labels_crossEntropyPretrained/00.pth
DEBUG
tensor(1489, device='cuda:0')

BestModel_byAcc ..so far RESULTS:
BestModel_byUncertainty ..so far  RESULTS: 

Results for this epoch: 
Acc: 0.1489
Uncertainty: 0.8665333390235901
Loading model ./results/models/ResNet18CIFAR100_fine_labels_crossEntropyPretrained/01.pth
DEBUG
tensor(2880, device='cuda:0')

BestModel_byAcc ..so far RESULTS:
Results for this epoch: 
Acc: 0.2880
Uncertainty: 0.8800519704818726
Loading model ./results/models/ResNet18CIFAR100_fine_labels_crossEntropyPretrained/02.pth
DEBUG
tensor(3611, device='cuda:0')

BestModel_byAcc ..so far RESULTS:
Results for this epoch: 
Acc: 0.3611
Uncertainty: 0.8848563432693481
Loading model ./results/models/ResNet18CIFAR100_fine_labels_crossEntropyPretrained/03.pth
DEBUG
tensor(4228, device='cuda:0')

BestModel_byAcc ..so far RESULTS:
Results for this epoch: 
Acc: 0.4228
Uncertainty: 0.9013575315475464
Loading model ./results/models/ResNet18CIFAR100_fine_labels_crossEntropyPretrained/04.pth
DEBUG
tensor(4717, device='cuda:0')

BestModel_byAcc ..so far RESULTS:
Results for this epoch: 
Acc: 0.4717
Uncertainty: 0.9142028093338013
Loading model ./results/models/ResNet18CIFAR100_fine_labels_crossEntropyPretrained/05.pth
DEBUG
tensor(5029, device='cuda:0')

BestModel_byAcc ..so far RESULTS:
Results for this epoch: 
Acc: 0.5029
Uncertainty: 0.9244459867477417
Loading model ./results/models/ResNet18CIFAR100_fine_labels_crossEntropyPretrained/06.pth
DEBUG
tensor(5080, device='cuda:0')

BestModel_byAcc ..so far RESULTS:
Results for this epoch: 
Acc: 0.5080
Uncertainty: 0.9451868534088135
Loading model ./results/models/ResNet18CIFAR100_fine_labels_crossEntropyPretrained/07.pth
DEBUG
tensor(5397, device='cuda:0')

BestModel_byAcc ..so far RESULTS:
Results for this epoch: 
Acc: 0.5397
Uncertainty: 0.9386676549911499
Loading model ./results/models/ResNet18CIFAR100_fine_labels_crossEntropyPretrained/08.pth
DEBUG
tensor(5335, device='cuda:0')
Loading model ./results/models/ResNet18CIFAR100_fine_labels_crossEntropyPretrained/09.pth
DEBUG
tensor(5283, device='cuda:0')
Loading model ./results/models/ResNet18CIFAR100_fine_labels_crossEntropyPretrained/10.pth
DEBUG
tensor(5170, device='cuda:0')
Loading model ./results/models/ResNet18CIFAR100_fine_labels_crossEntropyPretrained/11.pth
DEBUG
tensor(5161, device='cuda:0')
Loading model ./results/models/ResNet18CIFAR100_fine_labels_crossEntropyPretrained/12.pth
DEBUG
tensor(5136, device='cuda:0')
Loading model ./results/models/ResNet18CIFAR100_fine_labels_crossEntropyPretrained/13.pth
DEBUG
tensor(5242, device='cuda:0')
Loading model ./results/models/ResNet18CIFAR100_fine_labels_crossEntropyPretrained/14.pth
DEBUG
tensor(5110, device='cuda:0')
Loading model ./results/models/ResNet18CIFAR100_fine_labels_crossEntropyPretrained/15.pth
DEBUG
tensor(5023, device='cuda:0')
Loading model ./results/models/ResNet18CIFAR100_fine_labels_crossEntropyPretrained/16.pth
DEBUG
tensor(5183, device='cuda:0')
Loading model ./results/models/ResNet18CIFAR100_fine_labels_crossEntropyPretrained/17.pth
DEBUG
tensor(5102, device='cuda:0')
Loading model ./results/models/ResNet18CIFAR100_fine_labels_crossEntropyPretrained/18.pth
DEBUG
tensor(5113, device='cuda:0')
Loading model ./results/models/ResNet18CIFAR100_fine_labels_crossEntropyPretrained/19.pth
DEBUG
tensor(5135, device='cuda:0')
Loading model ./results/models/ResNet18CIFAR100_fine_labels_crossEntropyPretrained/20.pth
DEBUG
tensor(5169, device='cuda:0')
Loading model ./results/models/ResNet18CIFAR100_fine_labels_crossEntropyPretrained/21.pth
DEBUG
tensor(5043, device='cuda:0')
Loading model ./results/models/ResNet18CIFAR100_fine_labels_crossEntropyPretrained/22.pth
DEBUG
tensor(5063, device='cuda:0')
Loading model ./results/models/ResNet18CIFAR100_fine_labels_crossEntropyPretrained/23.pth
DEBUG
tensor(4958, device='cuda:0')
Loading model ./results/models/ResNet18CIFAR100_fine_labels_crossEntropyPretrained/24.pth
DEBUG
tensor(5135, device='cuda:0')
Loading model ./results/models/ResNet18CIFAR100_fine_labels_crossEntropyPretrained/best_model_byAcc.pth
DEBUG
tensor(6146, device='cuda:0')

BestModel_byAcc ..so far RESULTS:
BestModel_byUncertainty ..so far  RESULTS: 

Results for this epoch: 
Acc: 0.6146
Uncertainty: 0.7387384176254272
Loading model ./results/models/ResNet18CIFAR100_fine_labels_crossEntropyPretrained/best_model_byUncertainty.pth
DEBUG
tensor(1182, device='cuda:0')
BestModel_byUncertainty ..so far  RESULTS: 

Results for this epoch: 
Acc: 0.1182
Uncertainty: 0.6966260671615601
Loading model ./results/models/ResNet18CIFAR100_fine_labels_crossEntropyPretrained/bestmodel_byAcc.pth
DEBUG
tensor(4947, device='cuda:0')
Saved the best model by Accuracy after eval./results/models/ResNet18CIFAR100_fine_labels_crossEntropyPretrained/best_model_byAcc.pth 

Saved the best model by Uncertainty after eval./results/models/ResNet18CIFAR100_fine_labels_crossEntropyPretrained/best_model_byUncertainty.pth 

Best Acc: 0.614600 Best uncertainty_mean: 0.6966260671615601 


Validation complete in 4m 37s
FINE END

DONE with all expretiments
