running...
Downloading: "https://download.pytorch.org/models/resnet18-5c106cde.pth" to /home/user/.cache/torch/checkpoints/resnet18-5c106cde.pth
  0%|          | 0.00/44.7M [00:00<?, ?B/s] 11%|█         | 4.88M/44.7M [00:00<00:00, 51.1MB/s] 37%|███▋      | 16.5M/44.7M [00:00<00:00, 92.8MB/s] 59%|█████▉    | 26.5M/44.7M [00:00<00:00, 98.0MB/s] 85%|████████▌ | 38.1M/44.7M [00:00<00:00, 108MB/s] 100%|██████████| 44.7M/44.7M [00:00<00:00, 102MB/s]Files already downloaded and verified
Files already downloaded and verified
Files already downloaded and verified
CIFAT10 START

Loading model ./results/models/ResNet18CIFAR10_crossEntropyPretrained/00.pth

Traceback (most recent call last):
  File "codebase/main.py", line 272, in <module>
    main()
  File "codebase/main.py", line 269, in main
    runExperiments()
  File "codebase/main.py", line 265, in runExperiments
    trainEvalCIFAR10(train =False, criterion_name ="crossEntropy")
  File "codebase/main.py", line 97, in trainEvalCIFAR10
    defineExperiment(modelList, criterion_name=criterion_name, optimizer=optimizer, train_dataloader=dataloaders["CIFAR10_TRAIN"], num_train_classes =10 , test_dataloader=dataloaders["CIFAR10_TEST"], num_test_classes=10 ,train=train, pretrained =True, num_epochs = 25, uncertaintyThreshold = -0.1)
  File "codebase/main.py", line 88, in defineExperiment
    val_acc_hist, uncertainty_histry = eval_model(modelList, test_dataloader, model_directory ,device, num_classes = num_test_classes, hierarchicalModelPathList =hierarchicalModelPathList , train_dataloader= train_dataloader , test_dataloader =test_dataloader)
  File "/home/user/experiments/codebase/eval.py", line 179, in eval_model
    inputs, labels, outputs, preds, running_corrects, u, u_mean, epoch_acc, epoch_uncertainty,  correctWhileStaySuper, correctWhileLeaveSuper, falseWhileStaySuper ,falseWhileLeaveSuper = calculate_results()
  File "/home/user/experiments/codebase/eval.py", line 149, in calculate_results
    u_list = u_list.append(u)
AttributeError: 'NoneType' object has no attribute 'append'
