running...
Downloading: "https://download.pytorch.org/models/resnet18-5c106cde.pth" to /home/user/.cache/torch/checkpoints/resnet18-5c106cde.pth
  0%|          | 0.00/44.7M [00:00<?, ?B/s] 19%|█▉        | 8.61M/44.7M [00:00<00:00, 90.3MB/s] 39%|███▊      | 17.2M/44.7M [00:00<00:00, 77.6MB/s] 59%|█████▉    | 26.4M/44.7M [00:00<00:00, 85.3MB/s] 83%|████████▎ | 36.9M/44.7M [00:00<00:00, 90.3MB/s]100%|██████████| 44.7M/44.7M [00:00<00:00, 94.8MB/s]Files already downloaded and verified
Files already downloaded and verified
Files already downloaded and verified
COARSE START

Loading model ./results/models/ResNet18CIFAR100_coarse_labels_crossEntropyPretrained/00.pth


BestModel_byAcc ..so far RESULTS:
BestModel_byUncertainty ..so far  RESULTS: 

Results for this epoch: 
Acc: 0.7714
tensor([[0.9292],
        [0.9747],
        [0.6122],
        ...,
        [0.8326],
        [0.8321],
        [0.7114]], device='cuda:0')
Uncertainty: 0.7445571422576904
Loading model ./results/models/ResNet18CIFAR100_coarse_labels_crossEntropyPretrained/01.pth

BestModel_byAcc ..so far RESULTS:
BestModel_byUncertainty ..so far  RESULTS: 

Results for this epoch: 
Acc: 0.8116
tensor([[0.9232],
        [0.9355],
        [0.5709],
        ...,
        [0.7097],
        [0.7917],
        [0.6916]], device='cuda:0')
Uncertainty: 0.7317178845405579
Loading model ./results/models/ResNet18CIFAR100_coarse_labels_crossEntropyPretrained/02.pth

BestModel_byAcc ..so far RESULTS:
BestModel_byUncertainty ..so far  RESULTS: 

Results for this epoch: 
Acc: 0.8166
tensor([[0.9408],
        [0.8302],
        [0.5547],
        ...,
        [0.7041],
        [0.7355],
        [0.7186]], device='cuda:0')
Uncertainty: 0.7244692444801331
Loading model ./results/models/ResNet18CIFAR100_coarse_labels_crossEntropyPretrained/03.pth

BestModel_byAcc ..so far RESULTS:
BestModel_byUncertainty ..so far  RESULTS: 

Results for this epoch: 
Acc: 0.8292
tensor([[0.9566],
        [0.8653],
        [0.5508],
        ...,
        [0.6554],
        [0.7394],
        [0.6989]], device='cuda:0')
Uncertainty: 0.7196531295776367
Loading model ./results/models/ResNet18CIFAR100_coarse_labels_crossEntropyPretrained/04.pth

BestModel_byAcc ..so far RESULTS:
BestModel_byUncertainty ..so far  RESULTS: 

Results for this epoch: 
Acc: 0.8307
tensor([[0.9112],
        [0.7897],
        [0.4864],
        ...,
        [0.6355],
        [0.7256],
        [0.7640]], device='cuda:0')
Uncertainty: 0.7094779014587402
Loading model ./results/models/ResNet18CIFAR100_coarse_labels_crossEntropyPretrained/05.pth

BestModel_byAcc ..so far RESULTS:
BestModel_byUncertainty ..so far  RESULTS: 

Results for this epoch: 
Acc: 0.8335
tensor([[0.9903],
        [1.0000],
        [0.5068],
        ...,
        [0.6044],
        [0.7838],
        [0.6865]], device='cuda:0')
Uncertainty: 0.7089306712150574
Loading model ./results/models/ResNet18CIFAR100_coarse_labels_crossEntropyPretrained/06.pth
BestModel_byUncertainty ..so far  RESULTS: 

Results for this epoch: 
Acc: 0.8302
tensor([[0.8913],
        [0.9378],
        [0.4867],
        ...,
        [0.5619],
        [0.7880],
        [0.6986]], device='cuda:0')
Uncertainty: 0.6949031352996826
Loading model ./results/models/ResNet18CIFAR100_coarse_labels_crossEntropyPretrained/07.pth
BestModel_byUncertainty ..so far  RESULTS: 

Results for this epoch: 
Acc: 0.8323
tensor([[0.8757],
        [0.9327],
        [0.4848],
        ...,
        [0.5810],
        [0.7684],
        [0.6602]], device='cuda:0')
Uncertainty: 0.6870431900024414
Loading model ./results/models/ResNet18CIFAR100_coarse_labels_crossEntropyPretrained/08.pth
BestModel_byUncertainty ..so far  RESULTS: 

Results for this epoch: 
Acc: 0.8316
tensor([[0.9034],
        [0.8290],
        [0.5037],
        ...,
        [0.5426],
        [0.7817],
        [0.6224]], device='cuda:0')
Uncertainty: 0.6718755960464478
Loading model ./results/models/ResNet18CIFAR100_coarse_labels_crossEntropyPretrained/09.pth

BestModel_byAcc ..so far RESULTS:
Results for this epoch: 
Acc: 0.8347
tensor([[1.0000],
        [0.8383],
        [0.5017],
        ...,
        [0.5125],
        [0.6812],
        [0.5848]], device='cuda:0')
Uncertainty: 0.6683440208435059
Loading model ./results/models/ResNet18CIFAR100_coarse_labels_crossEntropyPretrained/10.pth
BestModel_byUncertainty ..so far  RESULTS: 

Results for this epoch: 
Acc: 0.8274
tensor([[0.9813],
        [0.8380],
        [0.4925],
        ...,
        [0.5306],
        [0.6425],
        [0.5583]], device='cuda:0')
Uncertainty: 0.654639720916748
Loading model ./results/models/ResNet18CIFAR100_coarse_labels_crossEntropyPretrained/100.pth

BestModel_byAcc ..so far RESULTS:
BestModel_byUncertainty ..so far  RESULTS: 

Results for this epoch: 
Acc: 0.8387
tensor([[0.9533],
        [1.0000],
        [0.4035],
        ...,
        [0.3428],
        [0.3760],
        [0.4558]], device='cuda:0')
Uncertainty: 0.5406263470649719
Loading model ./results/models/ResNet18CIFAR100_coarse_labels_crossEntropyPretrained/101.pth
Loading model ./results/models/ResNet18CIFAR100_coarse_labels_crossEntropyPretrained/102.pth

BestModel_byAcc ..so far RESULTS:
Results for this epoch: 
Acc: 0.8430
tensor([[0.9673],
        [0.8053],
        [0.3795],
        ...,
        [0.3370],
        [0.3370],
        [0.3838]], device='cuda:0')
Uncertainty: 0.5436688661575317
Loading model ./results/models/ResNet18CIFAR100_coarse_labels_crossEntropyPretrained/103.pth
Traceback (most recent call last):
  File "codebase/main.py", line 284, in <module>
    main()
  File "codebase/main.py", line 281, in main
    runExperiments()
  File "codebase/main.py", line 274, in runExperiments
    CIFAR100_coarse_AND_fine(train =False, criterion_name ="crossEntropy")
  File "codebase/main.py", line 119, in CIFAR100_coarse_AND_fine
    defineExperiment(modelList, criterion_name=criterion_name, optimizer=optimizer, train_dataloader=dataloaders["CIFAR100_coarse_labels_TRAIN"], num_train_classes =20 , test_dataloader=dataloaders["CIFAR100_coarse_labels_TEST"], num_test_classes=20 ,train=train, pretrained =True, num_epochs = 200, uncertaintyThreshold = -0.1)
  File "codebase/main.py", line 89, in defineExperiment
    val_acc_hist, uncertainty_histry = eval_model(modelList, test_dataloader, model_directory ,device, num_classes = num_test_classes, hierarchicalModelPathList =hierarchicalModelPathList , train_dataloader= train_dataloader , test_dataloader =test_dataloader)
  File "/home/user/experiments/codebase/eval.py", line 189, in eval_model
    inputs, labels, outputs, preds, running_corrects, u, u_mean,u_list,epoch_acc, epoch_uncertainty,  correctWhileStaySuper, correctWhileLeaveSuper, falseWhileStaySuper ,falseWhileLeaveSuper = calculate_results()
  File "/home/user/experiments/codebase/eval.py", line 123, in calculate_results
    labels = labels.to(device)  
KeyboardInterrupt
