running...
Files already downloaded and verified
Files already downloaded and verified
Files already downloaded and verified
398
RRRRRMMMMMM
RRRRRMMMMMM
RRRRRMMMMMM
RRRRRMMMMMM
RRRRRMMMMMM
RRRRRMMMMMM
RRRRRMMMMMM
RRRRRMMMMMM
RRRRRMMMMMM
RRRRRMMMMMM
RRRRRMMMMMM
RRRRRMMMMMM
RRRRRMMMMMM
RRRRRMMMMMM
RRRRRMMMMMM
RRRRRMMMMMM
RRRRRMMMMMM
RRRRRMMMMMM
RRRRRMMMMMM
0
n02814533

sorted
1
n02113799

sorted
2
n02108089

sorted
3
n03584829

sorted
4
n03594734

sorted
5
n02009229

sorted
6
n04069434

sorted
7
n02883205

sorted
8
n04235860

sorted
9
n02526121

sorted
10
n02095314

sorted
11
n04597913

sorted
12
n04550184

sorted
13
n03947888

sorted
Traceback (most recent call last):
  File "codebase/main.py", line 8, in <module>
    from dataloadersCollection import dataloaders
  File "/home/user/experiments/codebase/dataloadersCollection.py", line 3, in <module>
    from imagenetData import IMAGENET_dataloaders
  File "/home/user/experiments/codebase/imagenetData.py", line 74, in <module>
    #print(str(labelList[idxFolder]))
  File "/home/user/experiments/codebase/imagenetData.py", line 70, in makeLabelFolder
    imagesPathList = folderPathToImages + y 
  File "/opt/miniconda3/lib/python3.8/shutil.py", line 415, in copy
    copyfile(src, dst, follow_symlinks=follow_symlinks)
  File "/opt/miniconda3/lib/python3.8/shutil.py", line 272, in copyfile
    _fastcopy_sendfile(fsrc, fdst)
  File "/opt/miniconda3/lib/python3.8/shutil.py", line 149, in _fastcopy_sendfile
    sent = os.sendfile(outfd, infd, offset, blocksize)
KeyboardInterrupt
