running...
Files already downloaded and verified
Files already downloaded and verified
Files already downloaded and verified
first
./data/imagenet/train/n02814533/
./data/imagenet/train/n02814533/n02814533_12311.JPEG
third
forth
0
./data/imagenet/train/n02814533/n02814533_34893.JPEG
third
forth
0
./data/imagenet/train/n02814533/n02814533_34289.JPEG
third
forth
0
./data/imagenet/train/n02814533/n02814533_65555.JPEG
third
forth
0
./data/imagenet/train/n02814533/n02814533_35294.JPEG
third
forth
0
./data/imagenet/train/n02814533/n02814533_75923.JPEG
third
forth
0
./data/imagenet/train/n02814533/n02814533_23456.JPEG
third
forth
0
./data/imagenet/train/n02814533/n02814533_27432.JPEG
third
forth
1
./data/imagenet/train/n02814533/n02814533_1480.JPEG
third
forth
1
./data/imagenet/train/n02814533/n02814533_92493.JPEG
third
forth
1
./data/imagenet/train/n02814533/n02814533_31984.JPEG
third
forth
1
./data/imagenet/train/n02814533/n02814533_83577.JPEG
third
forth
1
./data/imagenet/train/n02814533/n02814533_7778.JPEG
third
forth
1
./data/imagenet/train/n02814533/n02814533_95669.JPEG
third
forth
1
./data/imagenet/train/n02814533/n02814533_93092.JPEG
third
forth
1
./data/imagenet/train/n02814533/n02814533_45303.JPEG
third
forth
1
./data/imagenet/train/n02814533/n02814533_90053.JPEG
third
forth
1
./data/imagenet/train/n02814533/n02814533_44079.JPEG
third
forth
1
./data/imagenet/train/n02814533/n02814533_37344.JPEG
third
forth
1
./data/imagenet/train/n02814533/n02814533_26334.JPEG
third
forth
1
./data/imagenet/train/n02814533/n02814533_65530.JPEG
third
forth
1
./data/imagenet/train/n02814533/n02814533_96695.JPEG
third
forth
1
./data/imagenet/train/n02814533/n02814533_68219.JPEG
third
forth
1
./data/imagenet/train/n02814533/n02814533_32337.JPEG
third
forth
1
./data/imagenet/train/n02814533/n02814533_32335.JPEG
third
forth
1
./data/imagenet/train/n02814533/n02814533_74685.JPEG
third
forth
2
./data/imagenet/train/n02814533/n02814533_1746.JPEG
third
forth
2
./data/imagenet/train/n02814533/n02814533_22922.JPEG
third
forth
2
./data/imagenet/train/n02814533/n02814533_2216.JPEG
third
forth
2
./data/imagenet/train/n02814533/n02814533_37399.JPEG
third
forth
2
./data/imagenet/train/n02814533/n02814533_80304.JPEG
third
forth
3
./data/imagenet/train/n02814533/n02814533_90072.JPEG
third
forth
3
./data/imagenet/train/n02814533/n02814533_37181.JPEG
third
forth
3
./data/imagenet/train/n02814533/n02814533_3121.JPEG
third
forth
4
./data/imagenet/train/n02814533/n02814533_84536.JPEG
third
forth
4
./data/imagenet/train/n02814533/n02814533_58733.JPEG
third
forth
4
./data/imagenet/train/n02814533/n02814533_40700.JPEG
third
forth
4
./data/imagenet/train/n02814533/n02814533_16738.JPEG
third
forth
4
./data/imagenet/train/n02814533/n02814533_4726.JPEG
third
forth
5
./data/imagenet/train/n02814533/n02814533_65294.JPEG
third
forth
5
./data/imagenet/train/n02814533/n02814533_82664.JPEG
third
forth
5
./data/imagenet/train/n02814533/n02814533_37870.JPEG
third
forth
5
./data/imagenet/train/n02814533/n02814533_38205.JPEG
third
forth
5
./data/imagenet/train/n02814533/n02814533_10243.JPEG
third
forth
5
./data/imagenet/train/n02814533/n02814533_80415.JPEG
third
forth
5
./data/imagenet/train/n02814533/n02814533_45150.JPEG
third
forth
5
./data/imagenet/train/n02814533/n02814533_12195.JPEG
third
forth
5
./data/imagenet/train/n02814533/n02814533_35102.JPEG
third
forth
5
./data/imagenet/train/n02814533/n02814533_24392.JPEG
third
forth
5
./data/imagenet/train/n02814533/n02814533_89433.JPEG
third
forth
6
./data/imagenet/train/n02814533/n02814533_80632.JPEG
third
forth
6
./data/imagenet/train/n02814533/n02814533_42762.JPEG
third
forth
7
./data/imagenet/train/n02814533/n02814533_5237.JPEG
third
forth
8
./data/imagenet/train/n02814533/n02814533_40178.JPEG
third
forth
8
./data/imagenet/train/n02814533/n02814533_55937.JPEG
third
forth
8
./data/imagenet/train/n02814533/n02814533_7442.JPEG
third
forth
8
./data/imagenet/train/n02814533/n02814533_80837.JPEG
third
forth
8
./data/imagenet/train/n02814533/n02814533_240.JPEG
third
forth
8
./data/imagenet/train/n02814533/n02814533_3560.JPEG
third
forth
8
./data/imagenet/train/n02814533/n02814533_28371.JPEG
third
forth
8
./data/imagenet/train/n02814533/n02814533_8108.JPEG
third
forth
8
./data/imagenet/train/n02814533/n02814533_14782.JPEG
third
forth
8
./data/imagenet/train/n02814533/n02814533_91241.JPEG
third
forth
8
./data/imagenet/train/n02814533/n02814533_27090.JPEG
third
forth
8
./data/imagenet/train/n02814533/n02814533_34080.JPEG
third
forth
8
./data/imagenet/train/n02814533/n02814533_26761.JPEG
third
forth
8
./data/imagenet/train/n02814533/n02814533_8609.JPEG
third
forth
8
./data/imagenet/train/n02814533/n02814533_27588.JPEG
third
forth
8
./data/imagenet/train/n02814533/n02814533_97133.JPEG
third
forth
8
./data/imagenet/train/n02814533/n02814533_2668.JPEG
third
forth
9
./data/imagenet/train/n02814533/n02814533_69279.JPEG
third
forth
10
./data/imagenet/train/n02814533/n02814533_58462.JPEG
third
forth
10
./data/imagenet/train/n02814533/n02814533_23466.JPEG
third
forth
10
./data/imagenet/train/n02814533/n02814533_27769.JPEG
third
forth
10
./data/imagenet/train/n02814533/n02814533_51524.JPEG
third
forth
10
./data/imagenet/train/n02814533/n02814533_6883.JPEG
third
forth
10
./data/imagenet/train/n02814533/n02814533_98174.JPEG
third
forth
10
./data/imagenet/train/n02814533/n02814533_1294.JPEG
third
forth
10
./data/imagenet/train/n02814533/n02814533_3137.JPEG
third
forth
10
./data/imagenet/train/n02814533/n02814533_43179.JPEG
third
forth
11
./data/imagenet/train/n02814533/n02814533_3375.JPEG
third
forth
1
./data/imagenet/train/n02814533/n02814533_95490.JPEG
third
forth
1
./data/imagenet/train/n02814533/n02814533_79846.JPEG
third
forth
1
./data/imagenet/train/n02814533/n02814533_11124.JPEG
third
forth
1
./data/imagenet/train/n02814533/n02814533_13900.JPEG
third
forth
1
./data/imagenet/train/n02814533/n02814533_42278.JPEG
third
forth
1
./data/imagenet/train/n02814533/n02814533_67571.JPEG
third
forth
1
./data/imagenet/train/n02814533/n02814533_37110.JPEG
third
forth
1
./data/imagenet/train/n02814533/n02814533_57176.JPEG
third
forth
1
./data/imagenet/train/n02814533/n02814533_69032.JPEG
third
forth
1
./data/imagenet/train/n02814533/n02814533_74921.JPEG
third
forth
1
./data/imagenet/train/n02814533/n02814533_24511.JPEG
third
forth
1
./data/imagenet/train/n02814533/n02814533_41481.JPEG
third
forth
1
./data/imagenet/train/n02814533/n02814533_89559.JPEG
third
forth
1
./data/imagenet/train/n02814533/n02814533_10251.JPEG
third
forth
1
./data/imagenet/train/n02814533/n02814533_6258.JPEG
third
forth
1
./data/imagenet/train/n02814533/n02814533_874.JPEG
third
forth
1
./data/imagenet/train/n02814533/n02814533_92759.JPEG
third
forth
1
./data/imagenet/train/n02814533/n02814533_8331.JPEG
third
forth
1
./data/imagenet/train/n02814533/n02814533_9726.JPEG
third
forth
1
./data/imagenet/train/n02814533/n02814533_40955.JPEG
third
forth
1
./data/imagenet/train/n02814533/n02814533_7368.JPEG
third
forth
12
./data/imagenet/train/n02814533/n02814533_9530.JPEG
third
forth
12
./data/imagenet/train/n02814533/n02814533_6516.JPEG
third
forth
12
./data/imagenet/train/n02814533/n02814533_27502.JPEG
third
forth
12
./data/imagenet/train/n02814533/n02814533_55054.JPEG
third
forth
12
./data/imagenet/train/n02814533/n02814533_14335.JPEG
third
forth
12
./data/imagenet/train/n02814533/n02814533_43575.JPEG
third
forth
13
./data/imagenet/train/n02814533/n02814533_3157.JPEG
third
forth
13
./data/imagenet/train/n02814533/n02814533_77552.JPEG
third
forth
13
./data/imagenet/train/n02814533/n02814533_10404.JPEG
third
forth
14
./data/imagenet/train/n02814533/n02814533_74915.JPEG
third
forth
14
./data/imagenet/train/n02814533/n02814533_2759.JPEG
third
forth
15
./data/imagenet/train/n02814533/n02814533_7290.JPEG
third
forth
15
./data/imagenet/train/n02814533/n02814533_14438.JPEG
third
forth
15
./data/imagenet/train/n02814533/n02814533_17214.JPEG
third
forth
15
./data/imagenet/train/n02814533/n02814533_29484.JPEG
third
forth
15
./data/imagenet/train/n02814533/n02814533_12532.JPEG
third
forth
15
./data/imagenet/train/n02814533/n02814533_3202.JPEG
third
forth
16
./data/imagenet/train/n02814533/n02814533_17774.JPEG
third
forth
16
./data/imagenet/train/n02814533/n02814533_2161.JPEG
third
forth
16
./data/imagenet/train/n02814533/n02814533_97522.JPEG
third
forth
16
./data/imagenet/train/n02814533/n02814533_3831.JPEG
third
forth
16
./data/imagenet/train/n02814533/n02814533_36663.JPEG
third
forth
16
./data/imagenet/train/n02814533/n02814533_8881.JPEG
third
forth
16
./data/imagenet/train/n02814533/n02814533_2792.JPEG
third
forth
16
./data/imagenet/train/n02814533/n02814533_7247.JPEG
third
forth
16
./data/imagenet/train/n02814533/n02814533_8568.JPEG
third
forth
1
./data/imagenet/train/n02814533/n02814533_40210.JPEG
third
forth
1
./data/imagenet/train/n02814533/n02814533_6660.JPEG
third
forth
1
./data/imagenet/train/n02814533/n02814533_40471.JPEG
third
forth
1
./data/imagenet/train/n02814533/n02814533_35335.JPEG
third
forth
1
./data/imagenet/train/n02814533/n02814533_81600.JPEG
third
forth
1
./data/imagenet/train/n02814533/n02814533_90942.JPEG
third
forth
1
./data/imagenet/train/n02814533/n02814533_33920.JPEG
third
forth
1
./data/imagenet/train/n02814533/n02814533_48482.JPEG
third
forth
1
./data/imagenet/train/n02814533/n02814533_89376.JPEG
third
forth
1
./data/imagenet/train/n02814533/n02814533_78579.JPEG
third
forth
1
./data/imagenet/train/n02814533/n02814533_26367.JPEG
third
forth
1
./data/imagenet/train/n02814533/n02814533_84130.JPEG
third
forth
1
./data/imagenet/train/n02814533/n02814533_76061.JPEG
third
forth
1
./data/imagenet/train/n02814533/n02814533_9345.JPEG
third
forth
1
./data/imagenet/train/n02814533/n02814533_31170.JPEG
third
forth
1
./data/imagenet/train/n02814533/n02814533_7283.JPEG
third
forth
1
./data/imagenet/train/n02814533/n02814533_81092.JPEG
third
forth
1
./data/imagenet/train/n02814533/n02814533_95054.JPEG
third
forth
1
./data/imagenet/train/n02814533/n02814533_65623.JPEG
third
forth
1
./data/imagenet/train/n02814533/n02814533_64612.JPEG
third
forth
12
./data/imagenet/train/n02814533/n02814533_23336.JPEG
third
forth
12
./data/imagenet/train/n02814533/n02814533_126.JPEG
third
forth
12
./data/imagenet/train/n02814533/n02814533_6150.JPEG
third
forth
12
./data/imagenet/train/n02814533/n02814533_8025.JPEG
third
forth
12
./data/imagenet/train/n02814533/n02814533_25584.JPEG
third
forth
12
./data/imagenet/train/n02814533/n02814533_93487.JPEG
third
forth
12
./data/imagenet/train/n02814533/n02814533_2923.JPEG
third
forth
12
./data/imagenet/train/n02814533/n02814533_85549.JPEG
third
forth
12
./data/imagenet/train/n02814533/n02814533_2949.JPEG
third
forth
12
./data/imagenet/train/n02814533/n02814533_22994.JPEG
third
forth
12
./data/imagenet/train/n02814533/n02814533_33384.JPEG
third
forth
12
./data/imagenet/train/n02814533/n02814533_76874.JPEG
third
forth
12
./data/imagenet/train/n02814533/n02814533_42123.JPEG
third
forth
12
./data/imagenet/train/n02814533/n02814533_17701.JPEG
third
forth
12
./data/imagenet/train/n02814533/n02814533_25977.JPEG
third
forth
12
./data/imagenet/train/n02814533/n02814533_27504.JPEG
third
forth
12
./data/imagenet/train/n02814533/n02814533_88387.JPEG
third
forth
12
./data/imagenet/train/n02814533/n02814533_45853.JPEG
third
forth
12
./data/imagenet/train/n02814533/n02814533_9886.JPEG
third
forth
12
./data/imagenet/train/n02814533/n02814533_51485.JPEG
third
forth
12
./data/imagenet/train/n02814533/n02814533_67600.JPEG
third
forth
12
./data/imagenet/train/n02814533/n02814533_4768.JPEG
third
forth
12
./data/imagenet/train/n02814533/n02814533_34734.JPEG
third
forth
12
./data/imagenet/train/n02814533/n02814533_3995.JPEG
third
forth
12
./data/imagenet/train/n02814533/n02814533_9449.JPEG
third
forth
12
./data/imagenet/train/n02814533/n02814533_26659.JPEG
third
forth
12
./data/imagenet/train/n02814533/n02814533_62180.JPEG
third
forth
12
./data/imagenet/train/n02814533/n02814533_18128.JPEG
third
forth
12
./data/imagenet/train/n02814533/n02814533_10911.JPEG
third
forth
12
./data/imagenet/train/n02814533/n02814533_22824.JPEG
third
forth
12
./data/imagenet/train/n02814533/n02814533_5618.JPEG
third
forth
12
./data/imagenet/train/n02814533/n02814533_54845.JPEG
third
forth
12
./data/imagenet/train/n02814533/n02814533_13977.JPEG
third
forth
12
./data/imagenet/train/n02814533/n02814533_26946.JPEG
third
forth
12
./data/imagenet/train/n02814533/n02814533_2530.JPEG
third
forth
12
./data/imagenet/train/n02814533/n02814533_12779.JPEG
third
forth
12
./data/imagenet/train/n02814533/n02814533_67918.JPEG
third
forth
12
./data/imagenet/train/n02814533/n02814533_38090.JPEG
third
forth
12
./data/imagenet/train/n02814533/n02814533_95182.JPEG
third
forth
12
./data/imagenet/train/n02814533/n02814533_5589.JPEG
third
forth
12
./data/imagenet/train/n02814533/n02814533_36206.JPEG
third
forth
12
./data/imagenet/train/n02814533/n02814533_26174.JPEG
third
forth
12
./data/imagenet/train/n02814533/n02814533_5850.JPEG
third
forth
12
./data/imagenet/train/n02814533/n02814533_83237.JPEG
third
forth
12
./data/imagenet/train/n02814533/n02814533_45532.JPEG
third
forth
12
./data/imagenet/train/n02814533/n02814533_1165.JPEG
third
forth
12
./data/imagenet/train/n02814533/n02814533_2880.JPEG
third
forth
12
./data/imagenet/train/n02814533/n02814533_71210.JPEG
third
forth
12
./data/imagenet/train/n02814533/n02814533_42211.JPEG
third
forth
12
./data/imagenet/train/n02814533/n02814533_15651.JPEG
third
forth
12
./data/imagenet/train/n02814533/n02814533_60704.JPEG
third
forth
12
./data/imagenet/train/n02814533/n02814533_4166.JPEG
third
forth
12
./data/imagenet/train/n02814533/n02814533_6233.JPEG
third
forth
12
./data/imagenet/train/n02814533/n02814533_70354.JPEG
third
forth
12
./data/imagenet/train/n02814533/n02814533_725.JPEG
third
forth
12
./data/imagenet/train/n02814533/n02814533_11905.JPEG
third
forth
12
./data/imagenet/train/n02814533/n02814533_7892.JPEG
third
forth
12
./data/imagenet/train/n02814533/n02814533_94686.JPEG
third
forth
12
./data/imagenet/train/n02814533/n02814533_46327.JPEG
third
forth
12
./data/imagenet/train/n02814533/n02814533_43694.JPEG
third
forth
12
./data/imagenet/train/n02814533/n02814533_16978.JPEG
third
forth
12
./data/imagenet/train/n02814533/n02814533_18927.JPEG
third
forth
12
./data/imagenet/train/n02814533/n02814533_94541.JPEG
third
forth
12
./data/imagenet/train/n02814533/n02814533_45984.JPEG
third
forth
12
./data/imagenet/train/n02814533/n02814533_8490.JPEG
third
forth
12
./data/imagenet/train/n02814533/n02814533_44629.JPEG
third
forth
12
./data/imagenet/train/n02814533/n02814533_23136.JPEG
third
forth
12
./data/imagenet/train/n02814533/n02814533_90798.JPEG
third
forth
12
./data/imagenet/train/n02814533/n02814533_52810.JPEG
third
forth
12
./data/imagenet/train/n02814533/n02814533_88088.JPEG
third
forth
12
./data/imagenet/train/n02814533/n02814533_31793.JPEG
third
forth
12
./data/imagenet/train/n02814533/n02814533_23903.JPEG
third
forth
12
./data/imagenet/train/n02814533/n02814533_74441.JPEG
third
forth
12
./data/imagenet/train/n02814533/n02814533_18387.JPEG
third
forth
12
./data/imagenet/train/n02814533/n02814533_74986.JPEG
third
forth
12
./data/imagenet/train/n02814533/n02814533_22083.JPEG
third
forth
12
./data/imagenet/train/n02814533/n02814533_6297.JPEG
third
forth
12
./data/imagenet/train/n02814533/n02814533_77248.JPEG
third
forth
12
./data/imagenet/train/n02814533/n02814533_84523.JPEG
third
forth
12
./data/imagenet/train/n02814533/n02814533_26936.JPEG
third
forth
12
./data/imagenet/train/n02814533/n02814533_34396.JPEG
third
forth
12
./data/imagenet/train/n02814533/n02814533_19373.JPEG
third
forth
12
./data/imagenet/train/n02814533/n02814533_4188.JPEG
third
forth
12
./data/imagenet/train/n02814533/n02814533_27327.JPEG
third
forth
12
./data/imagenet/train/n02814533/n02814533_37381.JPEG
third
forth
12
./data/imagenet/train/n02814533/n02814533_45935.JPEG
third
forth
12
./data/imagenet/train/n02814533/n02814533_94425.JPEG
third
forth
12
./data/imagenet/train/n02814533/n02814533_7073.JPEG
third
forth
12
./data/imagenet/train/n02814533/n02814533_44670.JPEG
third
forth
12
./data/imagenet/train/n02814533/n02814533_31083.JPEG
third
forth
12
./data/imagenet/train/n02814533/n02814533_58191.JPEG
third
forth
12
./data/imagenet/train/n02814533/n02814533_3890.JPEG
third
forth
12
./data/imagenet/train/n02814533/n02814533_45315.JPEG
third
forth
12
./data/imagenet/train/n02814533/n02814533_58072.JPEG
third
forth
12
./data/imagenet/train/n02814533/n02814533_65093.JPEG
third
forth
12
./data/imagenet/train/n02814533/n02814533_36383.JPEG
third
forth
12
./data/imagenet/train/n02814533/n02814533_982.JPEG
third
forth
12
./data/imagenet/train/n02814533/n02814533_51205.JPEG
third
forth
12
./data/imagenet/train/n02814533/n02814533_24935.JPEG
third
forth
12
./data/imagenet/train/n02814533/n02814533_1881.JPEG
third
forth
12
./data/imagenet/train/n02814533/n02814533_4612.JPEG
third
forth
12
./data/imagenet/train/n02814533/n02814533_49499.JPEG
third
forth
12
./data/imagenet/train/n02814533/n02814533_32974.JPEG
third
forth
12
./data/imagenet/train/n02814533/n02814533_29925.JPEG
third
forth
12
./data/imagenet/train/n02814533/n02814533_1533.JPEG
third
forth
12
./data/imagenet/train/n02814533/n02814533_9309.JPEG
third
forth
12
./data/imagenet/train/n02814533/n02814533_91482.JPEG
third
forth
12
./data/imagenet/train/n02814533/n02814533_10069.JPEG
third
forth
12
./data/imagenet/train/n02814533/n02814533_79974.JPEG
third
forth
12
./data/imagenet/train/n02814533/n02814533_7984.JPEG
third
forth
12
./data/imagenet/train/n02814533/n02814533_9951.JPEG
third
forth
12
./data/imagenet/train/n02814533/n02814533_92253.JPEG
third
forth
12
./data/imagenet/train/n02814533/n02814533_17956.JPEG
third
forth
12
./data/imagenet/train/n02814533/n02814533_27150.JPEG
third
forth
12
./data/imagenet/train/n02814533/n02814533_74605.JPEG
third
forth
12
./data/imagenet/train/n02814533/n02814533_40291.JPEG
third
forth
12
./data/imagenet/train/n02814533/n02814533_12979.JPEG
third
forth
12
./data/imagenet/train/n02814533/n02814533_12048.JPEG
third
forth
12
./data/imagenet/train/n02814533/n02814533_85059.JPEG
third
forth
12
./data/imagenet/train/n02814533/n02814533_72683.JPEG
third
forth
12
./data/imagenet/train/n02814533/n02814533_38194.JPEG
third
forth
12
./data/imagenet/train/n02814533/n02814533_3402.JPEG
third
forth
12
./data/imagenet/train/n02814533/n02814533_38775.JPEG
third
forth
12
./data/imagenet/train/n02814533/n02814533_33205.JPEG
third
forth
12
./data/imagenet/train/n02814533/n02814533_15771.JPEG
third
forth
12
./data/imagenet/train/n02814533/n02814533_46688.JPEG
third
forth
12
./data/imagenet/train/n02814533/n02814533_46997.JPEG
third
forth
12
./data/imagenet/train/n02814533/n02814533_4121.JPEG
third
forth
12
./data/imagenet/train/n02814533/n02814533_95618.JPEG
third
forth
12
./data/imagenet/train/n02814533/n02814533_92257.JPEG
third
forth
12
./data/imagenet/train/n02814533/n02814533_10754.JPEG
third
forth
12
./data/imagenet/train/n02814533/n02814533_7377.JPEG
third
forth
12
./data/imagenet/train/n02814533/n02814533_8446.JPEG
third
forth
12
./data/imagenet/train/n02814533/n02814533_45714.JPEG
third
forth
12
./data/imagenet/train/n02814533/n02814533_42102.JPEG
third
forth
12
./data/imagenet/train/n02814533/n02814533_4856.JPEG
third
forth
12
./data/imagenet/train/n02814533/n02814533_76543.JPEG
third
forth
12
./data/imagenet/train/n02814533/n02814533_3527.JPEG
third
forth
12
./data/imagenet/train/n02814533/n02814533_68282.JPEG
third
forth
12
./data/imagenet/train/n02814533/n02814533_23628.JPEG
third
forth
12
./data/imagenet/train/n02814533/n02814533_8042.JPEG
third
forth
12
./data/imagenet/train/n02814533/n02814533_3554.JPEG
third
forth
12
./data/imagenet/train/n02814533/n02814533_2754.JPEG
third
forth
12
./data/imagenet/train/n02814533/n02814533_25011.JPEG
third
forth
12
./data/imagenet/train/n02814533/n02814533_1757.JPEG
third
forth
12
./data/imagenet/train/n02814533/n02814533_64846.JPEG
third
forth
12
./data/imagenet/train/n02814533/n02814533_16998.JPEG
third
forth
12
./data/imagenet/train/n02814533/n02814533_34143.JPEG
third
forth
12
./data/imagenet/train/n02814533/n02814533_1040.JPEG
third
forth
12
./data/imagenet/train/n02814533/n02814533_28923.JPEG
third
forth
12
./data/imagenet/train/n02814533/n02814533_86981.JPEG
third
forth
12
./data/imagenet/train/n02814533/n02814533_7728.JPEG
third
forth
12
./data/imagenet/train/n02814533/n02814533_67135.JPEG
third
forth
17
./data/imagenet/train/n02814533/n02814533_66652.JPEG
third
forth
17
./data/imagenet/train/n02814533/n02814533_2271.JPEG
third
forth
17
./data/imagenet/train/n02814533/n02814533_85368.JPEG
third
forth
17
./data/imagenet/train/n02814533/n02814533_3055.JPEG
third
forth
17
./data/imagenet/train/n02814533/n02814533_1500.JPEG
third
forth
17
./data/imagenet/train/n02814533/n02814533_5916.JPEG
third
forth
17
./data/imagenet/train/n02814533/n02814533_40679.JPEG
third
forth
17
./data/imagenet/train/n02814533/n02814533_8009.JPEG
third
forth
17
./data/imagenet/train/n02814533/n02814533_12546.JPEG
third
forth
17
./data/imagenet/train/n02814533/n02814533_22693.JPEG
third
forth
17
./data/imagenet/train/n02814533/n02814533_37736.JPEG
third
forth
17
./data/imagenet/train/n02814533/n02814533_33360.JPEG
third
forth
17
./data/imagenet/train/n02814533/n02814533_49602.JPEG
third
forth
17
./data/imagenet/train/n02814533/n02814533_13601.JPEG
third
forth
17
./data/imagenet/train/n02814533/n02814533_55399.JPEG
third
forth
17
./data/imagenet/train/n02814533/n02814533_9360.JPEG
third
forth
17
./data/imagenet/train/n02814533/n02814533_98315.JPEG
third
forth
17
./data/imagenet/train/n02814533/n02814533_29367.JPEG
third
forth
17
./data/imagenet/train/n02814533/n02814533_47396.JPEG
third
forth
17
./data/imagenet/train/n02814533/n02814533_32253.JPEG
third
forth
17
./data/imagenet/train/n02814533/n02814533_44792.JPEG
third
forth
17
./data/imagenet/train/n02814533/n02814533_36898.JPEG
third
forth
17
./data/imagenet/train/n02814533/n02814533_80.JPEG
third
forth
17
./data/imagenet/train/n02814533/n02814533_54938.JPEG
third
forth
17
./data/imagenet/train/n02814533/n02814533_4446.JPEG
third
forth
17
./data/imagenet/train/n02814533/n02814533_87142.JPEG
third
forth
17
./data/imagenet/train/n02814533/n02814533_312.JPEG
third
forth
18
./data/imagenet/train/n02814533/n02814533_60400.JPEG
third
forth
18
./data/imagenet/train/n02814533/n02814533_93698.JPEG
third
forth
18
./data/imagenet/train/n02814533/n02814533_581.JPEG
third
forth
12
./data/imagenet/train/n02814533/n02814533_71181.JPEG
third
forth
12
./data/imagenet/train/n02814533/n02814533_72079.JPEG
third
forth
12
./data/imagenet/train/n02814533/n02814533_89297.JPEG
third
forth
12
./data/imagenet/train/n02814533/n02814533_39495.JPEG
third
forth
12
./data/imagenet/train/n02814533/n02814533_45060.JPEG
third
forth
12
./data/imagenet/train/n02814533/n02814533_39933.JPEG
third
forth
12
./data/imagenet/train/n02814533/n02814533_41569.JPEG
third
forth
12
./data/imagenet/train/n02814533/n02814533_2636.JPEG
third
forth
12
./data/imagenet/train/n02814533/n02814533_74394.JPEG
third
forth
12
./data/imagenet/train/n02814533/n02814533_1391.JPEG
third
forth
12
./data/imagenet/train/n02814533/n02814533_4803.JPEG
third
forth
12
./data/imagenet/train/n02814533/n02814533_6217.JPEG
third
forth
12
./data/imagenet/train/n02814533/n02814533_96552.JPEG
third
forth
12
./data/imagenet/train/n02814533/n02814533_4118.JPEG
third
forth
12
./data/imagenet/train/n02814533/n02814533_428.JPEG
third
forth
12
./data/imagenet/train/n02814533/n02814533_75173.JPEG
third
forth
12
./data/imagenet/train/n02814533/n02814533_45704.JPEG
third
forth
12
./data/imagenet/train/n02814533/n02814533_71838.JPEG
third
forth
12
./data/imagenet/train/n02814533/n02814533_22260.JPEG
third
forth
12
./data/imagenet/train/n02814533/n02814533_10429.JPEG
third
forth
12
./data/imagenet/train/n02814533/n02814533_47325.JPEG
third
forth
12
./data/imagenet/train/n02814533/n02814533_81438.JPEG
third
forth
12
./data/imagenet/train/n02814533/n02814533_47406.JPEG
third
forth
12
./data/imagenet/train/n02814533/n02814533_54312.JPEG
third
forth
12
./data/imagenet/train/n02814533/n02814533_28847.JPEG
third
forth
12
./data/imagenet/train/n02814533/n02814533_40344.JPEG
third
forth
12
./data/imagenet/train/n02814533/n02814533_1588.JPEG
third
forth
12
./data/imagenet/train/n02814533/n02814533_14326.JPEG
third
forth
12
./data/imagenet/train/n02814533/n02814533_40393.JPEG
third
forth
12
./data/imagenet/train/n02814533/n02814533_5529.JPEG
third
forth
12
./data/imagenet/train/n02814533/n02814533_41953.JPEG
third
forth
12
./data/imagenet/train/n02814533/n02814533_92110.JPEG
third
forth
12
./data/imagenet/train/n02814533/n02814533_86910.JPEG
third
forth
12
./data/imagenet/train/n02814533/n02814533_95144.JPEG
third
forth
12
./data/imagenet/train/n02814533/n02814533_13150.JPEG
third
forth
12
./data/imagenet/train/n02814533/n02814533_34383.JPEG
third
forth
12
./data/imagenet/train/n02814533/n02814533_80102.JPEG
third
forth
12
./data/imagenet/train/n02814533/n02814533_82372.JPEG
third
forth
12
./data/imagenet/train/n02814533/n02814533_12418.JPEG
third
forth
12
./data/imagenet/train/n02814533/n02814533_76968.JPEG
third
forth
12
./data/imagenet/train/n02814533/n02814533_7020.JPEG
third
forth
12
./data/imagenet/train/n02814533/n02814533_45773.JPEG
third
forth
12
./data/imagenet/train/n02814533/n02814533_19620.JPEG
third
forth
12
./data/imagenet/train/n02814533/n02814533_5085.JPEG
third
forth
12
./data/imagenet/train/n02814533/n02814533_34713.JPEG
third
forth
12
./data/imagenet/train/n02814533/n02814533_75974.JPEG
third
forth
12
./data/imagenet/train/n02814533/n02814533_14484.JPEG
third
forth
12
./data/imagenet/train/n02814533/n02814533_7855.JPEG
third
forth
12
./data/imagenet/train/n02814533/n02814533_30383.JPEG
third
forth
12
./data/imagenet/train/n02814533/n02814533_92902.JPEG
third
forth
12
./data/imagenet/train/n02814533/n02814533_76944.JPEG
third
forth
12
./data/imagenet/train/n02814533/n02814533_3561.JPEG
third
forth
12
./data/imagenet/train/n02814533/n02814533_92229.JPEG
third
forth
12
./data/imagenet/train/n02814533/n02814533_88986.JPEG
third
forth
12
./data/imagenet/train/n02814533/n02814533_33576.JPEG
third
forth
12
./data/imagenet/train/n02814533/n02814533_10135.JPEG
third
forth
12
./data/imagenet/train/n02814533/n02814533_17776.JPEG
third
forth
12
./data/imagenet/train/n02814533/n02814533_12449.JPEG
third
forth
12
./data/imagenet/train/n02814533/n02814533_1594.JPEG
third
forth
0
./data/imagenet/train/n02814533/n02814533_79224.JPEG
third
forth
0
./data/imagenet/train/n02814533/n02814533_96869.JPEG
third
forth
0
./data/imagenet/train/n02814533/n02814533_19376.JPEG
third
forth
0
./data/imagenet/train/n02814533/n02814533_40984.JPEG
third
forth
0
./data/imagenet/train/n02814533/n02814533_20022.JPEG
third
forth
0
./data/imagenet/train/n02814533/n02814533_95276.JPEG
third
forth
0
./data/imagenet/train/n02814533/n02814533_72252.JPEG
third
forth
0
./data/imagenet/train/n02814533/n02814533_42547.JPEG
third
forth
0
./data/imagenet/train/n02814533/n02814533_14491.JPEG
third
Traceback (most recent call last):
  File "codebase/main.py", line 8, in <module>
    from dataloadersCollection import dataloaders
  File "/home/user/experiments/codebase/dataloadersCollection.py", line 3, in <module>
    from imagenetData import IMAGENET_dataloaders
  File "/home/user/experiments/codebase/imagenetData.py", line 58, in <module>
    makeLabelFolder("./data/imagenet/train/", [0, 0, 0, 0, 0, 0, 0, 1, 1, 1, 1, 1, 1, 1, 1, 1, 1, 1, 1, 1, 1, 1, 1, 1, 1, 2, 2, 2, 2, 2, 3, 3, 3, 4, 4, 4, 4, 4, 5, 5, 5, 5, 5, 5, 5, 5, 5, 5, 5, 6, 6, 7, 8, 8, 8, 8, 8, 8, 8, 8, 8, 8, 8, 8, 8, 8, 8, 8, 8, 9, 10, 10, 10, 10, 10, 10, 10, 10, 10, 11, 1, 1, 1, 1, 1, 1, 1, 1, 1, 1, 1, 1, 1, 1, 1, 1, 1, 1, 1, 1, 1, 12, 12, 12, 12, 12, 12, 13, 13, 13, 14, 14, 15, 15, 15, 15, 15, 15, 16, 16, 16, 16, 16, 16, 16, 16, 16, 1, 1, 1, 1, 1, 1, 1, 1, 1, 1, 1, 1, 1, 1, 1, 1, 1, 1, 1, 1, 12, 12, 12, 12, 12, 12, 12, 12, 12, 12, 12, 12, 12, 12, 12, 12, 12, 12, 12, 12, 12, 12, 12, 12, 12, 12, 12, 12, 12, 12, 12, 12, 12, 12, 12, 12, 12, 12, 12, 12, 12, 12, 12, 12, 12, 12, 12, 12, 12, 12, 12, 12, 12, 12, 12, 12, 12, 12, 12, 12, 12, 12, 12, 12, 12, 12, 12, 12, 12, 12, 12, 12, 12, 12, 12, 12, 12, 12, 12, 12, 12, 12, 12, 12, 12, 12, 12, 12, 12, 12, 12, 12, 12, 12, 12, 12, 12, 12, 12, 12, 12, 12, 12, 12, 12, 12, 12, 12, 12, 12, 12, 12, 12, 12, 12, 12, 12, 12, 12, 12, 12, 12, 12, 12, 12, 12, 12, 12, 12, 12, 12, 12, 12, 12, 12, 12, 12, 12, 12, 12, 12, 12, 12, 12, 12, 12, 12, 12, 12, 12, 12, 12, 12, 17, 17, 17, 17, 17, 17, 17, 17, 17, 17, 17, 17, 17, 17, 17, 17, 17, 17, 17, 17, 17, 17, 17, 17, 17, 17, 17, 18, 18, 18, 12, 12, 12, 12, 12, 12, 12, 12, 12, 12, 12, 12, 12, 12, 12, 12, 12, 12, 12, 12, 12, 12, 12, 12, 12, 12, 12, 12, 12, 12, 12, 12, 12, 12, 12, 12, 12, 12, 12, 12, 12, 12, 12, 12, 12, 12, 12, 12, 12, 12, 12, 12, 12, 12, 12, 12, 12, 12, 12, 0, 0, 0, 0, 0, 0, 0, 0, 0])
  File "/home/user/experiments/codebase/imagenetData.py", line 54, in makeLabelFolder
    shutil.copy(imagesPathList, pathToNewLabels + str(labelList[idxFolder]))
IndexError: list index out of range
