running...
Files already downloaded and verified
Files already downloaded and verified
Files already downloaded and verified
398
sorted
sorted
sorted
sorted
sorted
sorted
sorted
sorted
sorted
sorted
sorted
sorted
sorted
Traceback (most recent call last):
  File "codebase/main.py", line 8, in <module>
    from dataloadersCollection import dataloaders
  File "/home/user/experiments/codebase/dataloadersCollection.py", line 3, in <module>
    from imagenetData import IMAGENET_dataloaders
  File "/home/user/experiments/codebase/imagenetData.py", line 64, in <module>
    
  File "/home/user/experiments/codebase/imagenetData.py", line 60, in makeLabelFolder
    #labelFolderPathList = os.path(imagesPathList) # liste der pfade zu den bilder der einzelnen foler
  File "/opt/miniconda3/lib/python3.8/shutil.py", line 415, in copy
    copyfile(src, dst, follow_symlinks=follow_symlinks)
  File "/opt/miniconda3/lib/python3.8/shutil.py", line 261, in copyfile
    with open(src, 'rb') as fsrc, open(dst, 'wb') as fdst:
KeyboardInterrupt
