running...
Files already downloaded and verified
Files already downloaded and verified
Files already downloaded and verified
first
./data/imagenet/train/n02814533/
52
third
forth
0
52
third
forth
0
52
third
forth
0
52
third
forth
0
52
third
forth
0
52
third
forth
0
52
third
forth
0
52
third
forth
1
51
third
forth
1
52
third
forth
1
52
third
forth
1
52
third
forth
1
51
third
forth
1
52
third
forth
1
52
third
forth
1
52
third
forth
1
52
third
forth
1
52
third
forth
1
52
third
forth
1
52
third
forth
1
52
third
forth
1
52
third
forth
1
52
third
forth
1
52
third
forth
1
52
third
forth
1
52
third
forth
2
51
third
forth
2
52
third
forth
2
51
third
forth
2
52
third
forth
2
52
third
forth
3
52
third
forth
3
52
third
forth
3
51
third
forth
4
52
third
forth
4
52
third
forth
4
52
third
forth
4
52
third
forth
4
51
third
forth
5
52
third
forth
5
52
third
forth
5
52
third
forth
5
52
third
forth
5
52
third
forth
5
52
third
forth
5
52
third
forth
5
52
third
forth
5
52
third
forth
5
52
third
forth
5
52
third
forth
6
52
third
forth
6
52
third
forth
7
51
third
forth
8
52
third
forth
8
52
third
forth
8
51
third
forth
8
52
third
forth
8
50
third
forth
8
51
third
forth
8
52
third
forth
8
51
third
forth
8
52
third
forth
8
52
third
forth
8
52
third
forth
8
52
third
forth
8
52
third
forth
8
51
third
forth
8
52
third
forth
8
52
third
forth
8
51
third
forth
9
52
third
forth
10
52
third
forth
10
52
third
forth
10
52
third
forth
10
52
third
forth
10
51
third
forth
10
52
third
forth
10
51
third
forth
10
51
third
forth
10
52
third
forth
11
51
third
forth
1
52
third
forth
1
52
third
forth
1
52
third
forth
1
52
third
forth
1
52
third
forth
1
52
third
forth
1
52
third
forth
1
52
third
forth
1
52
third
forth
1
52
third
forth
1
52
third
forth
1
52
third
forth
1
52
third
forth
1
52
third
forth
1
51
third
forth
1
50
third
forth
1
52
third
forth
1
51
third
forth
1
51
third
forth
1
52
third
forth
1
51
third
forth
12
51
third
forth
12
51
third
forth
12
52
third
forth
12
52
third
forth
12
52
third
forth
12
52
third
forth
13
51
third
forth
13
52
third
forth
13
52
third
forth
14
52
third
forth
14
51
third
forth
15
51
third
forth
15
52
third
forth
15
52
third
forth
15
52
third
forth
15
52
third
forth
15
51
third
forth
16
52
third
forth
16
51
third
forth
16
52
third
forth
16
51
third
forth
16
52
third
forth
16
51
third
forth
16
51
third
forth
16
51
third
forth
16
51
third
forth
1
52
third
forth
1
51
third
forth
1
52
third
forth
1
52
third
forth
1
52
third
forth
1
52
third
forth
1
52
third
forth
1
52
third
forth
1
52
third
forth
1
52
third
forth
1
52
third
forth
1
52
third
forth
1
52
third
forth
1
51
third
forth
1
52
third
forth
1
51
third
forth
1
52
third
forth
1
52
third
forth
1
52
third
forth
1
52
third
forth
12
52
third
forth
12
50
third
forth
12
51
third
forth
12
51
third
forth
12
52
third
forth
12
52
third
forth
12
51
third
forth
12
52
third
forth
12
51
third
forth
12
52
third
forth
12
52
third
forth
12
52
third
forth
12
52
third
forth
12
52
third
forth
12
52
third
forth
12
52
third
forth
12
52
third
forth
12
52
third
forth
12
51
third
forth
12
52
third
forth
12
52
third
forth
12
51
third
forth
12
52
third
forth
12
51
third
forth
12
51
third
forth
12
52
third
forth
12
52
third
forth
12
52
third
forth
12
52
third
forth
12
52
third
forth
12
51
third
forth
12
52
third
forth
12
52
third
forth
12
52
third
forth
12
51
third
forth
12
52
third
forth
12
52
third
forth
12
52
third
forth
12
52
third
forth
12
51
third
forth
12
52
third
forth
12
52
third
forth
12
51
third
forth
12
52
third
forth
12
52
third
forth
12
51
third
forth
12
51
third
forth
12
52
third
forth
12
52
third
forth
12
52
third
forth
12
52
third
forth
12
51
third
forth
12
51
third
forth
12
52
third
forth
12
50
third
forth
12
52
third
forth
12
51
third
forth
12
52
third
forth
12
52
third
forth
12
52
third
forth
12
52
third
forth
12
52
third
forth
12
52
third
forth
12
52
third
forth
12
51
third
forth
12
52
third
forth
12
52
third
forth
12
52
third
forth
12
52
third
forth
12
52
third
forth
12
52
third
forth
12
52
third
forth
12
52
third
forth
12
52
third
forth
12
52
third
forth
12
52
third
forth
12
51
third
forth
12
52
third
forth
12
52
third
forth
12
52
third
forth
12
52
third
forth
12
52
third
forth
12
51
third
forth
12
52
third
forth
12
52
third
forth
12
52
third
forth
12
52
third
forth
12
51
third
forth
12
52
third
forth
12
52
third
forth
12
52
third
forth
12
51
third
forth
12
52
third
forth
12
52
third
forth
12
52
third
forth
12
52
third
forth
12
50
third
forth
12
52
third
forth
12
52
third
forth
12
51
third
forth
12
51
third
forth
12
52
third
forth
12
52
third
forth
12
52
third
forth
12
51
third
forth
12
51
third
forth
12
52
third
forth
12
52
third
forth
12
52
third
forth
12
51
third
forth
12
51
third
forth
12
52
third
forth
12
52
third
forth
12
52
third
forth
12
52
third
forth
12
52
third
forth
12
52
third
forth
12
52
third
forth
12
52
third
forth
12
52
third
forth
12
52
third
forth
12
51
third
forth
12
52
third
forth
12
52
third
forth
12
52
third
forth
12
52
third
forth
12
52
third
forth
12
51
third
forth
12
52
third
forth
12
52
third
forth
12
52
third
forth
12
51
third
forth
12
51
third
forth
12
52
third
forth
12
52
third
forth
12
51
third
forth
12
52
third
forth
12
51
third
forth
12
52
third
forth
12
52
third
forth
12
51
third
forth
12
51
third
forth
12
51
third
forth
12
52
third
forth
12
51
third
forth
12
52
third
forth
12
52
third
forth
12
52
third
forth
12
51
third
forth
12
52
third
forth
12
52
third
forth
12
51
third
forth
12
52
third
forth
17
52
third
forth
17
51
third
forth
17
52
third
forth
17
51
third
forth
17
51
third
forth
17
51
third
forth
17
52
third
forth
17
51
third
forth
17
52
third
forth
17
52
third
forth
17
52
third
forth
17
52
third
forth
17
52
third
forth
17
52
third
forth
17
52
third
forth
17
51
third
forth
17
52
third
forth
17
52
third
forth
17
52
third
forth
17
52
third
forth
17
52
third
forth
17
52
third
forth
17
49
third
forth
17
52
third
forth
17
51
third
forth
17
52
third
forth
17
50
third
forth
18
52
third
forth
18
52
third
forth
18
50
third
forth
12
52
third
forth
12
52
third
forth
12
52
third
forth
12
52
third
forth
12
52
third
forth
12
52
third
forth
12
52
third
forth
12
51
third
forth
12
52
third
forth
12
51
third
forth
12
51
third
forth
12
51
third
forth
12
52
third
forth
12
51
third
forth
12
50
third
forth
12
52
third
forth
12
52
third
forth
12
52
third
forth
12
52
third
forth
12
52
third
forth
12
52
third
forth
12
52
third
forth
12
52
third
forth
12
52
third
forth
12
52
third
forth
12
52
third
forth
12
51
third
forth
12
52
third
forth
12
52
third
forth
12
51
third
forth
12
52
third
forth
12
52
third
forth
12
52
third
forth
12
52
third
forth
12
52
third
forth
12
52
third
forth
12
52
third
forth
12
52
third
forth
12
52
third
forth
12
52
third
forth
12
51
third
forth
12
52
third
forth
12
52
third
forth
12
51
third
forth
12
52
third
forth
12
52
third
forth
12
52
third
forth
12
51
third
forth
12
52
third
forth
12
52
third
forth
12
52
third
forth
12
51
third
forth
12
52
third
forth
12
52
third
forth
12
52
third
forth
12
52
third
forth
12
52
third
forth
12
52
third
forth
12
51
third
forth
0
52
third
forth
0
52
third
forth
0
52
third
forth
0
52
third
forth
0
52
third
forth
0
52
third
forth
0
52
third
forth
0
52
third
forth
0
52
third
forth
Traceback (most recent call last):
  File "codebase/main.py", line 8, in <module>
    from dataloadersCollection import dataloaders
  File "/home/user/experiments/codebase/dataloadersCollection.py", line 3, in <module>
    from imagenetData import IMAGENET_dataloaders
  File "/home/user/experiments/codebase/imagenetData.py", line 59, in <module>
    makeLabelFolder("./data/imagenet/train/", [0, 0, 0, 0, 0, 0, 0, 1, 1, 1, 1, 1, 1, 1, 1, 1, 1, 1, 1, 1, 1, 1, 1, 1, 1, 2, 2, 2, 2, 2, 3, 3, 3, 4, 4, 4, 4, 4, 5, 5, 5, 5, 5, 5, 5, 5, 5, 5, 5, 6, 6, 7, 8, 8, 8, 8, 8, 8, 8, 8, 8, 8, 8, 8, 8, 8, 8, 8, 8, 9, 10, 10, 10, 10, 10, 10, 10, 10, 10, 11, 1, 1, 1, 1, 1, 1, 1, 1, 1, 1, 1, 1, 1, 1, 1, 1, 1, 1, 1, 1, 1, 12, 12, 12, 12, 12, 12, 13, 13, 13, 14, 14, 15, 15, 15, 15, 15, 15, 16, 16, 16, 16, 16, 16, 16, 16, 16, 1, 1, 1, 1, 1, 1, 1, 1, 1, 1, 1, 1, 1, 1, 1, 1, 1, 1, 1, 1, 12, 12, 12, 12, 12, 12, 12, 12, 12, 12, 12, 12, 12, 12, 12, 12, 12, 12, 12, 12, 12, 12, 12, 12, 12, 12, 12, 12, 12, 12, 12, 12, 12, 12, 12, 12, 12, 12, 12, 12, 12, 12, 12, 12, 12, 12, 12, 12, 12, 12, 12, 12, 12, 12, 12, 12, 12, 12, 12, 12, 12, 12, 12, 12, 12, 12, 12, 12, 12, 12, 12, 12, 12, 12, 12, 12, 12, 12, 12, 12, 12, 12, 12, 12, 12, 12, 12, 12, 12, 12, 12, 12, 12, 12, 12, 12, 12, 12, 12, 12, 12, 12, 12, 12, 12, 12, 12, 12, 12, 12, 12, 12, 12, 12, 12, 12, 12, 12, 12, 12, 12, 12, 12, 12, 12, 12, 12, 12, 12, 12, 12, 12, 12, 12, 12, 12, 12, 12, 12, 12, 12, 12, 12, 12, 12, 12, 12, 12, 12, 12, 12, 12, 12, 17, 17, 17, 17, 17, 17, 17, 17, 17, 17, 17, 17, 17, 17, 17, 17, 17, 17, 17, 17, 17, 17, 17, 17, 17, 17, 17, 18, 18, 18, 12, 12, 12, 12, 12, 12, 12, 12, 12, 12, 12, 12, 12, 12, 12, 12, 12, 12, 12, 12, 12, 12, 12, 12, 12, 12, 12, 12, 12, 12, 12, 12, 12, 12, 12, 12, 12, 12, 12, 12, 12, 12, 12, 12, 12, 12, 12, 12, 12, 12, 12, 12, 12, 12, 12, 12, 12, 12, 12, 0, 0, 0, 0, 0, 0, 0, 0, 0])
  File "/home/user/experiments/codebase/imagenetData.py", line 57, in makeLabelFolder
    print(str(labelList[idxFolder]))
IndexError: list index out of range
