running...
Files already downloaded and verified
Files already downloaded and verified
Files already downloaded and verified
398
sorted
0
n01440764

1
n01443537

2
n01484850

3
n01491361

4
n01494475

5
n01496331

6
n01498041

7
n01514668

8
n01514859

9
n01518878

10
n01530575

11
n01531178

12
n01532829

13
n01534433

14
n01537544

15
n01558993

16
n01560419

17
n01580077

18
n01582220

19
n01592084

20
n01601694

21
n01608432

22
n01614925

23
n01616318

24
n01622779

25
n01629819

26
n01630670

27
n01631663

28
n01632458

29
n01632777

30
n01641577

31
n01644373

32
n01644900

33
n01664065

34
n01665541

35
n01667114

36
n01667778

37
n01669191

38
n01675722

39
n01677366

40
n01682714

41
n01685808

42
n01687978

43
n01688243

44
n01689811

45
n01692333

46
n01693334

47
n01694178

48
n01695060

49
n01697457

50
n01698640

51
n01704323

52
n01728572

53
n01728920

54
n01729322

55
n01729977

56
n01734418

57
n01735189

58
n01737021

59
n01739381

60
n01740131

61
n01742172

62
n01744401

63
n01748264

64
n01749939

65
n01751748

66
n01753488

67
n01755581

68
n01756291

69
n01768244

70
n01770081

71
n01770393

72
n01773157

73
n01773549

74
n01773797

75
n01774384

76
n01774750

77
n01775062

78
n01776313

79
n01784675

80
n01795545

81
n01796340

82
n01797886

83
n01798484

84
n01806143

85
n01806567

86
n01807496

87
n01817953

88
n01818515

89
n01819313

90
n01820546

91
n01824575

92
n01828970

93
n01829413

94
n01833805

95
n01843065

96
n01843383

97
n01847000

98
n01855032

99
n01855672

100
n01860187

101
n01871265

102
n01872401

103
n01873310

104
n01877812

105
n01882714

106
n01883070

107
n01910747

108
n01914609

109
n01917289

110
n01924916

111
n01930112

112
n01943899

113
n01944390

114
n01945685

115
n01950731

116
n01955084

117
n01968897

118
n01978287

119
n01978455

120
n01980166

121
n01981276

122
n01983481

123
n01984695

124
n01985128

125
n01986214

126
n01990800

127
n02002556

128
n02002724

129
n02006656

130
n02007558

131
n02009229

132
n02009912

133
n02011460

134
n02012849

135
n02013706

136
n02017213

137
n02018207

138
n02018795

139
n02025239

140
n02027492

141
n02028035

142
n02033041

143
n02037110

144
n02051845

145
n02056570

146
n02058221

147
n02066245

148
n02071294

149
n02074367

150
n02077923

151
n02085620

152
n02085782

153
n02085936

154
n02086079

155
n02086240

156
n02086646

157
n02086910

158
n02087046

159
n02087394

160
n02088094

161
n02088238

162
n02088364

163
n02088466

164
n02088632

165
n02089078

166
n02089867

167
n02089973

168
n02090379

169
n02090622

170
n02090721

171
n02091032

172
n02091134

173
n02091244

174
n02091467

175
n02091635

176
n02091831

177
n02092002

178
n02092339

179
n02093256

180
n02093428

181
n02093647

182
n02093754

183
n02093859

184
n02093991

185
n02094114

186
n02094258

187
n02094433

188
n02095314

189
n02095570

190
n02095889

191
n02096051

192
n02096177

193
n02096294

194
n02096437

195
n02096585

196
n02097047

197
n02097130

198
n02097209

199
n02097298

200
n02097474

201
n02097658

202
n02098105

203
n02098286

204
n02098413

205
n02099267

206
n02099429

207
n02099601

208
n02099712

209
n02099849

210
n02100236

211
n02100583

212
n02100735

213
n02100877

214
n02101006

215
n02101388

216
n02101556

217
n02102040

218
n02102177

219
n02102318

220
n02102480

221
n02102973

222
n02104029

223
n02104365

224
n02105056

225
n02105162

226
n02105251

227
n02105412

228
n02105505

229
n02105641

230
n02105855

231
n02106030

232
n02106166

233
n02106382

234
n02106550

235
n02106662

236
n02107142

237
n02107312

238
n02107574

239
n02107683

240
n02107908

241
n02108000

242
n02108089

243
n02108422

244
n02108551

245
n02108915

246
n02109047

247
n02109525

248
n02109961

249
n02110063

250
n02110185

251
n02110341

252
n02110627

253
n02110806

254
n02110958

255
n02111129

256
n02111277

257
n02111500

258
n02111889

259
n02112018

260
n02112137

261
n02112350

262
n02112706

263
n02113023

264
n02113186

265
n02113624

266
n02113712

267
n02113799

268
n02113978

269
n02114367

270
n02114548

271
n02114712

272
n02114855

273
n02115641

274
n02115913

275
n02116738

276
n02117135

277
n02119022

278
n02119789

279
n02120079

280
n02120505

281
n02123045

282
n02123159

283
n02123394

284
n02123597

285
n02124075

286
n02125311

287
n02127052

288
n02128385

289
n02128757

290
n02128925

291
n02129165

292
n02129604

293
n02130308

294
n02132136

295
n02133161

296
n02134084

297
n02134418

298
n02137549

299
n02138441

300
n02165105

301
n02165456

302
n02167151

303
n02168699

304
n02169497

305
n02172182

306
n02174001

307
n02177972

308
n02190166

309
n02206856

310
n02219486

311
n02226429

312
n02229544

313
n02231487

314
n02233338

315
n02236044

316
n02256656

317
n02259212

318
n02264363

319
n02268443

320
n02268853

321
n02276258

322
n02277742

323
n02279972

324
n02280649

325
n02281406

326
n02281787

327
n02317335

328
n02319095

329
n02321529

330
n02325366

331
n02326432

332
n02328150

333
n02342885

334
n02346627

335
n02356798

336
n02361337

337
n02363005

338
n02364673

339
n02389026

340
n02391049

341
n02395406

342
n02396427

343
n02397096

344
n02398521

345
n02403003

346
n02408429

347
n02410509

348
n02412080

349
n02415577

350
n02417914

351
n02422106

352
n02422699

353
n02423022

354
n02437312

355
n02437616

356
n02441942

357
n02442845

358
n02443114

359
n02443484

360
n02444819

361
n02445715

362
n02447366

363
n02454379

364
n02457408

365
n02480495

366
n02480855

367
n02481823

368
n02483362

369
n02483708

370
n02484975

371
n02486261

372
n02486410

373
n02487347

374
n02488291

375
n02488702

376
n02489166

377
n02490219

378
n02492035

379
n02492660

380
n02493509

381
n02493793

382
n02494079

383
n02497673

384
n02500267

385
n02504013

386
n02504458

387
n02509815

388
n02510455

389
n02514041

390
n02526121

391
n02536864

392
n02606052

393
n02607072

394
n02640242

395
n02641379

396
n02643566

397
n02655020

398
n02666196

Traceback (most recent call last):
  File "codebase/main.py", line 8, in <module>
    from dataloadersCollection import dataloaders
  File "/home/user/experiments/codebase/dataloadersCollection.py", line 3, in <module>
    from imagenetData import IMAGENET_dataloaders
  File "/home/user/experiments/codebase/imagenetData.py", line 218, in <module>
    imagenet_train_data = imagenet.ImageFolder(root="./data/imagenet_subSampled/animalsOnly/train", transform= transform)
  File "/opt/miniconda3/lib/python3.8/site-packages/torchvision/datasets/folder.py", line 206, in __init__
    super(ImageFolder, self).__init__(root, loader, IMG_EXTENSIONS if is_valid_file is None else None,
  File "/opt/miniconda3/lib/python3.8/site-packages/torchvision/datasets/folder.py", line 93, in __init__
    classes, class_to_idx = self._find_classes(self.root)
  File "/opt/miniconda3/lib/python3.8/site-packages/torchvision/datasets/folder.py", line 122, in _find_classes
    classes = [d.name for d in os.scandir(dir) if d.is_dir()]
FileNotFoundError: [Errno 2] No such file or directory: './data/imagenet_subSampled/animalsOnly/train'
