running...
Downloading: "https://download.pytorch.org/models/resnet18-5c106cde.pth" to /home/user/.cache/torch/checkpoints/resnet18-5c106cde.pth
  0%|          | 0.00/44.7M [00:00<?, ?B/s] 12%|█▏        | 5.58M/44.7M [00:00<00:00, 58.4MB/s] 30%|███       | 13.5M/44.7M [00:00<00:00, 72.7MB/s] 46%|████▌     | 20.4M/44.7M [00:00<00:00, 70.9MB/s] 63%|██████▎   | 28.2M/44.7M [00:00<00:00, 75.2MB/s] 81%|████████  | 36.1M/44.7M [00:00<00:00, 77.8MB/s] 99%|█████████▉| 44.2M/44.7M [00:00<00:00, 80.1MB/s]100%|██████████| 44.7M/44.7M [00:00<00:00, 76.5MB/s]Files already downloaded and verified
Files already downloaded and verified
Files already downloaded and verified
IMAGENETLVL1 

im using:cuda:0
Epoch 0/24
----------

Loss: 1.1573 Acc: 0.6601 Uncertainty_mean: 0.8105 
Saved: ./results/models/ResNet18IMAGENET_TRAINcrossEntropyPretrained/00.pth

Epoch 1/24
----------
Loss: 0.7258 Acc: 0.7762 Uncertainty_mean: 0.8412 
Saved: ./results/models/ResNet18IMAGENET_TRAINcrossEntropyPretrained/01.pth

Epoch 2/24
----------
Loss: 0.5519 Acc: 0.8283 Uncertainty_mean: 0.8672 
Saved: ./results/models/ResNet18IMAGENET_TRAINcrossEntropyPretrained/02.pth

Epoch 3/24
----------
Loss: 0.4568 Acc: 0.8570 Uncertainty_mean: 0.7544 
Saved: ./results/models/ResNet18IMAGENET_TRAINcrossEntropyPretrained/03.pth

Epoch 4/24
----------
Loss: 0.3928 Acc: 0.8765 Uncertainty_mean: 0.8741 
Saved: ./results/models/ResNet18IMAGENET_TRAINcrossEntropyPretrained/04.pth

Epoch 5/24
----------
Loss: 0.3444 Acc: 0.8904 Uncertainty_mean: 0.8622 
Saved: ./results/models/ResNet18IMAGENET_TRAINcrossEntropyPretrained/05.pth

Epoch 6/24
----------
Loss: 0.3060 Acc: 0.9019 Uncertainty_mean: 0.8458 
Saved: ./results/models/ResNet18IMAGENET_TRAINcrossEntropyPretrained/06.pth

Epoch 7/24
----------
Loss: 0.2713 Acc: 0.9128 Uncertainty_mean: 0.8311 
Saved: ./results/models/ResNet18IMAGENET_TRAINcrossEntropyPretrained/07.pth

Epoch 8/24
----------
Loss: 0.2416 Acc: 0.9220 Uncertainty_mean: 0.8256 
Saved: ./results/models/ResNet18IMAGENET_TRAINcrossEntropyPretrained/08.pth

Epoch 9/24
----------
Loss: 0.2166 Acc: 0.9293 Uncertainty_mean: 0.8852 
Saved: ./results/models/ResNet18IMAGENET_TRAINcrossEntropyPretrained/09.pth

Epoch 10/24
----------
Loss: 0.1938 Acc: 0.9364 Uncertainty_mean: 0.9710 
Saved: ./results/models/ResNet18IMAGENET_TRAINcrossEntropyPretrained/10.pth

Epoch 11/24
----------
Loss: 0.1749 Acc: 0.9421 Uncertainty_mean: 0.8406 
Saved: ./results/models/ResNet18IMAGENET_TRAINcrossEntropyPretrained/11.pth

Epoch 12/24
----------
Loss: 0.1572 Acc: 0.9474 Uncertainty_mean: 1.0000 
Saved: ./results/models/ResNet18IMAGENET_TRAINcrossEntropyPretrained/12.pth

Epoch 13/24
----------
Loss: 0.1439 Acc: 0.9518 Uncertainty_mean: 1.0000 
Saved: ./results/models/ResNet18IMAGENET_TRAINcrossEntropyPretrained/13.pth

Epoch 14/24
----------
Loss: 0.1291 Acc: 0.9563 Uncertainty_mean: 0.9797 
Saved: ./results/models/ResNet18IMAGENET_TRAINcrossEntropyPretrained/14.pth

Epoch 15/24
----------
Loss: 0.1182 Acc: 0.9595 Uncertainty_mean: 0.8822 
Saved: ./results/models/ResNet18IMAGENET_TRAINcrossEntropyPretrained/15.pth

Epoch 16/24
----------
Loss: 0.1101 Acc: 0.9624 Uncertainty_mean: 1.0000 
Saved: ./results/models/ResNet18IMAGENET_TRAINcrossEntropyPretrained/16.pth

Epoch 17/24
----------
