running...
Files already downloaded and verified
Files already downloaded and verified
Files already downloaded and verified
398
sorted
sorted
sorted
sorted
sorted
sorted
sorted
sorted
sorted
sorted
sorted
sorted
sorted
Traceback (most recent call last):
  File "codebase/main.py", line 8, in <module>
    from dataloadersCollection import dataloaders
  File "/home/user/experiments/codebase/dataloadersCollection.py", line 3, in <module>
    from imagenetData import IMAGENET_dataloaders
  File "/home/user/experiments/codebase/imagenetData.py", line 70, in <module>
    shutil.copy(imagesPathList, pathToNewLabels + str(labelList[idxDir]))
  File "/home/user/experiments/codebase/imagenetData.py", line 66, in makeLabelFolder
    for y in imagesList:
  File "/opt/miniconda3/lib/python3.8/shutil.py", line 415, in copy
    copyfile(src, dst, follow_symlinks=follow_symlinks)
  File "/opt/miniconda3/lib/python3.8/shutil.py", line 272, in copyfile
    _fastcopy_sendfile(fsrc, fdst)
  File "/opt/miniconda3/lib/python3.8/shutil.py", line 149, in _fastcopy_sendfile
    sent = os.sendfile(outfd, infd, offset, blocksize)
KeyboardInterrupt
