running...
Files already downloaded and verified
Files already downloaded and verified
Files already downloaded and verified
398
sorted
0
n01440764

1
n01443537

2
n01484850

3
n01491361

4
n01494475

5
n01496331

6
n01498041

7
n01514668

8
n01514859

9
n01518878

10
n01530575

11
n01531178

12
n01532829

13
n01534433

14
n01537544

15
n01558993

16
n01560419

17
n01580077

18
n01582220

19
n01592084

20
n01601694

21
n01608432

22
n01614925

23
n01616318

24
n01622779

25
n01629819

26
n01630670

27
n01631663

28
n01632458

29
n01632777

30
n01641577

31
n01644373

32
n01644900

33
n01664065

34
n01665541

35
n01667114

36
n01667778

37
n01669191

38
n01675722

39
n01677366

40
n01682714

41
n01685808

42
n01687978

43
n01688243

44
n01689811

45
n01692333

46
n01693334

47
n01694178

48
n01695060

49
n01697457

50
n01698640

51
n01704323

52
n01728572

53
n01728920

54
n01729322

55
n01729977

56
n01734418

57
n01735189

58
n01737021

59
n01739381

60
n01740131

Traceback (most recent call last):
  File "codebase/main.py", line 8, in <module>
    from dataloadersCollection import dataloaders
  File "/home/user/experiments/codebase/dataloadersCollection.py", line 3, in <module>
    from imagenetData import IMAGENET_dataloaders
  File "/home/user/experiments/codebase/imagenetData.py", line 75, in <module>
    makeLabelFolder("./data/imagenet/train/", [0, 0, 0, 0, 0, 0, 0, 1, 1, 1, 1, 1, 1, 1, 1, 1, 1, 1, 1, 1, 1, 1, 1, 1, 1, 2, 2, 2, 2, 2, 3, 3, 3, 4, 4, 4, 4, 4, 5, 5, 5, 5, 5, 5, 5, 5, 5, 5, 5, 6, 6, 7, 8, 8, 8, 8, 8, 8, 8, 8, 8, 8, 8, 8, 8, 8, 8, 8, 8, 9, 10, 10, 10, 10, 10, 10, 10, 10, 10, 11, 1, 1, 1, 1, 1, 1, 1, 1, 1, 1, 1, 1, 1, 1, 1, 1, 1, 1, 1, 1, 1, 12, 12, 12, 12, 12, 12, 13, 13, 13, 14, 14, 15, 15, 15, 15, 15, 15, 16, 16, 16, 16, 16, 16, 16, 16, 16, 1, 1, 1, 1, 1, 1, 1, 1, 1, 1, 1, 1, 1, 1, 1, 1, 1, 1, 1, 1, 12, 12, 12, 12, 12, 12, 12, 12, 12, 12, 12, 12, 12, 12, 12, 12, 12, 12, 12, 12, 12, 12, 12, 12, 12, 12, 12, 12, 12, 12, 12, 12, 12, 12, 12, 12, 12, 12, 12, 12, 12, 12, 12, 12, 12, 12, 12, 12, 12, 12, 12, 12, 12, 12, 12, 12, 12, 12, 12, 12, 12, 12, 12, 12, 12, 12, 12, 12, 12, 12, 12, 12, 12, 12, 12, 12, 12, 12, 12, 12, 12, 12, 12, 12, 12, 12, 12, 12, 12, 12, 12, 12, 12, 12, 12, 12, 12, 12, 12, 12, 12, 12, 12, 12, 12, 12, 12, 12, 12, 12, 12, 12, 12, 12, 12, 12, 12, 12, 12, 12, 12, 12, 12, 12, 12, 12, 12, 12, 12, 12, 12, 12, 12, 12, 12, 12, 12, 12, 12, 12, 12, 12, 12, 12, 12, 12, 12, 12, 12, 12, 12, 12, 12, 17, 17, 17, 17, 17, 17, 17, 17, 17, 17, 17, 17, 17, 17, 17, 17, 17, 17, 17, 17, 17, 17, 17, 17, 17, 17, 17, 18, 18, 18, 12, 12, 12, 12, 12, 12, 12, 12, 12, 12, 12, 12, 12, 12, 12, 12, 12, 12, 12, 12, 12, 12, 12, 12, 12, 12, 12, 12, 12, 12, 12, 12, 12, 12, 12, 12, 12, 12, 12, 12, 12, 12, 12, 12, 12, 12, 12, 12, 12, 12, 12, 12, 12, 12, 12, 12, 12, 12, 12, 0, 0, 0, 0, 0, 0, 0, 0, 0])
  File "/home/user/experiments/codebase/imagenetData.py", line 71, in makeLabelFolder
    shutil.copy(imagesPathList, pathToNewLabels + str(labelList[idxDir]))
  File "/opt/miniconda3/lib/python3.8/shutil.py", line 416, in copy
    copymode(src, dst, follow_symlinks=follow_symlinks)
  File "/opt/miniconda3/lib/python3.8/shutil.py", line 305, in copymode
    chmod_func(dst, stat.S_IMODE(st.st_mode))
KeyboardInterrupt
