running...
Files already downloaded and verified
Files already downloaded and verified
Files already downloaded and verified
398
RRRRRMMMMMM
RRRRRMMMMMM
RRRRRMMMMMM
RRRRRMMMMMM
RRRRRMMMMMM
RRRRRMMMMMM
RRRRRMMMMMM
RRRRRMMMMMM
RRRRRMMMMMM
RRRRRMMMMMM
RRRRRMMMMMM
RRRRRMMMMMM
RRRRRMMMMMM
RRRRRMMMMMM
RRRRRMMMMMM
RRRRRMMMMMM
RRRRRMMMMMM
RRRRRMMMMMM
RRRRRMMMMMM
sorted
sorted
sorted
sorted
sorted
sorted
sorted
sorted
sorted
sorted
Traceback (most recent call last):
  File "codebase/main.py", line 8, in <module>
    from dataloadersCollection import dataloaders
  File "/home/user/experiments/codebase/dataloadersCollection.py", line 3, in <module>
    from imagenetData import IMAGENET_dataloaders
  File "/home/user/experiments/codebase/imagenetData.py", line 70, in <module>
    makeLabelFolder("./data/imagenet/train/", [0, 0, 0, 0, 0, 0, 0, 1, 1, 1, 1, 1, 1, 1, 1, 1, 1, 1, 1, 1, 1, 1, 1, 1, 1, 2, 2, 2, 2, 2, 3, 3, 3, 4, 4, 4, 4, 4, 5, 5, 5, 5, 5, 5, 5, 5, 5, 5, 5, 6, 6, 7, 8, 8, 8, 8, 8, 8, 8, 8, 8, 8, 8, 8, 8, 8, 8, 8, 8, 9, 10, 10, 10, 10, 10, 10, 10, 10, 10, 11, 1, 1, 1, 1, 1, 1, 1, 1, 1, 1, 1, 1, 1, 1, 1, 1, 1, 1, 1, 1, 1, 12, 12, 12, 12, 12, 12, 13, 13, 13, 14, 14, 15, 15, 15, 15, 15, 15, 16, 16, 16, 16, 16, 16, 16, 16, 16, 1, 1, 1, 1, 1, 1, 1, 1, 1, 1, 1, 1, 1, 1, 1, 1, 1, 1, 1, 1, 12, 12, 12, 12, 12, 12, 12, 12, 12, 12, 12, 12, 12, 12, 12, 12, 12, 12, 12, 12, 12, 12, 12, 12, 12, 12, 12, 12, 12, 12, 12, 12, 12, 12, 12, 12, 12, 12, 12, 12, 12, 12, 12, 12, 12, 12, 12, 12, 12, 12, 12, 12, 12, 12, 12, 12, 12, 12, 12, 12, 12, 12, 12, 12, 12, 12, 12, 12, 12, 12, 12, 12, 12, 12, 12, 12, 12, 12, 12, 12, 12, 12, 12, 12, 12, 12, 12, 12, 12, 12, 12, 12, 12, 12, 12, 12, 12, 12, 12, 12, 12, 12, 12, 12, 12, 12, 12, 12, 12, 12, 12, 12, 12, 12, 12, 12, 12, 12, 12, 12, 12, 12, 12, 12, 12, 12, 12, 12, 12, 12, 12, 12, 12, 12, 12, 12, 12, 12, 12, 12, 12, 12, 12, 12, 12, 12, 12, 12, 12, 12, 12, 12, 12, 17, 17, 17, 17, 17, 17, 17, 17, 17, 17, 17, 17, 17, 17, 17, 17, 17, 17, 17, 17, 17, 17, 17, 17, 17, 17, 17, 18, 18, 18, 12, 12, 12, 12, 12, 12, 12, 12, 12, 12, 12, 12, 12, 12, 12, 12, 12, 12, 12, 12, 12, 12, 12, 12, 12, 12, 12, 12, 12, 12, 12, 12, 12, 12, 12, 12, 12, 12, 12, 12, 12, 12, 12, 12, 12, 12, 12, 12, 12, 12, 12, 12, 12, 12, 12, 12, 12, 12, 12, 0, 0, 0, 0, 0, 0, 0, 0, 0])
  File "/home/user/experiments/codebase/imagenetData.py", line 66, in makeLabelFolder
    shutil.copy(imagesPathList, pathToNewLabels + str(labelList[idxDir]))
  File "/opt/miniconda3/lib/python3.8/shutil.py", line 415, in copy
    copyfile(src, dst, follow_symlinks=follow_symlinks)
  File "/opt/miniconda3/lib/python3.8/shutil.py", line 246, in copyfile
    st = _stat(fn)
  File "/opt/miniconda3/lib/python3.8/shutil.py", line 226, in _stat
    return fn.stat() if isinstance(fn, os.DirEntry) else os.stat(fn)
KeyboardInterrupt
