tmurunning...
Downloading: "https://download.pytorch.org/models/resnet18-5c106cde.pth" to /home/user/.cache/torch/checkpoints/resnet18-5c106cde.pth

  0%|          | 0.00/44.7M [00:00<?, ?B/s]
 12%|█▏        | 5.20M/44.7M [00:00<00:00, 54.5MB/s]
 34%|███▍      | 15.2M/44.7M [00:00<00:00, 84.4MB/s]
 53%|█████▎    | 23.7M/44.7M [00:00<00:00, 86.2MB/s]
 71%|███████▏  | 31.9M/44.7M [00:00<00:00, 79.1MB/s]
 89%|████████▉ | 39.9M/44.7M [00:00<00:00, 80.5MB/s]
100%|██████████| 44.7M/44.7M [00:00<00:00, 80.7MB/s]Files already downloaded and verified
Files already downloaded and verified
Files already downloaded and verified
IMAGENET 

im using:cuda:0
Epoch 0/2
---------Traceback (most recent call last):
  File "codebase/main.py", line 292, in <module>
    if __name__ == "__main__":
  File "codebase/main.py", line 289, in main
    
  File "codebase/main.py", line 285, in runExperiments
    train_ImagenetLVL1(train= True, criterion_name = "crossEntropy")
  File "codebase/main.py", line 126, in train_ImagenetLvl1
    defineExperiment(modelList, criterion_name=criterion_name, optimizer=optimizer, train_dataloader=dataloaders["IMAGENET_TRAIN_LVL1"], num_train_classes =19, test_dataloader=dataloaders["IMAGENET_TEST_LVL1"], num_test_classes=19 ,train=train, pretrained =True, num_epochs = 25, uncertaintyThreshold = -0.1)
  File "codebase/main.py", line 79, in defineExperiment
    train_acc_hist, train_loss_hist , train_uncertainty_hist = train_model(model, train_dataloader, num_classes =num_train_classes, criterion= criterion, optimizer=optimizer, model_directory= model_directory, device=device , num_epochs=num_epochs, uncertainty=uncertainty)
  File "/home/user/experiments/codebase/train.py", line 35, in train_model
    for inputs, labels in dataloader:
  File "/opt/miniconda3/lib/python3.8/site-packages/torch/utils/data/dataloader.py", line 345, in __next__
    data = self._next_data()
  File "/opt/miniconda3/lib/python3.8/site-packages/torch/utils/data/dataloader.py", line 841, in _next_data
    idx, data = self._get_data()
  File "/opt/miniconda3/lib/python3.8/site-packages/torch/utils/data/dataloader.py", line 808, in _get_data
    success, data = self._try_get_data()
  File "/opt/miniconda3/lib/python3.8/site-packages/torch/utils/data/dataloader.py", line 761, in _try_get_data
    data = self._data_queue.get(timeout=timeout)
  File "/opt/miniconda3/lib/python3.8/multiprocessing/queues.py", line 107, in get
    if not self._poll(timeout):
  File "/opt/miniconda3/lib/python3.8/multiprocessing/connection.py", line 257, in poll
    return self._poll(timeout)
  File "/opt/miniconda3/lib/python3.8/multiprocessing/connection.py", line 424, in _poll
    r = wait([self], timeout)
  File "/opt/miniconda3/lib/python3.8/multiprocessing/connection.py", line 931, in wait
    ready = selector.select(timeout)
  File "/opt/miniconda3/lib/python3.8/selectors.py", line 415, in select
    fd_event_list = self._selector.poll(timeout)
KeyboardInterrupt
